TpTrace Verbose: 0 : 10544, 1, 2024/07/23, 20:27:04.247, 6889363508008, vstest.console.dll, Version: 17.10.0-release-24203-04 Current process architecture: X64
TpTrace Verbose: 0 : 10544, 1, 2024/07/23, 20:27:04.252, 6889363563222, vstest.console.dll, Runtime location: C:\Program Files\dotnet\shared\Microsoft.NETCore.App\8.0.5
TpTrace Verbose: 0 : 10544, 1, 2024/07/23, 20:27:04.257, 6889363607035, vstest.console.dll, ArtifactProcessingPostProcessModeProcessorExecutor.Initialize: ArtifactProcessingMode.Collect
TpTrace Verbose: 0 : 10544, 1, 2024/07/23, 20:27:04.257, 6889363609218, vstest.console.dll, TestSessionCorrelationIdProcessorModeProcessorExecutor.Initialize: TestSessionCorrelationId '21536_7749f0ab-90c2-4483-844f-3f3b30bf73d9'
TpTrace Information: 0 : 10544, 1, 2024/07/23, 20:27:04.268, 6889363717295, vstest.console.dll, FilePatternParser: The given file C:\Users\PC\Desktop\SeleniumAdvanced\SumNumberPage\bin\Debug\net6.0\fine-code-coverage\build-output\SumNumberPage.dll is a full path.
TpTrace Verbose: 0 : 10544, 1, 2024/07/23, 20:27:04.276, 6889363802103, vstest.console.dll, TestPluginCache.DiscoverTestExtensions: finding test extensions in assemblies ends with: RuntimeProvider.dll TPluginInfo: Microsoft.VisualStudio.TestPlatform.Common.ExtensionFramework.Utilities.TestRuntimePluginInformation TExtension: Microsoft.VisualStudio.TestPlatform.ObjectModel.Host.ITestRuntimeProvider
TpTrace Verbose: 0 : 10544, 1, 2024/07/23, 20:27:04.277, 6889363807227, vstest.console.dll, TestPluginCache.GetExtensionPaths: Filtered extension paths: 
TpTrace Verbose: 0 : 10544, 1, 2024/07/23, 20:27:04.277, 6889363808460, vstest.console.dll, TestPluginCache.GetExtensionPaths: Added default extension paths: C:\Program Files\dotnet\sdk\8.0.300\Extensions\Microsoft.Diagnostics.NETCore.Client.dll
C:\Program Files\dotnet\sdk\8.0.300\Extensions\Microsoft.TestPlatform.Extensions.BlameDataCollector.dll
C:\Program Files\dotnet\sdk\8.0.300\Extensions\Microsoft.TestPlatform.Extensions.EventLogCollector.dll
C:\Program Files\dotnet\sdk\8.0.300\Extensions\Microsoft.TestPlatform.TestHostRuntimeProvider.dll
C:\Program Files\dotnet\sdk\8.0.300\Extensions\Microsoft.VisualStudio.TestPlatform.Extensions.Html.TestLogger.dll
C:\Program Files\dotnet\sdk\8.0.300\Extensions\Microsoft.VisualStudio.TestPlatform.Extensions.Trx.TestLogger.dll
TpTrace Verbose: 0 : 10544, 1, 2024/07/23, 20:27:04.277, 6889363809214, vstest.console.dll, TestPluginCache.GetExtensionPaths: Added unfilterableExtensionPaths: 
TpTrace Information: 0 : 10544, 1, 2024/07/23, 20:27:04.278, 6889363817683, vstest.console.dll, AssemblyResolver.ctor: Creating AssemblyResolver with searchDirectories C:\Program Files\dotnet\sdk\8.0.300\Extensions,C:\Program Files\dotnet\sdk\8.0.300
TpTrace Verbose: 0 : 10544, 1, 2024/07/23, 20:27:04.280, 6889363842499, vstest.console.dll, TestPluginCache.DiscoverTestExtensions: Discovering the extensions using extension path.
TpTrace Verbose: 0 : 10544, 1, 2024/07/23, 20:27:04.281, 6889363844874, vstest.console.dll, TestPluginCache.GetExtensionPaths: Filtered extension paths: 
TpTrace Verbose: 0 : 10544, 1, 2024/07/23, 20:27:04.281, 6889363845703, vstest.console.dll, TestPluginCache.GetExtensionPaths: Added default extension paths: C:\Program Files\dotnet\sdk\8.0.300\Extensions\Microsoft.Diagnostics.NETCore.Client.dll
C:\Program Files\dotnet\sdk\8.0.300\Extensions\Microsoft.TestPlatform.Extensions.BlameDataCollector.dll
C:\Program Files\dotnet\sdk\8.0.300\Extensions\Microsoft.TestPlatform.Extensions.EventLogCollector.dll
C:\Program Files\dotnet\sdk\8.0.300\Extensions\Microsoft.TestPlatform.TestHostRuntimeProvider.dll
C:\Program Files\dotnet\sdk\8.0.300\Extensions\Microsoft.VisualStudio.TestPlatform.Extensions.Html.TestLogger.dll
C:\Program Files\dotnet\sdk\8.0.300\Extensions\Microsoft.VisualStudio.TestPlatform.Extensions.Trx.TestLogger.dll
TpTrace Verbose: 0 : 10544, 1, 2024/07/23, 20:27:04.281, 6889363846344, vstest.console.dll, TestPluginCache.GetExtensionPaths: Added unfilterableExtensionPaths: 
TpTrace Verbose: 0 : 10544, 1, 2024/07/23, 20:27:04.281, 6889363847554, vstest.console.dll, TestPluginCache.DiscoverTestExtensions: Discovering the extensions using allExtensionPaths: C:\Program Files\dotnet\sdk\8.0.300\Extensions\Microsoft.Diagnostics.NETCore.Client.dll
C:\Program Files\dotnet\sdk\8.0.300\Extensions\Microsoft.TestPlatform.Extensions.BlameDataCollector.dll
C:\Program Files\dotnet\sdk\8.0.300\Extensions\Microsoft.TestPlatform.Extensions.EventLogCollector.dll
C:\Program Files\dotnet\sdk\8.0.300\Extensions\Microsoft.TestPlatform.TestHostRuntimeProvider.dll
C:\Program Files\dotnet\sdk\8.0.300\Extensions\Microsoft.VisualStudio.TestPlatform.Extensions.Html.TestLogger.dll
C:\Program Files\dotnet\sdk\8.0.300\Extensions\Microsoft.VisualStudio.TestPlatform.Extensions.Trx.TestLogger.dll
TpTrace Information: 0 : 10544, 1, 2024/07/23, 20:27:04.281, 6889363849811, vstest.console.dll, AssemblyResolver.AddSearchDirectories: Adding more searchDirectories C:\Program Files\dotnet\sdk\8.0.300\Extensions,C:\Program Files\dotnet\sdk\8.0.300
TpTrace Information: 0 : 10544, 1, 2024/07/23, 20:27:04.281, 6889363851030, vstest.console.dll, AssemblyResolver.AddSearchDirectories: Adding more searchDirectories C:\Program Files\dotnet\sdk\8.0.300\Extensions,C:\Program Files\dotnet\sdk\8.0.300
TpTrace Information: 0 : 10544, 1, 2024/07/23, 20:27:04.281, 6889363851735, vstest.console.dll, AssemblyResolver.AddSearchDirectories: Adding more searchDirectories C:\Program Files\dotnet\sdk\8.0.300\Extensions,C:\Program Files\dotnet\sdk\8.0.300
TpTrace Information: 0 : 10544, 1, 2024/07/23, 20:27:04.281, 6889363852390, vstest.console.dll, AssemblyResolver.AddSearchDirectories: Adding more searchDirectories C:\Program Files\dotnet\sdk\8.0.300\Extensions,C:\Program Files\dotnet\sdk\8.0.300
TpTrace Information: 0 : 10544, 1, 2024/07/23, 20:27:04.281, 6889363853096, vstest.console.dll, AssemblyResolver.AddSearchDirectories: Adding more searchDirectories C:\Program Files\dotnet\sdk\8.0.300\Extensions,C:\Program Files\dotnet\sdk\8.0.300
TpTrace Information: 0 : 10544, 1, 2024/07/23, 20:27:04.281, 6889363853759, vstest.console.dll, AssemblyResolver.AddSearchDirectories: Adding more searchDirectories C:\Program Files\dotnet\sdk\8.0.300\Extensions,C:\Program Files\dotnet\sdk\8.0.300
TpTrace Information: 0 : 10544, 1, 2024/07/23, 20:27:04.282, 6889363861288, vstest.console.dll, AssemblyResolver.OnResolve: Microsoft.Diagnostics.NETCore.Client: Resolving assembly.
TpTrace Information: 0 : 10544, 1, 2024/07/23, 20:27:04.282, 6889363862456, vstest.console.dll, AssemblyResolver.OnResolve: Microsoft.Diagnostics.NETCore.Client: Searching in: 'C:\Program Files\dotnet\sdk\8.0.300\Extensions'.
TpTrace Information: 0 : 10544, 1, 2024/07/23, 20:27:04.298, 6889364021507, vstest.console.dll, AssemblyResolver.OnResolve: Microsoft.Diagnostics.NETCore.Client: Loading assembly 'C:\Program Files\dotnet\sdk\8.0.300\Extensions\Microsoft.Diagnostics.NETCore.Client.dll'.
TpTrace Information: 0 : 10544, 1, 2024/07/23, 20:27:04.300, 6889364035191, vstest.console.dll, AssemblyResolver.OnResolve: Resolved assembly: Microsoft.Diagnostics.NETCore.Client, from path: C:\Program Files\dotnet\sdk\8.0.300\Extensions\Microsoft.Diagnostics.NETCore.Client.dll
TpTrace Verbose: 0 : 10544, 1, 2024/07/23, 20:27:04.311, 6889364150354, vstest.console.dll, MetadataReaderExtensionsHelper: Discovering extensions inside assembly 'Microsoft.Diagnostics.NETCore.Client, Version=0.2.10.15101, Culture=neutral, PublicKeyToken=31bf3856ad364e35' file path 'C:\Program Files\dotnet\sdk\8.0.300\Extensions\Microsoft.Diagnostics.NETCore.Client.dll'
TpTrace Information: 0 : 10544, 1, 2024/07/23, 20:27:04.320, 6889364237961, vstest.console.dll, AssemblyResolver.OnResolve: Microsoft.Bcl.AsyncInterfaces: Resolving assembly.
TpTrace Information: 0 : 10544, 1, 2024/07/23, 20:27:04.320, 6889364239404, vstest.console.dll, AssemblyResolver.OnResolve: Microsoft.Bcl.AsyncInterfaces: Searching in: 'C:\Program Files\dotnet\sdk\8.0.300\Extensions'.
TpTrace Information: 0 : 10544, 1, 2024/07/23, 20:27:04.320, 6889364240958, vstest.console.dll, AssemblyResolver.OnResolve: Microsoft.Bcl.AsyncInterfaces: Assembly path does not exist: 'C:\Program Files\dotnet\sdk\8.0.300\Extensions\Microsoft.Bcl.AsyncInterfaces.dll', returning.
TpTrace Information: 0 : 10544, 1, 2024/07/23, 20:27:04.320, 6889364242732, vstest.console.dll, AssemblyResolver.OnResolve: Microsoft.Bcl.AsyncInterfaces: Assembly path does not exist: 'C:\Program Files\dotnet\sdk\8.0.300\Extensions\Microsoft.Bcl.AsyncInterfaces.exe', returning.
TpTrace Information: 0 : 10544, 1, 2024/07/23, 20:27:04.320, 6889364243486, vstest.console.dll, AssemblyResolver.OnResolve: Microsoft.Bcl.AsyncInterfaces: Searching in: 'C:\Program Files\dotnet\sdk\8.0.300'.
TpTrace Information: 0 : 10544, 1, 2024/07/23, 20:27:04.321, 6889364244770, vstest.console.dll, AssemblyResolver.OnResolve: Microsoft.Bcl.AsyncInterfaces: Assembly path does not exist: 'C:\Program Files\dotnet\sdk\8.0.300\Microsoft.Bcl.AsyncInterfaces.dll', returning.
TpTrace Information: 0 : 10544, 1, 2024/07/23, 20:27:04.321, 6889364245990, vstest.console.dll, AssemblyResolver.OnResolve: Microsoft.Bcl.AsyncInterfaces: Assembly path does not exist: 'C:\Program Files\dotnet\sdk\8.0.300\Microsoft.Bcl.AsyncInterfaces.exe', returning.
TpTrace Information: 0 : 10544, 1, 2024/07/23, 20:27:04.321, 6889364246590, vstest.console.dll, AssemblyResolver.OnResolve: Microsoft.Bcl.AsyncInterfaces: Failed to load assembly.
TpTrace Verbose: 0 : 10544, 1, 2024/07/23, 20:27:04.321, 6889364247438, vstest.console.dll, CurrentDomainAssemblyResolve: Resolving assembly 'Microsoft.Bcl.AsyncInterfaces'.
TpTrace Information: 0 : 10544, 1, 2024/07/23, 20:27:04.321, 6889364248458, vstest.console.dll, AssemblyResolver.OnResolve: Microsoft.Bcl.AsyncInterfaces: Resolving assembly.
TpTrace Information: 0 : 10544, 1, 2024/07/23, 20:27:04.321, 6889364249221, vstest.console.dll, AssemblyResolver.OnResolve: Microsoft.Bcl.AsyncInterfaces: Resolved from cache.
TpTrace Verbose: 0 : 10544, 1, 2024/07/23, 20:27:04.321, 6889364249789, vstest.console.dll, CurrentDomainAssemblyResolve: Resolving assembly 'Microsoft.Bcl.AsyncInterfaces'.
TpTrace Verbose: 0 : 10544, 1, 2024/07/23, 20:27:04.321, 6889364250669, vstest.console.dll, CurrentDomainAssemblyResolve: Failed to resolve assembly 'Microsoft.Bcl.AsyncInterfaces'.
TpTrace Verbose: 0 : 10544, 1, 2024/07/23, 20:27:04.323, 6889364267724, vstest.console.dll, CurrentDomainAssemblyResolve: Failed to resolve assembly 'Microsoft.Bcl.AsyncInterfaces'.
TpTrace Warning: 0 : 10544, 1, 2024/07/23, 20:27:04.342, 6889364461266, vstest.console.dll, TestPluginDiscoverer: Failed to get types from assembly 'Microsoft.Diagnostics.NETCore.Client, Version=0.2.10.15101, Culture=neutral, PublicKeyToken=31bf3856ad364e35'. Error: System.Reflection.ReflectionTypeLoadException: Unable to load one or more of the requested types.
Could not load file or assembly 'Microsoft.Bcl.AsyncInterfaces, Version=6.0.0.0, Culture=neutral, PublicKeyToken=cc7b13ffcd2ddd51'. The system cannot find the file specified.
   at System.Reflection.RuntimeModule.GetTypes(RuntimeModule module)
   at System.Reflection.RuntimeModule.GetTypes()
   at Microsoft.VisualStudio.TestPlatform.Common.ExtensionFramework.TestPluginDiscoverer.GetTestExtensionsFromAssembly[TPluginInfo,TExtension](Assembly assembly, Dictionary`2 pluginInfos, String filePath) in /_/src/Microsoft.TestPlatform.Common/ExtensionFramework/TestPluginDiscoverer.cs:line 158
System.IO.FileNotFoundException: Could not load file or assembly 'Microsoft.Bcl.AsyncInterfaces, Version=6.0.0.0, Culture=neutral, PublicKeyToken=cc7b13ffcd2ddd51'. The system cannot find the file specified.
File name: 'Microsoft.Bcl.AsyncInterfaces, Version=6.0.0.0, Culture=neutral, PublicKeyToken=cc7b13ffcd2ddd51'
 ---> System.IO.FileNotFoundException: Could not load file or assembly 'Microsoft.Bcl.AsyncInterfaces, Culture=neutral, PublicKeyToken=null'. The system cannot find the file specified.
File name: 'Microsoft.Bcl.AsyncInterfaces, Culture=neutral, PublicKeyToken=null'
   at System.Reflection.RuntimeAssembly.InternalLoad(AssemblyName assemblyName, StackCrawlMark& stackMark, AssemblyLoadContext assemblyLoadContext, RuntimeAssembly requestingAssembly, Boolean throwOnFileNotFound)
   at System.Reflection.Assembly.Load(AssemblyName assemblyRef)
   at Microsoft.VisualStudio.TestPlatform.Common.ExtensionFramework.TestPluginCache.CurrentDomainAssemblyResolve(Object sender, AssemblyResolveEventArgs args) in /_/src/Microsoft.TestPlatform.Common/ExtensionFramework/TestPluginCache.cs:line 513
   at System.Runtime.Loader.AssemblyLoadContext.GetFirstResolvedAssemblyFromResolvingEvent(AssemblyName assemblyName)
   at System.Runtime.Loader.AssemblyLoadContext.ResolveUsingEvent(AssemblyName assemblyName)
   at System.Runtime.Loader.AssemblyLoadContext.ResolveUsingResolvingEvent(IntPtr gchManagedAssemblyLoadContext, AssemblyName assemblyName)
TpTrace Warning: 0 : 10544, 1, 2024/07/23, 20:27:04.343, 6889364466430, vstest.console.dll, LoaderExceptions: System.IO.FileNotFoundException: Could not load file or assembly 'Microsoft.Bcl.AsyncInterfaces, Version=6.0.0.0, Culture=neutral, PublicKeyToken=cc7b13ffcd2ddd51'. The system cannot find the file specified.
File name: 'Microsoft.Bcl.AsyncInterfaces, Version=6.0.0.0, Culture=neutral, PublicKeyToken=cc7b13ffcd2ddd51'
 ---> System.IO.FileNotFoundException: Could not load file or assembly 'Microsoft.Bcl.AsyncInterfaces, Culture=neutral, PublicKeyToken=null'. The system cannot find the file specified.
File name: 'Microsoft.Bcl.AsyncInterfaces, Culture=neutral, PublicKeyToken=null'
   at System.Reflection.RuntimeAssembly.InternalLoad(AssemblyName assemblyName, StackCrawlMark& stackMark, AssemblyLoadContext assemblyLoadContext, RuntimeAssembly requestingAssembly, Boolean throwOnFileNotFound)
   at System.Reflection.Assembly.Load(AssemblyName assemblyRef)
   at Microsoft.VisualStudio.TestPlatform.Common.ExtensionFramework.TestPluginCache.CurrentDomainAssemblyResolve(Object sender, AssemblyResolveEventArgs args) in /_/src/Microsoft.TestPlatform.Common/ExtensionFramework/TestPluginCache.cs:line 513
   at System.Runtime.Loader.AssemblyLoadContext.GetFirstResolvedAssemblyFromResolvingEvent(AssemblyName assemblyName)
   at System.Runtime.Loader.AssemblyLoadContext.ResolveUsingEvent(AssemblyName assemblyName)
   at System.Runtime.Loader.AssemblyLoadContext.ResolveUsingResolvingEvent(IntPtr gchManagedAssemblyLoadContext, AssemblyName assemblyName)
TpTrace Information: 0 : 10544, 1, 2024/07/23, 20:27:04.343, 6889364468547, vstest.console.dll, AssemblyResolver.OnResolve: Microsoft.TestPlatform.Extensions.BlameDataCollector: Resolving assembly.
TpTrace Information: 0 : 10544, 1, 2024/07/23, 20:27:04.343, 6889364469265, vstest.console.dll, AssemblyResolver.OnResolve: Microsoft.TestPlatform.Extensions.BlameDataCollector: Searching in: 'C:\Program Files\dotnet\sdk\8.0.300\Extensions'.
TpTrace Information: 0 : 10544, 1, 2024/07/23, 20:27:04.344, 6889364478290, vstest.console.dll, AssemblyResolver.OnResolve: Microsoft.TestPlatform.Extensions.BlameDataCollector: Loading assembly 'C:\Program Files\dotnet\sdk\8.0.300\Extensions\Microsoft.TestPlatform.Extensions.BlameDataCollector.dll'.
TpTrace Information: 0 : 10544, 1, 2024/07/23, 20:27:04.345, 6889364487587, vstest.console.dll, AssemblyResolver.OnResolve: Resolved assembly: Microsoft.TestPlatform.Extensions.BlameDataCollector, from path: C:\Program Files\dotnet\sdk\8.0.300\Extensions\Microsoft.TestPlatform.Extensions.BlameDataCollector.dll
TpTrace Verbose: 0 : 10544, 1, 2024/07/23, 20:27:04.345, 6889364489180, vstest.console.dll, MetadataReaderExtensionsHelper: Discovering extensions inside assembly 'Microsoft.TestPlatform.Extensions.BlameDataCollector, Version=15.0.0.0, Culture=neutral, PublicKeyToken=b03f5f7f11d50a3a' file path 'C:\Program Files\dotnet\sdk\8.0.300\Extensions\Microsoft.TestPlatform.Extensions.BlameDataCollector.dll'
TpTrace Information: 0 : 10544, 1, 2024/07/23, 20:27:04.347, 6889364512322, vstest.console.dll, AssemblyResolver.OnResolve: Microsoft.TestPlatform.Extensions.EventLogCollector: Resolving assembly.
TpTrace Information: 0 : 10544, 1, 2024/07/23, 20:27:04.347, 6889364513682, vstest.console.dll, AssemblyResolver.OnResolve: Microsoft.TestPlatform.Extensions.EventLogCollector: Searching in: 'C:\Program Files\dotnet\sdk\8.0.300\Extensions'.
TpTrace Information: 0 : 10544, 1, 2024/07/23, 20:27:04.348, 6889364523348, vstest.console.dll, AssemblyResolver.OnResolve: Microsoft.TestPlatform.Extensions.EventLogCollector: Loading assembly 'C:\Program Files\dotnet\sdk\8.0.300\Extensions\Microsoft.TestPlatform.Extensions.EventLogCollector.dll'.
TpTrace Information: 0 : 10544, 1, 2024/07/23, 20:27:04.349, 6889364533576, vstest.console.dll, AssemblyResolver.OnResolve: Resolved assembly: Microsoft.TestPlatform.Extensions.EventLogCollector, from path: C:\Program Files\dotnet\sdk\8.0.300\Extensions\Microsoft.TestPlatform.Extensions.EventLogCollector.dll
TpTrace Verbose: 0 : 10544, 1, 2024/07/23, 20:27:04.350, 6889364535082, vstest.console.dll, MetadataReaderExtensionsHelper: Discovering extensions inside assembly 'Microsoft.TestPlatform.Extensions.EventLogCollector, Version=15.0.0.0, Culture=neutral, PublicKeyToken=b03f5f7f11d50a3a' file path 'C:\Program Files\dotnet\sdk\8.0.300\Extensions\Microsoft.TestPlatform.Extensions.EventLogCollector.dll'
TpTrace Information: 0 : 10544, 1, 2024/07/23, 20:27:04.354, 6889364577970, vstest.console.dll, AssemblyResolver.OnResolve: Microsoft.TestPlatform.TestHostRuntimeProvider: Resolving assembly.
TpTrace Information: 0 : 10544, 1, 2024/07/23, 20:27:04.354, 6889364579462, vstest.console.dll, AssemblyResolver.OnResolve: Microsoft.TestPlatform.TestHostRuntimeProvider: Searching in: 'C:\Program Files\dotnet\sdk\8.0.300\Extensions'.
TpTrace Information: 0 : 10544, 1, 2024/07/23, 20:27:04.355, 6889364587900, vstest.console.dll, AssemblyResolver.OnResolve: Microsoft.TestPlatform.TestHostRuntimeProvider: Loading assembly 'C:\Program Files\dotnet\sdk\8.0.300\Extensions\Microsoft.TestPlatform.TestHostRuntimeProvider.dll'.
TpTrace Information: 0 : 10544, 1, 2024/07/23, 20:27:04.356, 6889364596431, vstest.console.dll, AssemblyResolver.OnResolve: Resolved assembly: Microsoft.TestPlatform.TestHostRuntimeProvider, from path: C:\Program Files\dotnet\sdk\8.0.300\Extensions\Microsoft.TestPlatform.TestHostRuntimeProvider.dll
TpTrace Verbose: 0 : 10544, 1, 2024/07/23, 20:27:04.356, 6889364597909, vstest.console.dll, MetadataReaderExtensionsHelper: Discovering extensions inside assembly 'Microsoft.TestPlatform.TestHostRuntimeProvider, Version=15.0.0.0, Culture=neutral, PublicKeyToken=b03f5f7f11d50a3a' file path 'C:\Program Files\dotnet\sdk\8.0.300\Extensions\Microsoft.TestPlatform.TestHostRuntimeProvider.dll'
TpTrace Information: 0 : 10544, 1, 2024/07/23, 20:27:04.359, 6889364625296, vstest.console.dll, GetTestExtensionFromType: Register extension with identifier data 'HostProvider://DefaultTestHost' and type 'Microsoft.VisualStudio.TestPlatform.CrossPlatEngine.Hosting.DefaultTestHostManager, Microsoft.TestPlatform.TestHostRuntimeProvider, Version=15.0.0.0, Culture=neutral, PublicKeyToken=b03f5f7f11d50a3a' inside file 'C:\Program Files\dotnet\sdk\8.0.300\Extensions\Microsoft.TestPlatform.TestHostRuntimeProvider.dll'
TpTrace Information: 0 : 10544, 1, 2024/07/23, 20:27:04.359, 6889364630330, vstest.console.dll, GetTestExtensionFromType: Register extension with identifier data 'HostProvider://DotnetTestHost' and type 'Microsoft.VisualStudio.TestPlatform.CrossPlatEngine.Hosting.DotnetTestHostManager, Microsoft.TestPlatform.TestHostRuntimeProvider, Version=15.0.0.0, Culture=neutral, PublicKeyToken=b03f5f7f11d50a3a' inside file 'C:\Program Files\dotnet\sdk\8.0.300\Extensions\Microsoft.TestPlatform.TestHostRuntimeProvider.dll'
TpTrace Information: 0 : 10544, 1, 2024/07/23, 20:27:04.359, 6889364632043, vstest.console.dll, AssemblyResolver.OnResolve: Microsoft.VisualStudio.TestPlatform.Extensions.Html.TestLogger: Resolving assembly.
TpTrace Information: 0 : 10544, 1, 2024/07/23, 20:27:04.359, 6889364632904, vstest.console.dll, AssemblyResolver.OnResolve: Microsoft.VisualStudio.TestPlatform.Extensions.Html.TestLogger: Searching in: 'C:\Program Files\dotnet\sdk\8.0.300\Extensions'.
TpTrace Information: 0 : 10544, 1, 2024/07/23, 20:27:04.360, 6889364642434, vstest.console.dll, AssemblyResolver.OnResolve: Microsoft.VisualStudio.TestPlatform.Extensions.Html.TestLogger: Loading assembly 'C:\Program Files\dotnet\sdk\8.0.300\Extensions\Microsoft.VisualStudio.TestPlatform.Extensions.Html.TestLogger.dll'.
TpTrace Information: 0 : 10544, 1, 2024/07/23, 20:27:04.361, 6889364652294, vstest.console.dll, AssemblyResolver.OnResolve: Resolved assembly: Microsoft.VisualStudio.TestPlatform.Extensions.Html.TestLogger, from path: C:\Program Files\dotnet\sdk\8.0.300\Extensions\Microsoft.VisualStudio.TestPlatform.Extensions.Html.TestLogger.dll
TpTrace Verbose: 0 : 10544, 1, 2024/07/23, 20:27:04.361, 6889364653826, vstest.console.dll, MetadataReaderExtensionsHelper: Discovering extensions inside assembly 'Microsoft.VisualStudio.TestPlatform.Extensions.Html.TestLogger, Version=15.0.0.0, Culture=neutral, PublicKeyToken=b03f5f7f11d50a3a' file path 'C:\Program Files\dotnet\sdk\8.0.300\Extensions\Microsoft.VisualStudio.TestPlatform.Extensions.Html.TestLogger.dll'
TpTrace Information: 0 : 10544, 1, 2024/07/23, 20:27:04.363, 6889364670772, vstest.console.dll, AssemblyResolver.OnResolve: Microsoft.VisualStudio.TestPlatform.Extensions.Trx.TestLogger: Resolving assembly.
TpTrace Information: 0 : 10544, 1, 2024/07/23, 20:27:04.363, 6889364672075, vstest.console.dll, AssemblyResolver.OnResolve: Microsoft.VisualStudio.TestPlatform.Extensions.Trx.TestLogger: Searching in: 'C:\Program Files\dotnet\sdk\8.0.300\Extensions'.
TpTrace Information: 0 : 10544, 1, 2024/07/23, 20:27:04.364, 6889364681271, vstest.console.dll, AssemblyResolver.OnResolve: Microsoft.VisualStudio.TestPlatform.Extensions.Trx.TestLogger: Loading assembly 'C:\Program Files\dotnet\sdk\8.0.300\Extensions\Microsoft.VisualStudio.TestPlatform.Extensions.Trx.TestLogger.dll'.
TpTrace Information: 0 : 10544, 1, 2024/07/23, 20:27:04.365, 6889364693965, vstest.console.dll, AssemblyResolver.OnResolve: Resolved assembly: Microsoft.VisualStudio.TestPlatform.Extensions.Trx.TestLogger, from path: C:\Program Files\dotnet\sdk\8.0.300\Extensions\Microsoft.VisualStudio.TestPlatform.Extensions.Trx.TestLogger.dll
TpTrace Verbose: 0 : 10544, 1, 2024/07/23, 20:27:04.366, 6889364696026, vstest.console.dll, MetadataReaderExtensionsHelper: Discovering extensions inside assembly 'Microsoft.VisualStudio.TestPlatform.Extensions.Trx.TestLogger, Version=15.0.0.0, Culture=neutral, PublicKeyToken=b03f5f7f11d50a3a' file path 'C:\Program Files\dotnet\sdk\8.0.300\Extensions\Microsoft.VisualStudio.TestPlatform.Extensions.Trx.TestLogger.dll'
TpTrace Verbose: 0 : 10544, 1, 2024/07/23, 20:27:04.368, 6889364717358, vstest.console.dll, TestPluginCache: Discovered the extensions using extension path ''.
TpTrace Verbose: 0 : 10544, 1, 2024/07/23, 20:27:04.368, 6889364718831, vstest.console.dll, TestPluginCache: Discoverers are ''.
TpTrace Verbose: 0 : 10544, 1, 2024/07/23, 20:27:04.368, 6889364719560, vstest.console.dll, TestPluginCache: Executors are ''.
TpTrace Verbose: 0 : 10544, 1, 2024/07/23, 20:27:04.368, 6889364720261, vstest.console.dll, TestPluginCache: Executors2 are ''.
TpTrace Verbose: 0 : 10544, 1, 2024/07/23, 20:27:04.368, 6889364720848, vstest.console.dll, TestPluginCache: Setting providers are ''.
TpTrace Verbose: 0 : 10544, 1, 2024/07/23, 20:27:04.368, 6889364721415, vstest.console.dll, TestPluginCache: Loggers are ''.
TpTrace Verbose: 0 : 10544, 1, 2024/07/23, 20:27:04.369, 6889364724339, vstest.console.dll, TestPluginCache: TestHosts are 'HostProvider://DefaultTestHost,HostProvider://DotnetTestHost'.
TpTrace Verbose: 0 : 10544, 1, 2024/07/23, 20:27:04.369, 6889364725078, vstest.console.dll, TestPluginCache: DataCollectors are ''.
TpTrace Information: 0 : 10544, 1, 2024/07/23, 20:27:04.390, 6889364936066, vstest.console.dll, RunTestsArgumentProcessor:Execute: Test run is starting.
TpTrace Verbose: 0 : 10544, 1, 2024/07/23, 20:27:04.390, 6889364937505, vstest.console.dll, RunTestsArgumentProcessor:Execute: Queuing Test run.
TpTrace Information: 0 : 10544, 1, 2024/07/23, 20:27:04.390, 6889364941136, vstest.console.dll, TestRequestManager.RunTests: run tests started.
TpTrace Information: 0 : 10544, 1, 2024/07/23, 20:27:04.392, 6889364959169, vstest.console.dll, AssemblyMetadataProvider.GetFrameworkName: Determined framework:'.NETCoreApp,Version=v6.0' for source: 'C:\Users\PC\Desktop\SeleniumAdvanced\SumNumberPage\bin\Debug\net6.0\fine-code-coverage\build-output\SumNumberPage.dll'
TpTrace Information: 0 : 10544, 1, 2024/07/23, 20:27:04.392, 6889364962185, vstest.console.dll, Determined framework for all sources: .NETCoreApp,Version=v6.0
TpTrace Verbose: 0 : 10544, 1, 2024/07/23, 20:27:04.393, 6889364966881, vstest.console.dll, TestRequestManager.UpdateRunSettingsIfRequired: Default architecture: X64 IsDefaultTargetArchitecture: True, Current process architecture: X64 OperatingSystem: Windows.
TpTrace Information: 0 : 10544, 1, 2024/07/23, 20:27:04.395, 6889364989846, vstest.console.dll, AssemblyMetadataProvider.GetArchitecture: Determined architecture:AnyCPU info for assembly: C:\Users\PC\Desktop\SeleniumAdvanced\SumNumberPage\bin\Debug\net6.0\fine-code-coverage\build-output\SumNumberPage.dll
TpTrace Information: 0 : 10544, 1, 2024/07/23, 20:27:04.395, 6889364991196, vstest.console.dll, Determined platform for source 'C:\Users\PC\Desktop\SeleniumAdvanced\SumNumberPage\bin\Debug\net6.0\fine-code-coverage\build-output\SumNumberPage.dll' was AnyCPU and it will use the default plaform X64.
TpTrace Information: 0 : 10544, 1, 2024/07/23, 20:27:04.395, 6889364991837, vstest.console.dll, None of the sources provided any runnable platform, using the default platform: X64
TpTrace Information: 0 : 10544, 1, 2024/07/23, 20:27:04.395, 6889364993325, vstest.console.dll, Platform was updated to 'X64'.
TpTrace Information: 0 : 10544, 1, 2024/07/23, 20:27:04.400, 6889365039944, vstest.console.dll, InferRunSettingsHelper.IsTestSettingsEnabled: Unable to navigate to RunSettings/MSTest. Current node: RunSettings
TpTrace Information: 0 : 10544, 1, 2024/07/23, 20:27:04.401, 6889365049651, vstest.console.dll, AssemblyResolver.OnResolve: Microsoft.VisualStudio.TestPlatform.Fakes: Resolving assembly.
TpTrace Information: 0 : 10544, 1, 2024/07/23, 20:27:04.401, 6889365050824, vstest.console.dll, AssemblyResolver.OnResolve: Microsoft.VisualStudio.TestPlatform.Fakes: Searching in: 'C:\Program Files\dotnet\sdk\8.0.300\Extensions'.
TpTrace Information: 0 : 10544, 1, 2024/07/23, 20:27:04.401, 6889365052492, vstest.console.dll, AssemblyResolver.OnResolve: Microsoft.VisualStudio.TestPlatform.Fakes: Assembly path does not exist: 'C:\Program Files\dotnet\sdk\8.0.300\Extensions\Microsoft.VisualStudio.TestPlatform.Fakes.dll', returning.
TpTrace Information: 0 : 10544, 1, 2024/07/23, 20:27:04.401, 6889365053719, vstest.console.dll, AssemblyResolver.OnResolve: Microsoft.VisualStudio.TestPlatform.Fakes: Assembly path does not exist: 'C:\Program Files\dotnet\sdk\8.0.300\Extensions\Microsoft.VisualStudio.TestPlatform.Fakes.exe', returning.
TpTrace Information: 0 : 10544, 1, 2024/07/23, 20:27:04.402, 6889365054345, vstest.console.dll, AssemblyResolver.OnResolve: Microsoft.VisualStudio.TestPlatform.Fakes: Searching in: 'C:\Program Files\dotnet\sdk\8.0.300'.
TpTrace Information: 0 : 10544, 1, 2024/07/23, 20:27:04.402, 6889365055435, vstest.console.dll, AssemblyResolver.OnResolve: Microsoft.VisualStudio.TestPlatform.Fakes: Assembly path does not exist: 'C:\Program Files\dotnet\sdk\8.0.300\Microsoft.VisualStudio.TestPlatform.Fakes.dll', returning.
TpTrace Information: 0 : 10544, 1, 2024/07/23, 20:27:04.402, 6889365056604, vstest.console.dll, AssemblyResolver.OnResolve: Microsoft.VisualStudio.TestPlatform.Fakes: Assembly path does not exist: 'C:\Program Files\dotnet\sdk\8.0.300\Microsoft.VisualStudio.TestPlatform.Fakes.exe', returning.
TpTrace Information: 0 : 10544, 1, 2024/07/23, 20:27:04.402, 6889365057229, vstest.console.dll, AssemblyResolver.OnResolve: Microsoft.VisualStudio.TestPlatform.Fakes: Failed to load assembly.
TpTrace Information: 0 : 10544, 1, 2024/07/23, 20:27:04.402, 6889365061126, vstest.console.dll, Failed to load assembly Microsoft.VisualStudio.TestPlatform.Fakes, Version=17.0.0.0, Culture=neutral. Reason:System.IO.FileNotFoundException: Could not load file or assembly 'Microsoft.VisualStudio.TestPlatform.Fakes, Version=17.0.0.0, Culture=neutral, PublicKeyToken=null'. The system cannot find the file specified.
File name: 'Microsoft.VisualStudio.TestPlatform.Fakes, Version=17.0.0.0, Culture=neutral, PublicKeyToken=null'
   at System.Reflection.RuntimeAssembly.InternalLoad(AssemblyName assemblyName, StackCrawlMark& stackMark, AssemblyLoadContext assemblyLoadContext, RuntimeAssembly requestingAssembly, Boolean throwOnFileNotFound)
   at System.Reflection.Assembly.Load(AssemblyName assemblyRef)
   at Microsoft.VisualStudio.TestPlatform.Common.Utilities.FakesUtilities.LoadTestPlatformAssembly() in /_/src/Microsoft.TestPlatform.Common/Utilities/FakesUtilities.cs:line 272
TpTrace Verbose: 0 : 10544, 1, 2024/07/23, 20:27:04.407, 6889365104817, vstest.console.dll, TestPluginCache.DiscoverTestExtensions: finding test extensions in assemblies ends with: TestLogger.dll TPluginInfo: Microsoft.VisualStudio.TestPlatform.Common.ExtensionFramework.Utilities.TestLoggerPluginInformation TExtension: Microsoft.VisualStudio.TestPlatform.ObjectModel.Client.ITestLogger
TpTrace Verbose: 0 : 10544, 1, 2024/07/23, 20:27:04.407, 6889365106521, vstest.console.dll, TestPluginCache.GetExtensionPaths: Filtered extension paths: 
TpTrace Verbose: 0 : 10544, 1, 2024/07/23, 20:27:04.407, 6889365107193, vstest.console.dll, TestPluginCache.GetExtensionPaths: Added default extension paths: C:\Program Files\dotnet\sdk\8.0.300\Extensions\Microsoft.Diagnostics.NETCore.Client.dll
C:\Program Files\dotnet\sdk\8.0.300\Extensions\Microsoft.TestPlatform.Extensions.BlameDataCollector.dll
C:\Program Files\dotnet\sdk\8.0.300\Extensions\Microsoft.TestPlatform.Extensions.EventLogCollector.dll
C:\Program Files\dotnet\sdk\8.0.300\Extensions\Microsoft.TestPlatform.TestHostRuntimeProvider.dll
C:\Program Files\dotnet\sdk\8.0.300\Extensions\Microsoft.VisualStudio.TestPlatform.Extensions.Html.TestLogger.dll
C:\Program Files\dotnet\sdk\8.0.300\Extensions\Microsoft.VisualStudio.TestPlatform.Extensions.Trx.TestLogger.dll
TpTrace Verbose: 0 : 10544, 1, 2024/07/23, 20:27:04.407, 6889365107892, vstest.console.dll, TestPluginCache.GetExtensionPaths: Added unfilterableExtensionPaths: 
TpTrace Information: 0 : 10544, 1, 2024/07/23, 20:27:04.407, 6889365110080, vstest.console.dll, AssemblyResolver.AddSearchDirectories: Adding more searchDirectories C:\Program Files\dotnet\sdk\8.0.300\Extensions,C:\Program Files\dotnet\sdk\8.0.300
TpTrace Verbose: 0 : 10544, 1, 2024/07/23, 20:27:04.407, 6889365110909, vstest.console.dll, TestPluginCache.DiscoverTestExtensions: Discovering the extensions using extension path.
TpTrace Verbose: 0 : 10544, 1, 2024/07/23, 20:27:04.407, 6889365111599, vstest.console.dll, TestPluginCache.GetExtensionPaths: Filtered extension paths: 
TpTrace Verbose: 0 : 10544, 1, 2024/07/23, 20:27:04.409, 6889365131768, vstest.console.dll, TestPluginCache.GetExtensionPaths: Added default extension paths: C:\Program Files\dotnet\sdk\8.0.300\Extensions\Microsoft.Diagnostics.NETCore.Client.dll
C:\Program Files\dotnet\sdk\8.0.300\Extensions\Microsoft.TestPlatform.Extensions.BlameDataCollector.dll
C:\Program Files\dotnet\sdk\8.0.300\Extensions\Microsoft.TestPlatform.Extensions.EventLogCollector.dll
C:\Program Files\dotnet\sdk\8.0.300\Extensions\Microsoft.TestPlatform.TestHostRuntimeProvider.dll
C:\Program Files\dotnet\sdk\8.0.300\Extensions\Microsoft.VisualStudio.TestPlatform.Extensions.Html.TestLogger.dll
C:\Program Files\dotnet\sdk\8.0.300\Extensions\Microsoft.VisualStudio.TestPlatform.Extensions.Trx.TestLogger.dll
TpTrace Verbose: 0 : 10544, 1, 2024/07/23, 20:27:04.409, 6889365133450, vstest.console.dll, TestPluginCache.GetExtensionPaths: Added unfilterableExtensionPaths: 
TpTrace Verbose: 0 : 10544, 1, 2024/07/23, 20:27:04.410, 6889365134233, vstest.console.dll, TestPluginCache.DiscoverTestExtensions: Discovering the extensions using allExtensionPaths: C:\Program Files\dotnet\sdk\8.0.300\Extensions\Microsoft.Diagnostics.NETCore.Client.dll
C:\Program Files\dotnet\sdk\8.0.300\Extensions\Microsoft.TestPlatform.Extensions.BlameDataCollector.dll
C:\Program Files\dotnet\sdk\8.0.300\Extensions\Microsoft.TestPlatform.Extensions.EventLogCollector.dll
C:\Program Files\dotnet\sdk\8.0.300\Extensions\Microsoft.TestPlatform.TestHostRuntimeProvider.dll
C:\Program Files\dotnet\sdk\8.0.300\Extensions\Microsoft.VisualStudio.TestPlatform.Extensions.Html.TestLogger.dll
C:\Program Files\dotnet\sdk\8.0.300\Extensions\Microsoft.VisualStudio.TestPlatform.Extensions.Trx.TestLogger.dll
TpTrace Information: 0 : 10544, 1, 2024/07/23, 20:27:04.410, 6889365136039, vstest.console.dll, AssemblyResolver.AddSearchDirectories: Adding more searchDirectories C:\Program Files\dotnet\sdk\8.0.300\Extensions,C:\Program Files\dotnet\sdk\8.0.300
TpTrace Information: 0 : 10544, 1, 2024/07/23, 20:27:04.410, 6889365136915, vstest.console.dll, AssemblyResolver.AddSearchDirectories: Adding more searchDirectories C:\Program Files\dotnet\sdk\8.0.300\Extensions,C:\Program Files\dotnet\sdk\8.0.300
TpTrace Information: 0 : 10544, 1, 2024/07/23, 20:27:04.410, 6889365137644, vstest.console.dll, AssemblyResolver.AddSearchDirectories: Adding more searchDirectories C:\Program Files\dotnet\sdk\8.0.300\Extensions,C:\Program Files\dotnet\sdk\8.0.300
TpTrace Information: 0 : 10544, 1, 2024/07/23, 20:27:04.410, 6889365138349, vstest.console.dll, AssemblyResolver.AddSearchDirectories: Adding more searchDirectories C:\Program Files\dotnet\sdk\8.0.300\Extensions,C:\Program Files\dotnet\sdk\8.0.300
TpTrace Information: 0 : 10544, 1, 2024/07/23, 20:27:04.410, 6889365139145, vstest.console.dll, AssemblyResolver.AddSearchDirectories: Adding more searchDirectories C:\Program Files\dotnet\sdk\8.0.300\Extensions,C:\Program Files\dotnet\sdk\8.0.300
TpTrace Information: 0 : 10544, 1, 2024/07/23, 20:27:04.410, 6889365139793, vstest.console.dll, AssemblyResolver.AddSearchDirectories: Adding more searchDirectories C:\Program Files\dotnet\sdk\8.0.300\Extensions,C:\Program Files\dotnet\sdk\8.0.300
TpTrace Verbose: 0 : 10544, 1, 2024/07/23, 20:27:04.410, 6889365141575, vstest.console.dll, MetadataReaderExtensionsHelper: Discovering extensions inside assembly 'Microsoft.Diagnostics.NETCore.Client, Version=0.2.10.15101, Culture=neutral, PublicKeyToken=31bf3856ad364e35' file path 'C:\Program Files\dotnet\sdk\8.0.300\Extensions\Microsoft.Diagnostics.NETCore.Client.dll'
TpTrace Information: 0 : 10544, 1, 2024/07/23, 20:27:04.411, 6889365153460, vstest.console.dll, AssemblyResolver.OnResolve: Microsoft.Bcl.AsyncInterfaces: Resolving assembly.
TpTrace Information: 0 : 10544, 1, 2024/07/23, 20:27:04.412, 6889365154454, vstest.console.dll, AssemblyResolver.OnResolve: Microsoft.Bcl.AsyncInterfaces: Resolved from cache.
TpTrace Verbose: 0 : 10544, 1, 2024/07/23, 20:27:04.412, 6889365155089, vstest.console.dll, CurrentDomainAssemblyResolve: Resolving assembly 'Microsoft.Bcl.AsyncInterfaces'.
TpTrace Information: 0 : 10544, 1, 2024/07/23, 20:27:04.412, 6889365155968, vstest.console.dll, AssemblyResolver.OnResolve: Microsoft.Bcl.AsyncInterfaces: Resolving assembly.
TpTrace Information: 0 : 10544, 1, 2024/07/23, 20:27:04.412, 6889365156620, vstest.console.dll, AssemblyResolver.OnResolve: Microsoft.Bcl.AsyncInterfaces: Resolved from cache.
TpTrace Verbose: 0 : 10544, 1, 2024/07/23, 20:27:04.412, 6889365157206, vstest.console.dll, CurrentDomainAssemblyResolve: Resolving assembly 'Microsoft.Bcl.AsyncInterfaces'.
TpTrace Verbose: 0 : 10544, 1, 2024/07/23, 20:27:04.412, 6889365157785, vstest.console.dll, CurrentDomainAssemblyResolve: Failed to resolve assembly 'Microsoft.Bcl.AsyncInterfaces'.
TpTrace Verbose: 0 : 10544, 1, 2024/07/23, 20:27:04.412, 6889365160232, vstest.console.dll, CurrentDomainAssemblyResolve: Failed to resolve assembly 'Microsoft.Bcl.AsyncInterfaces'.
TpTrace Warning: 0 : 10544, 1, 2024/07/23, 20:27:04.413, 6889365168599, vstest.console.dll, TestPluginDiscoverer: Failed to get types from assembly 'Microsoft.Diagnostics.NETCore.Client, Version=0.2.10.15101, Culture=neutral, PublicKeyToken=31bf3856ad364e35'. Error: System.Reflection.ReflectionTypeLoadException: Unable to load one or more of the requested types.
Could not load file or assembly 'Microsoft.Bcl.AsyncInterfaces, Version=6.0.0.0, Culture=neutral, PublicKeyToken=cc7b13ffcd2ddd51'. The system cannot find the file specified.
   at System.Reflection.RuntimeModule.GetTypes(RuntimeModule module)
   at System.Reflection.RuntimeModule.GetTypes()
   at Microsoft.VisualStudio.TestPlatform.Common.ExtensionFramework.TestPluginDiscoverer.GetTestExtensionsFromAssembly[TPluginInfo,TExtension](Assembly assembly, Dictionary`2 pluginInfos, String filePath) in /_/src/Microsoft.TestPlatform.Common/ExtensionFramework/TestPluginDiscoverer.cs:line 158
System.IO.FileNotFoundException: Could not load file or assembly 'Microsoft.Bcl.AsyncInterfaces, Version=6.0.0.0, Culture=neutral, PublicKeyToken=cc7b13ffcd2ddd51'. The system cannot find the file specified.
File name: 'Microsoft.Bcl.AsyncInterfaces, Version=6.0.0.0, Culture=neutral, PublicKeyToken=cc7b13ffcd2ddd51'
 ---> System.IO.FileNotFoundException: Could not load file or assembly 'Microsoft.Bcl.AsyncInterfaces, Culture=neutral, PublicKeyToken=null'. The system cannot find the file specified.
File name: 'Microsoft.Bcl.AsyncInterfaces, Culture=neutral, PublicKeyToken=null'
   at System.Reflection.RuntimeAssembly.InternalLoad(AssemblyName assemblyName, StackCrawlMark& stackMark, AssemblyLoadContext assemblyLoadContext, RuntimeAssembly requestingAssembly, Boolean throwOnFileNotFound)
   at System.Reflection.Assembly.Load(AssemblyName assemblyRef)
   at Microsoft.VisualStudio.TestPlatform.Common.ExtensionFramework.TestPluginCache.CurrentDomainAssemblyResolve(Object sender, AssemblyResolveEventArgs args) in /_/src/Microsoft.TestPlatform.Common/ExtensionFramework/TestPluginCache.cs:line 513
   at System.Runtime.Loader.AssemblyLoadContext.GetFirstResolvedAssemblyFromResolvingEvent(AssemblyName assemblyName)
   at System.Runtime.Loader.AssemblyLoadContext.ResolveUsingEvent(AssemblyName assemblyName)
   at System.Runtime.Loader.AssemblyLoadContext.ResolveUsingResolvingEvent(IntPtr gchManagedAssemblyLoadContext, AssemblyName assemblyName)
TpTrace Warning: 0 : 10544, 1, 2024/07/23, 20:27:04.413, 6889365171373, vstest.console.dll, LoaderExceptions: System.IO.FileNotFoundException: Could not load file or assembly 'Microsoft.Bcl.AsyncInterfaces, Version=6.0.0.0, Culture=neutral, PublicKeyToken=cc7b13ffcd2ddd51'. The system cannot find the file specified.
File name: 'Microsoft.Bcl.AsyncInterfaces, Version=6.0.0.0, Culture=neutral, PublicKeyToken=cc7b13ffcd2ddd51'
 ---> System.IO.FileNotFoundException: Could not load file or assembly 'Microsoft.Bcl.AsyncInterfaces, Culture=neutral, PublicKeyToken=null'. The system cannot find the file specified.
File name: 'Microsoft.Bcl.AsyncInterfaces, Culture=neutral, PublicKeyToken=null'
   at System.Reflection.RuntimeAssembly.InternalLoad(AssemblyName assemblyName, StackCrawlMark& stackMark, AssemblyLoadContext assemblyLoadContext, RuntimeAssembly requestingAssembly, Boolean throwOnFileNotFound)
   at System.Reflection.Assembly.Load(AssemblyName assemblyRef)
   at Microsoft.VisualStudio.TestPlatform.Common.ExtensionFramework.TestPluginCache.CurrentDomainAssemblyResolve(Object sender, AssemblyResolveEventArgs args) in /_/src/Microsoft.TestPlatform.Common/ExtensionFramework/TestPluginCache.cs:line 513
   at System.Runtime.Loader.AssemblyLoadContext.GetFirstResolvedAssemblyFromResolvingEvent(AssemblyName assemblyName)
   at System.Runtime.Loader.AssemblyLoadContext.ResolveUsingEvent(AssemblyName assemblyName)
   at System.Runtime.Loader.AssemblyLoadContext.ResolveUsingResolvingEvent(IntPtr gchManagedAssemblyLoadContext, AssemblyName assemblyName)
TpTrace Verbose: 0 : 10544, 1, 2024/07/23, 20:27:04.413, 6889365172815, vstest.console.dll, MetadataReaderExtensionsHelper: Discovering extensions inside assembly 'Microsoft.TestPlatform.Extensions.BlameDataCollector, Version=15.0.0.0, Culture=neutral, PublicKeyToken=b03f5f7f11d50a3a' file path 'C:\Program Files\dotnet\sdk\8.0.300\Extensions\Microsoft.TestPlatform.Extensions.BlameDataCollector.dll'
TpTrace Information: 0 : 10544, 1, 2024/07/23, 20:27:04.415, 6889365185612, vstest.console.dll, GetTestExtensionFromType: Register extension with identifier data 'logger://Microsoft/TestPlatform/Extensions/Blame/v1' and type 'Microsoft.TestPlatform.Extensions.BlameDataCollector.BlameLogger, Microsoft.TestPlatform.Extensions.BlameDataCollector, Version=15.0.0.0, Culture=neutral, PublicKeyToken=b03f5f7f11d50a3a' inside file 'C:\Program Files\dotnet\sdk\8.0.300\Extensions\Microsoft.TestPlatform.Extensions.BlameDataCollector.dll'
TpTrace Verbose: 0 : 10544, 1, 2024/07/23, 20:27:04.415, 6889365187027, vstest.console.dll, MetadataReaderExtensionsHelper: Discovering extensions inside assembly 'Microsoft.TestPlatform.Extensions.EventLogCollector, Version=15.0.0.0, Culture=neutral, PublicKeyToken=b03f5f7f11d50a3a' file path 'C:\Program Files\dotnet\sdk\8.0.300\Extensions\Microsoft.TestPlatform.Extensions.EventLogCollector.dll'
TpTrace Verbose: 0 : 10544, 1, 2024/07/23, 20:27:04.416, 6889365195419, vstest.console.dll, MetadataReaderExtensionsHelper: Discovering extensions inside assembly 'Microsoft.TestPlatform.TestHostRuntimeProvider, Version=15.0.0.0, Culture=neutral, PublicKeyToken=b03f5f7f11d50a3a' file path 'C:\Program Files\dotnet\sdk\8.0.300\Extensions\Microsoft.TestPlatform.TestHostRuntimeProvider.dll'
TpTrace Verbose: 0 : 10544, 1, 2024/07/23, 20:27:04.416, 6889365203384, vstest.console.dll, MetadataReaderExtensionsHelper: Discovering extensions inside assembly 'Microsoft.VisualStudio.TestPlatform.Extensions.Html.TestLogger, Version=15.0.0.0, Culture=neutral, PublicKeyToken=b03f5f7f11d50a3a' file path 'C:\Program Files\dotnet\sdk\8.0.300\Extensions\Microsoft.VisualStudio.TestPlatform.Extensions.Html.TestLogger.dll'
TpTrace Information: 0 : 10544, 1, 2024/07/23, 20:27:04.418, 6889365215827, vstest.console.dll, GetTestExtensionFromType: Register extension with identifier data 'logger://Microsoft/TestPlatform/HtmlLogger/v1' and type 'Microsoft.VisualStudio.TestPlatform.Extensions.HtmlLogger.HtmlLogger, Microsoft.VisualStudio.TestPlatform.Extensions.Html.TestLogger, Version=15.0.0.0, Culture=neutral, PublicKeyToken=b03f5f7f11d50a3a' inside file 'C:\Program Files\dotnet\sdk\8.0.300\Extensions\Microsoft.VisualStudio.TestPlatform.Extensions.Html.TestLogger.dll'
TpTrace Verbose: 0 : 10544, 1, 2024/07/23, 20:27:04.418, 6889365217397, vstest.console.dll, MetadataReaderExtensionsHelper: Discovering extensions inside assembly 'Microsoft.VisualStudio.TestPlatform.Extensions.Trx.TestLogger, Version=15.0.0.0, Culture=neutral, PublicKeyToken=b03f5f7f11d50a3a' file path 'C:\Program Files\dotnet\sdk\8.0.300\Extensions\Microsoft.VisualStudio.TestPlatform.Extensions.Trx.TestLogger.dll'
TpTrace Information: 0 : 10544, 1, 2024/07/23, 20:27:04.419, 6889365227454, vstest.console.dll, GetTestExtensionFromType: Register extension with identifier data 'logger://Microsoft/TestPlatform/TrxLogger/v1' and type 'Microsoft.VisualStudio.TestPlatform.Extensions.TrxLogger.TrxLogger, Microsoft.VisualStudio.TestPlatform.Extensions.Trx.TestLogger, Version=15.0.0.0, Culture=neutral, PublicKeyToken=b03f5f7f11d50a3a' inside file 'C:\Program Files\dotnet\sdk\8.0.300\Extensions\Microsoft.VisualStudio.TestPlatform.Extensions.Trx.TestLogger.dll'
TpTrace Verbose: 0 : 10544, 1, 2024/07/23, 20:27:04.419, 6889365228983, vstest.console.dll, TestPluginCache: Discovered the extensions using extension path ''.
TpTrace Verbose: 0 : 10544, 1, 2024/07/23, 20:27:04.419, 6889365229668, vstest.console.dll, TestPluginCache: Discoverers are ''.
TpTrace Verbose: 0 : 10544, 1, 2024/07/23, 20:27:04.419, 6889365230337, vstest.console.dll, TestPluginCache: Executors are ''.
TpTrace Verbose: 0 : 10544, 1, 2024/07/23, 20:27:04.419, 6889365230897, vstest.console.dll, TestPluginCache: Executors2 are ''.
TpTrace Verbose: 0 : 10544, 1, 2024/07/23, 20:27:04.419, 6889365231438, vstest.console.dll, TestPluginCache: Setting providers are ''.
TpTrace Verbose: 0 : 10544, 1, 2024/07/23, 20:27:04.419, 6889365232730, vstest.console.dll, TestPluginCache: Loggers are 'logger://Microsoft/TestPlatform/Extensions/Blame/v1,logger://Microsoft/TestPlatform/HtmlLogger/v1,logger://Microsoft/TestPlatform/TrxLogger/v1'.
TpTrace Verbose: 0 : 10544, 1, 2024/07/23, 20:27:04.419, 6889365233728, vstest.console.dll, TestPluginCache: TestHosts are 'HostProvider://DefaultTestHost,HostProvider://DotnetTestHost'.
TpTrace Verbose: 0 : 10544, 1, 2024/07/23, 20:27:04.420, 6889365234386, vstest.console.dll, TestPluginCache: DataCollectors are ''.
TpTrace Information: 0 : 10544, 1, 2024/07/23, 20:27:04.421, 6889365248012, vstest.console.dll, TestPluginManager.CreateTestExtension: Attempting to load test extension: Microsoft.TestPlatform.Extensions.BlameDataCollector.BlameLogger
TpTrace Verbose: 0 : 10544, 1, 2024/07/23, 20:27:04.433, 6889365370401, vstest.console.dll, TestEngine: Initializing Parallel Execution as MaxCpuCount is set to: 1
TpTrace Information: 0 : 10544, 1, 2024/07/23, 20:27:04.436, 6889365395192, vstest.console.dll, TestPluginManager.CreateTestExtension: Attempting to load test extension: Microsoft.VisualStudio.TestPlatform.CrossPlatEngine.Hosting.DefaultTestHostManager
TpTrace Information: 0 : 10544, 1, 2024/07/23, 20:27:04.438, 6889365416904, vstest.console.dll, TestPluginManager.CreateTestExtension: Attempting to load test extension: Microsoft.VisualStudio.TestPlatform.CrossPlatEngine.Hosting.DotnetTestHostManager
TpTrace Information: 0 : 10544, 1, 2024/07/23, 20:27:04.439, 6889365430260, vstest.console.dll, InferRunSettingsHelper.IsTestSettingsEnabled: Unable to navigate to RunSettings/MSTest. Current node: RunSettings
TpTrace Verbose: 0 : 10544, 1, 2024/07/23, 20:27:04.440, 6889365440486, vstest.console.dll, ParallelOperationManager.ClearSlots: Clearing all slots. Slots should accept more work: True
TpTrace Verbose: 0 : 10544, 1, 2024/07/23, 20:27:04.441, 6889365450025, vstest.console.dll, ParallelOperationManager.SetOccupiedSlotCount: Setting slot counts AvailableSlotCount = 1, OccupiedSlotCount = 0.
TpTrace Verbose: 0 : 10544, 1, 2024/07/23, 20:27:04.442, 6889365456370, vstest.console.dll, Occupied slots:

TpTrace Verbose: 0 : 10544, 1, 2024/07/23, 20:27:04.448, 6889365519558, vstest.console.dll, TestEngine.GetExecutionManager: Chosen execution manager 'Microsoft.VisualStudio.TestPlatform.CrossPlatEngine.Client.Parallel.ParallelProxyExecutionManager, Microsoft.TestPlatform.CrossPlatEngine, Version=15.0.0.0, Culture=neutral, PublicKeyToken=b03f5f7f11d50a3a' ParallelLevel '1'.
TpTrace Verbose: 0 : 10544, 1, 2024/07/23, 20:27:04.448, 6889365523030, vstest.console.dll, TestRunRequest.ExecuteAsync: Creating test run request.
TpTrace Verbose: 0 : 10544, 1, 2024/07/23, 20:27:04.449, 6889365527441, vstest.console.dll, TestRunRequest.ExecuteAsync: Starting.
TpTrace Information: 0 : 10544, 1, 2024/07/23, 20:27:04.453, 6889365565106, vstest.console.dll, TestRunRequest.ExecuteAsync: Starting run with settings:TestRunCriteria:
   KeepAlive=False,FrequencyOfRunStatsChangeEvent=10,RunStatsChangeEventTimeout=00:00:01.5000000,TestCaseFilter=,TestExecutorLauncher=
   Settingsxml=<RunSettings>
  <RunConfiguration>
    <ResultsDirectory>C:\Users\PC\Desktop\SeleniumAdvanced\SumNumberPage\bin\Debug\net6.0\fine-code-coverage\coverage-tool-output</ResultsDirectory>
    <TargetPlatform>X64</TargetPlatform>
    <TargetFrameworkVersion>.NETCoreApp,Version=v6.0</TargetFrameworkVersion>
    <DesignMode>False</DesignMode>
    <CollectSourceInformation>False</CollectSourceInformation>
  </RunConfiguration>
  <LoggerRunSettings>
    <Loggers>
      <Logger friendlyName="blame" enabled="True" />
      <Logger friendlyName="Console" uri="logger://microsoft/TestPlatform/ConsoleLogger/v1" assemblyQualifiedName="Microsoft.VisualStudio.TestPlatform.CommandLine.Internal.ConsoleLogger, vstest.console, Version=15.0.0.0, Culture=neutral, PublicKeyToken=b03f5f7f11d50a3a" codeBase="C:\Program Files\dotnet\sdk\8.0.300\vstest.console.dll" enabled="True" />
    </Loggers>
  </LoggerRunSettings>
  <DataCollectionRunSettings>
    <DataCollectors>
      <DataCollector friendlyName="blame" enabled="True">
        <Configuration>
          <ResultsDirectory>C:\Users\PC\Desktop\SeleniumAdvanced\SumNumberPage\bin\Debug\net6.0\fine-code-coverage\coverage-tool-output</ResultsDirectory>
        </Configuration>
      </DataCollector>
    </DataCollectors>
  </DataCollectionRunSettings>
</RunSettings>

TpTrace Verbose: 0 : 10544, 1, 2024/07/23, 20:27:04.453, 6889365566929, vstest.console.dll, TestRunRequest.ExecuteAsync: Wait for the first run request is over.
TpTrace Verbose: 0 : 10544, 1, 2024/07/23, 20:27:04.453, 6889365573120, vstest.console.dll, MulticastDelegateUtilities.SafeInvoke: TestRun.TestRunStart: Invoking callbacks was skipped because there are no subscribers.
TpTrace Verbose: 0 : 10544, 4, 2024/07/23, 20:27:04.454, 6889365576519, vstest.console.dll, MulticastDelegateUtilities.SafeInvoke: InternalTestLoggerEvents.SendTestRunStart: Invoking callback 1/1 for Microsoft.VisualStudio.TestPlatform.CommandLine.Internal.ConsoleLogger., took 0 ms.
TpTrace Verbose: 0 : 10544, 1, 2024/07/23, 20:27:04.455, 6889365591989, vstest.console.dll, ParallelProxyExecutionManager: Start execution. Total sources: 1
TpTrace Verbose: 0 : 10544, 1, 2024/07/23, 20:27:04.456, 6889365597568, vstest.console.dll, ParallelOperationManager.StartWork: Starting adding 1 workloads.
TpTrace Verbose: 0 : 10544, 1, 2024/07/23, 20:27:04.456, 6889365598742, vstest.console.dll, ParallelOperationManager.ClearSlots: Clearing all slots. Slots should accept more work: True
TpTrace Verbose: 0 : 10544, 1, 2024/07/23, 20:27:04.456, 6889365600223, vstest.console.dll, ParallelOperationManager.SetOccupiedSlotCount: Setting slot counts AvailableSlotCount = 1, OccupiedSlotCount = 0.
TpTrace Verbose: 0 : 10544, 1, 2024/07/23, 20:27:04.456, 6889365601326, vstest.console.dll, Occupied slots:

TpTrace Verbose: 0 : 10544, 1, 2024/07/23, 20:27:04.459, 6889365633170, vstest.console.dll, TestRequestSender is acting as server.
TpTrace Verbose: 0 : 10544, 1, 2024/07/23, 20:27:04.462, 6889365654719, vstest.console.dll, ParallelOperationManager.RunWorkInParallel: Adding 1 workload to slot, remaining workloads 0.
TpTrace Verbose: 0 : 10544, 1, 2024/07/23, 20:27:04.462, 6889365656222, vstest.console.dll, ParallelOperationManager.SetOccupiedSlotCount: Setting slot counts AvailableSlotCount = 0, OccupiedSlotCount = 1.
TpTrace Verbose: 0 : 10544, 1, 2024/07/23, 20:27:04.462, 6889365658207, vstest.console.dll, Occupied slots:
0: C:\Users\PC\Desktop\SeleniumAdvanced\SumNumberPage\bin\Debug\net6.0\fine-code-coverage\build-output\SumNumberPage.dll
TpTrace Verbose: 0 : 10544, 1, 2024/07/23, 20:27:04.464, 6889365675299, vstest.console.dll, ParallelOperationManager.RunWorkInParallel: Started host in slot number 0 for work (source): C:\Users\PC\Desktop\SeleniumAdvanced\SumNumberPage\bin\Debug\net6.0\fine-code-coverage\build-output\SumNumberPage.dll.
TpTrace Verbose: 0 : 10544, 1, 2024/07/23, 20:27:04.465, 6889365687686, vstest.console.dll, ParallelOperationManager.RunWorkInParallel: We started 1 work items, which is the max parallel level. Won't start more work.
TpTrace Verbose: 0 : 10544, 1, 2024/07/23, 20:27:04.465, 6889365689497, vstest.console.dll, ParallelOperationManager.RunWorkInParallel: We started 1 work items in here, returning True.
TpTrace Information: 0 : 10544, 1, 2024/07/23, 20:27:04.465, 6889365690933, vstest.console.dll, TestRunRequest.ExecuteAsync: Started.
TpTrace Verbose: 0 : 10544, 5, 2024/07/23, 20:27:04.465, 6889365692418, vstest.console.dll, ParallelProxyExecutionManager.StartTestRunOnConcurrentManager: Initializing uninitialized client. Started clients: 0
TpTrace Verbose: 0 : 10544, 5, 2024/07/23, 20:27:04.466, 6889365695517, vstest.console.dll, DataCollectionRequestSender.InitializeCommunication : Initialize communication. 
TpTrace Verbose: 0 : 10544, 1, 2024/07/23, 20:27:04.467, 6889365704641, vstest.console.dll, TestRunRequest.WaitForCompletion: Waiting with timeout -1.
TpTrace Information: 0 : 10544, 5, 2024/07/23, 20:27:04.480, 6889365834323, vstest.console.dll, Listening on Endpoint : 127.0.0.1:59882
TpTrace Verbose: 0 : 10544, 5, 2024/07/23, 20:27:04.489, 6889365929067, vstest.console.dll, DotnetDataCollectionLauncher: Adding  --runtimeconfig "C:\Program Files\dotnet\sdk\8.0.300\datacollector.runtimeconfig.json" in args
TpTrace Verbose: 0 : 10544, 5, 2024/07/23, 20:27:04.489, 6889365931119, vstest.console.dll, DotnetDataCollectionLauncher: Adding  --depsfile "C:\Program Files\dotnet\sdk\8.0.300\datacollector.deps.json" in args
TpTrace Verbose: 0 : 10544, 5, 2024/07/23, 20:27:04.490, 6889365934342, vstest.console.dll, DotnetDataCollectionLauncher: Full path of dotnet.exe is C:\Program Files\dotnet\dotnet.exe
TpTrace Information: 0 : 10544, 5, 2024/07/23, 20:27:04.499, 6889366033181, vstest.console.dll, ProxyDataCollectionManager.Initialize: Launched datacollector processId: 11064 port: 59882
TpTrace Information: 0 : 10544, 5, 2024/07/23, 20:27:04.500, 6889366036361, vstest.console.dll, ProxyDataCollectionManager.Initialize: waiting for connection with timeout: 90 seconds
TpTrace Verbose: 0 : 10544, 5, 2024/07/23, 20:27:04.500, 6889366037906, vstest.console.dll, DataCollectionRequestSender.WaitForRequestHandlerConnection : Waiting for connection with timeout: 90000
TpTrace Verbose: 0 : 10544, 5, 2024/07/23, 20:27:04.741, 6889368449457, vstest.console.dll, SocketCommunicationManager.WaitForClientConnection took: 240 ms, with 90000 ms timeout, and finished with True.
TpTrace Information: 0 : 10544, 7, 2024/07/23, 20:27:04.741, 6889368449336, vstest.console.dll, Using the buffer size of 16384 bytes
TpTrace Verbose: 0 : 10544, 5, 2024/07/23, 20:27:04.741, 6889368452453, vstest.console.dll, ProxyDataCollectionManager.InvokeDataCollectionServiceAction: Starting.
TpTrace Information: 0 : 10544, 7, 2024/07/23, 20:27:04.741, 6889368452699, vstest.console.dll, Accepted Client request and set the flag
TpTrace Information: 0 : 10544, 5, 2024/07/23, 20:27:04.742, 6889368454718, vstest.console.dll, ProxyDataCollectionManager.BeforeTestRunStart: Get environment variable and port for datacollector processId: 11064 port: 59882
TpTrace Verbose: 0 : 10544, 5, 2024/07/23, 20:27:04.742, 6889368457297, vstest.console.dll, DataCollectionRequestSender.SendBeforeTestRunStartAndGetResult: Send BeforeTestRunStart message with settingsXml <RunSettings><RunConfiguration><ResultsDirectory>C:\Users\PC\Desktop\SeleniumAdvanced\SumNumberPage\bin\Debug\net6.0\fine-code-coverage\coverage-tool-output</ResultsDirectory><TargetPlatform>X64</TargetPlatform><TargetFrameworkVersion>.NETCoreApp,Version=v6.0</TargetFrameworkVersion><DesignMode>False</DesignMode><CollectSourceInformation>False</CollectSourceInformation><TestAdaptersPaths>C:\Program Files\dotnet\sdk\8.0.300\Extensions</TestAdaptersPaths></RunConfiguration><LoggerRunSettings><Loggers><Logger friendlyName="blame" enabled="True" /><Logger friendlyName="Console" uri="logger://microsoft/TestPlatform/ConsoleLogger/v1" assemblyQualifiedName="Microsoft.VisualStudio.TestPlatform.CommandLine.Internal.ConsoleLogger, vstest.console, Version=15.0.0.0, Culture=neutral, PublicKeyToken=b03f5f7f11d50a3a" codeBase="C:\Program Files\dotnet\sdk\8.0.300\vstest.console.dll" enabled="True" /></Loggers></LoggerRunSettings><DataCollectionRunSettings><DataCollectors><DataCollector friendlyName="blame" enabled="True"><Configuration><ResultsDirectory>C:\Users\PC\Desktop\SeleniumAdvanced\SumNumberPage\bin\Debug\net6.0\fine-code-coverage\coverage-tool-output</ResultsDirectory></Configuration></DataCollector></DataCollectors></DataCollectionRunSettings></RunSettings> and sources System.Collections.Generic.List`1[System.String]: 
TpTrace Verbose: 0 : 10544, 5, 2024/07/23, 20:27:04.946, 6889370494688, vstest.console.dll, DataCollectionRequestSender.SendBeforeTestRunStartAndGetResult: Received message: (DataCollection.SendMessage) -> {"MessageType":"DataCollection.SendMessage","Payload":{"FriendlyName":null,"Uri":null,"TestCaseId":"00000000-0000-0000-0000-000000000000","Message":"Logging DataCollector Diagnostics in file: C:\\Users\\PC\\Desktop\\SeleniumAdvanced\\SumNumberPage\\bin\\Debug\\net6.0\\fine-code-coverage\\coverage-tool-output\\diagnostics.datacollector.24-07-23_20-27-04_48908_5.log","Level":0}}
TpTrace Verbose: 0 : 10544, 5, 2024/07/23, 20:27:05.135, 6889372393091, vstest.console.dll, DataCollectionRequestSender.SendBeforeTestRunStartAndGetResult: Received message: (DataCollection.BeforeTestRunStartResult) -> {"MessageType":"DataCollection.BeforeTestRunStartResult","Payload":{"EnvironmentVariables":{},"DataCollectionEventsPort":59884}}
TpTrace Information: 0 : 10544, 5, 2024/07/23, 20:27:05.143, 6889372472246, vstest.console.dll, ProxyDataCollectionManager.BeforeTestRunStart: SendBeforeTestRunStartAndGetResult successful, env variable from datacollector:   and testhost port: 59884
TpTrace Information: 0 : 10544, 5, 2024/07/23, 20:27:05.143, 6889372473995, vstest.console.dll, ProxyDataCollectionManager.InvokeDataCollectionServiceAction: Completed.
TpTrace Verbose: 0 : 10544, 5, 2024/07/23, 20:27:05.144, 6889372475024, vstest.console.dll, ParallelProxyExecutionManager.StartTestRunOnConcurrentManager: Initializing test run. Started clients: 0
TpTrace Verbose: 0 : 10544, 5, 2024/07/23, 20:27:05.144, 6889372476604, vstest.console.dll, ProxyExecutionManager: Test host is always Lazy initialize.
TpTrace Verbose: 0 : 10544, 5, 2024/07/23, 20:27:05.144, 6889372480611, vstest.console.dll, TestRequestSender.InitializeCommunication: initialize communication. 
TpTrace Information: 0 : 10544, 5, 2024/07/23, 20:27:05.145, 6889372491558, vstest.console.dll, SocketServer.Start: Listening on endpoint : 127.0.0.1:59885
TpTrace Verbose: 0 : 10544, 5, 2024/07/23, 20:27:05.147, 6889372509602, vstest.console.dll, DotnetTestHostmanager.GetTestHostProcessStartInfo: Platform environment 'X64' target architecture 'X64' framework '.NETCoreApp,Version=v6.0' OS 'Windows'
TpTrace Verbose: 0 : 10544, 5, 2024/07/23, 20:27:05.148, 6889372515202, vstest.console.dll, DotnetTestHostmanager: Adding  --runtimeconfig "C:\Users\PC\Desktop\SeleniumAdvanced\SumNumberPage\bin\Debug\net6.0\fine-code-coverage\build-output\SumNumberPage.runtimeconfig.json" in args
TpTrace Verbose: 0 : 10544, 5, 2024/07/23, 20:27:05.148, 6889372517150, vstest.console.dll, DotnetTestHostmanager: Adding  --depsfile "C:\Users\PC\Desktop\SeleniumAdvanced\SumNumberPage\bin\Debug\net6.0\fine-code-coverage\build-output\SumNumberPage.deps.json" in args
TpTrace Verbose: 0 : 10544, 5, 2024/07/23, 20:27:05.148, 6889372521056, vstest.console.dll, DotnetTestHostmanager.IsWinOnArm: Current PROCESSOR_ARCHITECTURE from environment variable 'AMD64'
TpTrace Verbose: 0 : 10544, 5, 2024/07/23, 20:27:05.148, 6889372522315, vstest.console.dll, DotnetTestHostmanager.IsWinOnArm: Is Windows on ARM 'False'
TpTrace Verbose: 0 : 10544, 5, 2024/07/23, 20:27:05.148, 6889372524155, vstest.console.dll, DotnetTestHostManager: testhost.exe found at path: C:\Users\PC\Desktop\SeleniumAdvanced\SumNumberPage\bin\Debug\net6.0\fine-code-coverage\build-output\testhost.exe
TpTrace Verbose: 0 : 10544, 5, 2024/07/23, 20:27:05.149, 6889372525316, vstest.console.dll, DotnetTestHostmanager: Full path of host exe is C:\Users\PC\Desktop\SeleniumAdvanced\SumNumberPage\bin\Debug\net6.0\fine-code-coverage\build-output\testhost.exe
TpTrace Verbose: 0 : 10544, 5, 2024/07/23, 20:27:05.149, 6889372527699, vstest.console.dll, DotnetTestHostmanager.LaunchTestHostAsync: Found 'VSTEST_WINAPPHOST_DOTNET_ROOT' in env variables, value 'C:\Program Files\dotnet', forwarding to 'DOTNET_ROOT'
TpTrace Verbose: 0 : 10544, 5, 2024/07/23, 20:27:05.149, 6889372530499, vstest.console.dll, DotnetTestHostManager: Starting process 'C:\Users\PC\Desktop\SeleniumAdvanced\SumNumberPage\bin\Debug\net6.0\fine-code-coverage\build-output\testhost.exe' with command line ' --runtimeconfig "C:\Users\PC\Desktop\SeleniumAdvanced\SumNumberPage\bin\Debug\net6.0\fine-code-coverage\build-output\SumNumberPage.runtimeconfig.json" --depsfile "C:\Users\PC\Desktop\SeleniumAdvanced\SumNumberPage\bin\Debug\net6.0\fine-code-coverage\build-output\SumNumberPage.deps.json" --port 59885 --endpoint 127.0.0.1:059885 --role client --parentprocessid 10544 --diag "C:\Users\PC\Desktop\SeleniumAdvanced\SumNumberPage\bin\Debug\net6.0\fine-code-coverage\coverage-tool-output\diagnostics.host.24-07-23_20-27-05_14647_5.log" --tracelevel 4 --datacollectionport 59884 --telemetryoptedin false'
TpTrace Verbose: 0 : 10544, 5, 2024/07/23, 20:27:05.158, 6889372620659, vstest.console.dll, MulticastDelegateUtilities.SafeInvoke: HostProviderEvents.OnHostLaunched: Invoking callback 1/2 for Microsoft.VisualStudio.TestPlatform.CrossPlatEngine.Client.ProxyExecutionManagerWithDataCollection., took 2 ms.
TpTrace Verbose: 0 : 10544, 5, 2024/07/23, 20:27:05.159, 6889372627529, vstest.console.dll, Test Runtime launched
TpTrace Verbose: 0 : 10544, 5, 2024/07/23, 20:27:05.159, 6889372629758, vstest.console.dll, MulticastDelegateUtilities.SafeInvoke: HostProviderEvents.OnHostLaunched: Invoking callback 2/2 for Microsoft.VisualStudio.TestPlatform.CrossPlatEngine.Client.ProxyOperationManager., took 0 ms.
TpTrace Verbose: 0 : 10544, 5, 2024/07/23, 20:27:05.160, 6889372634641, vstest.console.dll, TestRequestSender.WaitForRequestHandlerConnection: waiting for connection with timeout: 90000.
TpTrace Verbose: 0 : 10544, 11, 2024/07/23, 20:27:05.454, 6889375574721, vstest.console.dll, MulticastDelegateUtilities.SafeInvoke: SocketServer: ClientConnected: Invoking callback 1/1 for Microsoft.VisualStudio.TestPlatform.CommunicationUtilities.TestRequestSender., took 0 ms.
TpTrace Verbose: 0 : 10544, 5, 2024/07/23, 20:27:05.454, 6889375574896, vstest.console.dll, TestRequestSender.WaitForRequestHandlerConnection: waiting took 293 ms, with timeout 90000 ms, and result 0, which is success.
TpTrace Verbose: 0 : 10544, 11, 2024/07/23, 20:27:05.454, 6889375577275, vstest.console.dll, SocketServer.OnClientConnected: Client connected for endPoint: 127.0.0.1:59885, starting MessageLoopAsync:
TpTrace Verbose: 0 : 10544, 11, 2024/07/23, 20:27:05.455, 6889375588615, vstest.console.dll, TcpClientExtensions.MessageLoopAsync: Polling on remoteEndPoint: 127.0.0.1:59887 localEndPoint: 127.0.0.1:59885 after 0 ms
TpTrace Verbose: 0 : 10544, 5, 2024/07/23, 20:27:05.456, 6889375598735, vstest.console.dll, TestRequestSender.CheckVersionWithTestHost: Sending check version message: {"MessageType":"ProtocolVersion","Payload":7}
TpTrace Verbose: 0 : 10544, 11, 2024/07/23, 20:27:05.854, 6889379575495, vstest.console.dll, TcpClientExtensions.MessageLoopAsync: NotifyDataAvailable remoteEndPoint: 127.0.0.1:59887 localEndPoint: 127.0.0.1:59885
TpTrace Verbose: 0 : 10544, 11, 2024/07/23, 20:27:05.854, 6889379581553, vstest.console.dll, TestRequestSender.CheckVersionWithTestHost: onMessageReceived received message: (ProtocolVersion) -> {"MessageType":"ProtocolVersion","Payload":7}
TpTrace Verbose: 0 : 10544, 11, 2024/07/23, 20:27:05.856, 6889379598092, vstest.console.dll, MulticastDelegateUtilities.SafeInvoke: LengthPrefixCommunicationChannel: MessageReceived: Invoking callback 1/1 for Microsoft.VisualStudio.TestPlatform.CommunicationUtilities.TestRequestSender+<>c__DisplayClass29_0., took 1 ms.
TpTrace Verbose: 0 : 10544, 5, 2024/07/23, 20:27:05.856, 6889379599832, vstest.console.dll, TestPluginCache.GetExtensionPaths: Filtered extension paths: 
TpTrace Verbose: 0 : 10544, 11, 2024/07/23, 20:27:05.856, 6889379600872, vstest.console.dll, TcpClientExtensions.MessageLoopAsync: Polling on remoteEndPoint: 127.0.0.1:59887 localEndPoint: 127.0.0.1:59885 after 401 ms
TpTrace Verbose: 0 : 10544, 5, 2024/07/23, 20:27:05.856, 6889379601876, vstest.console.dll, TestPluginCache.GetExtensionPaths: Added default extension paths: C:\Program Files\dotnet\sdk\8.0.300\Extensions\Microsoft.Diagnostics.NETCore.Client.dll
C:\Program Files\dotnet\sdk\8.0.300\Extensions\Microsoft.TestPlatform.Extensions.BlameDataCollector.dll
C:\Program Files\dotnet\sdk\8.0.300\Extensions\Microsoft.TestPlatform.Extensions.EventLogCollector.dll
C:\Program Files\dotnet\sdk\8.0.300\Extensions\Microsoft.TestPlatform.TestHostRuntimeProvider.dll
C:\Program Files\dotnet\sdk\8.0.300\Extensions\Microsoft.VisualStudio.TestPlatform.Extensions.Html.TestLogger.dll
C:\Program Files\dotnet\sdk\8.0.300\Extensions\Microsoft.VisualStudio.TestPlatform.Extensions.Trx.TestLogger.dll
TpTrace Verbose: 0 : 10544, 5, 2024/07/23, 20:27:05.857, 6889379605283, vstest.console.dll, TestPluginCache.GetExtensionPaths: Added unfilterableExtensionPaths: 
TpTrace Verbose: 0 : 10544, 5, 2024/07/23, 20:27:05.867, 6889379706198, vstest.console.dll, TestRequestSender.InitializeExecution: Sending initialize execution with message: {"Version":7,"MessageType":"TestExecution.Initialize","Payload":["C:\\Users\\PC\\Desktop\\SeleniumAdvanced\\SumNumberPage\\bin\\Debug\\net6.0\\fine-code-coverage\\build-output\\NUnit3.TestAdapter.dll"]}
TpTrace Verbose: 0 : 10544, 5, 2024/07/23, 20:27:05.867, 6889379710773, vstest.console.dll, ParallelProxyExecutionManager.StartTestRunOnConcurrentManager: Execution starting. Started clients: 1
TpTrace Verbose: 0 : 10544, 5, 2024/07/23, 20:27:05.868, 6889379718495, vstest.console.dll, TestRunRequest:SendTestRunMessage: Starting.
TpTrace Verbose: 0 : 10544, 5, 2024/07/23, 20:27:05.868, 6889379723375, vstest.console.dll, MulticastDelegateUtilities.SafeInvoke: TestRun.LogMessages: Invoking callback 1/1 for Microsoft.VisualStudio.TestPlatform.CommandLine.TestRunResultAggregator., took 0 ms.
TpTrace Information: 0 : 10544, 5, 2024/07/23, 20:27:05.869, 6889379724741, vstest.console.dll, TestRunRequest:SendTestRunMessage: Completed.
TpTrace Verbose: 0 : 10544, 4, 2024/07/23, 20:27:05.869, 6889379729797, vstest.console.dll, MulticastDelegateUtilities.SafeInvoke: InternalTestLoggerEvents.SendTestRunMessage: Invoking callback 1/1 for Microsoft.VisualStudio.TestPlatform.CommandLine.Internal.ConsoleLogger., took 0 ms.
TpTrace Warning: 0 : 10544, 5, 2024/07/23, 20:27:05.870, 6889379734374, vstest.console.dll, InferRunSettingsHelper.MakeRunsettingsCompatible: Removing the following settings: TargetPlatform from RunSettings file. To use those settings please move to latest version of Microsoft.NET.Test.Sdk
TpTrace Verbose: 0 : 10544, 11, 2024/07/23, 20:27:05.875, 6889379790938, vstest.console.dll, TcpClientExtensions.MessageLoopAsync: NotifyDataAvailable remoteEndPoint: 127.0.0.1:59887 localEndPoint: 127.0.0.1:59885
TpTrace Verbose: 0 : 10544, 11, 2024/07/23, 20:27:05.876, 6889379800800, vstest.console.dll, TestRequestSender.OnExecutionMessageReceived: Received message: {"Version":7,"MessageType":"TestSession.Message","Payload":{"MessageLevel":0,"Message":"Logging TestHost Diagnostics in file: C:\\Users\\PC\\Desktop\\SeleniumAdvanced\\SumNumberPage\\bin\\Debug\\net6.0\\fine-code-coverage\\coverage-tool-output\\diagnostics.host.24-07-23_20-27-05_14647_5.log"}}
TpTrace Verbose: 0 : 10544, 11, 2024/07/23, 20:27:05.884, 6889379879439, vstest.console.dll, TestRunRequest:SendTestRunMessage: Starting.
TpTrace Verbose: 0 : 10544, 11, 2024/07/23, 20:27:05.884, 6889379882971, vstest.console.dll, MulticastDelegateUtilities.SafeInvoke: TestRun.LogMessages: Invoking callback 1/1 for Microsoft.VisualStudio.TestPlatform.CommandLine.TestRunResultAggregator., took 0 ms.
TpTrace Verbose: 0 : 10544, 4, 2024/07/23, 20:27:05.884, 6889379883075, vstest.console.dll, MulticastDelegateUtilities.SafeInvoke: InternalTestLoggerEvents.SendTestRunMessage: Invoking callback 1/1 for Microsoft.VisualStudio.TestPlatform.CommandLine.Internal.ConsoleLogger., took 0 ms.
TpTrace Information: 0 : 10544, 11, 2024/07/23, 20:27:05.885, 6889379884617, vstest.console.dll, TestRunRequest:SendTestRunMessage: Completed.
TpTrace Verbose: 0 : 10544, 11, 2024/07/23, 20:27:05.885, 6889379887470, vstest.console.dll, MulticastDelegateUtilities.SafeInvoke: LengthPrefixCommunicationChannel: MessageReceived: Invoking callback 1/1 for Microsoft.VisualStudio.TestPlatform.CommunicationUtilities.TestRequestSender+<>c__DisplayClass34_0., took 9 ms.
TpTrace Verbose: 0 : 10544, 11, 2024/07/23, 20:27:05.885, 6889379889501, vstest.console.dll, TcpClientExtensions.MessageLoopAsync: Polling on remoteEndPoint: 127.0.0.1:59887 localEndPoint: 127.0.0.1:59885 after 28 ms
TpTrace Verbose: 0 : 10544, 5, 2024/07/23, 20:27:05.892, 6889379963670, vstest.console.dll, TestRequestSender.StartTestRun: Sending test run with message: {"Version":7,"MessageType":"TestExecution.StartWithSources","Payload":{"AdapterSourceMap":{"_none_":["C:\\Users\\PC\\Desktop\\SeleniumAdvanced\\SumNumberPage\\bin\\Debug\\net6.0\\fine-code-coverage\\build-output\\SumNumberPage.dll"]},"RunSettings":"<RunSettings>\r\n  <RunConfiguration>\r\n    <ResultsDirectory>C:\\Users\\PC\\Desktop\\SeleniumAdvanced\\SumNumberPage\\bin\\Debug\\net6.0\\fine-code-coverage\\coverage-tool-output</ResultsDirectory>\r\n    <TargetFrameworkVersion>.NETCoreApp,Version=v6.0</TargetFrameworkVersion>\r\n    <DesignMode>False</DesignMode>\r\n    <CollectSourceInformation>False</CollectSourceInformation>\r\n  </RunConfiguration>\r\n  <LoggerRunSettings>\r\n    <Loggers>\r\n      <Logger friendlyName=\"blame\" enabled=\"True\" />\r\n      <Logger friendlyName=\"Console\" uri=\"logger://microsoft/TestPlatform/ConsoleLogger/v1\" assemblyQualifiedName=\"Microsoft.VisualStudio.TestPlatform.CommandLine.Internal.ConsoleLogger, vstest.console, Version=15.0.0.0, Culture=neutral, PublicKeyToken=b03f5f7f11d50a3a\" codeBase=\"C:\\Program Files\\dotnet\\sdk\\8.0.300\\vstest.console.dll\" enabled=\"True\" />\r\n    </Loggers>\r\n  </LoggerRunSettings>\r\n  <DataCollectionRunSettings>\r\n    <DataCollectors>\r\n      <DataCollector friendlyName=\"blame\" enabled=\"True\">\r\n        <Configuration>\r\n          <ResultsDirectory>C:\\Users\\PC\\Desktop\\SeleniumAdvanced\\SumNumberPage\\bin\\Debug\\net6.0\\fine-code-coverage\\coverage-tool-output</ResultsDirectory>\r\n        </Configuration>\r\n      </DataCollector>\r\n    </DataCollectors>\r\n  </DataCollectionRunSettings>\r\n</RunSettings>","TestExecutionContext":{"FrequencyOfRunStatsChangeEvent":10,"RunStatsChangeEventTimeout":"00:00:01.5000000","InIsolation":false,"KeepAlive":false,"AreTestCaseLevelEventsRequired":false,"IsDebug":false,"TestCaseFilter":null,"FilterOptions":null},"Package":null}}
TpTrace Verbose: 0 : 10544, 5, 2024/07/23, 20:27:05.893, 6889379969344, vstest.console.dll, ParallelProxyExecutionManager.StartTestRunOnConcurrentManager: Execution started. Started clients: 1
TpTrace Verbose: 0 : 10544, 11, 2024/07/23, 20:27:06.430, 6889385338329, vstest.console.dll, TcpClientExtensions.MessageLoopAsync: NotifyDataAvailable remoteEndPoint: 127.0.0.1:59887 localEndPoint: 127.0.0.1:59885
TpTrace Verbose: 0 : 10544, 11, 2024/07/23, 20:27:06.430, 6889385341345, vstest.console.dll, TestRequestSender.OnExecutionMessageReceived: Received message: {"Version":7,"MessageType":"TestSession.Message","Payload":{"MessageLevel":0,"Message":"NUnit Adapter 4.5.0.0: Test execution started"}}
TpTrace Verbose: 0 : 10544, 11, 2024/07/23, 20:27:06.431, 6889385344184, vstest.console.dll, TestRunRequest:SendTestRunMessage: Starting.
TpTrace Verbose: 0 : 10544, 11, 2024/07/23, 20:27:06.431, 6889385345350, vstest.console.dll, MulticastDelegateUtilities.SafeInvoke: TestRun.LogMessages: Invoking callback 1/1 for Microsoft.VisualStudio.TestPlatform.CommandLine.TestRunResultAggregator., took 0 ms.
TpTrace Verbose: 0 : 10544, 4, 2024/07/23, 20:27:06.431, 6889385345821, vstest.console.dll, MulticastDelegateUtilities.SafeInvoke: InternalTestLoggerEvents.SendTestRunMessage: Invoking callback 1/1 for Microsoft.VisualStudio.TestPlatform.CommandLine.Internal.ConsoleLogger., took 0 ms.
TpTrace Information: 0 : 10544, 11, 2024/07/23, 20:27:06.431, 6889385346091, vstest.console.dll, TestRunRequest:SendTestRunMessage: Completed.
TpTrace Verbose: 0 : 10544, 11, 2024/07/23, 20:27:06.431, 6889385347957, vstest.console.dll, MulticastDelegateUtilities.SafeInvoke: LengthPrefixCommunicationChannel: MessageReceived: Invoking callback 1/1 for Microsoft.VisualStudio.TestPlatform.CommunicationUtilities.TestRequestSender+<>c__DisplayClass34_0., took 0 ms.
TpTrace Verbose: 0 : 10544, 11, 2024/07/23, 20:27:06.431, 6889385348623, vstest.console.dll, TcpClientExtensions.MessageLoopAsync: Polling on remoteEndPoint: 127.0.0.1:59887 localEndPoint: 127.0.0.1:59885 after 545 ms
TpTrace Verbose: 0 : 10544, 11, 2024/07/23, 20:27:06.481, 6889385850263, vstest.console.dll, TcpClientExtensions.MessageLoopAsync: NotifyDataAvailable remoteEndPoint: 127.0.0.1:59887 localEndPoint: 127.0.0.1:59885
TpTrace Verbose: 0 : 10544, 11, 2024/07/23, 20:27:06.481, 6889385853346, vstest.console.dll, TestRequestSender.OnExecutionMessageReceived: Received message: {"Version":7,"MessageType":"TestSession.Message","Payload":{"MessageLevel":0,"Message":"Running all tests in C:\\Users\\PC\\Desktop\\SeleniumAdvanced\\SumNumberPage\\bin\\Debug\\net6.0\\fine-code-coverage\\build-output\\SumNumberPage.dll"}}
TpTrace Verbose: 0 : 10544, 11, 2024/07/23, 20:27:06.482, 6889385855378, vstest.console.dll, TestRunRequest:SendTestRunMessage: Starting.
TpTrace Verbose: 0 : 10544, 11, 2024/07/23, 20:27:06.482, 6889385856684, vstest.console.dll, MulticastDelegateUtilities.SafeInvoke: TestRun.LogMessages: Invoking callback 1/1 for Microsoft.VisualStudio.TestPlatform.CommandLine.TestRunResultAggregator., took 0 ms.
TpTrace Verbose: 0 : 10544, 4, 2024/07/23, 20:27:06.482, 6889385857242, vstest.console.dll, MulticastDelegateUtilities.SafeInvoke: InternalTestLoggerEvents.SendTestRunMessage: Invoking callback 1/1 for Microsoft.VisualStudio.TestPlatform.CommandLine.Internal.ConsoleLogger., took 0 ms.
TpTrace Information: 0 : 10544, 11, 2024/07/23, 20:27:06.482, 6889385858714, vstest.console.dll, TestRunRequest:SendTestRunMessage: Completed.
TpTrace Verbose: 0 : 10544, 11, 2024/07/23, 20:27:06.482, 6889385859523, vstest.console.dll, MulticastDelegateUtilities.SafeInvoke: LengthPrefixCommunicationChannel: MessageReceived: Invoking callback 1/1 for Microsoft.VisualStudio.TestPlatform.CommunicationUtilities.TestRequestSender+<>c__DisplayClass34_0., took 0 ms.
TpTrace Verbose: 0 : 10544, 11, 2024/07/23, 20:27:06.482, 6889385860697, vstest.console.dll, TcpClientExtensions.MessageLoopAsync: Polling on remoteEndPoint: 127.0.0.1:59887 localEndPoint: 127.0.0.1:59885 after 51 ms
TpTrace Verbose: 0 : 10544, 11, 2024/07/23, 20:27:06.748, 6889388517443, vstest.console.dll, TcpClientExtensions.MessageLoopAsync: NotifyDataAvailable remoteEndPoint: 127.0.0.1:59887 localEndPoint: 127.0.0.1:59885
TpTrace Verbose: 0 : 10544, 11, 2024/07/23, 20:27:06.748, 6889388521430, vstest.console.dll, TestRequestSender.OnExecutionMessageReceived: Received message: {"Version":7,"MessageType":"TestSession.Message","Payload":{"MessageLevel":0,"Message":"   NUnit3TestExecutor discovered 3 of 3 NUnit test cases using Current Discovery mode, Non-Explicit run"}}
TpTrace Verbose: 0 : 10544, 11, 2024/07/23, 20:27:06.748, 6889388523280, vstest.console.dll, TestRunRequest:SendTestRunMessage: Starting.
TpTrace Verbose: 0 : 10544, 11, 2024/07/23, 20:27:06.749, 6889388524371, vstest.console.dll, MulticastDelegateUtilities.SafeInvoke: TestRun.LogMessages: Invoking callback 1/1 for Microsoft.VisualStudio.TestPlatform.CommandLine.TestRunResultAggregator., took 0 ms.
TpTrace Verbose: 0 : 10544, 4, 2024/07/23, 20:27:06.749, 6889388524651, vstest.console.dll, MulticastDelegateUtilities.SafeInvoke: InternalTestLoggerEvents.SendTestRunMessage: Invoking callback 1/1 for Microsoft.VisualStudio.TestPlatform.CommandLine.Internal.ConsoleLogger., took 0 ms.
TpTrace Information: 0 : 10544, 11, 2024/07/23, 20:27:06.749, 6889388525462, vstest.console.dll, TestRunRequest:SendTestRunMessage: Completed.
TpTrace Verbose: 0 : 10544, 11, 2024/07/23, 20:27:06.749, 6889388527119, vstest.console.dll, MulticastDelegateUtilities.SafeInvoke: LengthPrefixCommunicationChannel: MessageReceived: Invoking callback 1/1 for Microsoft.VisualStudio.TestPlatform.CommunicationUtilities.TestRequestSender+<>c__DisplayClass34_0., took 0 ms.
TpTrace Verbose: 0 : 10544, 11, 2024/07/23, 20:27:06.749, 6889388527809, vstest.console.dll, TcpClientExtensions.MessageLoopAsync: Polling on remoteEndPoint: 127.0.0.1:59887 localEndPoint: 127.0.0.1:59885 after 266 ms
TpTrace Verbose: 0 : 10544, 11, 2024/07/23, 20:27:07.750, 6889398543362, vstest.console.dll, TcpClientExtensions.MessageLoopAsync: NotifyDataAvailable remoteEndPoint: 127.0.0.1:59887 localEndPoint: 127.0.0.1:59885
TpTrace Verbose: 0 : 10544, 11, 2024/07/23, 20:27:07.751, 6889398547461, vstest.console.dll, TestRequestSender.OnExecutionMessageReceived: Received message: {"Version":7,"MessageType":"TestExecution.StatsChange","Payload":{"NewTestResults":[],"TestRunStatistics":{"ExecutedTests":0,"Stats":{}},"ActiveTests":[{"Id":"89af71bc-e833-4407-57c5-8d114773f306","FullyQualifiedName":"SumNumberPage.SumNumberPageTests.Test_AddTwoNumbers_Invalid","DisplayName":"Test_AddTwoNumbers_Invalid","ExecutorUri":"executor://NUnit3TestExecutor","Source":"C:\\Users\\PC\\Desktop\\SeleniumAdvanced\\SumNumberPage\\bin\\Debug\\net6.0\\fine-code-coverage\\build-output\\SumNumberPage.dll","CodeFilePath":null,"LineNumber":0,"Properties":[{"Key":{"Id":"NUnit.Seed","Label":"Seed","Category":"","Description":"","Attributes":0,"ValueType":"System.String"},"Value":"544016457"}]}]}}
TpTrace Verbose: 0 : 10544, 11, 2024/07/23, 20:27:07.806, 6889399095796, vstest.console.dll, TestRunRequest:SendTestRunStatsChange: Starting.
TpTrace Verbose: 0 : 10544, 11, 2024/07/23, 20:27:07.806, 6889399098871, vstest.console.dll, InProgress is Test_AddTwoNumbers_Invalid
TpTrace Verbose: 0 : 10544, 11, 2024/07/23, 20:27:07.806, 6889399101061, vstest.console.dll, MulticastDelegateUtilities.SafeInvoke: TestRun.RunStatsChanged: Invoking callbacks was skipped because there are no subscribers.
TpTrace Information: 0 : 10544, 11, 2024/07/23, 20:27:07.806, 6889399101993, vstest.console.dll, TestRunRequest:SendTestRunStatsChange: Completed.
TpTrace Verbose: 0 : 10544, 11, 2024/07/23, 20:27:07.806, 6889399103113, vstest.console.dll, MulticastDelegateUtilities.SafeInvoke: LengthPrefixCommunicationChannel: MessageReceived: Invoking callback 1/1 for Microsoft.VisualStudio.TestPlatform.CommunicationUtilities.TestRequestSender+<>c__DisplayClass34_0., took 55 ms.
TpTrace Verbose: 0 : 10544, 11, 2024/07/23, 20:27:07.806, 6889399104022, vstest.console.dll, TcpClientExtensions.MessageLoopAsync: Polling on remoteEndPoint: 127.0.0.1:59887 localEndPoint: 127.0.0.1:59885 after 1057 ms
TpTrace Verbose: 0 : 10544, 11, 2024/07/23, 20:27:08.809, 6889409130824, vstest.console.dll, TcpClientExtensions.MessageLoopAsync: Polling on remoteEndPoint: 127.0.0.1:59887 localEndPoint: 127.0.0.1:59885 after 1002 ms
TpTrace Verbose: 0 : 10544, 11, 2024/07/23, 20:27:09.824, 6889419280857, vstest.console.dll, TcpClientExtensions.MessageLoopAsync: Polling on remoteEndPoint: 127.0.0.1:59887 localEndPoint: 127.0.0.1:59885 after 1014 ms
TpTrace Verbose: 0 : 10544, 11, 2024/07/23, 20:27:10.833, 6889429368785, vstest.console.dll, TcpClientExtensions.MessageLoopAsync: Polling on remoteEndPoint: 127.0.0.1:59887 localEndPoint: 127.0.0.1:59885 after 1008 ms
TpTrace Verbose: 0 : 10544, 11, 2024/07/23, 20:27:11.840, 6889439434975, vstest.console.dll, TcpClientExtensions.MessageLoopAsync: Polling on remoteEndPoint: 127.0.0.1:59887 localEndPoint: 127.0.0.1:59885 after 1005 ms
TpTrace Verbose: 0 : 10544, 11, 2024/07/23, 20:27:12.841, 6889449450982, vstest.console.dll, TcpClientExtensions.MessageLoopAsync: Polling on remoteEndPoint: 127.0.0.1:59887 localEndPoint: 127.0.0.1:59885 after 1001 ms
TpTrace Verbose: 0 : 10544, 11, 2024/07/23, 20:27:13.564, 6889456681637, vstest.console.dll, TcpClientExtensions.MessageLoopAsync: NotifyDataAvailable remoteEndPoint: 127.0.0.1:59887 localEndPoint: 127.0.0.1:59885
TpTrace Verbose: 0 : 10544, 11, 2024/07/23, 20:27:13.565, 6889456688065, vstest.console.dll, TestRequestSender.OnExecutionMessageReceived: Received message: {"Version":7,"MessageType":"TestExecution.StatsChange","Payload":{"NewTestResults":[{"TestCase":{"Id":"89af71bc-e833-4407-57c5-8d114773f306","FullyQualifiedName":"SumNumberPage.SumNumberPageTests.Test_AddTwoNumbers_Invalid","DisplayName":"Test_AddTwoNumbers_Invalid","ExecutorUri":"executor://NUnit3TestExecutor","Source":"C:\\Users\\PC\\Desktop\\SeleniumAdvanced\\SumNumberPage\\bin\\Debug\\net6.0\\fine-code-coverage\\build-output\\SumNumberPage.dll","CodeFilePath":null,"LineNumber":0,"Properties":[{"Key":{"Id":"NUnit.Seed","Label":"Seed","Category":"","Description":"","Attributes":0,"ValueType":"System.String"},"Value":"544016457"}]},"Attachments":[],"Outcome":2,"ErrorMessage":"OpenQA.Selenium.NoSuchElementException : no such element: Unable to locate element: {\"method\":\"css selector\",\"selector\":\"#number1\"}\r\n  (Session info: chrome=126.0.6478.127); For documentation on this error, please visit: https://www.selenium.dev/documentation/webdriver/troubleshooting/errors#no-such-element-exception","ErrorStackTrace":"   at OpenQA.Selenium.WebDriver.UnpackAndThrowOnError(Response errorResponse, String commandToExecute)\r\n   at OpenQA.Selenium.WebDriver.ExecuteAsync(String driverCommandToExecute, Dictionary`2 parameters)\r\n   at OpenQA.Selenium.WebDriver.Execute(String driverCommandToExecute, Dictionary`2 parameters)\r\n   at OpenQA.Selenium.WebDriver.FindElement(String mechanism, String value)\r\n   at OpenQA.Selenium.By.<.ctor>b__11_0(ISearchContext context)\r\n   at OpenQA.Selenium.By.FindElement(ISearchContext context)\r\n   at OpenQA.Selenium.WebDriver.FindElement(By by)\r\n   at SumNumberPage.SumNumberPage.get_FieldNum1() in C:\\Users\\PC\\Desktop\\SeleniumAdvanced\\SumNumberPage\\SumNumberPage.cs:line 21\r\n   at SumNumberPage.SumNumberPage.AddNumbers(String num1, String num2) in C:\\Users\\PC\\Desktop\\SeleniumAdvanced\\SumNumberPage\\SumNumberPage.cs:line 49\r\n   at SumNumberPage.SumNumberPageTests.Test_AddTwoNumbers_Invalid() in C:\\Users\\PC\\Desktop\\SeleniumAdvanced\\SumNumberPage\\SumNumberPageTests.cs:line 46\n","DisplayName":"Test_AddTwoNumbers_Invalid","Messages":[],"ComputerName":"DESKTOP-78QNQ9Q","Duration":"00:00:06.6489420","StartTime":"2024-07-23T17:27:06.8049314+00:00","EndTime":"2024-07-23T17:27:13.4537241+00:00","Properties":[{"Key":{"Id":"NUnit.Seed","Label":"Seed","Category":"","Description":"","Attributes":0,"ValueType":"System.String"},"Value":"544016457"}]}],"TestRunStatistics":{"ExecutedTests":1,"Stats":{"Failed":1}},"ActiveTests":[{"Id":"a0f7c5fe-3788-bb35-b1ff-5da98ca3a398","FullyQualifiedName":"SumNumberPage.SumNumberPageTests.Test_AddTwoNumbers_Reset","DisplayName":"Test_AddTwoNumbers_Reset","ExecutorUri":"executor://NUnit3TestExecutor","Source":"C:\\Users\\PC\\Desktop\\SeleniumAdvanced\\SumNumberPage\\bin\\Debug\\net6.0\\fine-code-coverage\\build-output\\SumNumberPage.dll","CodeFilePath":null,"LineNumber":0,"Properties":[{"Key":{"Id":"NUnit.Seed","Label":"Seed","Category":"","Description":"","Attributes":0,"ValueType":"System.String"},"Value":"1588169675"}]}]}}
TpTrace Verbose: 0 : 10544, 11, 2024/07/23, 20:27:13.589, 6889456926629, vstest.console.dll, TestRunRequest:SendTestRunStatsChange: Starting.
TpTrace Verbose: 0 : 10544, 11, 2024/07/23, 20:27:13.589, 6889456928183, vstest.console.dll, InProgress is Test_AddTwoNumbers_Reset
TpTrace Verbose: 0 : 10544, 11, 2024/07/23, 20:27:13.589, 6889456931981, vstest.console.dll, MulticastDelegateUtilities.SafeInvoke: TestRun.RunStatsChanged: Invoking callbacks was skipped because there are no subscribers.
TpTrace Information: 0 : 10544, 11, 2024/07/23, 20:27:13.589, 6889456932819, vstest.console.dll, TestRunRequest:SendTestRunStatsChange: Completed.
TpTrace Verbose: 0 : 10544, 11, 2024/07/23, 20:27:13.589, 6889456933641, vstest.console.dll, MulticastDelegateUtilities.SafeInvoke: LengthPrefixCommunicationChannel: MessageReceived: Invoking callback 1/1 for Microsoft.VisualStudio.TestPlatform.CommunicationUtilities.TestRequestSender+<>c__DisplayClass34_0., took 24 ms.
TpTrace Verbose: 0 : 10544, 11, 2024/07/23, 20:27:13.590, 6889456934411, vstest.console.dll, TcpClientExtensions.MessageLoopAsync: Polling on remoteEndPoint: 127.0.0.1:59887 localEndPoint: 127.0.0.1:59885 after 748 ms
TpTrace Verbose: 0 : 10544, 4, 2024/07/23, 20:27:13.596, 6889456995456, vstest.console.dll, MulticastDelegateUtilities.SafeInvoke: InternalTestLoggerEvents.SendTestResult: Invoking callback 1/1 for Microsoft.VisualStudio.TestPlatform.CommandLine.Internal.ConsoleLogger., took 6 ms.
TpTrace Verbose: 0 : 10544, 11, 2024/07/23, 20:27:14.598, 6889467023998, vstest.console.dll, TcpClientExtensions.MessageLoopAsync: Polling on remoteEndPoint: 127.0.0.1:59887 localEndPoint: 127.0.0.1:59885 after 1008 ms
TpTrace Verbose: 0 : 10544, 11, 2024/07/23, 20:27:15.612, 6889477160755, vstest.console.dll, TcpClientExtensions.MessageLoopAsync: Polling on remoteEndPoint: 127.0.0.1:59887 localEndPoint: 127.0.0.1:59885 after 1013 ms
TpTrace Verbose: 0 : 10544, 11, 2024/07/23, 20:27:16.625, 6889487287003, vstest.console.dll, TcpClientExtensions.MessageLoopAsync: Polling on remoteEndPoint: 127.0.0.1:59887 localEndPoint: 127.0.0.1:59885 after 1012 ms
TpTrace Verbose: 0 : 10544, 11, 2024/07/23, 20:27:17.633, 6889497367438, vstest.console.dll, TcpClientExtensions.MessageLoopAsync: Polling on remoteEndPoint: 127.0.0.1:59887 localEndPoint: 127.0.0.1:59885 after 1007 ms
TpTrace Verbose: 0 : 10544, 11, 2024/07/23, 20:27:18.639, 6889507433086, vstest.console.dll, TcpClientExtensions.MessageLoopAsync: Polling on remoteEndPoint: 127.0.0.1:59887 localEndPoint: 127.0.0.1:59885 after 1006 ms
TpTrace Verbose: 0 : 10544, 11, 2024/07/23, 20:27:19.654, 6889517580504, vstest.console.dll, TcpClientExtensions.MessageLoopAsync: Polling on remoteEndPoint: 127.0.0.1:59887 localEndPoint: 127.0.0.1:59885 after 1014 ms
TpTrace Verbose: 0 : 10544, 11, 2024/07/23, 20:27:20.337, 6889524410571, vstest.console.dll, TcpClientExtensions.MessageLoopAsync: NotifyDataAvailable remoteEndPoint: 127.0.0.1:59887 localEndPoint: 127.0.0.1:59885
TpTrace Verbose: 0 : 10544, 11, 2024/07/23, 20:27:20.337, 6889524414035, vstest.console.dll, TestRequestSender.OnExecutionMessageReceived: Received message: {"Version":7,"MessageType":"TestExecution.StatsChange","Payload":{"NewTestResults":[{"TestCase":{"Id":"a0f7c5fe-3788-bb35-b1ff-5da98ca3a398","FullyQualifiedName":"SumNumberPage.SumNumberPageTests.Test_AddTwoNumbers_Reset","DisplayName":"Test_AddTwoNumbers_Reset","ExecutorUri":"executor://NUnit3TestExecutor","Source":"C:\\Users\\PC\\Desktop\\SeleniumAdvanced\\SumNumberPage\\bin\\Debug\\net6.0\\fine-code-coverage\\build-output\\SumNumberPage.dll","CodeFilePath":null,"LineNumber":0,"Properties":[{"Key":{"Id":"NUnit.Seed","Label":"Seed","Category":"","Description":"","Attributes":0,"ValueType":"System.String"},"Value":"1588169675"}]},"Attachments":[],"Outcome":2,"ErrorMessage":"OpenQA.Selenium.NoSuchElementException : no such element: Unable to locate element: {\"method\":\"css selector\",\"selector\":\"#number1\"}\r\n  (Session info: chrome=126.0.6478.127); For documentation on this error, please visit: https://www.selenium.dev/documentation/webdriver/troubleshooting/errors#no-such-element-exception","ErrorStackTrace":"   at OpenQA.Selenium.WebDriver.UnpackAndThrowOnError(Response errorResponse, String commandToExecute)\r\n   at OpenQA.Selenium.WebDriver.ExecuteAsync(String driverCommandToExecute, Dictionary`2 parameters)\r\n   at OpenQA.Selenium.WebDriver.Execute(String driverCommandToExecute, Dictionary`2 parameters)\r\n   at OpenQA.Selenium.WebDriver.FindElement(String mechanism, String value)\r\n   at OpenQA.Selenium.By.<.ctor>b__11_0(ISearchContext context)\r\n   at OpenQA.Selenium.By.FindElement(ISearchContext context)\r\n   at OpenQA.Selenium.WebDriver.FindElement(By by)\r\n   at SumNumberPage.SumNumberPage.get_FieldNum1() in C:\\Users\\PC\\Desktop\\SeleniumAdvanced\\SumNumberPage\\SumNumberPage.cs:line 21\r\n   at SumNumberPage.SumNumberPage.AddNumbers(String num1, String num2) in C:\\Users\\PC\\Desktop\\SeleniumAdvanced\\SumNumberPage\\SumNumberPage.cs:line 49\r\n   at SumNumberPage.SumNumberPageTests.Test_AddTwoNumbers_Reset() in C:\\Users\\PC\\Desktop\\SeleniumAdvanced\\SumNumberPage\\SumNumberPageTests.cs:line 54\n","DisplayName":"Test_AddTwoNumbers_Reset","Messages":[],"ComputerName":"DESKTOP-78QNQ9Q","Duration":"00:00:06.8745170","StartTime":"2024-07-23T17:27:13.4572281+00:00","EndTime":"2024-07-23T17:27:20.3317453+00:00","Properties":[{"Key":{"Id":"NUnit.Seed","Label":"Seed","Category":"","Description":"","Attributes":0,"ValueType":"System.String"},"Value":"1588169675"}]}],"TestRunStatistics":{"ExecutedTests":2,"Stats":{"Failed":2}},"ActiveTests":[{"Id":"f2bee6ef-7bdd-9b47-2c73-d44e4af0b206","FullyQualifiedName":"SumNumberPage.SumNumberPageTests.Test_Valid_Numbers","DisplayName":"Test_Valid_Numbers","ExecutorUri":"executor://NUnit3TestExecutor","Source":"C:\\Users\\PC\\Desktop\\SeleniumAdvanced\\SumNumberPage\\bin\\Debug\\net6.0\\fine-code-coverage\\build-output\\SumNumberPage.dll","CodeFilePath":null,"LineNumber":0,"Properties":[{"Key":{"Id":"NUnit.Seed","Label":"Seed","Category":"","Description":"","Attributes":0,"ValueType":"System.String"},"Value":"844810831"}]}]}}
TpTrace Verbose: 0 : 10544, 11, 2024/07/23, 20:27:20.340, 6889524440617, vstest.console.dll, TestRunRequest:SendTestRunStatsChange: Starting.
TpTrace Verbose: 0 : 10544, 11, 2024/07/23, 20:27:20.340, 6889524442363, vstest.console.dll, InProgress is Test_Valid_Numbers
TpTrace Verbose: 0 : 10544, 11, 2024/07/23, 20:27:20.340, 6889524443586, vstest.console.dll, MulticastDelegateUtilities.SafeInvoke: TestRun.RunStatsChanged: Invoking callbacks was skipped because there are no subscribers.
TpTrace Information: 0 : 10544, 11, 2024/07/23, 20:27:20.341, 6889524444335, vstest.console.dll, TestRunRequest:SendTestRunStatsChange: Completed.
TpTrace Verbose: 0 : 10544, 11, 2024/07/23, 20:27:20.341, 6889524445153, vstest.console.dll, MulticastDelegateUtilities.SafeInvoke: LengthPrefixCommunicationChannel: MessageReceived: Invoking callback 1/1 for Microsoft.VisualStudio.TestPlatform.CommunicationUtilities.TestRequestSender+<>c__DisplayClass34_0., took 3 ms.
TpTrace Verbose: 0 : 10544, 11, 2024/07/23, 20:27:20.341, 6889524445939, vstest.console.dll, TcpClientExtensions.MessageLoopAsync: Polling on remoteEndPoint: 127.0.0.1:59887 localEndPoint: 127.0.0.1:59885 after 686 ms
TpTrace Verbose: 0 : 10544, 4, 2024/07/23, 20:27:20.345, 6889524490414, vstest.console.dll, MulticastDelegateUtilities.SafeInvoke: InternalTestLoggerEvents.SendTestResult: Invoking callback 1/1 for Microsoft.VisualStudio.TestPlatform.CommandLine.Internal.ConsoleLogger., took 2 ms.
TpTrace Verbose: 0 : 10544, 11, 2024/07/23, 20:27:21.349, 6889534530445, vstest.console.dll, TcpClientExtensions.MessageLoopAsync: Polling on remoteEndPoint: 127.0.0.1:59887 localEndPoint: 127.0.0.1:59885 after 1008 ms
TpTrace Verbose: 0 : 10544, 11, 2024/07/23, 20:27:22.350, 6889544541416, vstest.console.dll, TcpClientExtensions.MessageLoopAsync: Polling on remoteEndPoint: 127.0.0.1:59887 localEndPoint: 127.0.0.1:59885 after 1000 ms
TpTrace Verbose: 0 : 10544, 11, 2024/07/23, 20:27:23.351, 6889554551151, vstest.console.dll, TcpClientExtensions.MessageLoopAsync: Polling on remoteEndPoint: 127.0.0.1:59887 localEndPoint: 127.0.0.1:59885 after 1000 ms
TpTrace Verbose: 0 : 10544, 11, 2024/07/23, 20:27:24.366, 6889564697818, vstest.console.dll, TcpClientExtensions.MessageLoopAsync: Polling on remoteEndPoint: 127.0.0.1:59887 localEndPoint: 127.0.0.1:59885 after 1014 ms
TpTrace Verbose: 0 : 10544, 11, 2024/07/23, 20:27:25.372, 6889574754591, vstest.console.dll, TcpClientExtensions.MessageLoopAsync: Polling on remoteEndPoint: 127.0.0.1:59887 localEndPoint: 127.0.0.1:59885 after 1005 ms
TpTrace Verbose: 0 : 10544, 11, 2024/07/23, 20:27:26.375, 6889584787468, vstest.console.dll, TcpClientExtensions.MessageLoopAsync: Polling on remoteEndPoint: 127.0.0.1:59887 localEndPoint: 127.0.0.1:59885 after 1003 ms
TpTrace Verbose: 0 : 10544, 11, 2024/07/23, 20:27:27.231, 6889593350387, vstest.console.dll, TcpClientExtensions.MessageLoopAsync: NotifyDataAvailable remoteEndPoint: 127.0.0.1:59887 localEndPoint: 127.0.0.1:59885
TpTrace Verbose: 0 : 10544, 11, 2024/07/23, 20:27:27.231, 6889593352638, vstest.console.dll, TestRequestSender.OnExecutionMessageReceived: Received message: {"Version":7,"MessageType":"TestSession.Message","Payload":{"MessageLevel":0,"Message":"NUnit Adapter 4.5.0.0: Test execution complete"}}
TpTrace Verbose: 0 : 10544, 11, 2024/07/23, 20:27:27.232, 6889593355368, vstest.console.dll, TestRunRequest:SendTestRunMessage: Starting.
TpTrace Verbose: 0 : 10544, 11, 2024/07/23, 20:27:27.232, 6889593357276, vstest.console.dll, MulticastDelegateUtilities.SafeInvoke: TestRun.LogMessages: Invoking callback 1/1 for Microsoft.VisualStudio.TestPlatform.CommandLine.TestRunResultAggregator., took 0 ms.
TpTrace Verbose: 0 : 10544, 4, 2024/07/23, 20:27:27.232, 6889593357309, vstest.console.dll, MulticastDelegateUtilities.SafeInvoke: InternalTestLoggerEvents.SendTestRunMessage: Invoking callback 1/1 for Microsoft.VisualStudio.TestPlatform.CommandLine.Internal.ConsoleLogger., took 0 ms.
TpTrace Information: 0 : 10544, 11, 2024/07/23, 20:27:27.232, 6889593361474, vstest.console.dll, TestRunRequest:SendTestRunMessage: Completed.
TpTrace Verbose: 0 : 10544, 11, 2024/07/23, 20:27:27.232, 6889593363398, vstest.console.dll, MulticastDelegateUtilities.SafeInvoke: LengthPrefixCommunicationChannel: MessageReceived: Invoking callback 1/1 for Microsoft.VisualStudio.TestPlatform.CommunicationUtilities.TestRequestSender+<>c__DisplayClass34_0., took 1 ms.
TpTrace Verbose: 0 : 10544, 11, 2024/07/23, 20:27:27.232, 6889593364048, vstest.console.dll, TcpClientExtensions.MessageLoopAsync: Polling on remoteEndPoint: 127.0.0.1:59887 localEndPoint: 127.0.0.1:59885 after 857 ms
TpTrace Verbose: 0 : 10544, 11, 2024/07/23, 20:27:27.268, 6889593719815, vstest.console.dll, TcpClientExtensions.MessageLoopAsync: NotifyDataAvailable remoteEndPoint: 127.0.0.1:59887 localEndPoint: 127.0.0.1:59885
TpTrace Verbose: 0 : 10544, 11, 2024/07/23, 20:27:27.268, 6889593721849, vstest.console.dll, TestRequestSender.OnExecutionMessageReceived: Received message: {"Version":7,"MessageType":"TestExecution.Completed","Payload":{"TestRunCompleteArgs":{"TestRunStatistics":{"ExecutedTests":3,"Stats":{"Failed":3}},"IsCanceled":false,"IsAborted":false,"Error":null,"AttachmentSets":[],"InvokedDataCollectors":[],"ElapsedTimeInRunningTests":"00:00:20.8720270","Metrics":{},"DiscoveredExtensions":{"TestDiscoverers":["NUnit.VisualStudio.TestAdapter.NUnit3TestDiscoverer, NUnit3.TestAdapter, Version=4.5.0.0, Culture=neutral, PublicKeyToken=4cb40d35494691ac"],"TestExecutors":["executor://NUnit3TestExecutor"],"TestExecutors2":[],"TestSettingsProviders":[]}},"LastRunTests":{"NewTestResults":[{"TestCase":{"Id":"f2bee6ef-7bdd-9b47-2c73-d44e4af0b206","FullyQualifiedName":"SumNumberPage.SumNumberPageTests.Test_Valid_Numbers","DisplayName":"Test_Valid_Numbers","ExecutorUri":"executor://NUnit3TestExecutor","Source":"C:\\Users\\PC\\Desktop\\SeleniumAdvanced\\SumNumberPage\\bin\\Debug\\net6.0\\fine-code-coverage\\build-output\\SumNumberPage.dll","CodeFilePath":null,"LineNumber":0,"Properties":[{"Key":{"Id":"NUnit.Seed","Label":"Seed","Category":"","Description":"","Attributes":0,"ValueType":"System.String"},"Value":"844810831"}]},"Attachments":[],"Outcome":2,"ErrorMessage":"OpenQA.Selenium.NoSuchElementException : no such element: Unable to locate element: {\"method\":\"css selector\",\"selector\":\"#number1\"}\r\n  (Session info: chrome=126.0.6478.127); For documentation on this error, please visit: https://www.selenium.dev/documentation/webdriver/troubleshooting/errors#no-such-element-exception","ErrorStackTrace":"   at OpenQA.Selenium.WebDriver.UnpackAndThrowOnError(Response errorResponse, String commandToExecute)\r\n   at OpenQA.Selenium.WebDriver.ExecuteAsync(String driverCommandToExecute, Dictionary`2 parameters)\r\n   at OpenQA.Selenium.WebDriver.Execute(String driverCommandToExecute, Dictionary`2 parameters)\r\n   at OpenQA.Selenium.WebDriver.FindElement(String mechanism, String value)\r\n   at OpenQA.Selenium.By.<.ctor>b__11_0(ISearchContext context)\r\n   at OpenQA.Selenium.By.FindElement(ISearchContext context)\r\n   at OpenQA.Selenium.WebDriver.FindElement(By by)\r\n   at SumNumberPage.SumNumberPage.get_FieldNum1() in C:\\Users\\PC\\Desktop\\SeleniumAdvanced\\SumNumberPage\\SumNumberPage.cs:line 21\r\n   at SumNumberPage.SumNumberPage.AddNumbers(String num1, String num2) in C:\\Users\\PC\\Desktop\\SeleniumAdvanced\\SumNumberPage\\SumNumberPage.cs:line 49\r\n   at SumNumberPage.SumNumberPageTests.Test_Valid_Numbers() in C:\\Users\\PC\\Desktop\\SeleniumAdvanced\\SumNumberPage\\SumNumberPageTests.cs:line 37\n","DisplayName":"Test_Valid_Numbers","Messages":[],"ComputerName":"DESKTOP-78QNQ9Q","Duration":"00:00:06.8783910","StartTime":"2024-07-23T17:27:20.3318952+00:00","EndTime":"2024-07-23T17:27:27.2102859+00:00","Properties":[{"Key":{"Id":"NUnit.Seed","Label":"Seed","Category":"","Description":"","Attributes":0,"ValueType":"System.String"},"Value":"844810831"}]}],"TestRunStatistics":{"ExecutedTests":3,"Stats":{"Failed":3}},"ActiveTests":[]},"RunAttachments":[],"ExecutorUris":["executor://nunit3testexecutor/"]}}
TpTrace Verbose: 0 : 10544, 11, 2024/07/23, 20:27:27.269, 6889593724333, vstest.console.dll, TestRequestSender.EndSession: Sending end session.
TpTrace Verbose: 0 : 10544, 11, 2024/07/23, 20:27:27.269, 6889593726720, vstest.console.dll, ProxyOperationManager.Close: waiting for test host to exit for 100 ms
TpTrace Verbose: 0 : 10544, 7, 2024/07/23, 20:27:27.300, 6889594041115, vstest.console.dll, TestHostManagerCallbacks.ctor: Experimental forwarding output is disabled.
TpTrace Warning: 0 : 10544, 7, 2024/07/23, 20:27:27.300, 6889594042656, vstest.console.dll, TestHostManagerCallbacks.ErrorReceivedCallback Test host standard error line: 
TpTrace Verbose: 0 : 10544, 7, 2024/07/23, 20:27:27.315, 6889594190388, vstest.console.dll, TestHostProvider.ExitCallBack: Host exited starting callback.
TpTrace Information: 0 : 10544, 7, 2024/07/23, 20:27:27.315, 6889594192217, vstest.console.dll, TestHostManagerCallbacks.ExitCallBack: Testhost processId: 2960 exited with exitcode: 0 error: ''
TpTrace Verbose: 0 : 10544, 7, 2024/07/23, 20:27:27.315, 6889594192783, vstest.console.dll, DotnetTestHostManager.OnHostExited: invoking OnHostExited callback
TpTrace Verbose: 0 : 10544, 7, 2024/07/23, 20:27:27.315, 6889594193512, vstest.console.dll, CrossPlatEngine.TestHostManagerHostExited: calling on client process exit callback.
TpTrace Information: 0 : 10544, 7, 2024/07/23, 20:27:27.316, 6889594194540, vstest.console.dll, TestRequestSender.OnClientProcessExit: Test host process exited. Standard error: 
TpTrace Information: 0 : 10544, 11, 2024/07/23, 20:27:27.316, 6889594194834, vstest.console.dll, SocketServer.Stop: Stop server endPoint: 127.0.0.1:59885
TpTrace Information: 0 : 10544, 11, 2024/07/23, 20:27:27.316, 6889594195532, vstest.console.dll, SocketServer.Stop: Cancellation requested. Stopping message loop.
TpTrace Information: 0 : 10544, 7, 2024/07/23, 20:27:27.316, 6889594196200, vstest.console.dll, SocketServer.Stop: Stop server endPoint: 127.0.0.1:59885
TpTrace Information: 0 : 10544, 7, 2024/07/23, 20:27:27.316, 6889594196646, vstest.console.dll, SocketServer.Stop: Cancellation requested. Stopping message loop.
TpTrace Information: 0 : 10544, 11, 2024/07/23, 20:27:27.316, 6889594197080, vstest.console.dll, Closing the connection
TpTrace Verbose: 0 : 10544, 7, 2024/07/23, 20:27:27.316, 6889594197166, vstest.console.dll, MulticastDelegateUtilities.SafeInvoke: HostProviderEvents.OnHostExited: Invoking callback 1/1 for Microsoft.VisualStudio.TestPlatform.CrossPlatEngine.Client.ProxyOperationManager., took 0 ms.
TpTrace Verbose: 0 : 10544, 11, 2024/07/23, 20:27:27.316, 6889594199853, vstest.console.dll, ProxyDataCollectionManager.InvokeDataCollectionServiceAction: Starting.
TpTrace Information: 0 : 10544, 11, 2024/07/23, 20:27:27.316, 6889594200463, vstest.console.dll, ProxyDataCollectionManager.AfterTestRunEnd: Get attachment set and invoked data collectors processId: 11064 port: 59882
TpTrace Verbose: 0 : 10544, 11, 2024/07/23, 20:27:27.316, 6889594201190, vstest.console.dll, DataCollectionRequestSender.SendAfterTestRunStartAndGetResult: Send AfterTestRunEnd message with isCancelled: False
TpTrace Verbose: 0 : 10544, 11, 2024/07/23, 20:27:27.324, 6889594283652, vstest.console.dll, DataCollectionRequestSender.SendAfterTestRunStartAndGetResult: Received message: (DataCollection.AfterTestRunEndResult) -> {"MessageType":"DataCollection.AfterTestRunEndResult","Payload":{"AttachmentSets":[],"InvokedDataCollectors":[{"Uri":"datacollector://Microsoft/TestPlatform/Extensions/Blame/v1","FriendlyName":"Blame","AssemblyQualifiedName":"Microsoft.TestPlatform.Extensions.BlameDataCollector.BlameCollector, Microsoft.TestPlatform.Extensions.BlameDataCollector, Version=15.0.0.0, Culture=neutral, PublicKeyToken=b03f5f7f11d50a3a","FilePath":"C:\\Program Files\\dotnet\\sdk\\8.0.300\\Extensions\\Microsoft.TestPlatform.Extensions.BlameDataCollector.dll","HasAttachmentProcessor":false}],"Metrics":{}}}
TpTrace Warning: 0 : 10544, 10, 2024/07/23, 20:27:27.332, 6889594360689, vstest.console.dll, DataCollectionLauncher.ErrorReceivedCallback datacollector standard error line: 
TpTrace Information: 0 : 10544, 11, 2024/07/23, 20:27:27.335, 6889594390824, vstest.console.dll, ProxyDataCollectionManager.InvokeDataCollectionServiceAction: Completed.
TpTrace Information: 0 : 10544, 10, 2024/07/23, 20:27:27.350, 6889594535774, vstest.console.dll, DataCollectionLauncher.ExitCallBack: Data collector exited with exitcode: 0 error: ''
TpTrace Verbose: 0 : 10544, 11, 2024/07/23, 20:27:27.390, 6889594937465, vstest.console.dll, TestRunRequest:SendTestRunStatsChange: Starting.
TpTrace Verbose: 0 : 10544, 11, 2024/07/23, 20:27:27.390, 6889594939641, vstest.console.dll, MulticastDelegateUtilities.SafeInvoke: TestRun.RunStatsChanged: Invoking callbacks was skipped because there are no subscribers.
TpTrace Information: 0 : 10544, 11, 2024/07/23, 20:27:27.390, 6889594940660, vstest.console.dll, TestRunRequest:SendTestRunStatsChange: Completed.
TpTrace Verbose: 0 : 10544, 4, 2024/07/23, 20:27:27.391, 6889594945633, vstest.console.dll, MulticastDelegateUtilities.SafeInvoke: InternalTestLoggerEvents.SendTestResult: Invoking callback 1/1 for Microsoft.VisualStudio.TestPlatform.CommandLine.Internal.ConsoleLogger., took 0 ms.
TpTrace Verbose: 0 : 10544, 11, 2024/07/23, 20:27:27.391, 6889594948867, vstest.console.dll, ParallelProxyExecutionManager: HandlePartialRunComplete: Total workloads = 1, Total started clients = 1 Total completed clients = 1, Run complete = True, Run canceled: False.
TpTrace Verbose: 0 : 10544, 11, 2024/07/23, 20:27:27.391, 6889594949817, vstest.console.dll, ParallelProxyExecutionManager: HandlePartialRunComplete: All runs completed stopping all managers.
TpTrace Verbose: 0 : 10544, 11, 2024/07/23, 20:27:27.391, 6889594950958, vstest.console.dll, ParallelOperationManager.StopAllManagers: Stopping all managers.
TpTrace Verbose: 0 : 10544, 11, 2024/07/23, 20:27:27.391, 6889594951851, vstest.console.dll, ParallelOperationManager.ClearSlots: Clearing all slots. Slots should accept more work: False
TpTrace Verbose: 0 : 10544, 11, 2024/07/23, 20:27:27.391, 6889594952953, vstest.console.dll, ParallelOperationManager.SetOccupiedSlotCount: Setting slot counts AvailableSlotCount = 1, OccupiedSlotCount = 0.
TpTrace Verbose: 0 : 10544, 11, 2024/07/23, 20:27:27.392, 6889594954357, vstest.console.dll, Occupied slots:

TpTrace Verbose: 0 : 10544, 4, 2024/07/23, 20:27:27.402, 6889595063525, vstest.console.dll, MulticastDelegateUtilities.SafeInvoke: InternalTestLoggerEvents.SendTestRunComplete: Invoking callback 1/2 for Microsoft.TestPlatform.Extensions.BlameDataCollector.BlameLogger., took 0 ms.
TpTrace Verbose: 0 : 10544, 4, 2024/07/23, 20:27:27.412, 6889595154699, vstest.console.dll, MulticastDelegateUtilities.SafeInvoke: InternalTestLoggerEvents.SendTestRunComplete: Invoking callback 2/2 for Microsoft.VisualStudio.TestPlatform.CommandLine.Internal.ConsoleLogger., took 8 ms.
TpTrace Verbose: 0 : 10544, 11, 2024/07/23, 20:27:27.412, 6889595159612, vstest.console.dll, TestRunRequest:TestRunComplete: Starting. IsAborted:False IsCanceled:False.
TpTrace Verbose: 0 : 10544, 11, 2024/07/23, 20:27:27.412, 6889595161942, vstest.console.dll, ParallelOperationManager.DoActionOnAllManagers: Calling an action on all managers.
TpTrace Verbose: 0 : 10544, 11, 2024/07/23, 20:27:27.414, 6889595174978, vstest.console.dll, TestLoggerManager.HandleTestRunComplete: Ignoring as the object is disposed.
TpTrace Verbose: 0 : 10544, 11, 2024/07/23, 20:27:27.414, 6889595177869, vstest.console.dll, MulticastDelegateUtilities.SafeInvoke: TestRun.TestRunComplete: Invoking callback 1/2 for Microsoft.VisualStudio.TestPlatform.CommandLine.TestRunResultAggregator., took 0 ms.
TpTrace Verbose: 0 : 10544, 11, 2024/07/23, 20:27:27.414, 6889595180503, vstest.console.dll, MulticastDelegateUtilities.SafeInvoke: TestRun.TestRunComplete: Invoking callback 2/2 for Microsoft.VisualStudio.TestPlatform.CommandLine.Processors.RunTestsArgumentExecutor+TestRunRequestEventsRegistrar., took 0 ms.
TpTrace Information: 0 : 10544, 11, 2024/07/23, 20:27:27.414, 6889595181946, vstest.console.dll, TestRunRequest:TestRunComplete: Completed.
TpTrace Verbose: 0 : 10544, 1, 2024/07/23, 20:27:27.414, 6889595182206, vstest.console.dll, TestRunRequest.Dispose: Starting.
TpTrace Verbose: 0 : 10544, 11, 2024/07/23, 20:27:27.414, 6889595182603, vstest.console.dll, TestRequestSender.SetOperationComplete: Setting operation complete.
TpTrace Information: 0 : 10544, 1, 2024/07/23, 20:27:27.414, 6889595183435, vstest.console.dll, TestRunRequest.Dispose: Completed.
TpTrace Information: 0 : 10544, 11, 2024/07/23, 20:27:27.414, 6889595183805, vstest.console.dll, SocketServer.Stop: Stop server endPoint: 127.0.0.1:59885
TpTrace Information: 0 : 10544, 1, 2024/07/23, 20:27:27.415, 6889595184769, vstest.console.dll, TestRequestManager.RunTests: run tests completed.
TpTrace Information: 0 : 10544, 11, 2024/07/23, 20:27:27.415, 6889595185308, vstest.console.dll, SocketServer.Stop: Cancellation requested. Stopping message loop.
TpTrace Information: 0 : 10544, 1, 2024/07/23, 20:27:27.415, 6889595185897, vstest.console.dll, RunTestsArgumentProcessor:Execute: Test run is completed.
TpTrace Verbose: 0 : 10544, 11, 2024/07/23, 20:27:27.415, 6889595185930, vstest.console.dll, MulticastDelegateUtilities.SafeInvoke: LengthPrefixCommunicationChannel: MessageReceived: Invoking callback 1/1 for Microsoft.VisualStudio.TestPlatform.CommunicationUtilities.TestRequestSender+<>c__DisplayClass34_0., took 146 ms.
TpTrace Information: 0 : 10544, 11, 2024/07/23, 20:27:27.415, 6889595187011, vstest.console.dll, SocketServer.PrivateStop: Stopping server endPoint: 127.0.0.1:59885 error: 
TpTrace Verbose: 0 : 10544, 1, 2024/07/23, 20:27:27.415, 6889595189262, vstest.console.dll, Executor.Execute: Exiting with exit code of 1
TpTrace Verbose: 0 : 10544, 11, 2024/07/23, 20:27:27.415, 6889595192855, vstest.console.dll, LengthPrefixCommunicationChannel.Dispose: Dispose reader and writer.
TpTrace Information: 0 : 10544, 11, 2024/07/23, 20:27:27.415, 6889595193859, vstest.console.dll, SocketServer.Stop: Raise disconnected event endPoint: 127.0.0.1:59885 error: 
TpTrace Verbose: 0 : 10544, 11, 2024/07/23, 20:27:27.416, 6889595195266, vstest.console.dll, TestRequestSender: OnTestRunAbort: Operation is already complete. Skip error message.
