TpTrace Verbose: 0 : 17500, 1, 2024/07/29, 12:17:18.611, 11779793803545, vstest.console.dll, Version: 17.10.0-release-24203-04 Current process architecture: X64
TpTrace Verbose: 0 : 17500, 1, 2024/07/29, 12:17:18.621, 11779793904013, vstest.console.dll, Runtime location: C:\Program Files\dotnet\shared\Microsoft.NETCore.App\8.0.5
TpTrace Verbose: 0 : 17500, 1, 2024/07/29, 12:17:18.628, 11779793979849, vstest.console.dll, ArtifactProcessingPostProcessModeProcessorExecutor.Initialize: ArtifactProcessingMode.Collect
TpTrace Verbose: 0 : 17500, 1, 2024/07/29, 12:17:18.629, 11779793982270, vstest.console.dll, TestSessionCorrelationIdProcessorModeProcessorExecutor.Initialize: TestSessionCorrelationId '21180_b10f4c04-626d-4419-9c94-6e981b31bb88'
TpTrace Information: 0 : 17500, 1, 2024/07/29, 12:17:18.648, 11779794176073, vstest.console.dll, FilePatternParser: The given file C:\Users\PC\Desktop\ExerciseSeleniumPOM\SwagLabsPOM\bin\Debug\net6.0\fine-code-coverage\build-output\SwagLabsPOM.dll is a full path.
TpTrace Verbose: 0 : 17500, 1, 2024/07/29, 12:17:18.666, 11779794359023, vstest.console.dll, TestPluginCache.DiscoverTestExtensions: finding test extensions in assemblies ends with: RuntimeProvider.dll TPluginInfo: Microsoft.VisualStudio.TestPlatform.Common.ExtensionFramework.Utilities.TestRuntimePluginInformation TExtension: Microsoft.VisualStudio.TestPlatform.ObjectModel.Host.ITestRuntimeProvider
TpTrace Verbose: 0 : 17500, 1, 2024/07/29, 12:17:18.667, 11779794367599, vstest.console.dll, TestPluginCache.GetExtensionPaths: Filtered extension paths: 
TpTrace Verbose: 0 : 17500, 1, 2024/07/29, 12:17:18.667, 11779794369727, vstest.console.dll, TestPluginCache.GetExtensionPaths: Added default extension paths: C:\Program Files\dotnet\sdk\8.0.300\Extensions\Microsoft.Diagnostics.NETCore.Client.dll
C:\Program Files\dotnet\sdk\8.0.300\Extensions\Microsoft.TestPlatform.Extensions.BlameDataCollector.dll
C:\Program Files\dotnet\sdk\8.0.300\Extensions\Microsoft.TestPlatform.Extensions.EventLogCollector.dll
C:\Program Files\dotnet\sdk\8.0.300\Extensions\Microsoft.TestPlatform.TestHostRuntimeProvider.dll
C:\Program Files\dotnet\sdk\8.0.300\Extensions\Microsoft.VisualStudio.TestPlatform.Extensions.Html.TestLogger.dll
C:\Program Files\dotnet\sdk\8.0.300\Extensions\Microsoft.VisualStudio.TestPlatform.Extensions.Trx.TestLogger.dll
TpTrace Verbose: 0 : 17500, 1, 2024/07/29, 12:17:18.667, 11779794370934, vstest.console.dll, TestPluginCache.GetExtensionPaths: Added unfilterableExtensionPaths: 
TpTrace Information: 0 : 17500, 1, 2024/07/29, 12:17:18.669, 11779794388032, vstest.console.dll, AssemblyResolver.ctor: Creating AssemblyResolver with searchDirectories C:\Program Files\dotnet\sdk\8.0.300\Extensions,C:\Program Files\dotnet\sdk\8.0.300
TpTrace Verbose: 0 : 17500, 1, 2024/07/29, 12:17:18.673, 11779794425451, vstest.console.dll, TestPluginCache.DiscoverTestExtensions: Discovering the extensions using extension path.
TpTrace Verbose: 0 : 17500, 1, 2024/07/29, 12:17:18.673, 11779794429100, vstest.console.dll, TestPluginCache.GetExtensionPaths: Filtered extension paths: 
TpTrace Verbose: 0 : 17500, 1, 2024/07/29, 12:17:18.673, 11779794430280, vstest.console.dll, TestPluginCache.GetExtensionPaths: Added default extension paths: C:\Program Files\dotnet\sdk\8.0.300\Extensions\Microsoft.Diagnostics.NETCore.Client.dll
C:\Program Files\dotnet\sdk\8.0.300\Extensions\Microsoft.TestPlatform.Extensions.BlameDataCollector.dll
C:\Program Files\dotnet\sdk\8.0.300\Extensions\Microsoft.TestPlatform.Extensions.EventLogCollector.dll
C:\Program Files\dotnet\sdk\8.0.300\Extensions\Microsoft.TestPlatform.TestHostRuntimeProvider.dll
C:\Program Files\dotnet\sdk\8.0.300\Extensions\Microsoft.VisualStudio.TestPlatform.Extensions.Html.TestLogger.dll
C:\Program Files\dotnet\sdk\8.0.300\Extensions\Microsoft.VisualStudio.TestPlatform.Extensions.Trx.TestLogger.dll
TpTrace Verbose: 0 : 17500, 1, 2024/07/29, 12:17:18.674, 11779794431499, vstest.console.dll, TestPluginCache.GetExtensionPaths: Added unfilterableExtensionPaths: 
TpTrace Verbose: 0 : 17500, 1, 2024/07/29, 12:17:18.674, 11779794433474, vstest.console.dll, TestPluginCache.DiscoverTestExtensions: Discovering the extensions using allExtensionPaths: C:\Program Files\dotnet\sdk\8.0.300\Extensions\Microsoft.Diagnostics.NETCore.Client.dll
C:\Program Files\dotnet\sdk\8.0.300\Extensions\Microsoft.TestPlatform.Extensions.BlameDataCollector.dll
C:\Program Files\dotnet\sdk\8.0.300\Extensions\Microsoft.TestPlatform.Extensions.EventLogCollector.dll
C:\Program Files\dotnet\sdk\8.0.300\Extensions\Microsoft.TestPlatform.TestHostRuntimeProvider.dll
C:\Program Files\dotnet\sdk\8.0.300\Extensions\Microsoft.VisualStudio.TestPlatform.Extensions.Html.TestLogger.dll
C:\Program Files\dotnet\sdk\8.0.300\Extensions\Microsoft.VisualStudio.TestPlatform.Extensions.Trx.TestLogger.dll
TpTrace Information: 0 : 17500, 1, 2024/07/29, 12:17:18.674, 11779794437063, vstest.console.dll, AssemblyResolver.AddSearchDirectories: Adding more searchDirectories C:\Program Files\dotnet\sdk\8.0.300\Extensions,C:\Program Files\dotnet\sdk\8.0.300
TpTrace Information: 0 : 17500, 1, 2024/07/29, 12:17:18.674, 11779794438668, vstest.console.dll, AssemblyResolver.AddSearchDirectories: Adding more searchDirectories C:\Program Files\dotnet\sdk\8.0.300\Extensions,C:\Program Files\dotnet\sdk\8.0.300
TpTrace Information: 0 : 17500, 1, 2024/07/29, 12:17:18.674, 11779794439918, vstest.console.dll, AssemblyResolver.AddSearchDirectories: Adding more searchDirectories C:\Program Files\dotnet\sdk\8.0.300\Extensions,C:\Program Files\dotnet\sdk\8.0.300
TpTrace Information: 0 : 17500, 1, 2024/07/29, 12:17:18.675, 11779794440994, vstest.console.dll, AssemblyResolver.AddSearchDirectories: Adding more searchDirectories C:\Program Files\dotnet\sdk\8.0.300\Extensions,C:\Program Files\dotnet\sdk\8.0.300
TpTrace Information: 0 : 17500, 1, 2024/07/29, 12:17:18.675, 11779794442060, vstest.console.dll, AssemblyResolver.AddSearchDirectories: Adding more searchDirectories C:\Program Files\dotnet\sdk\8.0.300\Extensions,C:\Program Files\dotnet\sdk\8.0.300
TpTrace Information: 0 : 17500, 1, 2024/07/29, 12:17:18.675, 11779794443211, vstest.console.dll, AssemblyResolver.AddSearchDirectories: Adding more searchDirectories C:\Program Files\dotnet\sdk\8.0.300\Extensions,C:\Program Files\dotnet\sdk\8.0.300
TpTrace Information: 0 : 17500, 1, 2024/07/29, 12:17:18.676, 11779794455995, vstest.console.dll, AssemblyResolver.OnResolve: Microsoft.Diagnostics.NETCore.Client: Resolving assembly.
TpTrace Information: 0 : 17500, 1, 2024/07/29, 12:17:18.676, 11779794458219, vstest.console.dll, AssemblyResolver.OnResolve: Microsoft.Diagnostics.NETCore.Client: Searching in: 'C:\Program Files\dotnet\sdk\8.0.300\Extensions'.
TpTrace Information: 0 : 17500, 1, 2024/07/29, 12:17:18.709, 11779794785943, vstest.console.dll, AssemblyResolver.OnResolve: Microsoft.Diagnostics.NETCore.Client: Loading assembly 'C:\Program Files\dotnet\sdk\8.0.300\Extensions\Microsoft.Diagnostics.NETCore.Client.dll'.
TpTrace Information: 0 : 17500, 1, 2024/07/29, 12:17:18.713, 11779794822261, vstest.console.dll, AssemblyResolver.OnResolve: Resolved assembly: Microsoft.Diagnostics.NETCore.Client, from path: C:\Program Files\dotnet\sdk\8.0.300\Extensions\Microsoft.Diagnostics.NETCore.Client.dll
TpTrace Verbose: 0 : 17500, 1, 2024/07/29, 12:17:18.725, 11779794950138, vstest.console.dll, MetadataReaderExtensionsHelper: Discovering extensions inside assembly 'Microsoft.Diagnostics.NETCore.Client, Version=0.2.10.15101, Culture=neutral, PublicKeyToken=31bf3856ad364e35' file path 'C:\Program Files\dotnet\sdk\8.0.300\Extensions\Microsoft.Diagnostics.NETCore.Client.dll'
TpTrace Information: 0 : 17500, 1, 2024/07/29, 12:17:18.741, 11779795109024, vstest.console.dll, AssemblyResolver.OnResolve: Microsoft.Bcl.AsyncInterfaces: Resolving assembly.
TpTrace Information: 0 : 17500, 1, 2024/07/29, 12:17:18.742, 11779795111006, vstest.console.dll, AssemblyResolver.OnResolve: Microsoft.Bcl.AsyncInterfaces: Searching in: 'C:\Program Files\dotnet\sdk\8.0.300\Extensions'.
TpTrace Information: 0 : 17500, 1, 2024/07/29, 12:17:18.742, 11779795113223, vstest.console.dll, AssemblyResolver.OnResolve: Microsoft.Bcl.AsyncInterfaces: Assembly path does not exist: 'C:\Program Files\dotnet\sdk\8.0.300\Extensions\Microsoft.Bcl.AsyncInterfaces.dll', returning.
TpTrace Information: 0 : 17500, 1, 2024/07/29, 12:17:18.742, 11779795115962, vstest.console.dll, AssemblyResolver.OnResolve: Microsoft.Bcl.AsyncInterfaces: Assembly path does not exist: 'C:\Program Files\dotnet\sdk\8.0.300\Extensions\Microsoft.Bcl.AsyncInterfaces.exe', returning.
TpTrace Information: 0 : 17500, 1, 2024/07/29, 12:17:18.742, 11779795117174, vstest.console.dll, AssemblyResolver.OnResolve: Microsoft.Bcl.AsyncInterfaces: Searching in: 'C:\Program Files\dotnet\sdk\8.0.300'.
TpTrace Information: 0 : 17500, 1, 2024/07/29, 12:17:18.742, 11779795118932, vstest.console.dll, AssemblyResolver.OnResolve: Microsoft.Bcl.AsyncInterfaces: Assembly path does not exist: 'C:\Program Files\dotnet\sdk\8.0.300\Microsoft.Bcl.AsyncInterfaces.dll', returning.
TpTrace Information: 0 : 17500, 1, 2024/07/29, 12:17:18.742, 11779795120642, vstest.console.dll, AssemblyResolver.OnResolve: Microsoft.Bcl.AsyncInterfaces: Assembly path does not exist: 'C:\Program Files\dotnet\sdk\8.0.300\Microsoft.Bcl.AsyncInterfaces.exe', returning.
TpTrace Information: 0 : 17500, 1, 2024/07/29, 12:17:18.743, 11779795121626, vstest.console.dll, AssemblyResolver.OnResolve: Microsoft.Bcl.AsyncInterfaces: Failed to load assembly.
TpTrace Verbose: 0 : 17500, 1, 2024/07/29, 12:17:18.743, 11779795123004, vstest.console.dll, CurrentDomainAssemblyResolve: Resolving assembly 'Microsoft.Bcl.AsyncInterfaces'.
TpTrace Information: 0 : 17500, 1, 2024/07/29, 12:17:18.743, 11779795124733, vstest.console.dll, AssemblyResolver.OnResolve: Microsoft.Bcl.AsyncInterfaces: Resolving assembly.
TpTrace Information: 0 : 17500, 1, 2024/07/29, 12:17:18.743, 11779795125933, vstest.console.dll, AssemblyResolver.OnResolve: Microsoft.Bcl.AsyncInterfaces: Resolved from cache.
TpTrace Verbose: 0 : 17500, 1, 2024/07/29, 12:17:18.743, 11779795126870, vstest.console.dll, CurrentDomainAssemblyResolve: Resolving assembly 'Microsoft.Bcl.AsyncInterfaces'.
TpTrace Verbose: 0 : 17500, 1, 2024/07/29, 12:17:18.743, 11779795127995, vstest.console.dll, CurrentDomainAssemblyResolve: Failed to resolve assembly 'Microsoft.Bcl.AsyncInterfaces'.
TpTrace Verbose: 0 : 17500, 1, 2024/07/29, 12:17:18.749, 11779795186194, vstest.console.dll, CurrentDomainAssemblyResolve: Failed to resolve assembly 'Microsoft.Bcl.AsyncInterfaces'.
TpTrace Warning: 0 : 17500, 1, 2024/07/29, 12:17:18.785, 11779795548633, vstest.console.dll, TestPluginDiscoverer: Failed to get types from assembly 'Microsoft.Diagnostics.NETCore.Client, Version=0.2.10.15101, Culture=neutral, PublicKeyToken=31bf3856ad364e35'. Error: System.Reflection.ReflectionTypeLoadException: Unable to load one or more of the requested types.
Could not load file or assembly 'Microsoft.Bcl.AsyncInterfaces, Version=6.0.0.0, Culture=neutral, PublicKeyToken=cc7b13ffcd2ddd51'. The system cannot find the file specified.
   at System.Reflection.RuntimeModule.GetTypes(RuntimeModule module)
   at System.Reflection.RuntimeModule.GetTypes()
   at Microsoft.VisualStudio.TestPlatform.Common.ExtensionFramework.TestPluginDiscoverer.GetTestExtensionsFromAssembly[TPluginInfo,TExtension](Assembly assembly, Dictionary`2 pluginInfos, String filePath) in /_/src/Microsoft.TestPlatform.Common/ExtensionFramework/TestPluginDiscoverer.cs:line 158
System.IO.FileNotFoundException: Could not load file or assembly 'Microsoft.Bcl.AsyncInterfaces, Version=6.0.0.0, Culture=neutral, PublicKeyToken=cc7b13ffcd2ddd51'. The system cannot find the file specified.
File name: 'Microsoft.Bcl.AsyncInterfaces, Version=6.0.0.0, Culture=neutral, PublicKeyToken=cc7b13ffcd2ddd51'
 ---> System.IO.FileNotFoundException: Could not load file or assembly 'Microsoft.Bcl.AsyncInterfaces, Culture=neutral, PublicKeyToken=null'. The system cannot find the file specified.
File name: 'Microsoft.Bcl.AsyncInterfaces, Culture=neutral, PublicKeyToken=null'
   at System.Reflection.RuntimeAssembly.InternalLoad(AssemblyName assemblyName, StackCrawlMark& stackMark, AssemblyLoadContext assemblyLoadContext, RuntimeAssembly requestingAssembly, Boolean throwOnFileNotFound)
   at System.Reflection.Assembly.Load(AssemblyName assemblyRef)
   at Microsoft.VisualStudio.TestPlatform.Common.ExtensionFramework.TestPluginCache.CurrentDomainAssemblyResolve(Object sender, AssemblyResolveEventArgs args) in /_/src/Microsoft.TestPlatform.Common/ExtensionFramework/TestPluginCache.cs:line 513
   at System.Runtime.Loader.AssemblyLoadContext.GetFirstResolvedAssemblyFromResolvingEvent(AssemblyName assemblyName)
   at System.Runtime.Loader.AssemblyLoadContext.ResolveUsingEvent(AssemblyName assemblyName)
   at System.Runtime.Loader.AssemblyLoadContext.ResolveUsingResolvingEvent(IntPtr gchManagedAssemblyLoadContext, AssemblyName assemblyName)
TpTrace Warning: 0 : 17500, 1, 2024/07/29, 12:17:18.786, 11779795558992, vstest.console.dll, LoaderExceptions: System.IO.FileNotFoundException: Could not load file or assembly 'Microsoft.Bcl.AsyncInterfaces, Version=6.0.0.0, Culture=neutral, PublicKeyToken=cc7b13ffcd2ddd51'. The system cannot find the file specified.
File name: 'Microsoft.Bcl.AsyncInterfaces, Version=6.0.0.0, Culture=neutral, PublicKeyToken=cc7b13ffcd2ddd51'
 ---> System.IO.FileNotFoundException: Could not load file or assembly 'Microsoft.Bcl.AsyncInterfaces, Culture=neutral, PublicKeyToken=null'. The system cannot find the file specified.
File name: 'Microsoft.Bcl.AsyncInterfaces, Culture=neutral, PublicKeyToken=null'
   at System.Reflection.RuntimeAssembly.InternalLoad(AssemblyName assemblyName, StackCrawlMark& stackMark, AssemblyLoadContext assemblyLoadContext, RuntimeAssembly requestingAssembly, Boolean throwOnFileNotFound)
   at System.Reflection.Assembly.Load(AssemblyName assemblyRef)
   at Microsoft.VisualStudio.TestPlatform.Common.ExtensionFramework.TestPluginCache.CurrentDomainAssemblyResolve(Object sender, AssemblyResolveEventArgs args) in /_/src/Microsoft.TestPlatform.Common/ExtensionFramework/TestPluginCache.cs:line 513
   at System.Runtime.Loader.AssemblyLoadContext.GetFirstResolvedAssemblyFromResolvingEvent(AssemblyName assemblyName)
   at System.Runtime.Loader.AssemblyLoadContext.ResolveUsingEvent(AssemblyName assemblyName)
   at System.Runtime.Loader.AssemblyLoadContext.ResolveUsingResolvingEvent(IntPtr gchManagedAssemblyLoadContext, AssemblyName assemblyName)
TpTrace Information: 0 : 17500, 1, 2024/07/29, 12:17:18.787, 11779795563221, vstest.console.dll, AssemblyResolver.OnResolve: Microsoft.TestPlatform.Extensions.BlameDataCollector: Resolving assembly.
TpTrace Information: 0 : 17500, 1, 2024/07/29, 12:17:18.787, 11779795564851, vstest.console.dll, AssemblyResolver.OnResolve: Microsoft.TestPlatform.Extensions.BlameDataCollector: Searching in: 'C:\Program Files\dotnet\sdk\8.0.300\Extensions'.
TpTrace Information: 0 : 17500, 1, 2024/07/29, 12:17:18.789, 11779795583244, vstest.console.dll, AssemblyResolver.OnResolve: Microsoft.TestPlatform.Extensions.BlameDataCollector: Loading assembly 'C:\Program Files\dotnet\sdk\8.0.300\Extensions\Microsoft.TestPlatform.Extensions.BlameDataCollector.dll'.
TpTrace Information: 0 : 17500, 1, 2024/07/29, 12:17:18.791, 11779795608532, vstest.console.dll, AssemblyResolver.OnResolve: Resolved assembly: Microsoft.TestPlatform.Extensions.BlameDataCollector, from path: C:\Program Files\dotnet\sdk\8.0.300\Extensions\Microsoft.TestPlatform.Extensions.BlameDataCollector.dll
TpTrace Verbose: 0 : 17500, 1, 2024/07/29, 12:17:18.792, 11779795611389, vstest.console.dll, MetadataReaderExtensionsHelper: Discovering extensions inside assembly 'Microsoft.TestPlatform.Extensions.BlameDataCollector, Version=15.0.0.0, Culture=neutral, PublicKeyToken=b03f5f7f11d50a3a' file path 'C:\Program Files\dotnet\sdk\8.0.300\Extensions\Microsoft.TestPlatform.Extensions.BlameDataCollector.dll'
TpTrace Information: 0 : 17500, 1, 2024/07/29, 12:17:18.796, 11779795657939, vstest.console.dll, AssemblyResolver.OnResolve: Microsoft.TestPlatform.Extensions.EventLogCollector: Resolving assembly.
TpTrace Information: 0 : 17500, 1, 2024/07/29, 12:17:18.796, 11779795659945, vstest.console.dll, AssemblyResolver.OnResolve: Microsoft.TestPlatform.Extensions.EventLogCollector: Searching in: 'C:\Program Files\dotnet\sdk\8.0.300\Extensions'.
TpTrace Information: 0 : 17500, 1, 2024/07/29, 12:17:18.799, 11779795682124, vstest.console.dll, AssemblyResolver.OnResolve: Microsoft.TestPlatform.Extensions.EventLogCollector: Loading assembly 'C:\Program Files\dotnet\sdk\8.0.300\Extensions\Microsoft.TestPlatform.Extensions.EventLogCollector.dll'.
TpTrace Information: 0 : 17500, 1, 2024/07/29, 12:17:18.800, 11779795696109, vstest.console.dll, AssemblyResolver.OnResolve: Resolved assembly: Microsoft.TestPlatform.Extensions.EventLogCollector, from path: C:\Program Files\dotnet\sdk\8.0.300\Extensions\Microsoft.TestPlatform.Extensions.EventLogCollector.dll
TpTrace Verbose: 0 : 17500, 1, 2024/07/29, 12:17:18.800, 11779795698347, vstest.console.dll, MetadataReaderExtensionsHelper: Discovering extensions inside assembly 'Microsoft.TestPlatform.Extensions.EventLogCollector, Version=15.0.0.0, Culture=neutral, PublicKeyToken=b03f5f7f11d50a3a' file path 'C:\Program Files\dotnet\sdk\8.0.300\Extensions\Microsoft.TestPlatform.Extensions.EventLogCollector.dll'
TpTrace Information: 0 : 17500, 1, 2024/07/29, 12:17:18.807, 11779795766792, vstest.console.dll, AssemblyResolver.OnResolve: Microsoft.TestPlatform.TestHostRuntimeProvider: Resolving assembly.
TpTrace Information: 0 : 17500, 1, 2024/07/29, 12:17:18.807, 11779795768535, vstest.console.dll, AssemblyResolver.OnResolve: Microsoft.TestPlatform.TestHostRuntimeProvider: Searching in: 'C:\Program Files\dotnet\sdk\8.0.300\Extensions'.
TpTrace Information: 0 : 17500, 1, 2024/07/29, 12:17:18.809, 11779795784216, vstest.console.dll, AssemblyResolver.OnResolve: Microsoft.TestPlatform.TestHostRuntimeProvider: Loading assembly 'C:\Program Files\dotnet\sdk\8.0.300\Extensions\Microsoft.TestPlatform.TestHostRuntimeProvider.dll'.
TpTrace Information: 0 : 17500, 1, 2024/07/29, 12:17:18.811, 11779795810727, vstest.console.dll, AssemblyResolver.OnResolve: Resolved assembly: Microsoft.TestPlatform.TestHostRuntimeProvider, from path: C:\Program Files\dotnet\sdk\8.0.300\Extensions\Microsoft.TestPlatform.TestHostRuntimeProvider.dll
TpTrace Verbose: 0 : 17500, 1, 2024/07/29, 12:17:18.812, 11779795813310, vstest.console.dll, MetadataReaderExtensionsHelper: Discovering extensions inside assembly 'Microsoft.TestPlatform.TestHostRuntimeProvider, Version=15.0.0.0, Culture=neutral, PublicKeyToken=b03f5f7f11d50a3a' file path 'C:\Program Files\dotnet\sdk\8.0.300\Extensions\Microsoft.TestPlatform.TestHostRuntimeProvider.dll'
TpTrace Information: 0 : 17500, 1, 2024/07/29, 12:17:18.817, 11779795866176, vstest.console.dll, GetTestExtensionFromType: Register extension with identifier data 'HostProvider://DefaultTestHost' and type 'Microsoft.VisualStudio.TestPlatform.CrossPlatEngine.Hosting.DefaultTestHostManager, Microsoft.TestPlatform.TestHostRuntimeProvider, Version=15.0.0.0, Culture=neutral, PublicKeyToken=b03f5f7f11d50a3a' inside file 'C:\Program Files\dotnet\sdk\8.0.300\Extensions\Microsoft.TestPlatform.TestHostRuntimeProvider.dll'
TpTrace Information: 0 : 17500, 1, 2024/07/29, 12:17:18.818, 11779795875537, vstest.console.dll, GetTestExtensionFromType: Register extension with identifier data 'HostProvider://DotnetTestHost' and type 'Microsoft.VisualStudio.TestPlatform.CrossPlatEngine.Hosting.DotnetTestHostManager, Microsoft.TestPlatform.TestHostRuntimeProvider, Version=15.0.0.0, Culture=neutral, PublicKeyToken=b03f5f7f11d50a3a' inside file 'C:\Program Files\dotnet\sdk\8.0.300\Extensions\Microsoft.TestPlatform.TestHostRuntimeProvider.dll'
TpTrace Information: 0 : 17500, 1, 2024/07/29, 12:17:18.818, 11779795879128, vstest.console.dll, AssemblyResolver.OnResolve: Microsoft.VisualStudio.TestPlatform.Extensions.Html.TestLogger: Resolving assembly.
TpTrace Information: 0 : 17500, 1, 2024/07/29, 12:17:18.818, 11779795880463, vstest.console.dll, AssemblyResolver.OnResolve: Microsoft.VisualStudio.TestPlatform.Extensions.Html.TestLogger: Searching in: 'C:\Program Files\dotnet\sdk\8.0.300\Extensions'.
TpTrace Information: 0 : 17500, 1, 2024/07/29, 12:17:18.820, 11779795896076, vstest.console.dll, AssemblyResolver.OnResolve: Microsoft.VisualStudio.TestPlatform.Extensions.Html.TestLogger: Loading assembly 'C:\Program Files\dotnet\sdk\8.0.300\Extensions\Microsoft.VisualStudio.TestPlatform.Extensions.Html.TestLogger.dll'.
TpTrace Information: 0 : 17500, 1, 2024/07/29, 12:17:18.822, 11779795912006, vstest.console.dll, AssemblyResolver.OnResolve: Resolved assembly: Microsoft.VisualStudio.TestPlatform.Extensions.Html.TestLogger, from path: C:\Program Files\dotnet\sdk\8.0.300\Extensions\Microsoft.VisualStudio.TestPlatform.Extensions.Html.TestLogger.dll
TpTrace Verbose: 0 : 17500, 1, 2024/07/29, 12:17:18.822, 11779795914593, vstest.console.dll, MetadataReaderExtensionsHelper: Discovering extensions inside assembly 'Microsoft.VisualStudio.TestPlatform.Extensions.Html.TestLogger, Version=15.0.0.0, Culture=neutral, PublicKeyToken=b03f5f7f11d50a3a' file path 'C:\Program Files\dotnet\sdk\8.0.300\Extensions\Microsoft.VisualStudio.TestPlatform.Extensions.Html.TestLogger.dll'
TpTrace Information: 0 : 17500, 1, 2024/07/29, 12:17:18.825, 11779795941016, vstest.console.dll, AssemblyResolver.OnResolve: Microsoft.VisualStudio.TestPlatform.Extensions.Trx.TestLogger: Resolving assembly.
TpTrace Information: 0 : 17500, 1, 2024/07/29, 12:17:18.825, 11779795942992, vstest.console.dll, AssemblyResolver.OnResolve: Microsoft.VisualStudio.TestPlatform.Extensions.Trx.TestLogger: Searching in: 'C:\Program Files\dotnet\sdk\8.0.300\Extensions'.
TpTrace Information: 0 : 17500, 1, 2024/07/29, 12:17:18.827, 11779795965144, vstest.console.dll, AssemblyResolver.OnResolve: Microsoft.VisualStudio.TestPlatform.Extensions.Trx.TestLogger: Loading assembly 'C:\Program Files\dotnet\sdk\8.0.300\Extensions\Microsoft.VisualStudio.TestPlatform.Extensions.Trx.TestLogger.dll'.
TpTrace Information: 0 : 17500, 1, 2024/07/29, 12:17:18.830, 11779795993531, vstest.console.dll, AssemblyResolver.OnResolve: Resolved assembly: Microsoft.VisualStudio.TestPlatform.Extensions.Trx.TestLogger, from path: C:\Program Files\dotnet\sdk\8.0.300\Extensions\Microsoft.VisualStudio.TestPlatform.Extensions.Trx.TestLogger.dll
TpTrace Verbose: 0 : 17500, 1, 2024/07/29, 12:17:18.830, 11779795996291, vstest.console.dll, MetadataReaderExtensionsHelper: Discovering extensions inside assembly 'Microsoft.VisualStudio.TestPlatform.Extensions.Trx.TestLogger, Version=15.0.0.0, Culture=neutral, PublicKeyToken=b03f5f7f11d50a3a' file path 'C:\Program Files\dotnet\sdk\8.0.300\Extensions\Microsoft.VisualStudio.TestPlatform.Extensions.Trx.TestLogger.dll'
TpTrace Verbose: 0 : 17500, 1, 2024/07/29, 12:17:18.834, 11779796031363, vstest.console.dll, TestPluginCache: Discovered the extensions using extension path ''.
TpTrace Verbose: 0 : 17500, 1, 2024/07/29, 12:17:18.834, 11779796033249, vstest.console.dll, TestPluginCache: Discoverers are ''.
TpTrace Verbose: 0 : 17500, 1, 2024/07/29, 12:17:18.834, 11779796034449, vstest.console.dll, TestPluginCache: Executors are ''.
TpTrace Verbose: 0 : 17500, 1, 2024/07/29, 12:17:18.834, 11779796035305, vstest.console.dll, TestPluginCache: Executors2 are ''.
TpTrace Verbose: 0 : 17500, 1, 2024/07/29, 12:17:18.834, 11779796036137, vstest.console.dll, TestPluginCache: Setting providers are ''.
TpTrace Verbose: 0 : 17500, 1, 2024/07/29, 12:17:18.834, 11779796037006, vstest.console.dll, TestPluginCache: Loggers are ''.
TpTrace Verbose: 0 : 17500, 1, 2024/07/29, 12:17:18.835, 11779796041367, vstest.console.dll, TestPluginCache: TestHosts are 'HostProvider://DefaultTestHost,HostProvider://DotnetTestHost'.
TpTrace Verbose: 0 : 17500, 1, 2024/07/29, 12:17:18.835, 11779796042478, vstest.console.dll, TestPluginCache: DataCollectors are ''.
TpTrace Information: 0 : 17500, 1, 2024/07/29, 12:17:18.890, 11779796594806, vstest.console.dll, RunTestsArgumentProcessor:Execute: Test run is starting.
TpTrace Verbose: 0 : 17500, 1, 2024/07/29, 12:17:18.890, 11779796596751, vstest.console.dll, RunTestsArgumentProcessor:Execute: Queuing Test run.
TpTrace Information: 0 : 17500, 1, 2024/07/29, 12:17:18.891, 11779796602990, vstest.console.dll, TestRequestManager.RunTests: run tests started.
TpTrace Information: 0 : 17500, 1, 2024/07/29, 12:17:18.893, 11779796628385, vstest.console.dll, AssemblyMetadataProvider.GetFrameworkName: Determined framework:'.NETCoreApp,Version=v6.0' for source: 'C:\Users\PC\Desktop\ExerciseSeleniumPOM\SwagLabsPOM\bin\Debug\net6.0\fine-code-coverage\build-output\SwagLabsPOM.dll'
TpTrace Information: 0 : 17500, 1, 2024/07/29, 12:17:18.894, 11779796632691, vstest.console.dll, Determined framework for all sources: .NETCoreApp,Version=v6.0
TpTrace Verbose: 0 : 17500, 1, 2024/07/29, 12:17:18.894, 11779796640514, vstest.console.dll, TestRequestManager.UpdateRunSettingsIfRequired: Default architecture: X64 IsDefaultTargetArchitecture: True, Current process architecture: X64 OperatingSystem: Windows.
TpTrace Information: 0 : 17500, 1, 2024/07/29, 12:17:18.898, 11779796680570, vstest.console.dll, AssemblyMetadataProvider.GetArchitecture: Determined architecture:AnyCPU info for assembly: C:\Users\PC\Desktop\ExerciseSeleniumPOM\SwagLabsPOM\bin\Debug\net6.0\fine-code-coverage\build-output\SwagLabsPOM.dll
TpTrace Information: 0 : 17500, 1, 2024/07/29, 12:17:18.899, 11779796682586, vstest.console.dll, Determined platform for source 'C:\Users\PC\Desktop\ExerciseSeleniumPOM\SwagLabsPOM\bin\Debug\net6.0\fine-code-coverage\build-output\SwagLabsPOM.dll' was AnyCPU and it will use the default plaform X64.
TpTrace Information: 0 : 17500, 1, 2024/07/29, 12:17:18.899, 11779796683647, vstest.console.dll, None of the sources provided any runnable platform, using the default platform: X64
TpTrace Information: 0 : 17500, 1, 2024/07/29, 12:17:18.899, 11779796686321, vstest.console.dll, Platform was updated to 'X64'.
TpTrace Information: 0 : 17500, 1, 2024/07/29, 12:17:18.910, 11779796796297, vstest.console.dll, InferRunSettingsHelper.IsTestSettingsEnabled: Unable to navigate to RunSettings/MSTest. Current node: RunSettings
TpTrace Information: 0 : 17500, 1, 2024/07/29, 12:17:18.912, 11779796813491, vstest.console.dll, AssemblyResolver.OnResolve: Microsoft.VisualStudio.TestPlatform.Fakes: Resolving assembly.
TpTrace Information: 0 : 17500, 1, 2024/07/29, 12:17:18.912, 11779796815881, vstest.console.dll, AssemblyResolver.OnResolve: Microsoft.VisualStudio.TestPlatform.Fakes: Searching in: 'C:\Program Files\dotnet\sdk\8.0.300\Extensions'.
TpTrace Information: 0 : 17500, 1, 2024/07/29, 12:17:18.912, 11779796818456, vstest.console.dll, AssemblyResolver.OnResolve: Microsoft.VisualStudio.TestPlatform.Fakes: Assembly path does not exist: 'C:\Program Files\dotnet\sdk\8.0.300\Extensions\Microsoft.VisualStudio.TestPlatform.Fakes.dll', returning.
TpTrace Information: 0 : 17500, 1, 2024/07/29, 12:17:18.912, 11779796820811, vstest.console.dll, AssemblyResolver.OnResolve: Microsoft.VisualStudio.TestPlatform.Fakes: Assembly path does not exist: 'C:\Program Files\dotnet\sdk\8.0.300\Extensions\Microsoft.VisualStudio.TestPlatform.Fakes.exe', returning.
TpTrace Information: 0 : 17500, 1, 2024/07/29, 12:17:18.913, 11779796822078, vstest.console.dll, AssemblyResolver.OnResolve: Microsoft.VisualStudio.TestPlatform.Fakes: Searching in: 'C:\Program Files\dotnet\sdk\8.0.300'.
TpTrace Information: 0 : 17500, 1, 2024/07/29, 12:17:18.913, 11779796824376, vstest.console.dll, AssemblyResolver.OnResolve: Microsoft.VisualStudio.TestPlatform.Fakes: Assembly path does not exist: 'C:\Program Files\dotnet\sdk\8.0.300\Microsoft.VisualStudio.TestPlatform.Fakes.dll', returning.
TpTrace Information: 0 : 17500, 1, 2024/07/29, 12:17:18.913, 11779796826627, vstest.console.dll, AssemblyResolver.OnResolve: Microsoft.VisualStudio.TestPlatform.Fakes: Assembly path does not exist: 'C:\Program Files\dotnet\sdk\8.0.300\Microsoft.VisualStudio.TestPlatform.Fakes.exe', returning.
TpTrace Information: 0 : 17500, 1, 2024/07/29, 12:17:18.913, 11779796827848, vstest.console.dll, AssemblyResolver.OnResolve: Microsoft.VisualStudio.TestPlatform.Fakes: Failed to load assembly.
TpTrace Information: 0 : 17500, 1, 2024/07/29, 12:17:18.914, 11779796835337, vstest.console.dll, Failed to load assembly Microsoft.VisualStudio.TestPlatform.Fakes, Version=17.0.0.0, Culture=neutral. Reason:System.IO.FileNotFoundException: Could not load file or assembly 'Microsoft.VisualStudio.TestPlatform.Fakes, Version=17.0.0.0, Culture=neutral, PublicKeyToken=null'. The system cannot find the file specified.
File name: 'Microsoft.VisualStudio.TestPlatform.Fakes, Version=17.0.0.0, Culture=neutral, PublicKeyToken=null'
   at System.Reflection.RuntimeAssembly.InternalLoad(AssemblyName assemblyName, StackCrawlMark& stackMark, AssemblyLoadContext assemblyLoadContext, RuntimeAssembly requestingAssembly, Boolean throwOnFileNotFound)
   at System.Reflection.Assembly.Load(AssemblyName assemblyRef)
   at Microsoft.VisualStudio.TestPlatform.Common.Utilities.FakesUtilities.LoadTestPlatformAssembly() in /_/src/Microsoft.TestPlatform.Common/Utilities/FakesUtilities.cs:line 272
TpTrace Verbose: 0 : 17500, 1, 2024/07/29, 12:17:18.925, 11779796942010, vstest.console.dll, TestPluginCache.DiscoverTestExtensions: finding test extensions in assemblies ends with: TestLogger.dll TPluginInfo: Microsoft.VisualStudio.TestPlatform.Common.ExtensionFramework.Utilities.TestLoggerPluginInformation TExtension: Microsoft.VisualStudio.TestPlatform.ObjectModel.Client.ITestLogger
TpTrace Verbose: 0 : 17500, 1, 2024/07/29, 12:17:18.925, 11779796944608, vstest.console.dll, TestPluginCache.GetExtensionPaths: Filtered extension paths: 
TpTrace Verbose: 0 : 17500, 1, 2024/07/29, 12:17:18.925, 11779796945944, vstest.console.dll, TestPluginCache.GetExtensionPaths: Added default extension paths: C:\Program Files\dotnet\sdk\8.0.300\Extensions\Microsoft.Diagnostics.NETCore.Client.dll
C:\Program Files\dotnet\sdk\8.0.300\Extensions\Microsoft.TestPlatform.Extensions.BlameDataCollector.dll
C:\Program Files\dotnet\sdk\8.0.300\Extensions\Microsoft.TestPlatform.Extensions.EventLogCollector.dll
C:\Program Files\dotnet\sdk\8.0.300\Extensions\Microsoft.TestPlatform.TestHostRuntimeProvider.dll
C:\Program Files\dotnet\sdk\8.0.300\Extensions\Microsoft.VisualStudio.TestPlatform.Extensions.Html.TestLogger.dll
C:\Program Files\dotnet\sdk\8.0.300\Extensions\Microsoft.VisualStudio.TestPlatform.Extensions.Trx.TestLogger.dll
TpTrace Verbose: 0 : 17500, 1, 2024/07/29, 12:17:18.925, 11779796947256, vstest.console.dll, TestPluginCache.GetExtensionPaths: Added unfilterableExtensionPaths: 
TpTrace Information: 0 : 17500, 1, 2024/07/29, 12:17:18.925, 11779796950760, vstest.console.dll, AssemblyResolver.AddSearchDirectories: Adding more searchDirectories C:\Program Files\dotnet\sdk\8.0.300\Extensions,C:\Program Files\dotnet\sdk\8.0.300
TpTrace Verbose: 0 : 17500, 1, 2024/07/29, 12:17:18.926, 11779796952253, vstest.console.dll, TestPluginCache.DiscoverTestExtensions: Discovering the extensions using extension path.
TpTrace Verbose: 0 : 17500, 1, 2024/07/29, 12:17:18.926, 11779796953425, vstest.console.dll, TestPluginCache.GetExtensionPaths: Filtered extension paths: 
TpTrace Verbose: 0 : 17500, 1, 2024/07/29, 12:17:18.929, 11779796987343, vstest.console.dll, TestPluginCache.GetExtensionPaths: Added default extension paths: C:\Program Files\dotnet\sdk\8.0.300\Extensions\Microsoft.Diagnostics.NETCore.Client.dll
C:\Program Files\dotnet\sdk\8.0.300\Extensions\Microsoft.TestPlatform.Extensions.BlameDataCollector.dll
C:\Program Files\dotnet\sdk\8.0.300\Extensions\Microsoft.TestPlatform.Extensions.EventLogCollector.dll
C:\Program Files\dotnet\sdk\8.0.300\Extensions\Microsoft.TestPlatform.TestHostRuntimeProvider.dll
C:\Program Files\dotnet\sdk\8.0.300\Extensions\Microsoft.VisualStudio.TestPlatform.Extensions.Html.TestLogger.dll
C:\Program Files\dotnet\sdk\8.0.300\Extensions\Microsoft.VisualStudio.TestPlatform.Extensions.Trx.TestLogger.dll
TpTrace Verbose: 0 : 17500, 1, 2024/07/29, 12:17:18.929, 11779796988977, vstest.console.dll, TestPluginCache.GetExtensionPaths: Added unfilterableExtensionPaths: 
TpTrace Verbose: 0 : 17500, 1, 2024/07/29, 12:17:18.929, 11779796990416, vstest.console.dll, TestPluginCache.DiscoverTestExtensions: Discovering the extensions using allExtensionPaths: C:\Program Files\dotnet\sdk\8.0.300\Extensions\Microsoft.Diagnostics.NETCore.Client.dll
C:\Program Files\dotnet\sdk\8.0.300\Extensions\Microsoft.TestPlatform.Extensions.BlameDataCollector.dll
C:\Program Files\dotnet\sdk\8.0.300\Extensions\Microsoft.TestPlatform.Extensions.EventLogCollector.dll
C:\Program Files\dotnet\sdk\8.0.300\Extensions\Microsoft.TestPlatform.TestHostRuntimeProvider.dll
C:\Program Files\dotnet\sdk\8.0.300\Extensions\Microsoft.VisualStudio.TestPlatform.Extensions.Html.TestLogger.dll
C:\Program Files\dotnet\sdk\8.0.300\Extensions\Microsoft.VisualStudio.TestPlatform.Extensions.Trx.TestLogger.dll
TpTrace Information: 0 : 17500, 1, 2024/07/29, 12:17:18.930, 11779796992675, vstest.console.dll, AssemblyResolver.AddSearchDirectories: Adding more searchDirectories C:\Program Files\dotnet\sdk\8.0.300\Extensions,C:\Program Files\dotnet\sdk\8.0.300
TpTrace Information: 0 : 17500, 1, 2024/07/29, 12:17:18.930, 11779796994261, vstest.console.dll, AssemblyResolver.AddSearchDirectories: Adding more searchDirectories C:\Program Files\dotnet\sdk\8.0.300\Extensions,C:\Program Files\dotnet\sdk\8.0.300
TpTrace Information: 0 : 17500, 1, 2024/07/29, 12:17:18.930, 11779796995640, vstest.console.dll, AssemblyResolver.AddSearchDirectories: Adding more searchDirectories C:\Program Files\dotnet\sdk\8.0.300\Extensions,C:\Program Files\dotnet\sdk\8.0.300
TpTrace Information: 0 : 17500, 1, 2024/07/29, 12:17:18.930, 11779796996880, vstest.console.dll, AssemblyResolver.AddSearchDirectories: Adding more searchDirectories C:\Program Files\dotnet\sdk\8.0.300\Extensions,C:\Program Files\dotnet\sdk\8.0.300
TpTrace Information: 0 : 17500, 1, 2024/07/29, 12:17:18.930, 11779796998034, vstest.console.dll, AssemblyResolver.AddSearchDirectories: Adding more searchDirectories C:\Program Files\dotnet\sdk\8.0.300\Extensions,C:\Program Files\dotnet\sdk\8.0.300
TpTrace Information: 0 : 17500, 1, 2024/07/29, 12:17:18.930, 11779796999165, vstest.console.dll, AssemblyResolver.AddSearchDirectories: Adding more searchDirectories C:\Program Files\dotnet\sdk\8.0.300\Extensions,C:\Program Files\dotnet\sdk\8.0.300
TpTrace Verbose: 0 : 17500, 1, 2024/07/29, 12:17:18.931, 11779797002024, vstest.console.dll, MetadataReaderExtensionsHelper: Discovering extensions inside assembly 'Microsoft.Diagnostics.NETCore.Client, Version=0.2.10.15101, Culture=neutral, PublicKeyToken=31bf3856ad364e35' file path 'C:\Program Files\dotnet\sdk\8.0.300\Extensions\Microsoft.Diagnostics.NETCore.Client.dll'
TpTrace Information: 0 : 17500, 1, 2024/07/29, 12:17:18.932, 11779797018421, vstest.console.dll, AssemblyResolver.OnResolve: Microsoft.Bcl.AsyncInterfaces: Resolving assembly.
TpTrace Information: 0 : 17500, 1, 2024/07/29, 12:17:18.932, 11779797020210, vstest.console.dll, AssemblyResolver.OnResolve: Microsoft.Bcl.AsyncInterfaces: Resolved from cache.
TpTrace Verbose: 0 : 17500, 1, 2024/07/29, 12:17:18.933, 11779797021397, vstest.console.dll, CurrentDomainAssemblyResolve: Resolving assembly 'Microsoft.Bcl.AsyncInterfaces'.
TpTrace Information: 0 : 17500, 1, 2024/07/29, 12:17:18.933, 11779797022961, vstest.console.dll, AssemblyResolver.OnResolve: Microsoft.Bcl.AsyncInterfaces: Resolving assembly.
TpTrace Information: 0 : 17500, 1, 2024/07/29, 12:17:18.933, 11779797024153, vstest.console.dll, AssemblyResolver.OnResolve: Microsoft.Bcl.AsyncInterfaces: Resolved from cache.
TpTrace Verbose: 0 : 17500, 1, 2024/07/29, 12:17:18.933, 11779797025184, vstest.console.dll, CurrentDomainAssemblyResolve: Resolving assembly 'Microsoft.Bcl.AsyncInterfaces'.
TpTrace Verbose: 0 : 17500, 1, 2024/07/29, 12:17:18.933, 11779797026180, vstest.console.dll, CurrentDomainAssemblyResolve: Failed to resolve assembly 'Microsoft.Bcl.AsyncInterfaces'.
TpTrace Verbose: 0 : 17500, 1, 2024/07/29, 12:17:18.933, 11779797029600, vstest.console.dll, CurrentDomainAssemblyResolve: Failed to resolve assembly 'Microsoft.Bcl.AsyncInterfaces'.
TpTrace Warning: 0 : 17500, 1, 2024/07/29, 12:17:18.934, 11779797039847, vstest.console.dll, TestPluginDiscoverer: Failed to get types from assembly 'Microsoft.Diagnostics.NETCore.Client, Version=0.2.10.15101, Culture=neutral, PublicKeyToken=31bf3856ad364e35'. Error: System.Reflection.ReflectionTypeLoadException: Unable to load one or more of the requested types.
Could not load file or assembly 'Microsoft.Bcl.AsyncInterfaces, Version=6.0.0.0, Culture=neutral, PublicKeyToken=cc7b13ffcd2ddd51'. The system cannot find the file specified.
   at System.Reflection.RuntimeModule.GetTypes(RuntimeModule module)
   at System.Reflection.RuntimeModule.GetTypes()
   at Microsoft.VisualStudio.TestPlatform.Common.ExtensionFramework.TestPluginDiscoverer.GetTestExtensionsFromAssembly[TPluginInfo,TExtension](Assembly assembly, Dictionary`2 pluginInfos, String filePath) in /_/src/Microsoft.TestPlatform.Common/ExtensionFramework/TestPluginDiscoverer.cs:line 158
System.IO.FileNotFoundException: Could not load file or assembly 'Microsoft.Bcl.AsyncInterfaces, Version=6.0.0.0, Culture=neutral, PublicKeyToken=cc7b13ffcd2ddd51'. The system cannot find the file specified.
File name: 'Microsoft.Bcl.AsyncInterfaces, Version=6.0.0.0, Culture=neutral, PublicKeyToken=cc7b13ffcd2ddd51'
 ---> System.IO.FileNotFoundException: Could not load file or assembly 'Microsoft.Bcl.AsyncInterfaces, Culture=neutral, PublicKeyToken=null'. The system cannot find the file specified.
File name: 'Microsoft.Bcl.AsyncInterfaces, Culture=neutral, PublicKeyToken=null'
   at System.Reflection.RuntimeAssembly.InternalLoad(AssemblyName assemblyName, StackCrawlMark& stackMark, AssemblyLoadContext assemblyLoadContext, RuntimeAssembly requestingAssembly, Boolean throwOnFileNotFound)
   at System.Reflection.Assembly.Load(AssemblyName assemblyRef)
   at Microsoft.VisualStudio.TestPlatform.Common.ExtensionFramework.TestPluginCache.CurrentDomainAssemblyResolve(Object sender, AssemblyResolveEventArgs args) in /_/src/Microsoft.TestPlatform.Common/ExtensionFramework/TestPluginCache.cs:line 513
   at System.Runtime.Loader.AssemblyLoadContext.GetFirstResolvedAssemblyFromResolvingEvent(AssemblyName assemblyName)
   at System.Runtime.Loader.AssemblyLoadContext.ResolveUsingEvent(AssemblyName assemblyName)
   at System.Runtime.Loader.AssemblyLoadContext.ResolveUsingResolvingEvent(IntPtr gchManagedAssemblyLoadContext, AssemblyName assemblyName)
TpTrace Warning: 0 : 17500, 1, 2024/07/29, 12:17:18.935, 11779797044800, vstest.console.dll, LoaderExceptions: System.IO.FileNotFoundException: Could not load file or assembly 'Microsoft.Bcl.AsyncInterfaces, Version=6.0.0.0, Culture=neutral, PublicKeyToken=cc7b13ffcd2ddd51'. The system cannot find the file specified.
File name: 'Microsoft.Bcl.AsyncInterfaces, Version=6.0.0.0, Culture=neutral, PublicKeyToken=cc7b13ffcd2ddd51'
 ---> System.IO.FileNotFoundException: Could not load file or assembly 'Microsoft.Bcl.AsyncInterfaces, Culture=neutral, PublicKeyToken=null'. The system cannot find the file specified.
File name: 'Microsoft.Bcl.AsyncInterfaces, Culture=neutral, PublicKeyToken=null'
   at System.Reflection.RuntimeAssembly.InternalLoad(AssemblyName assemblyName, StackCrawlMark& stackMark, AssemblyLoadContext assemblyLoadContext, RuntimeAssembly requestingAssembly, Boolean throwOnFileNotFound)
   at System.Reflection.Assembly.Load(AssemblyName assemblyRef)
   at Microsoft.VisualStudio.TestPlatform.Common.ExtensionFramework.TestPluginCache.CurrentDomainAssemblyResolve(Object sender, AssemblyResolveEventArgs args) in /_/src/Microsoft.TestPlatform.Common/ExtensionFramework/TestPluginCache.cs:line 513
   at System.Runtime.Loader.AssemblyLoadContext.GetFirstResolvedAssemblyFromResolvingEvent(AssemblyName assemblyName)
   at System.Runtime.Loader.AssemblyLoadContext.ResolveUsingEvent(AssemblyName assemblyName)
   at System.Runtime.Loader.AssemblyLoadContext.ResolveUsingResolvingEvent(IntPtr gchManagedAssemblyLoadContext, AssemblyName assemblyName)
TpTrace Verbose: 0 : 17500, 1, 2024/07/29, 12:17:18.935, 11779797047546, vstest.console.dll, MetadataReaderExtensionsHelper: Discovering extensions inside assembly 'Microsoft.TestPlatform.Extensions.BlameDataCollector, Version=15.0.0.0, Culture=neutral, PublicKeyToken=b03f5f7f11d50a3a' file path 'C:\Program Files\dotnet\sdk\8.0.300\Extensions\Microsoft.TestPlatform.Extensions.BlameDataCollector.dll'
TpTrace Information: 0 : 17500, 1, 2024/07/29, 12:17:18.937, 11779797066801, vstest.console.dll, GetTestExtensionFromType: Register extension with identifier data 'logger://Microsoft/TestPlatform/Extensions/Blame/v1' and type 'Microsoft.TestPlatform.Extensions.BlameDataCollector.BlameLogger, Microsoft.TestPlatform.Extensions.BlameDataCollector, Version=15.0.0.0, Culture=neutral, PublicKeyToken=b03f5f7f11d50a3a' inside file 'C:\Program Files\dotnet\sdk\8.0.300\Extensions\Microsoft.TestPlatform.Extensions.BlameDataCollector.dll'
TpTrace Verbose: 0 : 17500, 1, 2024/07/29, 12:17:18.937, 11779797069056, vstest.console.dll, MetadataReaderExtensionsHelper: Discovering extensions inside assembly 'Microsoft.TestPlatform.Extensions.EventLogCollector, Version=15.0.0.0, Culture=neutral, PublicKeyToken=b03f5f7f11d50a3a' file path 'C:\Program Files\dotnet\sdk\8.0.300\Extensions\Microsoft.TestPlatform.Extensions.EventLogCollector.dll'
TpTrace Verbose: 0 : 17500, 1, 2024/07/29, 12:17:18.939, 11779797081330, vstest.console.dll, MetadataReaderExtensionsHelper: Discovering extensions inside assembly 'Microsoft.TestPlatform.TestHostRuntimeProvider, Version=15.0.0.0, Culture=neutral, PublicKeyToken=b03f5f7f11d50a3a' file path 'C:\Program Files\dotnet\sdk\8.0.300\Extensions\Microsoft.TestPlatform.TestHostRuntimeProvider.dll'
TpTrace Verbose: 0 : 17500, 1, 2024/07/29, 12:17:18.940, 11779797094596, vstest.console.dll, MetadataReaderExtensionsHelper: Discovering extensions inside assembly 'Microsoft.VisualStudio.TestPlatform.Extensions.Html.TestLogger, Version=15.0.0.0, Culture=neutral, PublicKeyToken=b03f5f7f11d50a3a' file path 'C:\Program Files\dotnet\sdk\8.0.300\Extensions\Microsoft.VisualStudio.TestPlatform.Extensions.Html.TestLogger.dll'
TpTrace Information: 0 : 17500, 1, 2024/07/29, 12:17:18.942, 11779797113851, vstest.console.dll, GetTestExtensionFromType: Register extension with identifier data 'logger://Microsoft/TestPlatform/HtmlLogger/v1' and type 'Microsoft.VisualStudio.TestPlatform.Extensions.HtmlLogger.HtmlLogger, Microsoft.VisualStudio.TestPlatform.Extensions.Html.TestLogger, Version=15.0.0.0, Culture=neutral, PublicKeyToken=b03f5f7f11d50a3a' inside file 'C:\Program Files\dotnet\sdk\8.0.300\Extensions\Microsoft.VisualStudio.TestPlatform.Extensions.Html.TestLogger.dll'
TpTrace Verbose: 0 : 17500, 1, 2024/07/29, 12:17:18.942, 11779797116284, vstest.console.dll, MetadataReaderExtensionsHelper: Discovering extensions inside assembly 'Microsoft.VisualStudio.TestPlatform.Extensions.Trx.TestLogger, Version=15.0.0.0, Culture=neutral, PublicKeyToken=b03f5f7f11d50a3a' file path 'C:\Program Files\dotnet\sdk\8.0.300\Extensions\Microsoft.VisualStudio.TestPlatform.Extensions.Trx.TestLogger.dll'
TpTrace Information: 0 : 17500, 1, 2024/07/29, 12:17:18.943, 11779797130805, vstest.console.dll, GetTestExtensionFromType: Register extension with identifier data 'logger://Microsoft/TestPlatform/TrxLogger/v1' and type 'Microsoft.VisualStudio.TestPlatform.Extensions.TrxLogger.TrxLogger, Microsoft.VisualStudio.TestPlatform.Extensions.Trx.TestLogger, Version=15.0.0.0, Culture=neutral, PublicKeyToken=b03f5f7f11d50a3a' inside file 'C:\Program Files\dotnet\sdk\8.0.300\Extensions\Microsoft.VisualStudio.TestPlatform.Extensions.Trx.TestLogger.dll'
TpTrace Verbose: 0 : 17500, 1, 2024/07/29, 12:17:18.944, 11779797133442, vstest.console.dll, TestPluginCache: Discovered the extensions using extension path ''.
TpTrace Verbose: 0 : 17500, 1, 2024/07/29, 12:17:18.944, 11779797134789, vstest.console.dll, TestPluginCache: Discoverers are ''.
TpTrace Verbose: 0 : 17500, 1, 2024/07/29, 12:17:18.944, 11779797135778, vstest.console.dll, TestPluginCache: Executors are ''.
TpTrace Verbose: 0 : 17500, 1, 2024/07/29, 12:17:18.944, 11779797136746, vstest.console.dll, TestPluginCache: Executors2 are ''.
TpTrace Verbose: 0 : 17500, 1, 2024/07/29, 12:17:18.944, 11779797137768, vstest.console.dll, TestPluginCache: Setting providers are ''.
TpTrace Verbose: 0 : 17500, 1, 2024/07/29, 12:17:18.944, 11779797140006, vstest.console.dll, TestPluginCache: Loggers are 'logger://Microsoft/TestPlatform/Extensions/Blame/v1,logger://Microsoft/TestPlatform/HtmlLogger/v1,logger://Microsoft/TestPlatform/TrxLogger/v1'.
TpTrace Verbose: 0 : 17500, 1, 2024/07/29, 12:17:18.945, 11779797141573, vstest.console.dll, TestPluginCache: TestHosts are 'HostProvider://DefaultTestHost,HostProvider://DotnetTestHost'.
TpTrace Verbose: 0 : 17500, 1, 2024/07/29, 12:17:18.945, 11779797142585, vstest.console.dll, TestPluginCache: DataCollectors are ''.
TpTrace Information: 0 : 17500, 1, 2024/07/29, 12:17:18.947, 11779797165091, vstest.console.dll, TestPluginManager.CreateTestExtension: Attempting to load test extension: Microsoft.TestPlatform.Extensions.BlameDataCollector.BlameLogger
TpTrace Verbose: 0 : 17500, 1, 2024/07/29, 12:17:18.971, 11779797402014, vstest.console.dll, TestEngine: Initializing Parallel Execution as MaxCpuCount is set to: 1
TpTrace Information: 0 : 17500, 1, 2024/07/29, 12:17:18.974, 11779797439499, vstest.console.dll, TestPluginManager.CreateTestExtension: Attempting to load test extension: Microsoft.VisualStudio.TestPlatform.CrossPlatEngine.Hosting.DefaultTestHostManager
TpTrace Information: 0 : 17500, 1, 2024/07/29, 12:17:18.977, 11779797462373, vstest.console.dll, TestPluginManager.CreateTestExtension: Attempting to load test extension: Microsoft.VisualStudio.TestPlatform.CrossPlatEngine.Hosting.DotnetTestHostManager
TpTrace Information: 0 : 17500, 1, 2024/07/29, 12:17:18.978, 11779797476582, vstest.console.dll, InferRunSettingsHelper.IsTestSettingsEnabled: Unable to navigate to RunSettings/MSTest. Current node: RunSettings
TpTrace Verbose: 0 : 17500, 1, 2024/07/29, 12:17:18.980, 11779797493754, vstest.console.dll, ParallelOperationManager.ClearSlots: Clearing all slots. Slots should accept more work: True
TpTrace Verbose: 0 : 17500, 1, 2024/07/29, 12:17:18.981, 11779797509936, vstest.console.dll, ParallelOperationManager.SetOccupiedSlotCount: Setting slot counts AvailableSlotCount = 1, OccupiedSlotCount = 0.
TpTrace Verbose: 0 : 17500, 1, 2024/07/29, 12:17:18.982, 11779797520270, vstest.console.dll, Occupied slots:

TpTrace Verbose: 0 : 17500, 1, 2024/07/29, 12:17:18.991, 11779797609588, vstest.console.dll, TestEngine.GetExecutionManager: Chosen execution manager 'Microsoft.VisualStudio.TestPlatform.CrossPlatEngine.Client.Parallel.ParallelProxyExecutionManager, Microsoft.TestPlatform.CrossPlatEngine, Version=15.0.0.0, Culture=neutral, PublicKeyToken=b03f5f7f11d50a3a' ParallelLevel '1'.
TpTrace Verbose: 0 : 17500, 1, 2024/07/29, 12:17:18.992, 11779797613317, vstest.console.dll, TestRunRequest.ExecuteAsync: Creating test run request.
TpTrace Verbose: 0 : 17500, 1, 2024/07/29, 12:17:18.992, 11779797620143, vstest.console.dll, TestRunRequest.ExecuteAsync: Starting.
TpTrace Information: 0 : 17500, 1, 2024/07/29, 12:17:18.999, 11779797686243, vstest.console.dll, TestRunRequest.ExecuteAsync: Starting run with settings:TestRunCriteria:
   KeepAlive=False,FrequencyOfRunStatsChangeEvent=10,RunStatsChangeEventTimeout=00:00:01.5000000,TestCaseFilter=,TestExecutorLauncher=
   Settingsxml=<RunSettings>
  <RunConfiguration>
    <ResultsDirectory>C:\Users\PC\Desktop\ExerciseSeleniumPOM\SwagLabsPOM\bin\Debug\net6.0\fine-code-coverage\coverage-tool-output</ResultsDirectory>
    <TargetPlatform>X64</TargetPlatform>
    <TargetFrameworkVersion>.NETCoreApp,Version=v6.0</TargetFrameworkVersion>
    <DesignMode>False</DesignMode>
    <CollectSourceInformation>False</CollectSourceInformation>
  </RunConfiguration>
  <LoggerRunSettings>
    <Loggers>
      <Logger friendlyName="blame" enabled="True" />
      <Logger friendlyName="Console" uri="logger://microsoft/TestPlatform/ConsoleLogger/v1" assemblyQualifiedName="Microsoft.VisualStudio.TestPlatform.CommandLine.Internal.ConsoleLogger, vstest.console, Version=15.0.0.0, Culture=neutral, PublicKeyToken=b03f5f7f11d50a3a" codeBase="C:\Program Files\dotnet\sdk\8.0.300\vstest.console.dll" enabled="True" />
    </Loggers>
  </LoggerRunSettings>
  <DataCollectionRunSettings>
    <DataCollectors>
      <DataCollector friendlyName="blame" enabled="True">
        <Configuration>
          <ResultsDirectory>C:\Users\PC\Desktop\ExerciseSeleniumPOM\SwagLabsPOM\bin\Debug\net6.0\fine-code-coverage\coverage-tool-output</ResultsDirectory>
        </Configuration>
      </DataCollector>
    </DataCollectors>
  </DataCollectionRunSettings>
</RunSettings>

TpTrace Verbose: 0 : 17500, 1, 2024/07/29, 12:17:18.999, 11779797689026, vstest.console.dll, TestRunRequest.ExecuteAsync: Wait for the first run request is over.
TpTrace Verbose: 0 : 17500, 1, 2024/07/29, 12:17:19.000, 11779797697723, vstest.console.dll, MulticastDelegateUtilities.SafeInvoke: TestRun.TestRunStart: Invoking callbacks was skipped because there are no subscribers.
TpTrace Verbose: 0 : 17500, 4, 2024/07/29, 12:17:19.001, 11779797701201, vstest.console.dll, MulticastDelegateUtilities.SafeInvoke: InternalTestLoggerEvents.SendTestRunStart: Invoking callback 1/1 for Microsoft.VisualStudio.TestPlatform.CommandLine.Internal.ConsoleLogger., took 0 ms.
TpTrace Verbose: 0 : 17500, 1, 2024/07/29, 12:17:19.003, 11779797725686, vstest.console.dll, ParallelProxyExecutionManager: Start execution. Total sources: 1
TpTrace Verbose: 0 : 17500, 1, 2024/07/29, 12:17:19.004, 11779797735251, vstest.console.dll, ParallelOperationManager.StartWork: Starting adding 1 workloads.
TpTrace Verbose: 0 : 17500, 1, 2024/07/29, 12:17:19.004, 11779797737549, vstest.console.dll, ParallelOperationManager.ClearSlots: Clearing all slots. Slots should accept more work: True
TpTrace Verbose: 0 : 17500, 1, 2024/07/29, 12:17:19.004, 11779797739896, vstest.console.dll, ParallelOperationManager.SetOccupiedSlotCount: Setting slot counts AvailableSlotCount = 1, OccupiedSlotCount = 0.
TpTrace Verbose: 0 : 17500, 1, 2024/07/29, 12:17:19.005, 11779797741131, vstest.console.dll, Occupied slots:

TpTrace Verbose: 0 : 17500, 1, 2024/07/29, 12:17:19.008, 11779797777042, vstest.console.dll, TestRequestSender is acting as server.
TpTrace Verbose: 0 : 17500, 1, 2024/07/29, 12:17:19.012, 11779797814255, vstest.console.dll, ParallelOperationManager.RunWorkInParallel: Adding 1 workload to slot, remaining workloads 0.
TpTrace Verbose: 0 : 17500, 1, 2024/07/29, 12:17:19.012, 11779797816595, vstest.console.dll, ParallelOperationManager.SetOccupiedSlotCount: Setting slot counts AvailableSlotCount = 0, OccupiedSlotCount = 1.
TpTrace Verbose: 0 : 17500, 1, 2024/07/29, 12:17:19.012, 11779797820176, vstest.console.dll, Occupied slots:
0: C:\Users\PC\Desktop\ExerciseSeleniumPOM\SwagLabsPOM\bin\Debug\net6.0\fine-code-coverage\build-output\SwagLabsPOM.dll
TpTrace Verbose: 0 : 17500, 1, 2024/07/29, 12:17:19.015, 11779797850482, vstest.console.dll, ParallelOperationManager.RunWorkInParallel: Started host in slot number 0 for work (source): C:\Users\PC\Desktop\ExerciseSeleniumPOM\SwagLabsPOM\bin\Debug\net6.0\fine-code-coverage\build-output\SwagLabsPOM.dll.
TpTrace Verbose: 0 : 17500, 1, 2024/07/29, 12:17:19.019, 11779797883965, vstest.console.dll, ParallelOperationManager.RunWorkInParallel: We started 1 work items, which is the max parallel level. Won't start more work.
TpTrace Verbose: 0 : 17500, 1, 2024/07/29, 12:17:19.019, 11779797885919, vstest.console.dll, ParallelOperationManager.RunWorkInParallel: We started 1 work items in here, returning True.
TpTrace Information: 0 : 17500, 1, 2024/07/29, 12:17:19.019, 11779797887107, vstest.console.dll, TestRunRequest.ExecuteAsync: Started.
TpTrace Verbose: 0 : 17500, 1, 2024/07/29, 12:17:19.021, 11779797908807, vstest.console.dll, TestRunRequest.WaitForCompletion: Waiting with timeout -1.
TpTrace Verbose: 0 : 17500, 5, 2024/07/29, 12:17:19.022, 11779797915365, vstest.console.dll, ParallelProxyExecutionManager.StartTestRunOnConcurrentManager: Initializing uninitialized client. Started clients: 0
TpTrace Verbose: 0 : 17500, 5, 2024/07/29, 12:17:19.022, 11779797918966, vstest.console.dll, DataCollectionRequestSender.InitializeCommunication : Initialize communication. 
TpTrace Information: 0 : 17500, 5, 2024/07/29, 12:17:19.045, 11779798141277, vstest.console.dll, Listening on Endpoint : 127.0.0.1:63738
TpTrace Verbose: 0 : 17500, 5, 2024/07/29, 12:17:19.061, 11779798308043, vstest.console.dll, DotnetDataCollectionLauncher: Adding  --runtimeconfig "C:\Program Files\dotnet\sdk\8.0.300\datacollector.runtimeconfig.json" in args
TpTrace Verbose: 0 : 17500, 5, 2024/07/29, 12:17:19.062, 11779798313271, vstest.console.dll, DotnetDataCollectionLauncher: Adding  --depsfile "C:\Program Files\dotnet\sdk\8.0.300\datacollector.deps.json" in args
TpTrace Verbose: 0 : 17500, 5, 2024/07/29, 12:17:19.062, 11779798316975, vstest.console.dll, DotnetDataCollectionLauncher: Full path of dotnet.exe is C:\Program Files\dotnet\dotnet.exe
TpTrace Information: 0 : 17500, 5, 2024/07/29, 12:17:19.076, 11779798454539, vstest.console.dll, ProxyDataCollectionManager.Initialize: Launched datacollector processId: 10568 port: 63738
TpTrace Information: 0 : 17500, 5, 2024/07/29, 12:17:19.076, 11779798457269, vstest.console.dll, ProxyDataCollectionManager.Initialize: waiting for connection with timeout: 90 seconds
TpTrace Verbose: 0 : 17500, 5, 2024/07/29, 12:17:19.076, 11779798458775, vstest.console.dll, DataCollectionRequestSender.WaitForRequestHandlerConnection : Waiting for connection with timeout: 90000
TpTrace Information: 0 : 17500, 10, 2024/07/29, 12:17:19.500, 11779802692958, vstest.console.dll, Using the buffer size of 16384 bytes
TpTrace Verbose: 0 : 17500, 5, 2024/07/29, 12:17:19.500, 11779802693051, vstest.console.dll, SocketCommunicationManager.WaitForClientConnection took: 423 ms, with 90000 ms timeout, and finished with True.
TpTrace Information: 0 : 17500, 10, 2024/07/29, 12:17:19.500, 11779802695384, vstest.console.dll, Accepted Client request and set the flag
TpTrace Verbose: 0 : 17500, 5, 2024/07/29, 12:17:19.500, 11779802697504, vstest.console.dll, ProxyDataCollectionManager.InvokeDataCollectionServiceAction: Starting.
TpTrace Information: 0 : 17500, 5, 2024/07/29, 12:17:19.500, 11779802699747, vstest.console.dll, ProxyDataCollectionManager.BeforeTestRunStart: Get environment variable and port for datacollector processId: 10568 port: 63738
TpTrace Verbose: 0 : 17500, 5, 2024/07/29, 12:17:19.501, 11779802702511, vstest.console.dll, DataCollectionRequestSender.SendBeforeTestRunStartAndGetResult: Send BeforeTestRunStart message with settingsXml <RunSettings><RunConfiguration><ResultsDirectory>C:\Users\PC\Desktop\ExerciseSeleniumPOM\SwagLabsPOM\bin\Debug\net6.0\fine-code-coverage\coverage-tool-output</ResultsDirectory><TargetPlatform>X64</TargetPlatform><TargetFrameworkVersion>.NETCoreApp,Version=v6.0</TargetFrameworkVersion><DesignMode>False</DesignMode><CollectSourceInformation>False</CollectSourceInformation><TestAdaptersPaths>C:\Program Files\dotnet\sdk\8.0.300\Extensions</TestAdaptersPaths></RunConfiguration><LoggerRunSettings><Loggers><Logger friendlyName="blame" enabled="True" /><Logger friendlyName="Console" uri="logger://microsoft/TestPlatform/ConsoleLogger/v1" assemblyQualifiedName="Microsoft.VisualStudio.TestPlatform.CommandLine.Internal.ConsoleLogger, vstest.console, Version=15.0.0.0, Culture=neutral, PublicKeyToken=b03f5f7f11d50a3a" codeBase="C:\Program Files\dotnet\sdk\8.0.300\vstest.console.dll" enabled="True" /></Loggers></LoggerRunSettings><DataCollectionRunSettings><DataCollectors><DataCollector friendlyName="blame" enabled="True"><Configuration><ResultsDirectory>C:\Users\PC\Desktop\ExerciseSeleniumPOM\SwagLabsPOM\bin\Debug\net6.0\fine-code-coverage\coverage-tool-output</ResultsDirectory></Configuration></DataCollector></DataCollectors></DataCollectionRunSettings></RunSettings> and sources System.Collections.Generic.List`1[System.String]: 
TpTrace Verbose: 0 : 17500, 5, 2024/07/29, 12:17:19.675, 11779804446097, vstest.console.dll, DataCollectionRequestSender.SendBeforeTestRunStartAndGetResult: Received message: (DataCollection.SendMessage) -> {"MessageType":"DataCollection.SendMessage","Payload":{"FriendlyName":null,"Uri":null,"TestCaseId":"00000000-0000-0000-0000-000000000000","Message":"Logging DataCollector Diagnostics in file: C:\\Users\\PC\\Desktop\\ExerciseSeleniumPOM\\SwagLabsPOM\\bin\\Debug\\net6.0\\fine-code-coverage\\coverage-tool-output\\diagnostics.datacollector.24-07-29_12-17-19_06109_5.log","Level":0}}
TpTrace Verbose: 0 : 17500, 5, 2024/07/29, 12:17:19.864, 11779806337969, vstest.console.dll, DataCollectionRequestSender.SendBeforeTestRunStartAndGetResult: Received message: (DataCollection.BeforeTestRunStartResult) -> {"MessageType":"DataCollection.BeforeTestRunStartResult","Payload":{"EnvironmentVariables":{},"DataCollectionEventsPort":63740}}
TpTrace Information: 0 : 17500, 5, 2024/07/29, 12:17:19.875, 11779806448986, vstest.console.dll, ProxyDataCollectionManager.BeforeTestRunStart: SendBeforeTestRunStartAndGetResult successful, env variable from datacollector:   and testhost port: 63740
TpTrace Information: 0 : 17500, 5, 2024/07/29, 12:17:19.876, 11779806451198, vstest.console.dll, ProxyDataCollectionManager.InvokeDataCollectionServiceAction: Completed.
TpTrace Verbose: 0 : 17500, 5, 2024/07/29, 12:17:19.876, 11779806452742, vstest.console.dll, ParallelProxyExecutionManager.StartTestRunOnConcurrentManager: Initializing test run. Started clients: 0
TpTrace Verbose: 0 : 17500, 5, 2024/07/29, 12:17:19.876, 11779806455361, vstest.console.dll, ProxyExecutionManager: Test host is always Lazy initialize.
TpTrace Verbose: 0 : 17500, 5, 2024/07/29, 12:17:19.876, 11779806460817, vstest.console.dll, TestRequestSender.InitializeCommunication: initialize communication. 
TpTrace Information: 0 : 17500, 5, 2024/07/29, 12:17:19.878, 11779806475364, vstest.console.dll, SocketServer.Start: Listening on endpoint : 127.0.0.1:63741
TpTrace Verbose: 0 : 17500, 5, 2024/07/29, 12:17:19.880, 11779806492984, vstest.console.dll, DotnetTestHostmanager.GetTestHostProcessStartInfo: Platform environment 'X64' target architecture 'X64' framework '.NETCoreApp,Version=v6.0' OS 'Windows'
TpTrace Verbose: 0 : 17500, 5, 2024/07/29, 12:17:19.880, 11779806499171, vstest.console.dll, DotnetTestHostmanager: Adding  --runtimeconfig "C:\Users\PC\Desktop\ExerciseSeleniumPOM\SwagLabsPOM\bin\Debug\net6.0\fine-code-coverage\build-output\SwagLabsPOM.runtimeconfig.json" in args
TpTrace Verbose: 0 : 17500, 5, 2024/07/29, 12:17:19.881, 11779806503220, vstest.console.dll, DotnetTestHostmanager: Adding  --depsfile "C:\Users\PC\Desktop\ExerciseSeleniumPOM\SwagLabsPOM\bin\Debug\net6.0\fine-code-coverage\build-output\SwagLabsPOM.deps.json" in args
TpTrace Verbose: 0 : 17500, 5, 2024/07/29, 12:17:19.881, 11779806507941, vstest.console.dll, DotnetTestHostmanager.IsWinOnArm: Current PROCESSOR_ARCHITECTURE from environment variable 'AMD64'
TpTrace Verbose: 0 : 17500, 5, 2024/07/29, 12:17:19.881, 11779806510087, vstest.console.dll, DotnetTestHostmanager.IsWinOnArm: Is Windows on ARM 'False'
TpTrace Verbose: 0 : 17500, 5, 2024/07/29, 12:17:19.882, 11779806512734, vstest.console.dll, DotnetTestHostManager: testhost.exe found at path: C:\Users\PC\Desktop\ExerciseSeleniumPOM\SwagLabsPOM\bin\Debug\net6.0\fine-code-coverage\build-output\testhost.exe
TpTrace Verbose: 0 : 17500, 5, 2024/07/29, 12:17:19.882, 11779806514120, vstest.console.dll, DotnetTestHostmanager: Full path of host exe is C:\Users\PC\Desktop\ExerciseSeleniumPOM\SwagLabsPOM\bin\Debug\net6.0\fine-code-coverage\build-output\testhost.exe
TpTrace Verbose: 0 : 17500, 5, 2024/07/29, 12:17:19.882, 11779806518031, vstest.console.dll, DotnetTestHostmanager.LaunchTestHostAsync: Found 'VSTEST_WINAPPHOST_DOTNET_ROOT' in env variables, value 'C:\Program Files\dotnet', forwarding to 'DOTNET_ROOT'
TpTrace Verbose: 0 : 17500, 5, 2024/07/29, 12:17:19.883, 11779806522174, vstest.console.dll, DotnetTestHostManager: Starting process 'C:\Users\PC\Desktop\ExerciseSeleniumPOM\SwagLabsPOM\bin\Debug\net6.0\fine-code-coverage\build-output\testhost.exe' with command line ' --runtimeconfig "C:\Users\PC\Desktop\ExerciseSeleniumPOM\SwagLabsPOM\bin\Debug\net6.0\fine-code-coverage\build-output\SwagLabsPOM.runtimeconfig.json" --depsfile "C:\Users\PC\Desktop\ExerciseSeleniumPOM\SwagLabsPOM\bin\Debug\net6.0\fine-code-coverage\build-output\SwagLabsPOM.deps.json" --port 63741 --endpoint 127.0.0.1:063741 --role client --parentprocessid 17500 --diag "C:\Users\PC\Desktop\ExerciseSeleniumPOM\SwagLabsPOM\bin\Debug\net6.0\fine-code-coverage\coverage-tool-output\diagnostics.host.24-07-29_12-17-19_87936_5.log" --tracelevel 4 --datacollectionport 63740 --telemetryoptedin false'
TpTrace Verbose: 0 : 17500, 5, 2024/07/29, 12:17:19.900, 11779806693950, vstest.console.dll, MulticastDelegateUtilities.SafeInvoke: HostProviderEvents.OnHostLaunched: Invoking callback 1/2 for Microsoft.VisualStudio.TestPlatform.CrossPlatEngine.Client.ProxyExecutionManagerWithDataCollection., took 2 ms.
TpTrace Verbose: 0 : 17500, 5, 2024/07/29, 12:17:19.900, 11779806700334, vstest.console.dll, Test Runtime launched
TpTrace Verbose: 0 : 17500, 5, 2024/07/29, 12:17:19.901, 11779806703348, vstest.console.dll, MulticastDelegateUtilities.SafeInvoke: HostProviderEvents.OnHostLaunched: Invoking callback 2/2 for Microsoft.VisualStudio.TestPlatform.CrossPlatEngine.Client.ProxyOperationManager., took 0 ms.
TpTrace Verbose: 0 : 17500, 5, 2024/07/29, 12:17:19.901, 11779806706826, vstest.console.dll, TestRequestSender.WaitForRequestHandlerConnection: waiting for connection with timeout: 90000.
TpTrace Verbose: 0 : 17500, 5, 2024/07/29, 12:17:20.513, 11779812824781, vstest.console.dll, TestRequestSender.WaitForRequestHandlerConnection: waiting took 611 ms, with timeout 90000 ms, and result 0, which is success.
TpTrace Verbose: 0 : 17500, 12, 2024/07/29, 12:17:20.513, 11779812824819, vstest.console.dll, MulticastDelegateUtilities.SafeInvoke: SocketServer: ClientConnected: Invoking callback 1/1 for Microsoft.VisualStudio.TestPlatform.CommunicationUtilities.TestRequestSender., took 0 ms.
TpTrace Verbose: 0 : 17500, 12, 2024/07/29, 12:17:20.513, 11779812828811, vstest.console.dll, SocketServer.OnClientConnected: Client connected for endPoint: 127.0.0.1:63741, starting MessageLoopAsync:
TpTrace Verbose: 0 : 17500, 12, 2024/07/29, 12:17:20.514, 11779812839608, vstest.console.dll, TcpClientExtensions.MessageLoopAsync: Polling on remoteEndPoint: 127.0.0.1:63742 localEndPoint: 127.0.0.1:63741 after 0 ms
TpTrace Verbose: 0 : 17500, 5, 2024/07/29, 12:17:20.516, 11779812853034, vstest.console.dll, TestRequestSender.CheckVersionWithTestHost: Sending check version message: {"MessageType":"ProtocolVersion","Payload":7}
TpTrace Verbose: 0 : 17500, 12, 2024/07/29, 12:17:20.873, 11779816423137, vstest.console.dll, TcpClientExtensions.MessageLoopAsync: NotifyDataAvailable remoteEndPoint: 127.0.0.1:63742 localEndPoint: 127.0.0.1:63741
TpTrace Verbose: 0 : 17500, 12, 2024/07/29, 12:17:20.873, 11779816428870, vstest.console.dll, TestRequestSender.CheckVersionWithTestHost: onMessageReceived received message: (ProtocolVersion) -> {"MessageType":"ProtocolVersion","Payload":5}
TpTrace Verbose: 0 : 17500, 12, 2024/07/29, 12:17:20.875, 11779816448711, vstest.console.dll, MulticastDelegateUtilities.SafeInvoke: LengthPrefixCommunicationChannel: MessageReceived: Invoking callback 1/1 for Microsoft.VisualStudio.TestPlatform.CommunicationUtilities.TestRequestSender+<>c__DisplayClass29_0., took 2 ms.
TpTrace Verbose: 0 : 17500, 12, 2024/07/29, 12:17:20.876, 11779816451405, vstest.console.dll, TcpClientExtensions.MessageLoopAsync: Polling on remoteEndPoint: 127.0.0.1:63742 localEndPoint: 127.0.0.1:63741 after 360 ms
TpTrace Verbose: 0 : 17500, 5, 2024/07/29, 12:17:20.876, 11779816452116, vstest.console.dll, TestPluginCache.GetExtensionPaths: Filtered extension paths: 
TpTrace Verbose: 0 : 17500, 5, 2024/07/29, 12:17:20.876, 11779816453919, vstest.console.dll, TestPluginCache.GetExtensionPaths: Added default extension paths: C:\Program Files\dotnet\sdk\8.0.300\Extensions\Microsoft.Diagnostics.NETCore.Client.dll
C:\Program Files\dotnet\sdk\8.0.300\Extensions\Microsoft.TestPlatform.Extensions.BlameDataCollector.dll
C:\Program Files\dotnet\sdk\8.0.300\Extensions\Microsoft.TestPlatform.Extensions.EventLogCollector.dll
C:\Program Files\dotnet\sdk\8.0.300\Extensions\Microsoft.TestPlatform.TestHostRuntimeProvider.dll
C:\Program Files\dotnet\sdk\8.0.300\Extensions\Microsoft.VisualStudio.TestPlatform.Extensions.Html.TestLogger.dll
C:\Program Files\dotnet\sdk\8.0.300\Extensions\Microsoft.VisualStudio.TestPlatform.Extensions.Trx.TestLogger.dll
TpTrace Verbose: 0 : 17500, 5, 2024/07/29, 12:17:20.876, 11779816456548, vstest.console.dll, TestPluginCache.GetExtensionPaths: Added unfilterableExtensionPaths: 
TpTrace Verbose: 0 : 17500, 5, 2024/07/29, 12:17:20.884, 11779816535500, vstest.console.dll, TestRequestSender.InitializeExecution: Sending initialize execution with message: {"Version":5,"MessageType":"TestExecution.Initialize","Payload":["C:\\Users\\PC\\Desktop\\ExerciseSeleniumPOM\\SwagLabsPOM\\bin\\Debug\\net6.0\\fine-code-coverage\\build-output\\NUnit3.TestAdapter.dll"]}
TpTrace Verbose: 0 : 17500, 5, 2024/07/29, 12:17:20.885, 11779816541537, vstest.console.dll, ParallelProxyExecutionManager.StartTestRunOnConcurrentManager: Execution starting. Started clients: 1
TpTrace Verbose: 0 : 17500, 5, 2024/07/29, 12:17:20.885, 11779816549157, vstest.console.dll, TestRunRequest:SendTestRunMessage: Starting.
TpTrace Verbose: 0 : 17500, 5, 2024/07/29, 12:17:20.886, 11779816553569, vstest.console.dll, MulticastDelegateUtilities.SafeInvoke: TestRun.LogMessages: Invoking callback 1/1 for Microsoft.VisualStudio.TestPlatform.CommandLine.TestRunResultAggregator., took 0 ms.
TpTrace Information: 0 : 17500, 5, 2024/07/29, 12:17:20.886, 11779816555142, vstest.console.dll, TestRunRequest:SendTestRunMessage: Completed.
TpTrace Verbose: 0 : 17500, 4, 2024/07/29, 12:17:20.886, 11779816559609, vstest.console.dll, MulticastDelegateUtilities.SafeInvoke: InternalTestLoggerEvents.SendTestRunMessage: Invoking callback 1/1 for Microsoft.VisualStudio.TestPlatform.CommandLine.Internal.ConsoleLogger., took 0 ms.
TpTrace Warning: 0 : 17500, 5, 2024/07/29, 12:17:20.887, 11779816564567, vstest.console.dll, InferRunSettingsHelper.MakeRunsettingsCompatible: Removing the following settings: TargetPlatform from RunSettings file. To use those settings please move to latest version of Microsoft.NET.Test.Sdk
TpTrace Verbose: 0 : 17500, 12, 2024/07/29, 12:17:20.903, 11779816729826, vstest.console.dll, TcpClientExtensions.MessageLoopAsync: NotifyDataAvailable remoteEndPoint: 127.0.0.1:63742 localEndPoint: 127.0.0.1:63741
TpTrace Verbose: 0 : 17500, 12, 2024/07/29, 12:17:20.904, 11779816737905, vstest.console.dll, TestRequestSender.OnExecutionMessageReceived: Received message: {"Version":5,"MessageType":"TestSession.Message","Payload":{"MessageLevel":0,"Message":"Logging TestHost Diagnostics in file: C:\\Users\\PC\\Desktop\\ExerciseSeleniumPOM\\SwagLabsPOM\\bin\\Debug\\net6.0\\fine-code-coverage\\coverage-tool-output\\diagnostics.host.24-07-29_12-17-19_87936_5.log"}}
TpTrace Verbose: 0 : 17500, 5, 2024/07/29, 12:17:20.906, 11779816758751, vstest.console.dll, TestRequestSender.StartTestRun: Sending test run with message: {"Version":5,"MessageType":"TestExecution.StartWithSources","Payload":{"AdapterSourceMap":{"_none_":["C:\\Users\\PC\\Desktop\\ExerciseSeleniumPOM\\SwagLabsPOM\\bin\\Debug\\net6.0\\fine-code-coverage\\build-output\\SwagLabsPOM.dll"]},"RunSettings":"<RunSettings>\r\n  <RunConfiguration>\r\n    <ResultsDirectory>C:\\Users\\PC\\Desktop\\ExerciseSeleniumPOM\\SwagLabsPOM\\bin\\Debug\\net6.0\\fine-code-coverage\\coverage-tool-output</ResultsDirectory>\r\n    <TargetFrameworkVersion>.NETCoreApp,Version=v6.0</TargetFrameworkVersion>\r\n    <DesignMode>False</DesignMode>\r\n    <CollectSourceInformation>False</CollectSourceInformation>\r\n  </RunConfiguration>\r\n  <LoggerRunSettings>\r\n    <Loggers>\r\n      <Logger friendlyName=\"blame\" enabled=\"True\" />\r\n      <Logger friendlyName=\"Console\" uri=\"logger://microsoft/TestPlatform/ConsoleLogger/v1\" assemblyQualifiedName=\"Microsoft.VisualStudio.TestPlatform.CommandLine.Internal.ConsoleLogger, vstest.console, Version=15.0.0.0, Culture=neutral, PublicKeyToken=b03f5f7f11d50a3a\" codeBase=\"C:\\Program Files\\dotnet\\sdk\\8.0.300\\vstest.console.dll\" enabled=\"True\" />\r\n    </Loggers>\r\n  </LoggerRunSettings>\r\n  <DataCollectionRunSettings>\r\n    <DataCollectors>\r\n      <DataCollector friendlyName=\"blame\" enabled=\"True\">\r\n        <Configuration>\r\n          <ResultsDirectory>C:\\Users\\PC\\Desktop\\ExerciseSeleniumPOM\\SwagLabsPOM\\bin\\Debug\\net6.0\\fine-code-coverage\\coverage-tool-output</ResultsDirectory>\r\n        </Configuration>\r\n      </DataCollector>\r\n    </DataCollectors>\r\n  </DataCollectionRunSettings>\r\n</RunSettings>","TestExecutionContext":{"FrequencyOfRunStatsChangeEvent":10,"RunStatsChangeEventTimeout":"00:00:01.5000000","InIsolation":false,"KeepAlive":false,"AreTestCaseLevelEventsRequired":false,"IsDebug":false,"TestCaseFilter":null,"FilterOptions":null},"Package":null}}
TpTrace Verbose: 0 : 17500, 5, 2024/07/29, 12:17:20.907, 11779816763374, vstest.console.dll, ParallelProxyExecutionManager.StartTestRunOnConcurrentManager: Execution started. Started clients: 1
TpTrace Verbose: 0 : 17500, 12, 2024/07/29, 12:17:20.911, 11779816808437, vstest.console.dll, TestRunRequest:SendTestRunMessage: Starting.
TpTrace Verbose: 0 : 17500, 12, 2024/07/29, 12:17:20.912, 11779816811333, vstest.console.dll, MulticastDelegateUtilities.SafeInvoke: TestRun.LogMessages: Invoking callback 1/1 for Microsoft.VisualStudio.TestPlatform.CommandLine.TestRunResultAggregator., took 0 ms.
TpTrace Verbose: 0 : 17500, 4, 2024/07/29, 12:17:20.912, 11779816811361, vstest.console.dll, MulticastDelegateUtilities.SafeInvoke: InternalTestLoggerEvents.SendTestRunMessage: Invoking callback 1/1 for Microsoft.VisualStudio.TestPlatform.CommandLine.Internal.ConsoleLogger., took 0 ms.
TpTrace Information: 0 : 17500, 12, 2024/07/29, 12:17:20.912, 11779816812766, vstest.console.dll, TestRunRequest:SendTestRunMessage: Completed.
TpTrace Verbose: 0 : 17500, 12, 2024/07/29, 12:17:20.912, 11779816815366, vstest.console.dll, MulticastDelegateUtilities.SafeInvoke: LengthPrefixCommunicationChannel: MessageReceived: Invoking callback 1/1 for Microsoft.VisualStudio.TestPlatform.CommunicationUtilities.TestRequestSender+<>c__DisplayClass34_0., took 8 ms.
TpTrace Verbose: 0 : 17500, 12, 2024/07/29, 12:17:20.912, 11779816816655, vstest.console.dll, TcpClientExtensions.MessageLoopAsync: Polling on remoteEndPoint: 127.0.0.1:63742 localEndPoint: 127.0.0.1:63741 after 36 ms
TpTrace Verbose: 0 : 17500, 12, 2024/07/29, 12:17:21.314, 11779820839389, vstest.console.dll, TcpClientExtensions.MessageLoopAsync: NotifyDataAvailable remoteEndPoint: 127.0.0.1:63742 localEndPoint: 127.0.0.1:63741
TpTrace Verbose: 0 : 17500, 12, 2024/07/29, 12:17:21.315, 11779820842380, vstest.console.dll, TestRequestSender.OnExecutionMessageReceived: Received message: {"Version":5,"MessageType":"TestSession.Message","Payload":{"MessageLevel":0,"Message":"NUnit Adapter 4.2.0.0: Test execution started"}}
TpTrace Verbose: 0 : 17500, 12, 2024/07/29, 12:17:21.315, 11779820846724, vstest.console.dll, TestRunRequest:SendTestRunMessage: Starting.
TpTrace Verbose: 0 : 17500, 12, 2024/07/29, 12:17:21.315, 11779820848699, vstest.console.dll, MulticastDelegateUtilities.SafeInvoke: TestRun.LogMessages: Invoking callback 1/1 for Microsoft.VisualStudio.TestPlatform.CommandLine.TestRunResultAggregator., took 0 ms.
TpTrace Verbose: 0 : 17500, 4, 2024/07/29, 12:17:21.315, 11779820849047, vstest.console.dll, MulticastDelegateUtilities.SafeInvoke: InternalTestLoggerEvents.SendTestRunMessage: Invoking callback 1/1 for Microsoft.VisualStudio.TestPlatform.CommandLine.Internal.ConsoleLogger., took 0 ms.
TpTrace Information: 0 : 17500, 12, 2024/07/29, 12:17:21.315, 11779820849758, vstest.console.dll, TestRunRequest:SendTestRunMessage: Completed.
TpTrace Verbose: 0 : 17500, 12, 2024/07/29, 12:17:21.316, 11779820852289, vstest.console.dll, MulticastDelegateUtilities.SafeInvoke: LengthPrefixCommunicationChannel: MessageReceived: Invoking callback 1/1 for Microsoft.VisualStudio.TestPlatform.CommunicationUtilities.TestRequestSender+<>c__DisplayClass34_0., took 0 ms.
TpTrace Verbose: 0 : 17500, 12, 2024/07/29, 12:17:21.316, 11779820854597, vstest.console.dll, TcpClientExtensions.MessageLoopAsync: Polling on remoteEndPoint: 127.0.0.1:63742 localEndPoint: 127.0.0.1:63741 after 403 ms
TpTrace Verbose: 0 : 17500, 12, 2024/07/29, 12:17:21.370, 11779821399376, vstest.console.dll, TcpClientExtensions.MessageLoopAsync: NotifyDataAvailable remoteEndPoint: 127.0.0.1:63742 localEndPoint: 127.0.0.1:63741
TpTrace Verbose: 0 : 17500, 12, 2024/07/29, 12:17:21.371, 11779821401973, vstest.console.dll, TestRequestSender.OnExecutionMessageReceived: Received message: {"Version":5,"MessageType":"TestSession.Message","Payload":{"MessageLevel":0,"Message":"Running all tests in C:\\Users\\PC\\Desktop\\ExerciseSeleniumPOM\\SwagLabsPOM\\bin\\Debug\\net6.0\\fine-code-coverage\\build-output\\SwagLabsPOM.dll"}}
TpTrace Verbose: 0 : 17500, 12, 2024/07/29, 12:17:21.371, 11779821404760, vstest.console.dll, TestRunRequest:SendTestRunMessage: Starting.
TpTrace Verbose: 0 : 17500, 12, 2024/07/29, 12:17:21.371, 11779821406779, vstest.console.dll, MulticastDelegateUtilities.SafeInvoke: TestRun.LogMessages: Invoking callback 1/1 for Microsoft.VisualStudio.TestPlatform.CommandLine.TestRunResultAggregator., took 0 ms.
TpTrace Information: 0 : 17500, 12, 2024/07/29, 12:17:21.371, 11779821408002, vstest.console.dll, TestRunRequest:SendTestRunMessage: Completed.
TpTrace Verbose: 0 : 17500, 12, 2024/07/29, 12:17:21.371, 11779821409303, vstest.console.dll, MulticastDelegateUtilities.SafeInvoke: LengthPrefixCommunicationChannel: MessageReceived: Invoking callback 1/1 for Microsoft.VisualStudio.TestPlatform.CommunicationUtilities.TestRequestSender+<>c__DisplayClass34_0., took 0 ms.
TpTrace Verbose: 0 : 17500, 12, 2024/07/29, 12:17:21.371, 11779821410499, vstest.console.dll, TcpClientExtensions.MessageLoopAsync: Polling on remoteEndPoint: 127.0.0.1:63742 localEndPoint: 127.0.0.1:63741 after 55 ms
TpTrace Verbose: 0 : 17500, 4, 2024/07/29, 12:17:21.371, 11779821410723, vstest.console.dll, MulticastDelegateUtilities.SafeInvoke: InternalTestLoggerEvents.SendTestRunMessage: Invoking callback 1/1 for Microsoft.VisualStudio.TestPlatform.CommandLine.Internal.ConsoleLogger., took 0 ms.
TpTrace Verbose: 0 : 17500, 12, 2024/07/29, 12:17:21.717, 11779824865648, vstest.console.dll, TcpClientExtensions.MessageLoopAsync: NotifyDataAvailable remoteEndPoint: 127.0.0.1:63742 localEndPoint: 127.0.0.1:63741
TpTrace Verbose: 0 : 17500, 12, 2024/07/29, 12:17:21.717, 11779824868486, vstest.console.dll, TestRequestSender.OnExecutionMessageReceived: Received message: {"Version":5,"MessageType":"TestSession.Message","Payload":{"MessageLevel":0,"Message":"   NUnit3TestExecutor discovered 14 of 14 NUnit test cases using Current Discovery mode, Non-Explicit run"}}
TpTrace Verbose: 0 : 17500, 12, 2024/07/29, 12:17:21.718, 11779824871012, vstest.console.dll, TestRunRequest:SendTestRunMessage: Starting.
TpTrace Verbose: 0 : 17500, 12, 2024/07/29, 12:17:21.718, 11779824872510, vstest.console.dll, MulticastDelegateUtilities.SafeInvoke: TestRun.LogMessages: Invoking callback 1/1 for Microsoft.VisualStudio.TestPlatform.CommandLine.TestRunResultAggregator., took 0 ms.
TpTrace Verbose: 0 : 17500, 4, 2024/07/29, 12:17:21.718, 11779824872815, vstest.console.dll, MulticastDelegateUtilities.SafeInvoke: InternalTestLoggerEvents.SendTestRunMessage: Invoking callback 1/1 for Microsoft.VisualStudio.TestPlatform.CommandLine.Internal.ConsoleLogger., took 0 ms.
TpTrace Information: 0 : 17500, 12, 2024/07/29, 12:17:21.718, 11779824873472, vstest.console.dll, TestRunRequest:SendTestRunMessage: Completed.
TpTrace Verbose: 0 : 17500, 12, 2024/07/29, 12:17:21.718, 11779824875579, vstest.console.dll, MulticastDelegateUtilities.SafeInvoke: LengthPrefixCommunicationChannel: MessageReceived: Invoking callback 1/1 for Microsoft.VisualStudio.TestPlatform.CommunicationUtilities.TestRequestSender+<>c__DisplayClass34_0., took 0 ms.
TpTrace Verbose: 0 : 17500, 12, 2024/07/29, 12:17:21.718, 11779824876577, vstest.console.dll, TcpClientExtensions.MessageLoopAsync: Polling on remoteEndPoint: 127.0.0.1:63742 localEndPoint: 127.0.0.1:63741 after 346 ms
TpTrace Verbose: 0 : 17500, 12, 2024/07/29, 12:17:22.693, 11779834622621, vstest.console.dll, TcpClientExtensions.MessageLoopAsync: NotifyDataAvailable remoteEndPoint: 127.0.0.1:63742 localEndPoint: 127.0.0.1:63741
TpTrace Verbose: 0 : 17500, 12, 2024/07/29, 12:17:22.693, 11779834626187, vstest.console.dll, TestRequestSender.OnExecutionMessageReceived: Received message: {"Version":5,"MessageType":"TestExecution.StatsChange","Payload":{"NewTestResults":[],"TestRunStatistics":{"ExecutedTests":0,"Stats":{}},"ActiveTests":[{"Id":"53534a19-f071-b762-09d7-a34ea911b822","FullyQualifiedName":"SwagLabsPOM.Tests.CartPageTests.TestCartItemDisplayed","DisplayName":"TestCartItemDisplayed","ExecutorUri":"executor://NUnit3TestExecutor","Source":"C:\\Users\\PC\\Desktop\\ExerciseSeleniumPOM\\SwagLabsPOM\\bin\\Debug\\net6.0\\fine-code-coverage\\build-output\\SwagLabsPOM.dll","CodeFilePath":null,"LineNumber":0,"Properties":[{"Key":{"Id":"NUnit.Seed","Label":"Seed","Category":"","Description":"","Attributes":0,"ValueType":"System.String"},"Value":"1298775245"}]}]}}
TpTrace Verbose: 0 : 17500, 12, 2024/07/29, 12:17:22.743, 11779835129999, vstest.console.dll, TestRunRequest:SendTestRunStatsChange: Starting.
TpTrace Verbose: 0 : 17500, 12, 2024/07/29, 12:17:22.744, 11779835133122, vstest.console.dll, InProgress is TestCartItemDisplayed
TpTrace Verbose: 0 : 17500, 12, 2024/07/29, 12:17:22.744, 11779835135740, vstest.console.dll, MulticastDelegateUtilities.SafeInvoke: TestRun.RunStatsChanged: Invoking callbacks was skipped because there are no subscribers.
TpTrace Information: 0 : 17500, 12, 2024/07/29, 12:17:22.744, 11779835136829, vstest.console.dll, TestRunRequest:SendTestRunStatsChange: Completed.
TpTrace Verbose: 0 : 17500, 12, 2024/07/29, 12:17:22.744, 11779835138106, vstest.console.dll, MulticastDelegateUtilities.SafeInvoke: LengthPrefixCommunicationChannel: MessageReceived: Invoking callback 1/1 for Microsoft.VisualStudio.TestPlatform.CommunicationUtilities.TestRequestSender+<>c__DisplayClass34_0., took 51 ms.
TpTrace Verbose: 0 : 17500, 12, 2024/07/29, 12:17:22.744, 11779835139034, vstest.console.dll, TcpClientExtensions.MessageLoopAsync: Polling on remoteEndPoint: 127.0.0.1:63742 localEndPoint: 127.0.0.1:63741 after 1026 ms
TpTrace Verbose: 0 : 17500, 12, 2024/07/29, 12:17:23.752, 11779845214607, vstest.console.dll, TcpClientExtensions.MessageLoopAsync: Polling on remoteEndPoint: 127.0.0.1:63742 localEndPoint: 127.0.0.1:63741 after 1007 ms
TpTrace Verbose: 0 : 17500, 12, 2024/07/29, 12:17:24.755, 11779855244697, vstest.console.dll, TcpClientExtensions.MessageLoopAsync: Polling on remoteEndPoint: 127.0.0.1:63742 localEndPoint: 127.0.0.1:63741 after 1002 ms
TpTrace Verbose: 0 : 17500, 12, 2024/07/29, 12:17:25.771, 11779865404193, vstest.console.dll, TcpClientExtensions.MessageLoopAsync: Polling on remoteEndPoint: 127.0.0.1:63742 localEndPoint: 127.0.0.1:63741 after 1015 ms
TpTrace Verbose: 0 : 17500, 12, 2024/07/29, 12:17:26.773, 11779875429617, vstest.console.dll, TcpClientExtensions.MessageLoopAsync: Polling on remoteEndPoint: 127.0.0.1:63742 localEndPoint: 127.0.0.1:63741 after 1002 ms
TpTrace Verbose: 0 : 17500, 12, 2024/07/29, 12:17:27.778, 11779885474366, vstest.console.dll, TcpClientExtensions.MessageLoopAsync: Polling on remoteEndPoint: 127.0.0.1:63742 localEndPoint: 127.0.0.1:63741 after 1004 ms
TpTrace Verbose: 0 : 17500, 12, 2024/07/29, 12:17:27.780, 11779885497312, vstest.console.dll, TcpClientExtensions.MessageLoopAsync: NotifyDataAvailable remoteEndPoint: 127.0.0.1:63742 localEndPoint: 127.0.0.1:63741
TpTrace Verbose: 0 : 17500, 12, 2024/07/29, 12:17:27.780, 11779885500850, vstest.console.dll, TestRequestSender.OnExecutionMessageReceived: Received message: {"Version":5,"MessageType":"TestExecution.StatsChange","Payload":{"NewTestResults":[{"TestCase":{"Id":"53534a19-f071-b762-09d7-a34ea911b822","FullyQualifiedName":"SwagLabsPOM.Tests.CartPageTests.TestCartItemDisplayed","DisplayName":"TestCartItemDisplayed","ExecutorUri":"executor://NUnit3TestExecutor","Source":"C:\\Users\\PC\\Desktop\\ExerciseSeleniumPOM\\SwagLabsPOM\\bin\\Debug\\net6.0\\fine-code-coverage\\build-output\\SwagLabsPOM.dll","CodeFilePath":null,"LineNumber":0,"Properties":[{"Key":{"Id":"NUnit.Seed","Label":"Seed","Category":"","Description":"","Attributes":0,"ValueType":"System.String"},"Value":"1298775245"}]},"Attachments":[],"Outcome":1,"ErrorMessage":null,"ErrorStackTrace":null,"DisplayName":"TestCartItemDisplayed","Messages":[],"ComputerName":"DESKTOP-78QNQ9Q","Duration":"00:00:05.9013420","StartTime":"2024-07-29T09:17:21.7894271+00:00","EndTime":"2024-07-29T09:17:27.6905608+00:00","Properties":[{"Key":{"Id":"NUnit.Seed","Label":"Seed","Category":"","Description":"","Attributes":0,"ValueType":"System.String"},"Value":"1298775245"}]}],"TestRunStatistics":{"ExecutedTests":1,"Stats":{"Passed":1}},"ActiveTests":[{"Id":"d91c1cc5-a50c-b564-f113-a750416444a4","FullyQualifiedName":"SwagLabsPOM.Tests.CartPageTests.TestClickCheckout","DisplayName":"TestClickCheckout","ExecutorUri":"executor://NUnit3TestExecutor","Source":"C:\\Users\\PC\\Desktop\\ExerciseSeleniumPOM\\SwagLabsPOM\\bin\\Debug\\net6.0\\fine-code-coverage\\build-output\\SwagLabsPOM.dll","CodeFilePath":null,"LineNumber":0,"Properties":[{"Key":{"Id":"NUnit.Seed","Label":"Seed","Category":"","Description":"","Attributes":0,"ValueType":"System.String"},"Value":"1593319212"}]}]}}
TpTrace Verbose: 0 : 17500, 12, 2024/07/29, 12:17:27.800, 11779885694597, vstest.console.dll, TestRunRequest:SendTestRunStatsChange: Starting.
TpTrace Verbose: 0 : 17500, 12, 2024/07/29, 12:17:27.800, 11779885696048, vstest.console.dll, InProgress is TestClickCheckout
TpTrace Verbose: 0 : 17500, 12, 2024/07/29, 12:17:27.800, 11779885699798, vstest.console.dll, MulticastDelegateUtilities.SafeInvoke: TestRun.RunStatsChanged: Invoking callbacks was skipped because there are no subscribers.
TpTrace Information: 0 : 17500, 12, 2024/07/29, 12:17:27.800, 11779885700706, vstest.console.dll, TestRunRequest:SendTestRunStatsChange: Completed.
TpTrace Verbose: 0 : 17500, 12, 2024/07/29, 12:17:27.801, 11779885701635, vstest.console.dll, MulticastDelegateUtilities.SafeInvoke: LengthPrefixCommunicationChannel: MessageReceived: Invoking callback 1/1 for Microsoft.VisualStudio.TestPlatform.CommunicationUtilities.TestRequestSender+<>c__DisplayClass34_0., took 20 ms.
TpTrace Verbose: 0 : 17500, 12, 2024/07/29, 12:17:27.801, 11779885702553, vstest.console.dll, TcpClientExtensions.MessageLoopAsync: Polling on remoteEndPoint: 127.0.0.1:63742 localEndPoint: 127.0.0.1:63741 after 22 ms
TpTrace Verbose: 0 : 17500, 4, 2024/07/29, 12:17:27.806, 11779885751312, vstest.console.dll, MulticastDelegateUtilities.SafeInvoke: InternalTestLoggerEvents.SendTestResult: Invoking callback 1/1 for Microsoft.VisualStudio.TestPlatform.CommandLine.Internal.ConsoleLogger., took 5 ms.
TpTrace Verbose: 0 : 17500, 12, 2024/07/29, 12:17:28.810, 11779895794442, vstest.console.dll, TcpClientExtensions.MessageLoopAsync: Polling on remoteEndPoint: 127.0.0.1:63742 localEndPoint: 127.0.0.1:63741 after 1009 ms
TpTrace Verbose: 0 : 17500, 12, 2024/07/29, 12:17:29.812, 11779905814455, vstest.console.dll, TcpClientExtensions.MessageLoopAsync: Polling on remoteEndPoint: 127.0.0.1:63742 localEndPoint: 127.0.0.1:63741 after 1001 ms
TpTrace Verbose: 0 : 17500, 12, 2024/07/29, 12:17:30.812, 11779915814847, vstest.console.dll, TcpClientExtensions.MessageLoopAsync: Polling on remoteEndPoint: 127.0.0.1:63742 localEndPoint: 127.0.0.1:63741 after 999 ms
TpTrace Verbose: 0 : 17500, 12, 2024/07/29, 12:17:31.817, 11779925868601, vstest.console.dll, TcpClientExtensions.MessageLoopAsync: Polling on remoteEndPoint: 127.0.0.1:63742 localEndPoint: 127.0.0.1:63741 after 1004 ms
TpTrace Verbose: 0 : 17500, 12, 2024/07/29, 12:17:32.824, 11779935934554, vstest.console.dll, TcpClientExtensions.MessageLoopAsync: Polling on remoteEndPoint: 127.0.0.1:63742 localEndPoint: 127.0.0.1:63741 after 1006 ms
TpTrace Verbose: 0 : 17500, 12, 2024/07/29, 12:17:32.982, 11779937512778, vstest.console.dll, TcpClientExtensions.MessageLoopAsync: NotifyDataAvailable remoteEndPoint: 127.0.0.1:63742 localEndPoint: 127.0.0.1:63741
TpTrace Verbose: 0 : 17500, 12, 2024/07/29, 12:17:32.982, 11779937517854, vstest.console.dll, TestRequestSender.OnExecutionMessageReceived: Received message: {"Version":5,"MessageType":"TestExecution.StatsChange","Payload":{"NewTestResults":[{"TestCase":{"Id":"d91c1cc5-a50c-b564-f113-a750416444a4","FullyQualifiedName":"SwagLabsPOM.Tests.CartPageTests.TestClickCheckout","DisplayName":"TestClickCheckout","ExecutorUri":"executor://NUnit3TestExecutor","Source":"C:\\Users\\PC\\Desktop\\ExerciseSeleniumPOM\\SwagLabsPOM\\bin\\Debug\\net6.0\\fine-code-coverage\\build-output\\SwagLabsPOM.dll","CodeFilePath":null,"LineNumber":0,"Properties":[{"Key":{"Id":"NUnit.Seed","Label":"Seed","Category":"","Description":"","Attributes":0,"ValueType":"System.String"},"Value":"1593319212"}]},"Attachments":[],"Outcome":1,"ErrorMessage":null,"ErrorStackTrace":null,"DisplayName":"TestClickCheckout","Messages":[],"ComputerName":"DESKTOP-78QNQ9Q","Duration":"00:00:05.2786010","StartTime":"2024-07-29T09:17:27.6950016+00:00","EndTime":"2024-07-29T09:17:32.9735938+00:00","Properties":[{"Key":{"Id":"NUnit.Seed","Label":"Seed","Category":"","Description":"","Attributes":0,"ValueType":"System.String"},"Value":"1593319212"}]}],"TestRunStatistics":{"ExecutedTests":2,"Stats":{"Passed":2}},"ActiveTests":[{"Id":"53b213c6-f668-168f-1042-82ce6ab214ac","FullyQualifiedName":"SwagLabsPOM.Tests.CheckoutTests.TestCheckoutPageLoaded","DisplayName":"TestCheckoutPageLoaded","ExecutorUri":"executor://NUnit3TestExecutor","Source":"C:\\Users\\PC\\Desktop\\ExerciseSeleniumPOM\\SwagLabsPOM\\bin\\Debug\\net6.0\\fine-code-coverage\\build-output\\SwagLabsPOM.dll","CodeFilePath":null,"LineNumber":0,"Properties":[{"Key":{"Id":"NUnit.Seed","Label":"Seed","Category":"","Description":"","Attributes":0,"ValueType":"System.String"},"Value":"821989739"}]}]}}
TpTrace Verbose: 0 : 17500, 12, 2024/07/29, 12:17:32.985, 11779937543485, vstest.console.dll, TestRunRequest:SendTestRunStatsChange: Starting.
TpTrace Verbose: 0 : 17500, 12, 2024/07/29, 12:17:32.985, 11779937544678, vstest.console.dll, InProgress is TestCheckoutPageLoaded
TpTrace Verbose: 0 : 17500, 12, 2024/07/29, 12:17:32.985, 11779937545696, vstest.console.dll, MulticastDelegateUtilities.SafeInvoke: TestRun.RunStatsChanged: Invoking callbacks was skipped because there are no subscribers.
TpTrace Information: 0 : 17500, 12, 2024/07/29, 12:17:32.985, 11779937546388, vstest.console.dll, TestRunRequest:SendTestRunStatsChange: Completed.
TpTrace Verbose: 0 : 17500, 12, 2024/07/29, 12:17:32.985, 11779937547070, vstest.console.dll, MulticastDelegateUtilities.SafeInvoke: LengthPrefixCommunicationChannel: MessageReceived: Invoking callback 1/1 for Microsoft.VisualStudio.TestPlatform.CommunicationUtilities.TestRequestSender+<>c__DisplayClass34_0., took 2 ms.
TpTrace Verbose: 0 : 17500, 12, 2024/07/29, 12:17:32.985, 11779937547834, vstest.console.dll, TcpClientExtensions.MessageLoopAsync: Polling on remoteEndPoint: 127.0.0.1:63742 localEndPoint: 127.0.0.1:63741 after 161 ms
TpTrace Verbose: 0 : 17500, 4, 2024/07/29, 12:17:32.986, 11779937552348, vstest.console.dll, MulticastDelegateUtilities.SafeInvoke: InternalTestLoggerEvents.SendTestResult: Invoking callback 1/1 for Microsoft.VisualStudio.TestPlatform.CommandLine.Internal.ConsoleLogger., took 0 ms.
TpTrace Verbose: 0 : 17500, 12, 2024/07/29, 12:17:33.986, 11779947554333, vstest.console.dll, TcpClientExtensions.MessageLoopAsync: Polling on remoteEndPoint: 127.0.0.1:63742 localEndPoint: 127.0.0.1:63741 after 1000 ms
TpTrace Verbose: 0 : 17500, 12, 2024/07/29, 12:17:34.992, 11779957615802, vstest.console.dll, TcpClientExtensions.MessageLoopAsync: Polling on remoteEndPoint: 127.0.0.1:63742 localEndPoint: 127.0.0.1:63741 after 1005 ms
TpTrace Verbose: 0 : 17500, 12, 2024/07/29, 12:17:35.996, 11779967654323, vstest.console.dll, TcpClientExtensions.MessageLoopAsync: Polling on remoteEndPoint: 127.0.0.1:63742 localEndPoint: 127.0.0.1:63741 after 1003 ms
TpTrace Verbose: 0 : 17500, 12, 2024/07/29, 12:17:36.999, 11779977684332, vstest.console.dll, TcpClientExtensions.MessageLoopAsync: Polling on remoteEndPoint: 127.0.0.1:63742 localEndPoint: 127.0.0.1:63741 after 1002 ms
TpTrace Verbose: 0 : 17500, 12, 2024/07/29, 12:17:37.871, 11779986404554, vstest.console.dll, TcpClientExtensions.MessageLoopAsync: NotifyDataAvailable remoteEndPoint: 127.0.0.1:63742 localEndPoint: 127.0.0.1:63741
TpTrace Verbose: 0 : 17500, 12, 2024/07/29, 12:17:37.871, 11779986407103, vstest.console.dll, TestRequestSender.OnExecutionMessageReceived: Received message: {"Version":5,"MessageType":"TestExecution.StatsChange","Payload":{"NewTestResults":[{"TestCase":{"Id":"53b213c6-f668-168f-1042-82ce6ab214ac","FullyQualifiedName":"SwagLabsPOM.Tests.CheckoutTests.TestCheckoutPageLoaded","DisplayName":"TestCheckoutPageLoaded","ExecutorUri":"executor://NUnit3TestExecutor","Source":"C:\\Users\\PC\\Desktop\\ExerciseSeleniumPOM\\SwagLabsPOM\\bin\\Debug\\net6.0\\fine-code-coverage\\build-output\\SwagLabsPOM.dll","CodeFilePath":null,"LineNumber":0,"Properties":[{"Key":{"Id":"NUnit.Seed","Label":"Seed","Category":"","Description":"","Attributes":0,"ValueType":"System.String"},"Value":"821989739"}]},"Attachments":[],"Outcome":1,"ErrorMessage":null,"ErrorStackTrace":null,"DisplayName":"TestCheckoutPageLoaded","Messages":[],"ComputerName":"DESKTOP-78QNQ9Q","Duration":"00:00:04.8839250","StartTime":"2024-07-29T09:17:32.9809267+00:00","EndTime":"2024-07-29T09:17:37.8648518+00:00","Properties":[{"Key":{"Id":"NUnit.Seed","Label":"Seed","Category":"","Description":"","Attributes":0,"ValueType":"System.String"},"Value":"821989739"}]}],"TestRunStatistics":{"ExecutedTests":3,"Stats":{"Passed":3}},"ActiveTests":[{"Id":"0976f7bd-ff1b-a1eb-a2e7-3c329af4a0ef","FullyQualifiedName":"SwagLabsPOM.Tests.CheckoutTests.TestCompleteOrder","DisplayName":"TestCompleteOrder","ExecutorUri":"executor://NUnit3TestExecutor","Source":"C:\\Users\\PC\\Desktop\\ExerciseSeleniumPOM\\SwagLabsPOM\\bin\\Debug\\net6.0\\fine-code-coverage\\build-output\\SwagLabsPOM.dll","CodeFilePath":null,"LineNumber":0,"Properties":[{"Key":{"Id":"NUnit.Seed","Label":"Seed","Category":"","Description":"","Attributes":0,"ValueType":"System.String"},"Value":"374813929"}]}]}}
TpTrace Verbose: 0 : 17500, 12, 2024/07/29, 12:17:37.872, 11779986416847, vstest.console.dll, TestRunRequest:SendTestRunStatsChange: Starting.
TpTrace Verbose: 0 : 17500, 12, 2024/07/29, 12:17:37.872, 11779986417894, vstest.console.dll, InProgress is TestCompleteOrder
TpTrace Verbose: 0 : 17500, 12, 2024/07/29, 12:17:37.872, 11779986418837, vstest.console.dll, MulticastDelegateUtilities.SafeInvoke: TestRun.RunStatsChanged: Invoking callbacks was skipped because there are no subscribers.
TpTrace Information: 0 : 17500, 12, 2024/07/29, 12:17:37.872, 11779986419510, vstest.console.dll, TestRunRequest:SendTestRunStatsChange: Completed.
TpTrace Verbose: 0 : 17500, 12, 2024/07/29, 12:17:37.872, 11779986420155, vstest.console.dll, MulticastDelegateUtilities.SafeInvoke: LengthPrefixCommunicationChannel: MessageReceived: Invoking callback 1/1 for Microsoft.VisualStudio.TestPlatform.CommunicationUtilities.TestRequestSender+<>c__DisplayClass34_0., took 1 ms.
TpTrace Verbose: 0 : 17500, 12, 2024/07/29, 12:17:37.873, 11779986420981, vstest.console.dll, TcpClientExtensions.MessageLoopAsync: Polling on remoteEndPoint: 127.0.0.1:63742 localEndPoint: 127.0.0.1:63741 after 873 ms
TpTrace Verbose: 0 : 17500, 4, 2024/07/29, 12:17:37.872, 11779986420787, vstest.console.dll, MulticastDelegateUtilities.SafeInvoke: InternalTestLoggerEvents.SendTestResult: Invoking callback 1/1 for Microsoft.VisualStudio.TestPlatform.CommandLine.Internal.ConsoleLogger., took 0 ms.
TpTrace Verbose: 0 : 17500, 12, 2024/07/29, 12:17:38.880, 11779996494195, vstest.console.dll, TcpClientExtensions.MessageLoopAsync: Polling on remoteEndPoint: 127.0.0.1:63742 localEndPoint: 127.0.0.1:63741 after 1007 ms
TpTrace Verbose: 0 : 17500, 12, 2024/07/29, 12:17:39.882, 11780006514440, vstest.console.dll, TcpClientExtensions.MessageLoopAsync: Polling on remoteEndPoint: 127.0.0.1:63742 localEndPoint: 127.0.0.1:63741 after 1001 ms
TpTrace Verbose: 0 : 17500, 12, 2024/07/29, 12:17:40.883, 11780016524859, vstest.console.dll, TcpClientExtensions.MessageLoopAsync: Polling on remoteEndPoint: 127.0.0.1:63742 localEndPoint: 127.0.0.1:63741 after 1000 ms
TpTrace Verbose: 0 : 17500, 12, 2024/07/29, 12:17:41.898, 11780026674852, vstest.console.dll, TcpClientExtensions.MessageLoopAsync: Polling on remoteEndPoint: 127.0.0.1:63742 localEndPoint: 127.0.0.1:63741 after 1014 ms
TpTrace Verbose: 0 : 17500, 12, 2024/07/29, 12:17:42.901, 11780036705248, vstest.console.dll, TcpClientExtensions.MessageLoopAsync: Polling on remoteEndPoint: 127.0.0.1:63742 localEndPoint: 127.0.0.1:63741 after 1002 ms
TpTrace Verbose: 0 : 17500, 12, 2024/07/29, 12:17:43.593, 11780043628881, vstest.console.dll, TcpClientExtensions.MessageLoopAsync: NotifyDataAvailable remoteEndPoint: 127.0.0.1:63742 localEndPoint: 127.0.0.1:63741
TpTrace Verbose: 0 : 17500, 12, 2024/07/29, 12:17:43.594, 11780043631878, vstest.console.dll, TestRequestSender.OnExecutionMessageReceived: Received message: {"Version":5,"MessageType":"TestExecution.StatsChange","Payload":{"NewTestResults":[{"TestCase":{"Id":"0976f7bd-ff1b-a1eb-a2e7-3c329af4a0ef","FullyQualifiedName":"SwagLabsPOM.Tests.CheckoutTests.TestCompleteOrder","DisplayName":"TestCompleteOrder","ExecutorUri":"executor://NUnit3TestExecutor","Source":"C:\\Users\\PC\\Desktop\\ExerciseSeleniumPOM\\SwagLabsPOM\\bin\\Debug\\net6.0\\fine-code-coverage\\build-output\\SwagLabsPOM.dll","CodeFilePath":null,"LineNumber":0,"Properties":[{"Key":{"Id":"NUnit.Seed","Label":"Seed","Category":"","Description":"","Attributes":0,"ValueType":"System.String"},"Value":"374813929"}]},"Attachments":[],"Outcome":1,"ErrorMessage":null,"ErrorStackTrace":null,"DisplayName":"TestCompleteOrder","Messages":[],"ComputerName":"DESKTOP-78QNQ9Q","Duration":"00:00:05.7231650","StartTime":"2024-07-29T09:17:37.8652291+00:00","EndTime":"2024-07-29T09:17:43.5883945+00:00","Properties":[{"Key":{"Id":"NUnit.Seed","Label":"Seed","Category":"","Description":"","Attributes":0,"ValueType":"System.String"},"Value":"374813929"}]}],"TestRunStatistics":{"ExecutedTests":4,"Stats":{"Passed":4}},"ActiveTests":[{"Id":"70aa5bd9-a23c-0921-3099-c615b46597b9","FullyQualifiedName":"SwagLabsPOM.Tests.CheckoutTests.TestContinueToNextStep","DisplayName":"TestContinueToNextStep","ExecutorUri":"executor://NUnit3TestExecutor","Source":"C:\\Users\\PC\\Desktop\\ExerciseSeleniumPOM\\SwagLabsPOM\\bin\\Debug\\net6.0\\fine-code-coverage\\build-output\\SwagLabsPOM.dll","CodeFilePath":null,"LineNumber":0,"Properties":[{"Key":{"Id":"NUnit.Seed","Label":"Seed","Category":"","Description":"","Attributes":0,"ValueType":"System.String"},"Value":"943366331"}]}]}}
TpTrace Verbose: 0 : 17500, 12, 2024/07/29, 12:17:43.595, 11780043642568, vstest.console.dll, TestRunRequest:SendTestRunStatsChange: Starting.
TpTrace Verbose: 0 : 17500, 12, 2024/07/29, 12:17:43.595, 11780043643569, vstest.console.dll, InProgress is TestContinueToNextStep
TpTrace Verbose: 0 : 17500, 12, 2024/07/29, 12:17:43.595, 11780043644536, vstest.console.dll, MulticastDelegateUtilities.SafeInvoke: TestRun.RunStatsChanged: Invoking callbacks was skipped because there are no subscribers.
TpTrace Information: 0 : 17500, 12, 2024/07/29, 12:17:43.595, 11780043645314, vstest.console.dll, TestRunRequest:SendTestRunStatsChange: Completed.
TpTrace Verbose: 0 : 17500, 12, 2024/07/29, 12:17:43.595, 11780043646083, vstest.console.dll, MulticastDelegateUtilities.SafeInvoke: LengthPrefixCommunicationChannel: MessageReceived: Invoking callback 1/1 for Microsoft.VisualStudio.TestPlatform.CommunicationUtilities.TestRequestSender+<>c__DisplayClass34_0., took 1 ms.
TpTrace Verbose: 0 : 17500, 4, 2024/07/29, 12:17:43.595, 11780043646704, vstest.console.dll, MulticastDelegateUtilities.SafeInvoke: InternalTestLoggerEvents.SendTestResult: Invoking callback 1/1 for Microsoft.VisualStudio.TestPlatform.CommandLine.Internal.ConsoleLogger., took 0 ms.
TpTrace Verbose: 0 : 17500, 12, 2024/07/29, 12:17:43.595, 11780043646970, vstest.console.dll, TcpClientExtensions.MessageLoopAsync: Polling on remoteEndPoint: 127.0.0.1:63742 localEndPoint: 127.0.0.1:63741 after 693 ms
TpTrace Verbose: 0 : 17500, 12, 2024/07/29, 12:17:44.606, 11780053755290, vstest.console.dll, TcpClientExtensions.MessageLoopAsync: Polling on remoteEndPoint: 127.0.0.1:63742 localEndPoint: 127.0.0.1:63741 after 1010 ms
TpTrace Verbose: 0 : 17500, 12, 2024/07/29, 12:17:45.611, 11780063804925, vstest.console.dll, TcpClientExtensions.MessageLoopAsync: Polling on remoteEndPoint: 127.0.0.1:63742 localEndPoint: 127.0.0.1:63741 after 1004 ms
TpTrace Verbose: 0 : 17500, 12, 2024/07/29, 12:17:46.612, 11780073816064, vstest.console.dll, TcpClientExtensions.MessageLoopAsync: Polling on remoteEndPoint: 127.0.0.1:63742 localEndPoint: 127.0.0.1:63741 after 1000 ms
TpTrace Verbose: 0 : 17500, 12, 2024/07/29, 12:17:47.613, 11780083825465, vstest.console.dll, TcpClientExtensions.MessageLoopAsync: Polling on remoteEndPoint: 127.0.0.1:63742 localEndPoint: 127.0.0.1:63741 after 1000 ms
TpTrace Verbose: 0 : 17500, 12, 2024/07/29, 12:17:48.617, 11780093865074, vstest.console.dll, TcpClientExtensions.MessageLoopAsync: Polling on remoteEndPoint: 127.0.0.1:63742 localEndPoint: 127.0.0.1:63741 after 1003 ms
TpTrace Verbose: 0 : 17500, 12, 2024/07/29, 12:17:48.965, 11780097343237, vstest.console.dll, TcpClientExtensions.MessageLoopAsync: NotifyDataAvailable remoteEndPoint: 127.0.0.1:63742 localEndPoint: 127.0.0.1:63741
TpTrace Verbose: 0 : 17500, 12, 2024/07/29, 12:17:48.965, 11780097347411, vstest.console.dll, TestRequestSender.OnExecutionMessageReceived: Received message: {"Version":5,"MessageType":"TestExecution.StatsChange","Payload":{"NewTestResults":[{"TestCase":{"Id":"70aa5bd9-a23c-0921-3099-c615b46597b9","FullyQualifiedName":"SwagLabsPOM.Tests.CheckoutTests.TestContinueToNextStep","DisplayName":"TestContinueToNextStep","ExecutorUri":"executor://NUnit3TestExecutor","Source":"C:\\Users\\PC\\Desktop\\ExerciseSeleniumPOM\\SwagLabsPOM\\bin\\Debug\\net6.0\\fine-code-coverage\\build-output\\SwagLabsPOM.dll","CodeFilePath":null,"LineNumber":0,"Properties":[{"Key":{"Id":"NUnit.Seed","Label":"Seed","Category":"","Description":"","Attributes":0,"ValueType":"System.String"},"Value":"943366331"}]},"Attachments":[],"Outcome":1,"ErrorMessage":null,"ErrorStackTrace":null,"DisplayName":"TestContinueToNextStep","Messages":[],"ComputerName":"DESKTOP-78QNQ9Q","Duration":"00:00:05.3712550","StartTime":"2024-07-29T09:17:43.588685+00:00","EndTime":"2024-07-29T09:17:48.9599398+00:00","Properties":[{"Key":{"Id":"NUnit.Seed","Label":"Seed","Category":"","Description":"","Attributes":0,"ValueType":"System.String"},"Value":"943366331"}]}],"TestRunStatistics":{"ExecutedTests":5,"Stats":{"Passed":5}},"ActiveTests":[{"Id":"1c36c114-208e-9249-171b-3602a1183af9","FullyQualifiedName":"SwagLabsPOM.Tests.HiddenMenuTests.TestLogout","DisplayName":"TestLogout","ExecutorUri":"executor://NUnit3TestExecutor","Source":"C:\\Users\\PC\\Desktop\\ExerciseSeleniumPOM\\SwagLabsPOM\\bin\\Debug\\net6.0\\fine-code-coverage\\build-output\\SwagLabsPOM.dll","CodeFilePath":null,"LineNumber":0,"Properties":[{"Key":{"Id":"NUnit.Seed","Label":"Seed","Category":"","Description":"","Attributes":0,"ValueType":"System.String"},"Value":"2032144014"}]}]}}
TpTrace Verbose: 0 : 17500, 12, 2024/07/29, 12:17:48.966, 11780097355825, vstest.console.dll, TestRunRequest:SendTestRunStatsChange: Starting.
TpTrace Verbose: 0 : 17500, 12, 2024/07/29, 12:17:48.966, 11780097356821, vstest.console.dll, InProgress is TestLogout
TpTrace Verbose: 0 : 17500, 12, 2024/07/29, 12:17:48.966, 11780097358056, vstest.console.dll, MulticastDelegateUtilities.SafeInvoke: TestRun.RunStatsChanged: Invoking callbacks was skipped because there are no subscribers.
TpTrace Information: 0 : 17500, 12, 2024/07/29, 12:17:48.966, 11780097358894, vstest.console.dll, TestRunRequest:SendTestRunStatsChange: Completed.
TpTrace Verbose: 0 : 17500, 12, 2024/07/29, 12:17:48.967, 11780097363402, vstest.console.dll, MulticastDelegateUtilities.SafeInvoke: LengthPrefixCommunicationChannel: MessageReceived: Invoking callback 1/1 for Microsoft.VisualStudio.TestPlatform.CommunicationUtilities.TestRequestSender+<>c__DisplayClass34_0., took 1 ms.
TpTrace Verbose: 0 : 17500, 4, 2024/07/29, 12:17:48.967, 11780097363402, vstest.console.dll, MulticastDelegateUtilities.SafeInvoke: InternalTestLoggerEvents.SendTestResult: Invoking callback 1/1 for Microsoft.VisualStudio.TestPlatform.CommandLine.Internal.ConsoleLogger., took 0 ms.
TpTrace Verbose: 0 : 17500, 12, 2024/07/29, 12:17:48.967, 11780097365891, vstest.console.dll, TcpClientExtensions.MessageLoopAsync: Polling on remoteEndPoint: 127.0.0.1:63742 localEndPoint: 127.0.0.1:63741 after 349 ms
TpTrace Verbose: 0 : 17500, 12, 2024/07/29, 12:17:49.972, 11780107415159, vstest.console.dll, TcpClientExtensions.MessageLoopAsync: Polling on remoteEndPoint: 127.0.0.1:63742 localEndPoint: 127.0.0.1:63741 after 1004 ms
TpTrace Verbose: 0 : 17500, 12, 2024/07/29, 12:17:50.975, 11780117445040, vstest.console.dll, TcpClientExtensions.MessageLoopAsync: Polling on remoteEndPoint: 127.0.0.1:63742 localEndPoint: 127.0.0.1:63741 after 1002 ms
TpTrace Verbose: 0 : 17500, 12, 2024/07/29, 12:17:51.991, 11780127602327, vstest.console.dll, TcpClientExtensions.MessageLoopAsync: Polling on remoteEndPoint: 127.0.0.1:63742 localEndPoint: 127.0.0.1:63741 after 1015 ms
TpTrace Verbose: 0 : 17500, 12, 2024/07/29, 12:17:53.005, 11780137744942, vstest.console.dll, TcpClientExtensions.MessageLoopAsync: Polling on remoteEndPoint: 127.0.0.1:63742 localEndPoint: 127.0.0.1:63741 after 1014 ms
TpTrace Verbose: 0 : 17500, 12, 2024/07/29, 12:17:54.011, 11780147804964, vstest.console.dll, TcpClientExtensions.MessageLoopAsync: Polling on remoteEndPoint: 127.0.0.1:63742 localEndPoint: 127.0.0.1:63741 after 1005 ms
TpTrace Verbose: 0 : 17500, 12, 2024/07/29, 12:17:54.257, 11780150264238, vstest.console.dll, TcpClientExtensions.MessageLoopAsync: NotifyDataAvailable remoteEndPoint: 127.0.0.1:63742 localEndPoint: 127.0.0.1:63741
TpTrace Verbose: 0 : 17500, 12, 2024/07/29, 12:17:54.257, 11780150267879, vstest.console.dll, TestRequestSender.OnExecutionMessageReceived: Received message: {"Version":5,"MessageType":"TestExecution.StatsChange","Payload":{"NewTestResults":[{"TestCase":{"Id":"1c36c114-208e-9249-171b-3602a1183af9","FullyQualifiedName":"SwagLabsPOM.Tests.HiddenMenuTests.TestLogout","DisplayName":"TestLogout","ExecutorUri":"executor://NUnit3TestExecutor","Source":"C:\\Users\\PC\\Desktop\\ExerciseSeleniumPOM\\SwagLabsPOM\\bin\\Debug\\net6.0\\fine-code-coverage\\build-output\\SwagLabsPOM.dll","CodeFilePath":null,"LineNumber":0,"Properties":[{"Key":{"Id":"NUnit.Seed","Label":"Seed","Category":"","Description":"","Attributes":0,"ValueType":"System.String"},"Value":"2032144014"}]},"Attachments":[],"Outcome":1,"ErrorMessage":null,"ErrorStackTrace":null,"DisplayName":"TestLogout","Messages":[],"ComputerName":"DESKTOP-78QNQ9Q","Duration":"00:00:05.2911910","StartTime":"2024-07-29T09:17:48.9610687+00:00","EndTime":"2024-07-29T09:17:54.25226+00:00","Properties":[{"Key":{"Id":"NUnit.Seed","Label":"Seed","Category":"","Description":"","Attributes":0,"ValueType":"System.String"},"Value":"2032144014"}]}],"TestRunStatistics":{"ExecutedTests":6,"Stats":{"Passed":6}},"ActiveTests":[{"Id":"8187625c-b0f3-0183-1a32-1677731fc659","FullyQualifiedName":"SwagLabsPOM.Tests.HiddenMenuTests.TestOpenMenu","DisplayName":"TestOpenMenu","ExecutorUri":"executor://NUnit3TestExecutor","Source":"C:\\Users\\PC\\Desktop\\ExerciseSeleniumPOM\\SwagLabsPOM\\bin\\Debug\\net6.0\\fine-code-coverage\\build-output\\SwagLabsPOM.dll","CodeFilePath":null,"LineNumber":0,"Properties":[{"Key":{"Id":"NUnit.Seed","Label":"Seed","Category":"","Description":"","Attributes":0,"ValueType":"System.String"},"Value":"980769876"}]}]}}
TpTrace Verbose: 0 : 17500, 12, 2024/07/29, 12:17:54.258, 11780150276037, vstest.console.dll, TestRunRequest:SendTestRunStatsChange: Starting.
TpTrace Verbose: 0 : 17500, 12, 2024/07/29, 12:17:54.258, 11780150277031, vstest.console.dll, InProgress is TestOpenMenu
TpTrace Verbose: 0 : 17500, 12, 2024/07/29, 12:17:54.258, 11780150277994, vstest.console.dll, MulticastDelegateUtilities.SafeInvoke: TestRun.RunStatsChanged: Invoking callbacks was skipped because there are no subscribers.
TpTrace Information: 0 : 17500, 12, 2024/07/29, 12:17:54.258, 11780150278786, vstest.console.dll, TestRunRequest:SendTestRunStatsChange: Completed.
TpTrace Verbose: 0 : 17500, 12, 2024/07/29, 12:17:54.258, 11780150279522, vstest.console.dll, MulticastDelegateUtilities.SafeInvoke: LengthPrefixCommunicationChannel: MessageReceived: Invoking callback 1/1 for Microsoft.VisualStudio.TestPlatform.CommunicationUtilities.TestRequestSender+<>c__DisplayClass34_0., took 1 ms.
TpTrace Verbose: 0 : 17500, 12, 2024/07/29, 12:17:54.258, 11780150280351, vstest.console.dll, TcpClientExtensions.MessageLoopAsync: Polling on remoteEndPoint: 127.0.0.1:63742 localEndPoint: 127.0.0.1:63741 after 247 ms
TpTrace Verbose: 0 : 17500, 4, 2024/07/29, 12:17:54.258, 11780150278919, vstest.console.dll, MulticastDelegateUtilities.SafeInvoke: InternalTestLoggerEvents.SendTestResult: Invoking callback 1/1 for Microsoft.VisualStudio.TestPlatform.CommandLine.Internal.ConsoleLogger., took 0 ms.
TpTrace Verbose: 0 : 17500, 12, 2024/07/29, 12:17:55.270, 11780160395013, vstest.console.dll, TcpClientExtensions.MessageLoopAsync: Polling on remoteEndPoint: 127.0.0.1:63742 localEndPoint: 127.0.0.1:63741 after 1011 ms
TpTrace Verbose: 0 : 17500, 12, 2024/07/29, 12:17:56.274, 11780170436490, vstest.console.dll, TcpClientExtensions.MessageLoopAsync: Polling on remoteEndPoint: 127.0.0.1:63742 localEndPoint: 127.0.0.1:63741 after 1003 ms
TpTrace Verbose: 0 : 17500, 12, 2024/07/29, 12:17:57.294, 11780180640079, vstest.console.dll, TcpClientExtensions.MessageLoopAsync: Polling on remoteEndPoint: 127.0.0.1:63742 localEndPoint: 127.0.0.1:63741 after 1020 ms
TpTrace Verbose: 0 : 17500, 12, 2024/07/29, 12:17:58.308, 11780190771513, vstest.console.dll, TcpClientExtensions.MessageLoopAsync: Polling on remoteEndPoint: 127.0.0.1:63742 localEndPoint: 127.0.0.1:63741 after 1012 ms
TpTrace Verbose: 0 : 17500, 12, 2024/07/29, 12:17:59.308, 11780200775016, vstest.console.dll, TcpClientExtensions.MessageLoopAsync: Polling on remoteEndPoint: 127.0.0.1:63742 localEndPoint: 127.0.0.1:63741 after 1000 ms
TpTrace Verbose: 0 : 17500, 12, 2024/07/29, 12:17:59.330, 11780200991963, vstest.console.dll, TcpClientExtensions.MessageLoopAsync: NotifyDataAvailable remoteEndPoint: 127.0.0.1:63742 localEndPoint: 127.0.0.1:63741
TpTrace Verbose: 0 : 17500, 12, 2024/07/29, 12:17:59.330, 11780200995917, vstest.console.dll, TestRequestSender.OnExecutionMessageReceived: Received message: {"Version":5,"MessageType":"TestExecution.StatsChange","Payload":{"NewTestResults":[{"TestCase":{"Id":"8187625c-b0f3-0183-1a32-1677731fc659","FullyQualifiedName":"SwagLabsPOM.Tests.HiddenMenuTests.TestOpenMenu","DisplayName":"TestOpenMenu","ExecutorUri":"executor://NUnit3TestExecutor","Source":"C:\\Users\\PC\\Desktop\\ExerciseSeleniumPOM\\SwagLabsPOM\\bin\\Debug\\net6.0\\fine-code-coverage\\build-output\\SwagLabsPOM.dll","CodeFilePath":null,"LineNumber":0,"Properties":[{"Key":{"Id":"NUnit.Seed","Label":"Seed","Category":"","Description":"","Attributes":0,"ValueType":"System.String"},"Value":"980769876"}]},"Attachments":[],"Outcome":1,"ErrorMessage":null,"ErrorStackTrace":null,"DisplayName":"TestOpenMenu","Messages":[],"ComputerName":"DESKTOP-78QNQ9Q","Duration":"00:00:05.0725590","StartTime":"2024-07-29T09:17:54.2525496+00:00","EndTime":"2024-07-29T09:17:59.325109+00:00","Properties":[{"Key":{"Id":"NUnit.Seed","Label":"Seed","Category":"","Description":"","Attributes":0,"ValueType":"System.String"},"Value":"980769876"}]}],"TestRunStatistics":{"ExecutedTests":7,"Stats":{"Passed":7}},"ActiveTests":[{"Id":"12708f2d-6b56-ca33-bab9-dd9ef09718dc","FullyQualifiedName":"SwagLabsPOM.Tests.InventoryPageTests.TestAddToCartByIndex","DisplayName":"TestAddToCartByIndex","ExecutorUri":"executor://NUnit3TestExecutor","Source":"C:\\Users\\PC\\Desktop\\ExerciseSeleniumPOM\\SwagLabsPOM\\bin\\Debug\\net6.0\\fine-code-coverage\\build-output\\SwagLabsPOM.dll","CodeFilePath":null,"LineNumber":0,"Properties":[{"Key":{"Id":"NUnit.Seed","Label":"Seed","Category":"","Description":"","Attributes":0,"ValueType":"System.String"},"Value":"1309468326"}]}]}}
TpTrace Verbose: 0 : 17500, 12, 2024/07/29, 12:17:59.331, 11780201004792, vstest.console.dll, TestRunRequest:SendTestRunStatsChange: Starting.
TpTrace Verbose: 0 : 17500, 12, 2024/07/29, 12:17:59.331, 11780201006174, vstest.console.dll, InProgress is TestAddToCartByIndex
TpTrace Verbose: 0 : 17500, 12, 2024/07/29, 12:17:59.331, 11780201007217, vstest.console.dll, MulticastDelegateUtilities.SafeInvoke: TestRun.RunStatsChanged: Invoking callbacks was skipped because there are no subscribers.
TpTrace Information: 0 : 17500, 12, 2024/07/29, 12:17:59.331, 11780201007990, vstest.console.dll, TestRunRequest:SendTestRunStatsChange: Completed.
TpTrace Verbose: 0 : 17500, 4, 2024/07/29, 12:17:59.331, 11780201008311, vstest.console.dll, MulticastDelegateUtilities.SafeInvoke: InternalTestLoggerEvents.SendTestResult: Invoking callback 1/1 for Microsoft.VisualStudio.TestPlatform.CommandLine.Internal.ConsoleLogger., took 0 ms.
TpTrace Verbose: 0 : 17500, 12, 2024/07/29, 12:17:59.331, 11780201008887, vstest.console.dll, MulticastDelegateUtilities.SafeInvoke: LengthPrefixCommunicationChannel: MessageReceived: Invoking callback 1/1 for Microsoft.VisualStudio.TestPlatform.CommunicationUtilities.TestRequestSender+<>c__DisplayClass34_0., took 1 ms.
TpTrace Verbose: 0 : 17500, 12, 2024/07/29, 12:17:59.331, 11780201010521, vstest.console.dll, TcpClientExtensions.MessageLoopAsync: Polling on remoteEndPoint: 127.0.0.1:63742 localEndPoint: 127.0.0.1:63741 after 23 ms
TpTrace Verbose: 0 : 17500, 12, 2024/07/29, 12:18:00.345, 11780211144965, vstest.console.dll, TcpClientExtensions.MessageLoopAsync: Polling on remoteEndPoint: 127.0.0.1:63742 localEndPoint: 127.0.0.1:63741 after 1013 ms
TpTrace Verbose: 0 : 17500, 12, 2024/07/29, 12:18:01.352, 11780221220900, vstest.console.dll, TcpClientExtensions.MessageLoopAsync: Polling on remoteEndPoint: 127.0.0.1:63742 localEndPoint: 127.0.0.1:63741 after 1007 ms
TpTrace Verbose: 0 : 17500, 12, 2024/07/29, 12:18:02.353, 11780231226397, vstest.console.dll, TcpClientExtensions.MessageLoopAsync: Polling on remoteEndPoint: 127.0.0.1:63742 localEndPoint: 127.0.0.1:63741 after 1000 ms
TpTrace Verbose: 0 : 17500, 12, 2024/07/29, 12:18:03.368, 11780241375190, vstest.console.dll, TcpClientExtensions.MessageLoopAsync: Polling on remoteEndPoint: 127.0.0.1:63742 localEndPoint: 127.0.0.1:63741 after 1014 ms
TpTrace Verbose: 0 : 17500, 12, 2024/07/29, 12:18:04.103, 11780248722704, vstest.console.dll, TcpClientExtensions.MessageLoopAsync: NotifyDataAvailable remoteEndPoint: 127.0.0.1:63742 localEndPoint: 127.0.0.1:63741
TpTrace Verbose: 0 : 17500, 12, 2024/07/29, 12:18:04.103, 11780248726381, vstest.console.dll, TestRequestSender.OnExecutionMessageReceived: Received message: {"Version":5,"MessageType":"TestExecution.StatsChange","Payload":{"NewTestResults":[{"TestCase":{"Id":"12708f2d-6b56-ca33-bab9-dd9ef09718dc","FullyQualifiedName":"SwagLabsPOM.Tests.InventoryPageTests.TestAddToCartByIndex","DisplayName":"TestAddToCartByIndex","ExecutorUri":"executor://NUnit3TestExecutor","Source":"C:\\Users\\PC\\Desktop\\ExerciseSeleniumPOM\\SwagLabsPOM\\bin\\Debug\\net6.0\\fine-code-coverage\\build-output\\SwagLabsPOM.dll","CodeFilePath":null,"LineNumber":0,"Properties":[{"Key":{"Id":"NUnit.Seed","Label":"Seed","Category":"","Description":"","Attributes":0,"ValueType":"System.String"},"Value":"1309468326"}]},"Attachments":[],"Outcome":1,"ErrorMessage":null,"ErrorStackTrace":null,"DisplayName":"TestAddToCartByIndex","Messages":[],"ComputerName":"DESKTOP-78QNQ9Q","Duration":"00:00:04.7671490","StartTime":"2024-07-29T09:17:59.3324476+00:00","EndTime":"2024-07-29T09:18:04.099597+00:00","Properties":[{"Key":{"Id":"NUnit.Seed","Label":"Seed","Category":"","Description":"","Attributes":0,"ValueType":"System.String"},"Value":"1309468326"}]}],"TestRunStatistics":{"ExecutedTests":8,"Stats":{"Passed":8}},"ActiveTests":[{"Id":"b2855f95-5cb6-0e0f-6c30-7b3b135eec01","FullyQualifiedName":"SwagLabsPOM.Tests.InventoryPageTests.TestAddToCartByName","DisplayName":"TestAddToCartByName","ExecutorUri":"executor://NUnit3TestExecutor","Source":"C:\\Users\\PC\\Desktop\\ExerciseSeleniumPOM\\SwagLabsPOM\\bin\\Debug\\net6.0\\fine-code-coverage\\build-output\\SwagLabsPOM.dll","CodeFilePath":null,"LineNumber":0,"Properties":[{"Key":{"Id":"NUnit.Seed","Label":"Seed","Category":"","Description":"","Attributes":0,"ValueType":"System.String"},"Value":"689671420"}]}]}}
TpTrace Verbose: 0 : 17500, 12, 2024/07/29, 12:18:04.104, 11780248733735, vstest.console.dll, TestRunRequest:SendTestRunStatsChange: Starting.
TpTrace Verbose: 0 : 17500, 12, 2024/07/29, 12:18:04.104, 11780248735231, vstest.console.dll, InProgress is TestAddToCartByName
TpTrace Verbose: 0 : 17500, 12, 2024/07/29, 12:18:04.104, 11780248736142, vstest.console.dll, MulticastDelegateUtilities.SafeInvoke: TestRun.RunStatsChanged: Invoking callbacks was skipped because there are no subscribers.
TpTrace Information: 0 : 17500, 12, 2024/07/29, 12:18:04.104, 11780248736789, vstest.console.dll, TestRunRequest:SendTestRunStatsChange: Completed.
TpTrace Verbose: 0 : 17500, 12, 2024/07/29, 12:18:04.104, 11780248737447, vstest.console.dll, MulticastDelegateUtilities.SafeInvoke: LengthPrefixCommunicationChannel: MessageReceived: Invoking callback 1/1 for Microsoft.VisualStudio.TestPlatform.CommunicationUtilities.TestRequestSender+<>c__DisplayClass34_0., took 1 ms.
TpTrace Verbose: 0 : 17500, 12, 2024/07/29, 12:18:04.104, 11780248738177, vstest.console.dll, TcpClientExtensions.MessageLoopAsync: Polling on remoteEndPoint: 127.0.0.1:63742 localEndPoint: 127.0.0.1:63741 after 736 ms
TpTrace Verbose: 0 : 17500, 4, 2024/07/29, 12:18:04.104, 11780248740216, vstest.console.dll, MulticastDelegateUtilities.SafeInvoke: InternalTestLoggerEvents.SendTestResult: Invoking callback 1/1 for Microsoft.VisualStudio.TestPlatform.CommandLine.Internal.ConsoleLogger., took 0 ms.
TpTrace Verbose: 0 : 17500, 12, 2024/07/29, 12:18:05.116, 11780258854975, vstest.console.dll, TcpClientExtensions.MessageLoopAsync: Polling on remoteEndPoint: 127.0.0.1:63742 localEndPoint: 127.0.0.1:63741 after 1011 ms
TpTrace Verbose: 0 : 17500, 12, 2024/07/29, 12:18:06.123, 11780268924884, vstest.console.dll, TcpClientExtensions.MessageLoopAsync: Polling on remoteEndPoint: 127.0.0.1:63742 localEndPoint: 127.0.0.1:63741 after 1006 ms
TpTrace Verbose: 0 : 17500, 12, 2024/07/29, 12:18:07.126, 11780278955056, vstest.console.dll, TcpClientExtensions.MessageLoopAsync: Polling on remoteEndPoint: 127.0.0.1:63742 localEndPoint: 127.0.0.1:63741 after 1002 ms
TpTrace Verbose: 0 : 17500, 12, 2024/07/29, 12:18:08.141, 11780289105352, vstest.console.dll, TcpClientExtensions.MessageLoopAsync: Polling on remoteEndPoint: 127.0.0.1:63742 localEndPoint: 127.0.0.1:63741 after 1014 ms
TpTrace Verbose: 0 : 17500, 12, 2024/07/29, 12:18:08.692, 11780294618761, vstest.console.dll, TcpClientExtensions.MessageLoopAsync: NotifyDataAvailable remoteEndPoint: 127.0.0.1:63742 localEndPoint: 127.0.0.1:63741
TpTrace Verbose: 0 : 17500, 12, 2024/07/29, 12:18:08.693, 11780294621531, vstest.console.dll, TestRequestSender.OnExecutionMessageReceived: Received message: {"Version":5,"MessageType":"TestExecution.StatsChange","Payload":{"NewTestResults":[{"TestCase":{"Id":"b2855f95-5cb6-0e0f-6c30-7b3b135eec01","FullyQualifiedName":"SwagLabsPOM.Tests.InventoryPageTests.TestAddToCartByName","DisplayName":"TestAddToCartByName","ExecutorUri":"executor://NUnit3TestExecutor","Source":"C:\\Users\\PC\\Desktop\\ExerciseSeleniumPOM\\SwagLabsPOM\\bin\\Debug\\net6.0\\fine-code-coverage\\build-output\\SwagLabsPOM.dll","CodeFilePath":null,"LineNumber":0,"Properties":[{"Key":{"Id":"NUnit.Seed","Label":"Seed","Category":"","Description":"","Attributes":0,"ValueType":"System.String"},"Value":"689671420"}]},"Attachments":[],"Outcome":1,"ErrorMessage":null,"ErrorStackTrace":null,"DisplayName":"TestAddToCartByName","Messages":[],"ComputerName":"DESKTOP-78QNQ9Q","Duration":"00:00:04.5894009","StartTime":"2024-07-29T09:18:04.0996532+00:00","EndTime":"2024-07-29T09:18:08.6890535+00:00","Properties":[{"Key":{"Id":"NUnit.Seed","Label":"Seed","Category":"","Description":"","Attributes":0,"ValueType":"System.String"},"Value":"689671420"}]}],"TestRunStatistics":{"ExecutedTests":9,"Stats":{"Passed":9}},"ActiveTests":[{"Id":"e8c6b6cc-9818-f1b7-d021-cc918486ebf3","FullyQualifiedName":"SwagLabsPOM.Tests.InventoryPageTests.TestInventoryDisplay","DisplayName":"TestInventoryDisplay","ExecutorUri":"executor://NUnit3TestExecutor","Source":"C:\\Users\\PC\\Desktop\\ExerciseSeleniumPOM\\SwagLabsPOM\\bin\\Debug\\net6.0\\fine-code-coverage\\build-output\\SwagLabsPOM.dll","CodeFilePath":null,"LineNumber":0,"Properties":[{"Key":{"Id":"NUnit.Seed","Label":"Seed","Category":"","Description":"","Attributes":0,"ValueType":"System.String"},"Value":"1564765893"}]}]}}
TpTrace Verbose: 0 : 17500, 12, 2024/07/29, 12:18:08.693, 11780294629753, vstest.console.dll, TestRunRequest:SendTestRunStatsChange: Starting.
TpTrace Verbose: 0 : 17500, 12, 2024/07/29, 12:18:08.694, 11780294631375, vstest.console.dll, InProgress is TestInventoryDisplay
TpTrace Verbose: 0 : 17500, 12, 2024/07/29, 12:18:08.694, 11780294632485, vstest.console.dll, MulticastDelegateUtilities.SafeInvoke: TestRun.RunStatsChanged: Invoking callbacks was skipped because there are no subscribers.
TpTrace Information: 0 : 17500, 12, 2024/07/29, 12:18:08.694, 11780294633183, vstest.console.dll, TestRunRequest:SendTestRunStatsChange: Completed.
TpTrace Verbose: 0 : 17500, 12, 2024/07/29, 12:18:08.694, 11780294633930, vstest.console.dll, MulticastDelegateUtilities.SafeInvoke: LengthPrefixCommunicationChannel: MessageReceived: Invoking callback 1/1 for Microsoft.VisualStudio.TestPlatform.CommunicationUtilities.TestRequestSender+<>c__DisplayClass34_0., took 1 ms.
TpTrace Verbose: 0 : 17500, 4, 2024/07/29, 12:18:08.694, 11780294634536, vstest.console.dll, MulticastDelegateUtilities.SafeInvoke: InternalTestLoggerEvents.SendTestResult: Invoking callback 1/1 for Microsoft.VisualStudio.TestPlatform.CommandLine.Internal.ConsoleLogger., took 0 ms.
TpTrace Verbose: 0 : 17500, 12, 2024/07/29, 12:18:08.694, 11780294635079, vstest.console.dll, TcpClientExtensions.MessageLoopAsync: Polling on remoteEndPoint: 127.0.0.1:63742 localEndPoint: 127.0.0.1:63741 after 552 ms
TpTrace Verbose: 0 : 17500, 12, 2024/07/29, 12:18:09.708, 11780304779625, vstest.console.dll, TcpClientExtensions.MessageLoopAsync: Polling on remoteEndPoint: 127.0.0.1:63742 localEndPoint: 127.0.0.1:63741 after 1013 ms
TpTrace Verbose: 0 : 17500, 12, 2024/07/29, 12:18:10.711, 11780314806098, vstest.console.dll, TcpClientExtensions.MessageLoopAsync: Polling on remoteEndPoint: 127.0.0.1:63742 localEndPoint: 127.0.0.1:63741 after 1002 ms
TpTrace Verbose: 0 : 17500, 12, 2024/07/29, 12:18:11.712, 11780324816311, vstest.console.dll, TcpClientExtensions.MessageLoopAsync: Polling on remoteEndPoint: 127.0.0.1:63742 localEndPoint: 127.0.0.1:63741 after 1000 ms
TpTrace Verbose: 0 : 17500, 12, 2024/07/29, 12:18:12.716, 11780334856344, vstest.console.dll, TcpClientExtensions.MessageLoopAsync: Polling on remoteEndPoint: 127.0.0.1:63742 localEndPoint: 127.0.0.1:63741 after 1003 ms
TpTrace Verbose: 0 : 17500, 12, 2024/07/29, 12:18:12.739, 11780335082468, vstest.console.dll, TcpClientExtensions.MessageLoopAsync: NotifyDataAvailable remoteEndPoint: 127.0.0.1:63742 localEndPoint: 127.0.0.1:63741
TpTrace Verbose: 0 : 17500, 12, 2024/07/29, 12:18:12.739, 11780335084723, vstest.console.dll, TestRequestSender.OnExecutionMessageReceived: Received message: {"Version":5,"MessageType":"TestExecution.StatsChange","Payload":{"NewTestResults":[{"TestCase":{"Id":"e8c6b6cc-9818-f1b7-d021-cc918486ebf3","FullyQualifiedName":"SwagLabsPOM.Tests.InventoryPageTests.TestInventoryDisplay","DisplayName":"TestInventoryDisplay","ExecutorUri":"executor://NUnit3TestExecutor","Source":"C:\\Users\\PC\\Desktop\\ExerciseSeleniumPOM\\SwagLabsPOM\\bin\\Debug\\net6.0\\fine-code-coverage\\build-output\\SwagLabsPOM.dll","CodeFilePath":null,"LineNumber":0,"Properties":[{"Key":{"Id":"NUnit.Seed","Label":"Seed","Category":"","Description":"","Attributes":0,"ValueType":"System.String"},"Value":"1564765893"}]},"Attachments":[],"Outcome":1,"ErrorMessage":null,"ErrorStackTrace":null,"DisplayName":"TestInventoryDisplay","Messages":[],"ComputerName":"DESKTOP-78QNQ9Q","Duration":"00:00:04.0465550","StartTime":"2024-07-29T09:18:08.6890942+00:00","EndTime":"2024-07-29T09:18:12.7356485+00:00","Properties":[{"Key":{"Id":"NUnit.Seed","Label":"Seed","Category":"","Description":"","Attributes":0,"ValueType":"System.String"},"Value":"1564765893"}]}],"TestRunStatistics":{"ExecutedTests":10,"Stats":{"Passed":10}},"ActiveTests":[{"Id":"dbfb08f6-cf61-6170-9e14-966ffe8fb310","FullyQualifiedName":"SwagLabsPOM.Tests.InventoryPageTests.TestPageTitle","DisplayName":"TestPageTitle","ExecutorUri":"executor://NUnit3TestExecutor","Source":"C:\\Users\\PC\\Desktop\\ExerciseSeleniumPOM\\SwagLabsPOM\\bin\\Debug\\net6.0\\fine-code-coverage\\build-output\\SwagLabsPOM.dll","CodeFilePath":null,"LineNumber":0,"Properties":[{"Key":{"Id":"NUnit.Seed","Label":"Seed","Category":"","Description":"","Attributes":0,"ValueType":"System.String"},"Value":"10674293"}]}]}}
TpTrace Verbose: 0 : 17500, 12, 2024/07/29, 12:18:12.740, 11780335092166, vstest.console.dll, TestRunRequest:SendTestRunStatsChange: Starting.
TpTrace Verbose: 0 : 17500, 12, 2024/07/29, 12:18:12.740, 11780335093417, vstest.console.dll, InProgress is TestPageTitle
TpTrace Verbose: 0 : 17500, 12, 2024/07/29, 12:18:12.740, 11780335094705, vstest.console.dll, MulticastDelegateUtilities.SafeInvoke: TestRun.RunStatsChanged: Invoking callbacks was skipped because there are no subscribers.
TpTrace Information: 0 : 17500, 12, 2024/07/29, 12:18:12.740, 11780335095379, vstest.console.dll, TestRunRequest:SendTestRunStatsChange: Completed.
TpTrace Verbose: 0 : 17500, 12, 2024/07/29, 12:18:12.740, 11780335096164, vstest.console.dll, MulticastDelegateUtilities.SafeInvoke: LengthPrefixCommunicationChannel: MessageReceived: Invoking callback 1/1 for Microsoft.VisualStudio.TestPlatform.CommunicationUtilities.TestRequestSender+<>c__DisplayClass34_0., took 1 ms.
TpTrace Verbose: 0 : 17500, 12, 2024/07/29, 12:18:12.740, 11780335096920, vstest.console.dll, TcpClientExtensions.MessageLoopAsync: Polling on remoteEndPoint: 127.0.0.1:63742 localEndPoint: 127.0.0.1:63741 after 23 ms
TpTrace Verbose: 0 : 17500, 4, 2024/07/29, 12:18:12.740, 11780335099529, vstest.console.dll, MulticastDelegateUtilities.SafeInvoke: InternalTestLoggerEvents.SendTestResult: Invoking callback 1/1 for Microsoft.VisualStudio.TestPlatform.CommandLine.Internal.ConsoleLogger., took 0 ms.
TpTrace Verbose: 0 : 17500, 12, 2024/07/29, 12:18:13.747, 11780345166193, vstest.console.dll, TcpClientExtensions.MessageLoopAsync: Polling on remoteEndPoint: 127.0.0.1:63742 localEndPoint: 127.0.0.1:63741 after 1006 ms
TpTrace Verbose: 0 : 17500, 12, 2024/07/29, 12:18:14.748, 11780355177527, vstest.console.dll, TcpClientExtensions.MessageLoopAsync: Polling on remoteEndPoint: 127.0.0.1:63742 localEndPoint: 127.0.0.1:63741 after 1000 ms
TpTrace Verbose: 0 : 17500, 12, 2024/07/29, 12:18:15.749, 11780365187156, vstest.console.dll, TcpClientExtensions.MessageLoopAsync: Polling on remoteEndPoint: 127.0.0.1:63742 localEndPoint: 127.0.0.1:63741 after 1000 ms
TpTrace Verbose: 0 : 17500, 12, 2024/07/29, 12:18:16.756, 11780375257207, vstest.console.dll, TcpClientExtensions.MessageLoopAsync: Polling on remoteEndPoint: 127.0.0.1:63742 localEndPoint: 127.0.0.1:63741 after 1006 ms
TpTrace Verbose: 0 : 17500, 12, 2024/07/29, 12:18:16.804, 11780375734873, vstest.console.dll, TcpClientExtensions.MessageLoopAsync: NotifyDataAvailable remoteEndPoint: 127.0.0.1:63742 localEndPoint: 127.0.0.1:63741
TpTrace Verbose: 0 : 17500, 12, 2024/07/29, 12:18:16.804, 11780375739162, vstest.console.dll, TestRequestSender.OnExecutionMessageReceived: Received message: {"Version":5,"MessageType":"TestExecution.StatsChange","Payload":{"NewTestResults":[{"TestCase":{"Id":"dbfb08f6-cf61-6170-9e14-966ffe8fb310","FullyQualifiedName":"SwagLabsPOM.Tests.InventoryPageTests.TestPageTitle","DisplayName":"TestPageTitle","ExecutorUri":"executor://NUnit3TestExecutor","Source":"C:\\Users\\PC\\Desktop\\ExerciseSeleniumPOM\\SwagLabsPOM\\bin\\Debug\\net6.0\\fine-code-coverage\\build-output\\SwagLabsPOM.dll","CodeFilePath":null,"LineNumber":0,"Properties":[{"Key":{"Id":"NUnit.Seed","Label":"Seed","Category":"","Description":"","Attributes":0,"ValueType":"System.String"},"Value":"10674293"}]},"Attachments":[],"Outcome":1,"ErrorMessage":null,"ErrorStackTrace":null,"DisplayName":"TestPageTitle","Messages":[],"ComputerName":"DESKTOP-78QNQ9Q","Duration":"00:00:04.0655920","StartTime":"2024-07-29T09:18:12.7357114+00:00","EndTime":"2024-07-29T09:18:16.8013034+00:00","Properties":[{"Key":{"Id":"NUnit.Seed","Label":"Seed","Category":"","Description":"","Attributes":0,"ValueType":"System.String"},"Value":"10674293"}]}],"TestRunStatistics":{"ExecutedTests":11,"Stats":{"Passed":11}},"ActiveTests":[{"Id":"f3dd260c-1f87-0f9d-63ec-cde39056321c","FullyQualifiedName":"SwagLabsPOM.Tests.LoginPageTests.TestLoginWithInvalidCredentials","DisplayName":"TestLoginWithInvalidCredentials","ExecutorUri":"executor://NUnit3TestExecutor","Source":"C:\\Users\\PC\\Desktop\\ExerciseSeleniumPOM\\SwagLabsPOM\\bin\\Debug\\net6.0\\fine-code-coverage\\build-output\\SwagLabsPOM.dll","CodeFilePath":null,"LineNumber":0,"Properties":[{"Key":{"Id":"NUnit.Seed","Label":"Seed","Category":"","Description":"","Attributes":0,"ValueType":"System.String"},"Value":"342713937"}]}]}}
TpTrace Verbose: 0 : 17500, 12, 2024/07/29, 12:18:16.805, 11780375746213, vstest.console.dll, TestRunRequest:SendTestRunStatsChange: Starting.
TpTrace Verbose: 0 : 17500, 12, 2024/07/29, 12:18:16.805, 11780375747679, vstest.console.dll, InProgress is TestLoginWithInvalidCredentials
TpTrace Verbose: 0 : 17500, 12, 2024/07/29, 12:18:16.805, 11780375748718, vstest.console.dll, MulticastDelegateUtilities.SafeInvoke: TestRun.RunStatsChanged: Invoking callbacks was skipped because there are no subscribers.
TpTrace Information: 0 : 17500, 12, 2024/07/29, 12:18:16.805, 11780375749595, vstest.console.dll, TestRunRequest:SendTestRunStatsChange: Completed.
TpTrace Verbose: 0 : 17500, 12, 2024/07/29, 12:18:16.805, 11780375750368, vstest.console.dll, MulticastDelegateUtilities.SafeInvoke: LengthPrefixCommunicationChannel: MessageReceived: Invoking callback 1/1 for Microsoft.VisualStudio.TestPlatform.CommunicationUtilities.TestRequestSender+<>c__DisplayClass34_0., took 1 ms.
TpTrace Verbose: 0 : 17500, 12, 2024/07/29, 12:18:16.806, 11780375751132, vstest.console.dll, TcpClientExtensions.MessageLoopAsync: Polling on remoteEndPoint: 127.0.0.1:63742 localEndPoint: 127.0.0.1:63741 after 49 ms
TpTrace Verbose: 0 : 17500, 4, 2024/07/29, 12:18:16.806, 11780375757159, vstest.console.dll, MulticastDelegateUtilities.SafeInvoke: InternalTestLoggerEvents.SendTestResult: Invoking callback 1/1 for Microsoft.VisualStudio.TestPlatform.CommandLine.Internal.ConsoleLogger., took 0 ms.
TpTrace Verbose: 0 : 17500, 12, 2024/07/29, 12:18:17.815, 11780385850718, vstest.console.dll, TcpClientExtensions.MessageLoopAsync: Polling on remoteEndPoint: 127.0.0.1:63742 localEndPoint: 127.0.0.1:63741 after 1009 ms
TpTrace Verbose: 0 : 17500, 12, 2024/07/29, 12:18:18.817, 11780395867044, vstest.console.dll, TcpClientExtensions.MessageLoopAsync: Polling on remoteEndPoint: 127.0.0.1:63742 localEndPoint: 127.0.0.1:63741 after 1001 ms
TpTrace Verbose: 0 : 17500, 12, 2024/07/29, 12:18:19.831, 11780406007863, vstest.console.dll, TcpClientExtensions.MessageLoopAsync: Polling on remoteEndPoint: 127.0.0.1:63742 localEndPoint: 127.0.0.1:63741 after 1013 ms
TpTrace Verbose: 0 : 17500, 12, 2024/07/29, 12:18:20.632, 11780414013782, vstest.console.dll, TcpClientExtensions.MessageLoopAsync: NotifyDataAvailable remoteEndPoint: 127.0.0.1:63742 localEndPoint: 127.0.0.1:63741
TpTrace Verbose: 0 : 17500, 12, 2024/07/29, 12:18:20.632, 11780414017978, vstest.console.dll, TestRequestSender.OnExecutionMessageReceived: Received message: {"Version":5,"MessageType":"TestExecution.StatsChange","Payload":{"NewTestResults":[{"TestCase":{"Id":"f3dd260c-1f87-0f9d-63ec-cde39056321c","FullyQualifiedName":"SwagLabsPOM.Tests.LoginPageTests.TestLoginWithInvalidCredentials","DisplayName":"TestLoginWithInvalidCredentials","ExecutorUri":"executor://NUnit3TestExecutor","Source":"C:\\Users\\PC\\Desktop\\ExerciseSeleniumPOM\\SwagLabsPOM\\bin\\Debug\\net6.0\\fine-code-coverage\\build-output\\SwagLabsPOM.dll","CodeFilePath":null,"LineNumber":0,"Properties":[{"Key":{"Id":"NUnit.Seed","Label":"Seed","Category":"","Description":"","Attributes":0,"ValueType":"System.String"},"Value":"342713937"}]},"Attachments":[],"Outcome":1,"ErrorMessage":null,"ErrorStackTrace":null,"DisplayName":"TestLoginWithInvalidCredentials","Messages":[],"ComputerName":"DESKTOP-78QNQ9Q","Duration":"00:00:03.8267980","StartTime":"2024-07-29T09:18:16.801718+00:00","EndTime":"2024-07-29T09:18:20.6285153+00:00","Properties":[{"Key":{"Id":"NUnit.Seed","Label":"Seed","Category":"","Description":"","Attributes":0,"ValueType":"System.String"},"Value":"342713937"}]}],"TestRunStatistics":{"ExecutedTests":12,"Stats":{"Passed":12}},"ActiveTests":[{"Id":"256e2693-0fdf-2d59-6157-8dcc48fb63b6","FullyQualifiedName":"SwagLabsPOM.Tests.LoginPageTests.TestLoginWithLockedOutUser","DisplayName":"TestLoginWithLockedOutUser","ExecutorUri":"executor://NUnit3TestExecutor","Source":"C:\\Users\\PC\\Desktop\\ExerciseSeleniumPOM\\SwagLabsPOM\\bin\\Debug\\net6.0\\fine-code-coverage\\build-output\\SwagLabsPOM.dll","CodeFilePath":null,"LineNumber":0,"Properties":[{"Key":{"Id":"NUnit.Seed","Label":"Seed","Category":"","Description":"","Attributes":0,"ValueType":"System.String"},"Value":"808237192"}]}]}}
TpTrace Verbose: 0 : 17500, 12, 2024/07/29, 12:18:20.633, 11780414024420, vstest.console.dll, TestRunRequest:SendTestRunStatsChange: Starting.
TpTrace Verbose: 0 : 17500, 12, 2024/07/29, 12:18:20.633, 11780414025648, vstest.console.dll, InProgress is TestLoginWithLockedOutUser
TpTrace Verbose: 0 : 17500, 12, 2024/07/29, 12:18:20.633, 11780414026652, vstest.console.dll, MulticastDelegateUtilities.SafeInvoke: TestRun.RunStatsChanged: Invoking callbacks was skipped because there are no subscribers.
TpTrace Information: 0 : 17500, 12, 2024/07/29, 12:18:20.633, 11780414027672, vstest.console.dll, TestRunRequest:SendTestRunStatsChange: Completed.
TpTrace Verbose: 0 : 17500, 12, 2024/07/29, 12:18:20.633, 11780414028480, vstest.console.dll, MulticastDelegateUtilities.SafeInvoke: LengthPrefixCommunicationChannel: MessageReceived: Invoking callback 1/1 for Microsoft.VisualStudio.TestPlatform.CommunicationUtilities.TestRequestSender+<>c__DisplayClass34_0., took 1 ms.
TpTrace Verbose: 0 : 17500, 12, 2024/07/29, 12:18:20.633, 11780414029267, vstest.console.dll, TcpClientExtensions.MessageLoopAsync: Polling on remoteEndPoint: 127.0.0.1:63742 localEndPoint: 127.0.0.1:63741 after 801 ms
TpTrace Verbose: 0 : 17500, 4, 2024/07/29, 12:18:20.634, 11780414032517, vstest.console.dll, MulticastDelegateUtilities.SafeInvoke: InternalTestLoggerEvents.SendTestResult: Invoking callback 1/1 for Microsoft.VisualStudio.TestPlatform.CommandLine.Internal.ConsoleLogger., took 0 ms.
TpTrace Verbose: 0 : 17500, 12, 2024/07/29, 12:18:21.638, 11780424077756, vstest.console.dll, TcpClientExtensions.MessageLoopAsync: Polling on remoteEndPoint: 127.0.0.1:63742 localEndPoint: 127.0.0.1:63741 after 1004 ms
TpTrace Verbose: 0 : 17500, 12, 2024/07/29, 12:18:22.643, 11780434129558, vstest.console.dll, TcpClientExtensions.MessageLoopAsync: Polling on remoteEndPoint: 127.0.0.1:63742 localEndPoint: 127.0.0.1:63741 after 1004 ms
TpTrace Verbose: 0 : 17500, 12, 2024/07/29, 12:18:23.647, 11780444163148, vstest.console.dll, TcpClientExtensions.MessageLoopAsync: Polling on remoteEndPoint: 127.0.0.1:63742 localEndPoint: 127.0.0.1:63741 after 1003 ms
TpTrace Verbose: 0 : 17500, 12, 2024/07/29, 12:18:24.524, 11780452938348, vstest.console.dll, TcpClientExtensions.MessageLoopAsync: NotifyDataAvailable remoteEndPoint: 127.0.0.1:63742 localEndPoint: 127.0.0.1:63741
TpTrace Verbose: 0 : 17500, 12, 2024/07/29, 12:18:24.524, 11780452940672, vstest.console.dll, TestRequestSender.OnExecutionMessageReceived: Received message: {"Version":5,"MessageType":"TestExecution.StatsChange","Payload":{"NewTestResults":[{"TestCase":{"Id":"256e2693-0fdf-2d59-6157-8dcc48fb63b6","FullyQualifiedName":"SwagLabsPOM.Tests.LoginPageTests.TestLoginWithLockedOutUser","DisplayName":"TestLoginWithLockedOutUser","ExecutorUri":"executor://NUnit3TestExecutor","Source":"C:\\Users\\PC\\Desktop\\ExerciseSeleniumPOM\\SwagLabsPOM\\bin\\Debug\\net6.0\\fine-code-coverage\\build-output\\SwagLabsPOM.dll","CodeFilePath":null,"LineNumber":0,"Properties":[{"Key":{"Id":"NUnit.Seed","Label":"Seed","Category":"","Description":"","Attributes":0,"ValueType":"System.String"},"Value":"808237192"}]},"Attachments":[],"Outcome":1,"ErrorMessage":null,"ErrorStackTrace":null,"DisplayName":"TestLoginWithLockedOutUser","Messages":[],"ComputerName":"DESKTOP-78QNQ9Q","Duration":"00:00:03.8929800","StartTime":"2024-07-29T09:18:20.6285697+00:00","EndTime":"2024-07-29T09:18:24.5215497+00:00","Properties":[{"Key":{"Id":"NUnit.Seed","Label":"Seed","Category":"","Description":"","Attributes":0,"ValueType":"System.String"},"Value":"808237192"}]}],"TestRunStatistics":{"ExecutedTests":13,"Stats":{"Passed":13}},"ActiveTests":[{"Id":"7f24afb5-b851-fc15-36da-4e133f3e6776","FullyQualifiedName":"SwagLabsPOM.Tests.LoginPageTests.TestLoginWithValidCredentials","DisplayName":"TestLoginWithValidCredentials","ExecutorUri":"executor://NUnit3TestExecutor","Source":"C:\\Users\\PC\\Desktop\\ExerciseSeleniumPOM\\SwagLabsPOM\\bin\\Debug\\net6.0\\fine-code-coverage\\build-output\\SwagLabsPOM.dll","CodeFilePath":null,"LineNumber":0,"Properties":[{"Key":{"Id":"NUnit.Seed","Label":"Seed","Category":"","Description":"","Attributes":0,"ValueType":"System.String"},"Value":"566734133"}]}]}}
TpTrace Verbose: 0 : 17500, 12, 2024/07/29, 12:18:24.525, 11780452947072, vstest.console.dll, TestRunRequest:SendTestRunStatsChange: Starting.
TpTrace Verbose: 0 : 17500, 12, 2024/07/29, 12:18:24.525, 11780452948090, vstest.console.dll, InProgress is TestLoginWithValidCredentials
TpTrace Verbose: 0 : 17500, 12, 2024/07/29, 12:18:24.525, 11780452948961, vstest.console.dll, MulticastDelegateUtilities.SafeInvoke: TestRun.RunStatsChanged: Invoking callbacks was skipped because there are no subscribers.
TpTrace Information: 0 : 17500, 12, 2024/07/29, 12:18:24.525, 11780452949697, vstest.console.dll, TestRunRequest:SendTestRunStatsChange: Completed.
TpTrace Verbose: 0 : 17500, 12, 2024/07/29, 12:18:24.525, 11780452950386, vstest.console.dll, MulticastDelegateUtilities.SafeInvoke: LengthPrefixCommunicationChannel: MessageReceived: Invoking callback 1/1 for Microsoft.VisualStudio.TestPlatform.CommunicationUtilities.TestRequestSender+<>c__DisplayClass34_0., took 0 ms.
TpTrace Verbose: 0 : 17500, 4, 2024/07/29, 12:18:24.525, 11780452950078, vstest.console.dll, MulticastDelegateUtilities.SafeInvoke: InternalTestLoggerEvents.SendTestResult: Invoking callback 1/1 for Microsoft.VisualStudio.TestPlatform.CommandLine.Internal.ConsoleLogger., took 0 ms.
TpTrace Verbose: 0 : 17500, 12, 2024/07/29, 12:18:24.526, 11780452951261, vstest.console.dll, TcpClientExtensions.MessageLoopAsync: Polling on remoteEndPoint: 127.0.0.1:63742 localEndPoint: 127.0.0.1:63741 after 878 ms
TpTrace Verbose: 0 : 17500, 12, 2024/07/29, 12:18:25.534, 11780463040670, vstest.console.dll, TcpClientExtensions.MessageLoopAsync: Polling on remoteEndPoint: 127.0.0.1:63742 localEndPoint: 127.0.0.1:63741 after 1008 ms
TpTrace Verbose: 0 : 17500, 12, 2024/07/29, 12:18:26.537, 11780473063057, vstest.console.dll, TcpClientExtensions.MessageLoopAsync: Polling on remoteEndPoint: 127.0.0.1:63742 localEndPoint: 127.0.0.1:63741 after 1001 ms
TpTrace Verbose: 0 : 17500, 12, 2024/07/29, 12:18:27.550, 11780483200365, vstest.console.dll, TcpClientExtensions.MessageLoopAsync: Polling on remoteEndPoint: 127.0.0.1:63742 localEndPoint: 127.0.0.1:63741 after 1013 ms
TpTrace Verbose: 0 : 17500, 12, 2024/07/29, 12:18:28.553, 11780493229742, vstest.console.dll, TcpClientExtensions.MessageLoopAsync: Polling on remoteEndPoint: 127.0.0.1:63742 localEndPoint: 127.0.0.1:63741 after 1002 ms
TpTrace Verbose: 0 : 17500, 12, 2024/07/29, 12:18:28.609, 11780493789958, vstest.console.dll, TcpClientExtensions.MessageLoopAsync: NotifyDataAvailable remoteEndPoint: 127.0.0.1:63742 localEndPoint: 127.0.0.1:63741
TpTrace Verbose: 0 : 17500, 12, 2024/07/29, 12:18:28.610, 11780493791580, vstest.console.dll, TestRequestSender.OnExecutionMessageReceived: Received message: {"Version":5,"MessageType":"TestSession.Message","Payload":{"MessageLevel":0,"Message":"NUnit Adapter 4.2.0.0: Test execution complete"}}
TpTrace Verbose: 0 : 17500, 12, 2024/07/29, 12:18:28.610, 11780493792742, vstest.console.dll, TestRunRequest:SendTestRunMessage: Starting.
TpTrace Verbose: 0 : 17500, 4, 2024/07/29, 12:18:28.610, 11780493798801, vstest.console.dll, MulticastDelegateUtilities.SafeInvoke: InternalTestLoggerEvents.SendTestRunMessage: Invoking callback 1/1 for Microsoft.VisualStudio.TestPlatform.CommandLine.Internal.ConsoleLogger., took 0 ms.
TpTrace Verbose: 0 : 17500, 12, 2024/07/29, 12:18:28.610, 11780493798954, vstest.console.dll, MulticastDelegateUtilities.SafeInvoke: TestRun.LogMessages: Invoking callback 1/1 for Microsoft.VisualStudio.TestPlatform.CommandLine.TestRunResultAggregator., took 0 ms.
TpTrace Information: 0 : 17500, 12, 2024/07/29, 12:18:28.611, 11780493801176, vstest.console.dll, TestRunRequest:SendTestRunMessage: Completed.
TpTrace Verbose: 0 : 17500, 12, 2024/07/29, 12:18:28.611, 11780493801909, vstest.console.dll, MulticastDelegateUtilities.SafeInvoke: LengthPrefixCommunicationChannel: MessageReceived: Invoking callback 1/1 for Microsoft.VisualStudio.TestPlatform.CommunicationUtilities.TestRequestSender+<>c__DisplayClass34_0., took 1 ms.
TpTrace Verbose: 0 : 17500, 12, 2024/07/29, 12:18:28.611, 11780493802627, vstest.console.dll, TcpClientExtensions.MessageLoopAsync: Polling on remoteEndPoint: 127.0.0.1:63742 localEndPoint: 127.0.0.1:63741 after 57 ms
TpTrace Verbose: 0 : 17500, 12, 2024/07/29, 12:18:28.635, 11780494048478, vstest.console.dll, TcpClientExtensions.MessageLoopAsync: NotifyDataAvailable remoteEndPoint: 127.0.0.1:63742 localEndPoint: 127.0.0.1:63741
TpTrace Verbose: 0 : 17500, 12, 2024/07/29, 12:18:28.635, 11780494050925, vstest.console.dll, TestRequestSender.OnExecutionMessageReceived: Received message: {"Version":5,"MessageType":"TestExecution.Completed","Payload":{"TestRunCompleteArgs":{"TestRunStatistics":{"ExecutedTests":14,"Stats":{"Passed":14}},"IsCanceled":false,"IsAborted":false,"Error":null,"AttachmentSets":[],"ElapsedTimeInRunningTests":"00:01:07.3441221","Metrics":{}},"LastRunTests":{"NewTestResults":[{"TestCase":{"Id":"7f24afb5-b851-fc15-36da-4e133f3e6776","FullyQualifiedName":"SwagLabsPOM.Tests.LoginPageTests.TestLoginWithValidCredentials","DisplayName":"TestLoginWithValidCredentials","ExecutorUri":"executor://NUnit3TestExecutor","Source":"C:\\Users\\PC\\Desktop\\ExerciseSeleniumPOM\\SwagLabsPOM\\bin\\Debug\\net6.0\\fine-code-coverage\\build-output\\SwagLabsPOM.dll","CodeFilePath":null,"LineNumber":0,"Properties":[{"Key":{"Id":"NUnit.Seed","Label":"Seed","Category":"","Description":"","Attributes":0,"ValueType":"System.String"},"Value":"566734133"}]},"Attachments":[],"Outcome":1,"ErrorMessage":null,"ErrorStackTrace":null,"DisplayName":"TestLoginWithValidCredentials","Messages":[],"ComputerName":"DESKTOP-78QNQ9Q","Duration":"00:00:04.0781729","StartTime":"2024-07-29T09:18:24.5216005+00:00","EndTime":"2024-07-29T09:18:28.5997736+00:00","Properties":[{"Key":{"Id":"NUnit.Seed","Label":"Seed","Category":"","Description":"","Attributes":0,"ValueType":"System.String"},"Value":"566734133"}]}],"TestRunStatistics":{"ExecutedTests":14,"Stats":{"Passed":14}},"ActiveTests":[]},"RunAttachments":[],"ExecutorUris":["executor://nunit3testexecutor/"]}}
TpTrace Verbose: 0 : 17500, 12, 2024/07/29, 12:18:28.636, 11780494052750, vstest.console.dll, TestRequestSender.EndSession: Sending end session.
TpTrace Verbose: 0 : 17500, 12, 2024/07/29, 12:18:28.636, 11780494055923, vstest.console.dll, ProxyOperationManager.Close: waiting for test host to exit for 100 ms
TpTrace Verbose: 0 : 17500, 10, 2024/07/29, 12:18:28.671, 11780494402283, vstest.console.dll, TestHostManagerCallbacks.ctor: Experimental forwarding output is disabled.
TpTrace Warning: 0 : 17500, 10, 2024/07/29, 12:18:28.671, 11780494403959, vstest.console.dll, TestHostManagerCallbacks.ErrorReceivedCallback Test host standard error line: 
TpTrace Verbose: 0 : 17500, 10, 2024/07/29, 12:18:28.688, 11780494574293, vstest.console.dll, TestHostProvider.ExitCallBack: Host exited starting callback.
TpTrace Information: 0 : 17500, 10, 2024/07/29, 12:18:28.688, 11780494576118, vstest.console.dll, TestHostManagerCallbacks.ExitCallBack: Testhost processId: 7584 exited with exitcode: 0 error: ''
TpTrace Verbose: 0 : 17500, 10, 2024/07/29, 12:18:28.688, 11780494576661, vstest.console.dll, DotnetTestHostManager.OnHostExited: invoking OnHostExited callback
TpTrace Verbose: 0 : 17500, 10, 2024/07/29, 12:18:28.688, 11780494577622, vstest.console.dll, CrossPlatEngine.TestHostManagerHostExited: calling on client process exit callback.
TpTrace Information: 0 : 17500, 10, 2024/07/29, 12:18:28.688, 11780494578810, vstest.console.dll, TestRequestSender.OnClientProcessExit: Test host process exited. Standard error: 
TpTrace Information: 0 : 17500, 12, 2024/07/29, 12:18:28.688, 11780494579322, vstest.console.dll, SocketServer.Stop: Stop server endPoint: 127.0.0.1:63741
TpTrace Information: 0 : 17500, 10, 2024/07/29, 12:18:28.688, 11780494580256, vstest.console.dll, SocketServer.Stop: Stop server endPoint: 127.0.0.1:63741
TpTrace Information: 0 : 17500, 12, 2024/07/29, 12:18:28.688, 11780494580337, vstest.console.dll, SocketServer.Stop: Cancellation requested. Stopping message loop.
TpTrace Information: 0 : 17500, 10, 2024/07/29, 12:18:28.688, 11780494580932, vstest.console.dll, SocketServer.Stop: Cancellation requested. Stopping message loop.
TpTrace Verbose: 0 : 17500, 10, 2024/07/29, 12:18:28.689, 11780494582264, vstest.console.dll, MulticastDelegateUtilities.SafeInvoke: HostProviderEvents.OnHostExited: Invoking callback 1/1 for Microsoft.VisualStudio.TestPlatform.CrossPlatEngine.Client.ProxyOperationManager., took 0 ms.
TpTrace Information: 0 : 17500, 12, 2024/07/29, 12:18:28.689, 11780494582785, vstest.console.dll, Closing the connection
TpTrace Verbose: 0 : 17500, 12, 2024/07/29, 12:18:28.689, 11780494586641, vstest.console.dll, ProxyDataCollectionManager.InvokeDataCollectionServiceAction: Starting.
TpTrace Information: 0 : 17500, 12, 2024/07/29, 12:18:28.689, 11780494587320, vstest.console.dll, ProxyDataCollectionManager.AfterTestRunEnd: Get attachment set and invoked data collectors processId: 10568 port: 63738
TpTrace Verbose: 0 : 17500, 12, 2024/07/29, 12:18:28.689, 11780494587961, vstest.console.dll, DataCollectionRequestSender.SendAfterTestRunStartAndGetResult: Send AfterTestRunEnd message with isCancelled: False
TpTrace Verbose: 0 : 17500, 12, 2024/07/29, 12:18:28.699, 11780494686389, vstest.console.dll, DataCollectionRequestSender.SendAfterTestRunStartAndGetResult: Received message: (DataCollection.AfterTestRunEndResult) -> {"MessageType":"DataCollection.AfterTestRunEndResult","Payload":{"AttachmentSets":[],"InvokedDataCollectors":[{"Uri":"datacollector://Microsoft/TestPlatform/Extensions/Blame/v1","FriendlyName":"Blame","AssemblyQualifiedName":"Microsoft.TestPlatform.Extensions.BlameDataCollector.BlameCollector, Microsoft.TestPlatform.Extensions.BlameDataCollector, Version=15.0.0.0, Culture=neutral, PublicKeyToken=b03f5f7f11d50a3a","FilePath":"C:\\Program Files\\dotnet\\sdk\\8.0.300\\Extensions\\Microsoft.TestPlatform.Extensions.BlameDataCollector.dll","HasAttachmentProcessor":false}],"Metrics":{}}}
TpTrace Warning: 0 : 17500, 7, 2024/07/29, 12:18:28.707, 11780494768357, vstest.console.dll, DataCollectionLauncher.ErrorReceivedCallback datacollector standard error line: 
TpTrace Information: 0 : 17500, 12, 2024/07/29, 12:18:28.709, 11780494786007, vstest.console.dll, ProxyDataCollectionManager.InvokeDataCollectionServiceAction: Completed.
TpTrace Information: 0 : 17500, 7, 2024/07/29, 12:18:28.725, 11780494945323, vstest.console.dll, DataCollectionLauncher.ExitCallBack: Data collector exited with exitcode: 0 error: ''
TpTrace Verbose: 0 : 17500, 12, 2024/07/29, 12:18:28.768, 11780495372389, vstest.console.dll, TestRunRequest:SendTestRunStatsChange: Starting.
TpTrace Verbose: 0 : 17500, 12, 2024/07/29, 12:18:28.768, 11780495373815, vstest.console.dll, MulticastDelegateUtilities.SafeInvoke: TestRun.RunStatsChanged: Invoking callbacks was skipped because there are no subscribers.
TpTrace Information: 0 : 17500, 12, 2024/07/29, 12:18:28.768, 11780495374563, vstest.console.dll, TestRunRequest:SendTestRunStatsChange: Completed.
TpTrace Verbose: 0 : 17500, 4, 2024/07/29, 12:18:28.768, 11780495378109, vstest.console.dll, MulticastDelegateUtilities.SafeInvoke: InternalTestLoggerEvents.SendTestResult: Invoking callback 1/1 for Microsoft.VisualStudio.TestPlatform.CommandLine.Internal.ConsoleLogger., took 0 ms.
TpTrace Verbose: 0 : 17500, 12, 2024/07/29, 12:18:28.768, 11780495380920, vstest.console.dll, ParallelProxyExecutionManager: HandlePartialRunComplete: Total workloads = 1, Total started clients = 1 Total completed clients = 1, Run complete = True, Run canceled: False.
TpTrace Verbose: 0 : 17500, 12, 2024/07/29, 12:18:28.769, 11780495381427, vstest.console.dll, ParallelProxyExecutionManager: HandlePartialRunComplete: All runs completed stopping all managers.
TpTrace Verbose: 0 : 17500, 12, 2024/07/29, 12:18:28.769, 11780495381925, vstest.console.dll, ParallelOperationManager.StopAllManagers: Stopping all managers.
TpTrace Verbose: 0 : 17500, 12, 2024/07/29, 12:18:28.769, 11780495382365, vstest.console.dll, ParallelOperationManager.ClearSlots: Clearing all slots. Slots should accept more work: False
TpTrace Verbose: 0 : 17500, 12, 2024/07/29, 12:18:28.769, 11780495382987, vstest.console.dll, ParallelOperationManager.SetOccupiedSlotCount: Setting slot counts AvailableSlotCount = 1, OccupiedSlotCount = 0.
TpTrace Verbose: 0 : 17500, 12, 2024/07/29, 12:18:28.769, 11780495383724, vstest.console.dll, Occupied slots:

TpTrace Verbose: 0 : 17500, 4, 2024/07/29, 12:18:28.783, 11780495530117, vstest.console.dll, MulticastDelegateUtilities.SafeInvoke: InternalTestLoggerEvents.SendTestRunComplete: Invoking callback 1/2 for Microsoft.TestPlatform.Extensions.BlameDataCollector.BlameLogger., took 0 ms.
TpTrace Verbose: 0 : 17500, 4, 2024/07/29, 12:18:28.792, 11780495619392, vstest.console.dll, MulticastDelegateUtilities.SafeInvoke: InternalTestLoggerEvents.SendTestRunComplete: Invoking callback 2/2 for Microsoft.VisualStudio.TestPlatform.CommandLine.Internal.ConsoleLogger., took 8 ms.
TpTrace Verbose: 0 : 17500, 12, 2024/07/29, 12:18:28.793, 11780495624728, vstest.console.dll, TestRunRequest:TestRunComplete: Starting. IsAborted:False IsCanceled:False.
TpTrace Verbose: 0 : 17500, 12, 2024/07/29, 12:18:28.793, 11780495627479, vstest.console.dll, ParallelOperationManager.DoActionOnAllManagers: Calling an action on all managers.
TpTrace Verbose: 0 : 17500, 12, 2024/07/29, 12:18:28.795, 11780495647274, vstest.console.dll, TestLoggerManager.HandleTestRunComplete: Ignoring as the object is disposed.
TpTrace Verbose: 0 : 17500, 12, 2024/07/29, 12:18:28.796, 11780495651184, vstest.console.dll, MulticastDelegateUtilities.SafeInvoke: TestRun.TestRunComplete: Invoking callback 1/2 for Microsoft.VisualStudio.TestPlatform.CommandLine.TestRunResultAggregator., took 0 ms.
TpTrace Verbose: 0 : 17500, 12, 2024/07/29, 12:18:28.796, 11780495653288, vstest.console.dll, MulticastDelegateUtilities.SafeInvoke: TestRun.TestRunComplete: Invoking callback 2/2 for Microsoft.VisualStudio.TestPlatform.CommandLine.Processors.RunTestsArgumentExecutor+TestRunRequestEventsRegistrar., took 0 ms.
TpTrace Information: 0 : 17500, 12, 2024/07/29, 12:18:28.796, 11780495655155, vstest.console.dll, TestRunRequest:TestRunComplete: Completed.
TpTrace Verbose: 0 : 17500, 1, 2024/07/29, 12:18:28.796, 11780495655271, vstest.console.dll, TestRunRequest.Dispose: Starting.
TpTrace Verbose: 0 : 17500, 12, 2024/07/29, 12:18:28.796, 11780495656155, vstest.console.dll, TestRequestSender.SetOperationComplete: Setting operation complete.
TpTrace Information: 0 : 17500, 1, 2024/07/29, 12:18:28.796, 11780495657134, vstest.console.dll, TestRunRequest.Dispose: Completed.
TpTrace Information: 0 : 17500, 12, 2024/07/29, 12:18:28.796, 11780495657603, vstest.console.dll, SocketServer.Stop: Stop server endPoint: 127.0.0.1:63741
TpTrace Information: 0 : 17500, 1, 2024/07/29, 12:18:28.796, 11780495658848, vstest.console.dll, TestRequestManager.RunTests: run tests completed.
TpTrace Information: 0 : 17500, 12, 2024/07/29, 12:18:28.796, 11780495659678, vstest.console.dll, SocketServer.Stop: Cancellation requested. Stopping message loop.
TpTrace Verbose: 0 : 17500, 12, 2024/07/29, 12:18:28.797, 11780495661254, vstest.console.dll, MulticastDelegateUtilities.SafeInvoke: LengthPrefixCommunicationChannel: MessageReceived: Invoking callback 1/1 for Microsoft.VisualStudio.TestPlatform.CommunicationUtilities.TestRequestSender+<>c__DisplayClass34_0., took 161 ms.
TpTrace Information: 0 : 17500, 1, 2024/07/29, 12:18:28.797, 11780495661498, vstest.console.dll, RunTestsArgumentProcessor:Execute: Test run is completed.
TpTrace Information: 0 : 17500, 12, 2024/07/29, 12:18:28.797, 11780495662226, vstest.console.dll, SocketServer.PrivateStop: Stopping server endPoint: 127.0.0.1:63741 error: 
TpTrace Verbose: 0 : 17500, 1, 2024/07/29, 12:18:28.797, 11780495666692, vstest.console.dll, Executor.Execute: Exiting with exit code of 0
TpTrace Verbose: 0 : 17500, 12, 2024/07/29, 12:18:28.798, 11780495671538, vstest.console.dll, LengthPrefixCommunicationChannel.Dispose: Dispose reader and writer.
TpTrace Information: 0 : 17500, 12, 2024/07/29, 12:18:28.798, 11780495673058, vstest.console.dll, SocketServer.Stop: Raise disconnected event endPoint: 127.0.0.1:63741 error: 
TpTrace Verbose: 0 : 17500, 12, 2024/07/29, 12:18:28.798, 11780495674436, vstest.console.dll, TestRequestSender: OnTestRunAbort: Operation is already complete. Skip error message.
