TpTrace Verbose: 0 : 5832, 1, 2024/07/23, 20:10:56.889, 6879689928339, vstest.console.dll, Version: 17.10.0-release-24203-04 Current process architecture: X64
TpTrace Verbose: 0 : 5832, 1, 2024/07/23, 20:10:56.895, 6879689985134, vstest.console.dll, Runtime location: C:\Program Files\dotnet\shared\Microsoft.NETCore.App\8.0.5
TpTrace Verbose: 0 : 5832, 1, 2024/07/23, 20:10:56.899, 6879690025631, vstest.console.dll, ArtifactProcessingPostProcessModeProcessorExecutor.Initialize: ArtifactProcessingMode.Collect
TpTrace Verbose: 0 : 5832, 1, 2024/07/23, 20:10:56.899, 6879690027813, vstest.console.dll, TestSessionCorrelationIdProcessorModeProcessorExecutor.Initialize: TestSessionCorrelationId '20188_2f32c17c-d9e1-4b70-b1ac-7a8a7c5159ce'
TpTrace Information: 0 : 5832, 1, 2024/07/23, 20:10:56.910, 6879690138305, vstest.console.dll, FilePatternParser: The given file C:\Users\PC\Desktop\SeleniumAdvanced\StudentsRegistryPOM\bin\Debug\net6.0\fine-code-coverage\build-output\StudentsRegistryPOM.dll is a full path.
TpTrace Verbose: 0 : 5832, 1, 2024/07/23, 20:10:56.918, 6879690223102, vstest.console.dll, TestPluginCache.DiscoverTestExtensions: finding test extensions in assemblies ends with: RuntimeProvider.dll TPluginInfo: Microsoft.VisualStudio.TestPlatform.Common.ExtensionFramework.Utilities.TestRuntimePluginInformation TExtension: Microsoft.VisualStudio.TestPlatform.ObjectModel.Host.ITestRuntimeProvider
TpTrace Verbose: 0 : 5832, 1, 2024/07/23, 20:10:56.919, 6879690228877, vstest.console.dll, TestPluginCache.GetExtensionPaths: Filtered extension paths: 
TpTrace Verbose: 0 : 5832, 1, 2024/07/23, 20:10:56.919, 6879690230622, vstest.console.dll, TestPluginCache.GetExtensionPaths: Added default extension paths: C:\Program Files\dotnet\sdk\8.0.300\Extensions\Microsoft.Diagnostics.NETCore.Client.dll
C:\Program Files\dotnet\sdk\8.0.300\Extensions\Microsoft.TestPlatform.Extensions.BlameDataCollector.dll
C:\Program Files\dotnet\sdk\8.0.300\Extensions\Microsoft.TestPlatform.Extensions.EventLogCollector.dll
C:\Program Files\dotnet\sdk\8.0.300\Extensions\Microsoft.TestPlatform.TestHostRuntimeProvider.dll
C:\Program Files\dotnet\sdk\8.0.300\Extensions\Microsoft.VisualStudio.TestPlatform.Extensions.Html.TestLogger.dll
C:\Program Files\dotnet\sdk\8.0.300\Extensions\Microsoft.VisualStudio.TestPlatform.Extensions.Trx.TestLogger.dll
TpTrace Verbose: 0 : 5832, 1, 2024/07/23, 20:10:56.919, 6879690231457, vstest.console.dll, TestPluginCache.GetExtensionPaths: Added unfilterableExtensionPaths: 
TpTrace Information: 0 : 5832, 1, 2024/07/23, 20:10:56.920, 6879690240865, vstest.console.dll, AssemblyResolver.ctor: Creating AssemblyResolver with searchDirectories C:\Program Files\dotnet\sdk\8.0.300\Extensions,C:\Program Files\dotnet\sdk\8.0.300
TpTrace Verbose: 0 : 5832, 1, 2024/07/23, 20:10:56.923, 6879690265972, vstest.console.dll, TestPluginCache.DiscoverTestExtensions: Discovering the extensions using extension path.
TpTrace Verbose: 0 : 5832, 1, 2024/07/23, 20:10:56.923, 6879690268532, vstest.console.dll, TestPluginCache.GetExtensionPaths: Filtered extension paths: 
TpTrace Verbose: 0 : 5832, 1, 2024/07/23, 20:10:56.923, 6879690269423, vstest.console.dll, TestPluginCache.GetExtensionPaths: Added default extension paths: C:\Program Files\dotnet\sdk\8.0.300\Extensions\Microsoft.Diagnostics.NETCore.Client.dll
C:\Program Files\dotnet\sdk\8.0.300\Extensions\Microsoft.TestPlatform.Extensions.BlameDataCollector.dll
C:\Program Files\dotnet\sdk\8.0.300\Extensions\Microsoft.TestPlatform.Extensions.EventLogCollector.dll
C:\Program Files\dotnet\sdk\8.0.300\Extensions\Microsoft.TestPlatform.TestHostRuntimeProvider.dll
C:\Program Files\dotnet\sdk\8.0.300\Extensions\Microsoft.VisualStudio.TestPlatform.Extensions.Html.TestLogger.dll
C:\Program Files\dotnet\sdk\8.0.300\Extensions\Microsoft.VisualStudio.TestPlatform.Extensions.Trx.TestLogger.dll
TpTrace Verbose: 0 : 5832, 1, 2024/07/23, 20:10:56.923, 6879690270223, vstest.console.dll, TestPluginCache.GetExtensionPaths: Added unfilterableExtensionPaths: 
TpTrace Verbose: 0 : 5832, 1, 2024/07/23, 20:10:56.923, 6879690271487, vstest.console.dll, TestPluginCache.DiscoverTestExtensions: Discovering the extensions using allExtensionPaths: C:\Program Files\dotnet\sdk\8.0.300\Extensions\Microsoft.Diagnostics.NETCore.Client.dll
C:\Program Files\dotnet\sdk\8.0.300\Extensions\Microsoft.TestPlatform.Extensions.BlameDataCollector.dll
C:\Program Files\dotnet\sdk\8.0.300\Extensions\Microsoft.TestPlatform.Extensions.EventLogCollector.dll
C:\Program Files\dotnet\sdk\8.0.300\Extensions\Microsoft.TestPlatform.TestHostRuntimeProvider.dll
C:\Program Files\dotnet\sdk\8.0.300\Extensions\Microsoft.VisualStudio.TestPlatform.Extensions.Html.TestLogger.dll
C:\Program Files\dotnet\sdk\8.0.300\Extensions\Microsoft.VisualStudio.TestPlatform.Extensions.Trx.TestLogger.dll
TpTrace Information: 0 : 5832, 1, 2024/07/23, 20:10:56.923, 6879690273799, vstest.console.dll, AssemblyResolver.AddSearchDirectories: Adding more searchDirectories C:\Program Files\dotnet\sdk\8.0.300\Extensions,C:\Program Files\dotnet\sdk\8.0.300
TpTrace Information: 0 : 5832, 1, 2024/07/23, 20:10:56.924, 6879690274837, vstest.console.dll, AssemblyResolver.AddSearchDirectories: Adding more searchDirectories C:\Program Files\dotnet\sdk\8.0.300\Extensions,C:\Program Files\dotnet\sdk\8.0.300
TpTrace Information: 0 : 5832, 1, 2024/07/23, 20:10:56.924, 6879690275658, vstest.console.dll, AssemblyResolver.AddSearchDirectories: Adding more searchDirectories C:\Program Files\dotnet\sdk\8.0.300\Extensions,C:\Program Files\dotnet\sdk\8.0.300
TpTrace Information: 0 : 5832, 1, 2024/07/23, 20:10:56.924, 6879690276313, vstest.console.dll, AssemblyResolver.AddSearchDirectories: Adding more searchDirectories C:\Program Files\dotnet\sdk\8.0.300\Extensions,C:\Program Files\dotnet\sdk\8.0.300
TpTrace Information: 0 : 5832, 1, 2024/07/23, 20:10:56.924, 6879690276958, vstest.console.dll, AssemblyResolver.AddSearchDirectories: Adding more searchDirectories C:\Program Files\dotnet\sdk\8.0.300\Extensions,C:\Program Files\dotnet\sdk\8.0.300
TpTrace Information: 0 : 5832, 1, 2024/07/23, 20:10:56.924, 6879690277670, vstest.console.dll, AssemblyResolver.AddSearchDirectories: Adding more searchDirectories C:\Program Files\dotnet\sdk\8.0.300\Extensions,C:\Program Files\dotnet\sdk\8.0.300
TpTrace Information: 0 : 5832, 1, 2024/07/23, 20:10:56.925, 6879690285418, vstest.console.dll, AssemblyResolver.OnResolve: Microsoft.Diagnostics.NETCore.Client: Resolving assembly.
TpTrace Information: 0 : 5832, 1, 2024/07/23, 20:10:56.925, 6879690286613, vstest.console.dll, AssemblyResolver.OnResolve: Microsoft.Diagnostics.NETCore.Client: Searching in: 'C:\Program Files\dotnet\sdk\8.0.300\Extensions'.
TpTrace Information: 0 : 5832, 1, 2024/07/23, 20:10:56.945, 6879690493223, vstest.console.dll, AssemblyResolver.OnResolve: Microsoft.Diagnostics.NETCore.Client: Loading assembly 'C:\Program Files\dotnet\sdk\8.0.300\Extensions\Microsoft.Diagnostics.NETCore.Client.dll'.
TpTrace Information: 0 : 5832, 1, 2024/07/23, 20:10:56.947, 6879690505860, vstest.console.dll, AssemblyResolver.OnResolve: Resolved assembly: Microsoft.Diagnostics.NETCore.Client, from path: C:\Program Files\dotnet\sdk\8.0.300\Extensions\Microsoft.Diagnostics.NETCore.Client.dll
TpTrace Verbose: 0 : 5832, 1, 2024/07/23, 20:10:56.954, 6879690577438, vstest.console.dll, MetadataReaderExtensionsHelper: Discovering extensions inside assembly 'Microsoft.Diagnostics.NETCore.Client, Version=0.2.10.15101, Culture=neutral, PublicKeyToken=31bf3856ad364e35' file path 'C:\Program Files\dotnet\sdk\8.0.300\Extensions\Microsoft.Diagnostics.NETCore.Client.dll'
TpTrace Information: 0 : 5832, 1, 2024/07/23, 20:10:56.963, 6879690671170, vstest.console.dll, AssemblyResolver.OnResolve: Microsoft.Bcl.AsyncInterfaces: Resolving assembly.
TpTrace Information: 0 : 5832, 1, 2024/07/23, 20:10:56.964, 6879690675703, vstest.console.dll, AssemblyResolver.OnResolve: Microsoft.Bcl.AsyncInterfaces: Searching in: 'C:\Program Files\dotnet\sdk\8.0.300\Extensions'.
TpTrace Information: 0 : 5832, 1, 2024/07/23, 20:10:56.964, 6879690677343, vstest.console.dll, AssemblyResolver.OnResolve: Microsoft.Bcl.AsyncInterfaces: Assembly path does not exist: 'C:\Program Files\dotnet\sdk\8.0.300\Extensions\Microsoft.Bcl.AsyncInterfaces.dll', returning.
TpTrace Information: 0 : 5832, 1, 2024/07/23, 20:10:56.964, 6879690679215, vstest.console.dll, AssemblyResolver.OnResolve: Microsoft.Bcl.AsyncInterfaces: Assembly path does not exist: 'C:\Program Files\dotnet\sdk\8.0.300\Extensions\Microsoft.Bcl.AsyncInterfaces.exe', returning.
TpTrace Information: 0 : 5832, 1, 2024/07/23, 20:10:56.964, 6879690680123, vstest.console.dll, AssemblyResolver.OnResolve: Microsoft.Bcl.AsyncInterfaces: Searching in: 'C:\Program Files\dotnet\sdk\8.0.300'.
TpTrace Information: 0 : 5832, 1, 2024/07/23, 20:10:56.964, 6879690681350, vstest.console.dll, AssemblyResolver.OnResolve: Microsoft.Bcl.AsyncInterfaces: Assembly path does not exist: 'C:\Program Files\dotnet\sdk\8.0.300\Microsoft.Bcl.AsyncInterfaces.dll', returning.
TpTrace Information: 0 : 5832, 1, 2024/07/23, 20:10:56.964, 6879690684004, vstest.console.dll, AssemblyResolver.OnResolve: Microsoft.Bcl.AsyncInterfaces: Assembly path does not exist: 'C:\Program Files\dotnet\sdk\8.0.300\Microsoft.Bcl.AsyncInterfaces.exe', returning.
TpTrace Information: 0 : 5832, 1, 2024/07/23, 20:10:56.965, 6879690684667, vstest.console.dll, AssemblyResolver.OnResolve: Microsoft.Bcl.AsyncInterfaces: Failed to load assembly.
TpTrace Verbose: 0 : 5832, 1, 2024/07/23, 20:10:56.965, 6879690685582, vstest.console.dll, CurrentDomainAssemblyResolve: Resolving assembly 'Microsoft.Bcl.AsyncInterfaces'.
TpTrace Information: 0 : 5832, 1, 2024/07/23, 20:10:56.965, 6879690686680, vstest.console.dll, AssemblyResolver.OnResolve: Microsoft.Bcl.AsyncInterfaces: Resolving assembly.
TpTrace Information: 0 : 5832, 1, 2024/07/23, 20:10:56.965, 6879690687487, vstest.console.dll, AssemblyResolver.OnResolve: Microsoft.Bcl.AsyncInterfaces: Resolved from cache.
TpTrace Verbose: 0 : 5832, 1, 2024/07/23, 20:10:56.965, 6879690688106, vstest.console.dll, CurrentDomainAssemblyResolve: Resolving assembly 'Microsoft.Bcl.AsyncInterfaces'.
TpTrace Verbose: 0 : 5832, 1, 2024/07/23, 20:10:56.965, 6879690688941, vstest.console.dll, CurrentDomainAssemblyResolve: Failed to resolve assembly 'Microsoft.Bcl.AsyncInterfaces'.
TpTrace Verbose: 0 : 5832, 1, 2024/07/23, 20:10:56.966, 6879690704094, vstest.console.dll, CurrentDomainAssemblyResolve: Failed to resolve assembly 'Microsoft.Bcl.AsyncInterfaces'.
TpTrace Warning: 0 : 5832, 1, 2024/07/23, 20:10:56.987, 6879690904875, vstest.console.dll, TestPluginDiscoverer: Failed to get types from assembly 'Microsoft.Diagnostics.NETCore.Client, Version=0.2.10.15101, Culture=neutral, PublicKeyToken=31bf3856ad364e35'. Error: System.Reflection.ReflectionTypeLoadException: Unable to load one or more of the requested types.
Could not load file or assembly 'Microsoft.Bcl.AsyncInterfaces, Version=6.0.0.0, Culture=neutral, PublicKeyToken=cc7b13ffcd2ddd51'. The system cannot find the file specified.
   at System.Reflection.RuntimeModule.GetTypes(RuntimeModule module)
   at System.Reflection.RuntimeModule.GetTypes()
   at Microsoft.VisualStudio.TestPlatform.Common.ExtensionFramework.TestPluginDiscoverer.GetTestExtensionsFromAssembly[TPluginInfo,TExtension](Assembly assembly, Dictionary`2 pluginInfos, String filePath) in /_/src/Microsoft.TestPlatform.Common/ExtensionFramework/TestPluginDiscoverer.cs:line 158
System.IO.FileNotFoundException: Could not load file or assembly 'Microsoft.Bcl.AsyncInterfaces, Version=6.0.0.0, Culture=neutral, PublicKeyToken=cc7b13ffcd2ddd51'. The system cannot find the file specified.
File name: 'Microsoft.Bcl.AsyncInterfaces, Version=6.0.0.0, Culture=neutral, PublicKeyToken=cc7b13ffcd2ddd51'
 ---> System.IO.FileNotFoundException: Could not load file or assembly 'Microsoft.Bcl.AsyncInterfaces, Culture=neutral, PublicKeyToken=null'. The system cannot find the file specified.
File name: 'Microsoft.Bcl.AsyncInterfaces, Culture=neutral, PublicKeyToken=null'
   at System.Reflection.RuntimeAssembly.InternalLoad(AssemblyName assemblyName, StackCrawlMark& stackMark, AssemblyLoadContext assemblyLoadContext, RuntimeAssembly requestingAssembly, Boolean throwOnFileNotFound)
   at System.Reflection.Assembly.Load(AssemblyName assemblyRef)
   at Microsoft.VisualStudio.TestPlatform.Common.ExtensionFramework.TestPluginCache.CurrentDomainAssemblyResolve(Object sender, AssemblyResolveEventArgs args) in /_/src/Microsoft.TestPlatform.Common/ExtensionFramework/TestPluginCache.cs:line 513
   at System.Runtime.Loader.AssemblyLoadContext.GetFirstResolvedAssemblyFromResolvingEvent(AssemblyName assemblyName)
   at System.Runtime.Loader.AssemblyLoadContext.ResolveUsingEvent(AssemblyName assemblyName)
   at System.Runtime.Loader.AssemblyLoadContext.ResolveUsingResolvingEvent(IntPtr gchManagedAssemblyLoadContext, AssemblyName assemblyName)
TpTrace Warning: 0 : 5832, 1, 2024/07/23, 20:10:56.987, 6879690912637, vstest.console.dll, LoaderExceptions: System.IO.FileNotFoundException: Could not load file or assembly 'Microsoft.Bcl.AsyncInterfaces, Version=6.0.0.0, Culture=neutral, PublicKeyToken=cc7b13ffcd2ddd51'. The system cannot find the file specified.
File name: 'Microsoft.Bcl.AsyncInterfaces, Version=6.0.0.0, Culture=neutral, PublicKeyToken=cc7b13ffcd2ddd51'
 ---> System.IO.FileNotFoundException: Could not load file or assembly 'Microsoft.Bcl.AsyncInterfaces, Culture=neutral, PublicKeyToken=null'. The system cannot find the file specified.
File name: 'Microsoft.Bcl.AsyncInterfaces, Culture=neutral, PublicKeyToken=null'
   at System.Reflection.RuntimeAssembly.InternalLoad(AssemblyName assemblyName, StackCrawlMark& stackMark, AssemblyLoadContext assemblyLoadContext, RuntimeAssembly requestingAssembly, Boolean throwOnFileNotFound)
   at System.Reflection.Assembly.Load(AssemblyName assemblyRef)
   at Microsoft.VisualStudio.TestPlatform.Common.ExtensionFramework.TestPluginCache.CurrentDomainAssemblyResolve(Object sender, AssemblyResolveEventArgs args) in /_/src/Microsoft.TestPlatform.Common/ExtensionFramework/TestPluginCache.cs:line 513
   at System.Runtime.Loader.AssemblyLoadContext.GetFirstResolvedAssemblyFromResolvingEvent(AssemblyName assemblyName)
   at System.Runtime.Loader.AssemblyLoadContext.ResolveUsingEvent(AssemblyName assemblyName)
   at System.Runtime.Loader.AssemblyLoadContext.ResolveUsingResolvingEvent(IntPtr gchManagedAssemblyLoadContext, AssemblyName assemblyName)
TpTrace Information: 0 : 5832, 1, 2024/07/23, 20:10:56.988, 6879690915608, vstest.console.dll, AssemblyResolver.OnResolve: Microsoft.TestPlatform.Extensions.BlameDataCollector: Resolving assembly.
TpTrace Information: 0 : 5832, 1, 2024/07/23, 20:10:56.988, 6879690916638, vstest.console.dll, AssemblyResolver.OnResolve: Microsoft.TestPlatform.Extensions.BlameDataCollector: Searching in: 'C:\Program Files\dotnet\sdk\8.0.300\Extensions'.
TpTrace Information: 0 : 5832, 1, 2024/07/23, 20:10:56.989, 6879690927704, vstest.console.dll, AssemblyResolver.OnResolve: Microsoft.TestPlatform.Extensions.BlameDataCollector: Loading assembly 'C:\Program Files\dotnet\sdk\8.0.300\Extensions\Microsoft.TestPlatform.Extensions.BlameDataCollector.dll'.
TpTrace Information: 0 : 5832, 1, 2024/07/23, 20:10:56.990, 6879690938830, vstest.console.dll, AssemblyResolver.OnResolve: Resolved assembly: Microsoft.TestPlatform.Extensions.BlameDataCollector, from path: C:\Program Files\dotnet\sdk\8.0.300\Extensions\Microsoft.TestPlatform.Extensions.BlameDataCollector.dll
TpTrace Verbose: 0 : 5832, 1, 2024/07/23, 20:10:56.990, 6879690941273, vstest.console.dll, MetadataReaderExtensionsHelper: Discovering extensions inside assembly 'Microsoft.TestPlatform.Extensions.BlameDataCollector, Version=15.0.0.0, Culture=neutral, PublicKeyToken=b03f5f7f11d50a3a' file path 'C:\Program Files\dotnet\sdk\8.0.300\Extensions\Microsoft.TestPlatform.Extensions.BlameDataCollector.dll'
TpTrace Information: 0 : 5832, 1, 2024/07/23, 20:10:56.993, 6879690968688, vstest.console.dll, AssemblyResolver.OnResolve: Microsoft.TestPlatform.Extensions.EventLogCollector: Resolving assembly.
TpTrace Information: 0 : 5832, 1, 2024/07/23, 20:10:56.993, 6879690970246, vstest.console.dll, AssemblyResolver.OnResolve: Microsoft.TestPlatform.Extensions.EventLogCollector: Searching in: 'C:\Program Files\dotnet\sdk\8.0.300\Extensions'.
TpTrace Information: 0 : 5832, 1, 2024/07/23, 20:10:56.994, 6879690978900, vstest.console.dll, AssemblyResolver.OnResolve: Microsoft.TestPlatform.Extensions.EventLogCollector: Loading assembly 'C:\Program Files\dotnet\sdk\8.0.300\Extensions\Microsoft.TestPlatform.Extensions.EventLogCollector.dll'.
TpTrace Information: 0 : 5832, 1, 2024/07/23, 20:10:56.995, 6879690987664, vstest.console.dll, AssemblyResolver.OnResolve: Resolved assembly: Microsoft.TestPlatform.Extensions.EventLogCollector, from path: C:\Program Files\dotnet\sdk\8.0.300\Extensions\Microsoft.TestPlatform.Extensions.EventLogCollector.dll
TpTrace Verbose: 0 : 5832, 1, 2024/07/23, 20:10:56.995, 6879690989302, vstest.console.dll, MetadataReaderExtensionsHelper: Discovering extensions inside assembly 'Microsoft.TestPlatform.Extensions.EventLogCollector, Version=15.0.0.0, Culture=neutral, PublicKeyToken=b03f5f7f11d50a3a' file path 'C:\Program Files\dotnet\sdk\8.0.300\Extensions\Microsoft.TestPlatform.Extensions.EventLogCollector.dll'
TpTrace Information: 0 : 5832, 1, 2024/07/23, 20:10:57.001, 6879691044267, vstest.console.dll, AssemblyResolver.OnResolve: Microsoft.TestPlatform.TestHostRuntimeProvider: Resolving assembly.
TpTrace Information: 0 : 5832, 1, 2024/07/23, 20:10:57.001, 6879691046243, vstest.console.dll, AssemblyResolver.OnResolve: Microsoft.TestPlatform.TestHostRuntimeProvider: Searching in: 'C:\Program Files\dotnet\sdk\8.0.300\Extensions'.
TpTrace Information: 0 : 5832, 1, 2024/07/23, 20:10:57.002, 6879691056454, vstest.console.dll, AssemblyResolver.OnResolve: Microsoft.TestPlatform.TestHostRuntimeProvider: Loading assembly 'C:\Program Files\dotnet\sdk\8.0.300\Extensions\Microsoft.TestPlatform.TestHostRuntimeProvider.dll'.
TpTrace Information: 0 : 5832, 1, 2024/07/23, 20:10:57.003, 6879691069938, vstest.console.dll, AssemblyResolver.OnResolve: Resolved assembly: Microsoft.TestPlatform.TestHostRuntimeProvider, from path: C:\Program Files\dotnet\sdk\8.0.300\Extensions\Microsoft.TestPlatform.TestHostRuntimeProvider.dll
TpTrace Verbose: 0 : 5832, 1, 2024/07/23, 20:10:57.003, 6879691072450, vstest.console.dll, MetadataReaderExtensionsHelper: Discovering extensions inside assembly 'Microsoft.TestPlatform.TestHostRuntimeProvider, Version=15.0.0.0, Culture=neutral, PublicKeyToken=b03f5f7f11d50a3a' file path 'C:\Program Files\dotnet\sdk\8.0.300\Extensions\Microsoft.TestPlatform.TestHostRuntimeProvider.dll'
TpTrace Information: 0 : 5832, 1, 2024/07/23, 20:10:57.007, 6879691108727, vstest.console.dll, GetTestExtensionFromType: Register extension with identifier data 'HostProvider://DefaultTestHost' and type 'Microsoft.VisualStudio.TestPlatform.CrossPlatEngine.Hosting.DefaultTestHostManager, Microsoft.TestPlatform.TestHostRuntimeProvider, Version=15.0.0.0, Culture=neutral, PublicKeyToken=b03f5f7f11d50a3a' inside file 'C:\Program Files\dotnet\sdk\8.0.300\Extensions\Microsoft.TestPlatform.TestHostRuntimeProvider.dll'
TpTrace Information: 0 : 5832, 1, 2024/07/23, 20:10:57.008, 6879691115219, vstest.console.dll, GetTestExtensionFromType: Register extension with identifier data 'HostProvider://DotnetTestHost' and type 'Microsoft.VisualStudio.TestPlatform.CrossPlatEngine.Hosting.DotnetTestHostManager, Microsoft.TestPlatform.TestHostRuntimeProvider, Version=15.0.0.0, Culture=neutral, PublicKeyToken=b03f5f7f11d50a3a' inside file 'C:\Program Files\dotnet\sdk\8.0.300\Extensions\Microsoft.TestPlatform.TestHostRuntimeProvider.dll'
TpTrace Information: 0 : 5832, 1, 2024/07/23, 20:10:57.008, 6879691117297, vstest.console.dll, AssemblyResolver.OnResolve: Microsoft.VisualStudio.TestPlatform.Extensions.Html.TestLogger: Resolving assembly.
TpTrace Information: 0 : 5832, 1, 2024/07/23, 20:10:57.008, 6879691118319, vstest.console.dll, AssemblyResolver.OnResolve: Microsoft.VisualStudio.TestPlatform.Extensions.Html.TestLogger: Searching in: 'C:\Program Files\dotnet\sdk\8.0.300\Extensions'.
TpTrace Information: 0 : 5832, 1, 2024/07/23, 20:10:57.009, 6879691127785, vstest.console.dll, AssemblyResolver.OnResolve: Microsoft.VisualStudio.TestPlatform.Extensions.Html.TestLogger: Loading assembly 'C:\Program Files\dotnet\sdk\8.0.300\Extensions\Microsoft.VisualStudio.TestPlatform.Extensions.Html.TestLogger.dll'.
TpTrace Information: 0 : 5832, 1, 2024/07/23, 20:10:57.010, 6879691137333, vstest.console.dll, AssemblyResolver.OnResolve: Resolved assembly: Microsoft.VisualStudio.TestPlatform.Extensions.Html.TestLogger, from path: C:\Program Files\dotnet\sdk\8.0.300\Extensions\Microsoft.VisualStudio.TestPlatform.Extensions.Html.TestLogger.dll
TpTrace Verbose: 0 : 5832, 1, 2024/07/23, 20:10:57.010, 6879691138910, vstest.console.dll, MetadataReaderExtensionsHelper: Discovering extensions inside assembly 'Microsoft.VisualStudio.TestPlatform.Extensions.Html.TestLogger, Version=15.0.0.0, Culture=neutral, PublicKeyToken=b03f5f7f11d50a3a' file path 'C:\Program Files\dotnet\sdk\8.0.300\Extensions\Microsoft.VisualStudio.TestPlatform.Extensions.Html.TestLogger.dll'
TpTrace Information: 0 : 5832, 1, 2024/07/23, 20:10:57.012, 6879691157407, vstest.console.dll, AssemblyResolver.OnResolve: Microsoft.VisualStudio.TestPlatform.Extensions.Trx.TestLogger: Resolving assembly.
TpTrace Information: 0 : 5832, 1, 2024/07/23, 20:10:57.012, 6879691158773, vstest.console.dll, AssemblyResolver.OnResolve: Microsoft.VisualStudio.TestPlatform.Extensions.Trx.TestLogger: Searching in: 'C:\Program Files\dotnet\sdk\8.0.300\Extensions'.
TpTrace Information: 0 : 5832, 1, 2024/07/23, 20:10:57.013, 6879691166631, vstest.console.dll, AssemblyResolver.OnResolve: Microsoft.VisualStudio.TestPlatform.Extensions.Trx.TestLogger: Loading assembly 'C:\Program Files\dotnet\sdk\8.0.300\Extensions\Microsoft.VisualStudio.TestPlatform.Extensions.Trx.TestLogger.dll'.
TpTrace Information: 0 : 5832, 1, 2024/07/23, 20:10:57.014, 6879691180934, vstest.console.dll, AssemblyResolver.OnResolve: Resolved assembly: Microsoft.VisualStudio.TestPlatform.Extensions.Trx.TestLogger, from path: C:\Program Files\dotnet\sdk\8.0.300\Extensions\Microsoft.VisualStudio.TestPlatform.Extensions.Trx.TestLogger.dll
TpTrace Verbose: 0 : 5832, 1, 2024/07/23, 20:10:57.014, 6879691183580, vstest.console.dll, MetadataReaderExtensionsHelper: Discovering extensions inside assembly 'Microsoft.VisualStudio.TestPlatform.Extensions.Trx.TestLogger, Version=15.0.0.0, Culture=neutral, PublicKeyToken=b03f5f7f11d50a3a' file path 'C:\Program Files\dotnet\sdk\8.0.300\Extensions\Microsoft.VisualStudio.TestPlatform.Extensions.Trx.TestLogger.dll'
TpTrace Verbose: 0 : 5832, 1, 2024/07/23, 20:10:57.017, 6879691209856, vstest.console.dll, TestPluginCache: Discovered the extensions using extension path ''.
TpTrace Verbose: 0 : 5832, 1, 2024/07/23, 20:10:57.017, 6879691211499, vstest.console.dll, TestPluginCache: Discoverers are ''.
TpTrace Verbose: 0 : 5832, 1, 2024/07/23, 20:10:57.017, 6879691212141, vstest.console.dll, TestPluginCache: Executors are ''.
TpTrace Verbose: 0 : 5832, 1, 2024/07/23, 20:10:57.017, 6879691212726, vstest.console.dll, TestPluginCache: Executors2 are ''.
TpTrace Verbose: 0 : 5832, 1, 2024/07/23, 20:10:57.017, 6879691213289, vstest.console.dll, TestPluginCache: Setting providers are ''.
TpTrace Verbose: 0 : 5832, 1, 2024/07/23, 20:10:57.017, 6879691213847, vstest.console.dll, TestPluginCache: Loggers are ''.
TpTrace Verbose: 0 : 5832, 1, 2024/07/23, 20:10:57.018, 6879691216776, vstest.console.dll, TestPluginCache: TestHosts are 'HostProvider://DefaultTestHost,HostProvider://DotnetTestHost'.
TpTrace Verbose: 0 : 5832, 1, 2024/07/23, 20:10:57.018, 6879691217463, vstest.console.dll, TestPluginCache: DataCollectors are ''.
TpTrace Information: 0 : 5832, 1, 2024/07/23, 20:10:57.037, 6879691414049, vstest.console.dll, RunTestsArgumentProcessor:Execute: Test run is starting.
TpTrace Verbose: 0 : 5832, 1, 2024/07/23, 20:10:57.038, 6879691415479, vstest.console.dll, RunTestsArgumentProcessor:Execute: Queuing Test run.
TpTrace Information: 0 : 5832, 1, 2024/07/23, 20:10:57.038, 6879691418956, vstest.console.dll, TestRequestManager.RunTests: run tests started.
TpTrace Information: 0 : 5832, 1, 2024/07/23, 20:10:57.040, 6879691437337, vstest.console.dll, AssemblyMetadataProvider.GetFrameworkName: Determined framework:'.NETCoreApp,Version=v6.0' for source: 'C:\Users\PC\Desktop\SeleniumAdvanced\StudentsRegistryPOM\bin\Debug\net6.0\fine-code-coverage\build-output\StudentsRegistryPOM.dll'
TpTrace Information: 0 : 5832, 1, 2024/07/23, 20:10:57.040, 6879691440431, vstest.console.dll, Determined framework for all sources: .NETCoreApp,Version=v6.0
TpTrace Verbose: 0 : 5832, 1, 2024/07/23, 20:10:57.041, 6879691445351, vstest.console.dll, TestRequestManager.UpdateRunSettingsIfRequired: Default architecture: X64 IsDefaultTargetArchitecture: True, Current process architecture: X64 OperatingSystem: Windows.
TpTrace Information: 0 : 5832, 1, 2024/07/23, 20:10:57.043, 6879691469905, vstest.console.dll, AssemblyMetadataProvider.GetArchitecture: Determined architecture:AnyCPU info for assembly: C:\Users\PC\Desktop\SeleniumAdvanced\StudentsRegistryPOM\bin\Debug\net6.0\fine-code-coverage\build-output\StudentsRegistryPOM.dll
TpTrace Information: 0 : 5832, 1, 2024/07/23, 20:10:57.043, 6879691471222, vstest.console.dll, Determined platform for source 'C:\Users\PC\Desktop\SeleniumAdvanced\StudentsRegistryPOM\bin\Debug\net6.0\fine-code-coverage\build-output\StudentsRegistryPOM.dll' was AnyCPU and it will use the default plaform X64.
TpTrace Information: 0 : 5832, 1, 2024/07/23, 20:10:57.043, 6879691471898, vstest.console.dll, None of the sources provided any runnable platform, using the default platform: X64
TpTrace Information: 0 : 5832, 1, 2024/07/23, 20:10:57.044, 6879691475023, vstest.console.dll, Platform was updated to 'X64'.
TpTrace Information: 0 : 5832, 1, 2024/07/23, 20:10:57.050, 6879691543011, vstest.console.dll, InferRunSettingsHelper.IsTestSettingsEnabled: Unable to navigate to RunSettings/MSTest. Current node: RunSettings
TpTrace Information: 0 : 5832, 1, 2024/07/23, 20:10:57.052, 6879691557142, vstest.console.dll, AssemblyResolver.OnResolve: Microsoft.VisualStudio.TestPlatform.Fakes: Resolving assembly.
TpTrace Information: 0 : 5832, 1, 2024/07/23, 20:10:57.052, 6879691558667, vstest.console.dll, AssemblyResolver.OnResolve: Microsoft.VisualStudio.TestPlatform.Fakes: Searching in: 'C:\Program Files\dotnet\sdk\8.0.300\Extensions'.
TpTrace Information: 0 : 5832, 1, 2024/07/23, 20:10:57.052, 6879691561208, vstest.console.dll, AssemblyResolver.OnResolve: Microsoft.VisualStudio.TestPlatform.Fakes: Assembly path does not exist: 'C:\Program Files\dotnet\sdk\8.0.300\Extensions\Microsoft.VisualStudio.TestPlatform.Fakes.dll', returning.
TpTrace Information: 0 : 5832, 1, 2024/07/23, 20:10:57.052, 6879691563182, vstest.console.dll, AssemblyResolver.OnResolve: Microsoft.VisualStudio.TestPlatform.Fakes: Assembly path does not exist: 'C:\Program Files\dotnet\sdk\8.0.300\Extensions\Microsoft.VisualStudio.TestPlatform.Fakes.exe', returning.
TpTrace Information: 0 : 5832, 1, 2024/07/23, 20:10:57.053, 6879691564222, vstest.console.dll, AssemblyResolver.OnResolve: Microsoft.VisualStudio.TestPlatform.Fakes: Searching in: 'C:\Program Files\dotnet\sdk\8.0.300'.
TpTrace Information: 0 : 5832, 1, 2024/07/23, 20:10:57.053, 6879691566026, vstest.console.dll, AssemblyResolver.OnResolve: Microsoft.VisualStudio.TestPlatform.Fakes: Assembly path does not exist: 'C:\Program Files\dotnet\sdk\8.0.300\Microsoft.VisualStudio.TestPlatform.Fakes.dll', returning.
TpTrace Information: 0 : 5832, 1, 2024/07/23, 20:10:57.053, 6879691567900, vstest.console.dll, AssemblyResolver.OnResolve: Microsoft.VisualStudio.TestPlatform.Fakes: Assembly path does not exist: 'C:\Program Files\dotnet\sdk\8.0.300\Microsoft.VisualStudio.TestPlatform.Fakes.exe', returning.
TpTrace Information: 0 : 5832, 1, 2024/07/23, 20:10:57.053, 6879691568928, vstest.console.dll, AssemblyResolver.OnResolve: Microsoft.VisualStudio.TestPlatform.Fakes: Failed to load assembly.
TpTrace Information: 0 : 5832, 1, 2024/07/23, 20:10:57.054, 6879691574823, vstest.console.dll, Failed to load assembly Microsoft.VisualStudio.TestPlatform.Fakes, Version=17.0.0.0, Culture=neutral. Reason:System.IO.FileNotFoundException: Could not load file or assembly 'Microsoft.VisualStudio.TestPlatform.Fakes, Version=17.0.0.0, Culture=neutral, PublicKeyToken=null'. The system cannot find the file specified.
File name: 'Microsoft.VisualStudio.TestPlatform.Fakes, Version=17.0.0.0, Culture=neutral, PublicKeyToken=null'
   at System.Reflection.RuntimeAssembly.InternalLoad(AssemblyName assemblyName, StackCrawlMark& stackMark, AssemblyLoadContext assemblyLoadContext, RuntimeAssembly requestingAssembly, Boolean throwOnFileNotFound)
   at System.Reflection.Assembly.Load(AssemblyName assemblyRef)
   at Microsoft.VisualStudio.TestPlatform.Common.Utilities.FakesUtilities.LoadTestPlatformAssembly() in /_/src/Microsoft.TestPlatform.Common/Utilities/FakesUtilities.cs:line 272
TpTrace Verbose: 0 : 5832, 1, 2024/07/23, 20:10:57.060, 6879691642464, vstest.console.dll, TestPluginCache.DiscoverTestExtensions: finding test extensions in assemblies ends with: TestLogger.dll TPluginInfo: Microsoft.VisualStudio.TestPlatform.Common.ExtensionFramework.Utilities.TestLoggerPluginInformation TExtension: Microsoft.VisualStudio.TestPlatform.ObjectModel.Client.ITestLogger
TpTrace Verbose: 0 : 5832, 1, 2024/07/23, 20:10:57.061, 6879691645080, vstest.console.dll, TestPluginCache.GetExtensionPaths: Filtered extension paths: 
TpTrace Verbose: 0 : 5832, 1, 2024/07/23, 20:10:57.061, 6879691646260, vstest.console.dll, TestPluginCache.GetExtensionPaths: Added default extension paths: C:\Program Files\dotnet\sdk\8.0.300\Extensions\Microsoft.Diagnostics.NETCore.Client.dll
C:\Program Files\dotnet\sdk\8.0.300\Extensions\Microsoft.TestPlatform.Extensions.BlameDataCollector.dll
C:\Program Files\dotnet\sdk\8.0.300\Extensions\Microsoft.TestPlatform.Extensions.EventLogCollector.dll
C:\Program Files\dotnet\sdk\8.0.300\Extensions\Microsoft.TestPlatform.TestHostRuntimeProvider.dll
C:\Program Files\dotnet\sdk\8.0.300\Extensions\Microsoft.VisualStudio.TestPlatform.Extensions.Html.TestLogger.dll
C:\Program Files\dotnet\sdk\8.0.300\Extensions\Microsoft.VisualStudio.TestPlatform.Extensions.Trx.TestLogger.dll
TpTrace Verbose: 0 : 5832, 1, 2024/07/23, 20:10:57.061, 6879691647542, vstest.console.dll, TestPluginCache.GetExtensionPaths: Added unfilterableExtensionPaths: 
TpTrace Information: 0 : 5832, 1, 2024/07/23, 20:10:57.061, 6879691651253, vstest.console.dll, AssemblyResolver.AddSearchDirectories: Adding more searchDirectories C:\Program Files\dotnet\sdk\8.0.300\Extensions,C:\Program Files\dotnet\sdk\8.0.300
TpTrace Verbose: 0 : 5832, 1, 2024/07/23, 20:10:57.061, 6879691652871, vstest.console.dll, TestPluginCache.DiscoverTestExtensions: Discovering the extensions using extension path.
TpTrace Verbose: 0 : 5832, 1, 2024/07/23, 20:10:57.061, 6879691654162, vstest.console.dll, TestPluginCache.GetExtensionPaths: Filtered extension paths: 
TpTrace Verbose: 0 : 5832, 1, 2024/07/23, 20:10:57.063, 6879691673885, vstest.console.dll, TestPluginCache.GetExtensionPaths: Added default extension paths: C:\Program Files\dotnet\sdk\8.0.300\Extensions\Microsoft.Diagnostics.NETCore.Client.dll
C:\Program Files\dotnet\sdk\8.0.300\Extensions\Microsoft.TestPlatform.Extensions.BlameDataCollector.dll
C:\Program Files\dotnet\sdk\8.0.300\Extensions\Microsoft.TestPlatform.Extensions.EventLogCollector.dll
C:\Program Files\dotnet\sdk\8.0.300\Extensions\Microsoft.TestPlatform.TestHostRuntimeProvider.dll
C:\Program Files\dotnet\sdk\8.0.300\Extensions\Microsoft.VisualStudio.TestPlatform.Extensions.Html.TestLogger.dll
C:\Program Files\dotnet\sdk\8.0.300\Extensions\Microsoft.VisualStudio.TestPlatform.Extensions.Trx.TestLogger.dll
TpTrace Verbose: 0 : 5832, 1, 2024/07/23, 20:10:57.064, 6879691675830, vstest.console.dll, TestPluginCache.GetExtensionPaths: Added unfilterableExtensionPaths: 
TpTrace Verbose: 0 : 5832, 1, 2024/07/23, 20:10:57.064, 6879691676620, vstest.console.dll, TestPluginCache.DiscoverTestExtensions: Discovering the extensions using allExtensionPaths: C:\Program Files\dotnet\sdk\8.0.300\Extensions\Microsoft.Diagnostics.NETCore.Client.dll
C:\Program Files\dotnet\sdk\8.0.300\Extensions\Microsoft.TestPlatform.Extensions.BlameDataCollector.dll
C:\Program Files\dotnet\sdk\8.0.300\Extensions\Microsoft.TestPlatform.Extensions.EventLogCollector.dll
C:\Program Files\dotnet\sdk\8.0.300\Extensions\Microsoft.TestPlatform.TestHostRuntimeProvider.dll
C:\Program Files\dotnet\sdk\8.0.300\Extensions\Microsoft.VisualStudio.TestPlatform.Extensions.Html.TestLogger.dll
C:\Program Files\dotnet\sdk\8.0.300\Extensions\Microsoft.VisualStudio.TestPlatform.Extensions.Trx.TestLogger.dll
TpTrace Information: 0 : 5832, 1, 2024/07/23, 20:10:57.064, 6879691678656, vstest.console.dll, AssemblyResolver.AddSearchDirectories: Adding more searchDirectories C:\Program Files\dotnet\sdk\8.0.300\Extensions,C:\Program Files\dotnet\sdk\8.0.300
TpTrace Information: 0 : 5832, 1, 2024/07/23, 20:10:57.064, 6879691679675, vstest.console.dll, AssemblyResolver.AddSearchDirectories: Adding more searchDirectories C:\Program Files\dotnet\sdk\8.0.300\Extensions,C:\Program Files\dotnet\sdk\8.0.300
TpTrace Information: 0 : 5832, 1, 2024/07/23, 20:10:57.064, 6879691680443, vstest.console.dll, AssemblyResolver.AddSearchDirectories: Adding more searchDirectories C:\Program Files\dotnet\sdk\8.0.300\Extensions,C:\Program Files\dotnet\sdk\8.0.300
TpTrace Information: 0 : 5832, 1, 2024/07/23, 20:10:57.064, 6879691681142, vstest.console.dll, AssemblyResolver.AddSearchDirectories: Adding more searchDirectories C:\Program Files\dotnet\sdk\8.0.300\Extensions,C:\Program Files\dotnet\sdk\8.0.300
TpTrace Information: 0 : 5832, 1, 2024/07/23, 20:10:57.064, 6879691681859, vstest.console.dll, AssemblyResolver.AddSearchDirectories: Adding more searchDirectories C:\Program Files\dotnet\sdk\8.0.300\Extensions,C:\Program Files\dotnet\sdk\8.0.300
TpTrace Information: 0 : 5832, 1, 2024/07/23, 20:10:57.064, 6879691682551, vstest.console.dll, AssemblyResolver.AddSearchDirectories: Adding more searchDirectories C:\Program Files\dotnet\sdk\8.0.300\Extensions,C:\Program Files\dotnet\sdk\8.0.300
TpTrace Verbose: 0 : 5832, 1, 2024/07/23, 20:10:57.065, 6879691684363, vstest.console.dll, MetadataReaderExtensionsHelper: Discovering extensions inside assembly 'Microsoft.Diagnostics.NETCore.Client, Version=0.2.10.15101, Culture=neutral, PublicKeyToken=31bf3856ad364e35' file path 'C:\Program Files\dotnet\sdk\8.0.300\Extensions\Microsoft.Diagnostics.NETCore.Client.dll'
TpTrace Information: 0 : 5832, 1, 2024/07/23, 20:10:57.066, 6879691695356, vstest.console.dll, AssemblyResolver.OnResolve: Microsoft.Bcl.AsyncInterfaces: Resolving assembly.
TpTrace Information: 0 : 5832, 1, 2024/07/23, 20:10:57.066, 6879691696357, vstest.console.dll, AssemblyResolver.OnResolve: Microsoft.Bcl.AsyncInterfaces: Resolved from cache.
TpTrace Verbose: 0 : 5832, 1, 2024/07/23, 20:10:57.066, 6879691696983, vstest.console.dll, CurrentDomainAssemblyResolve: Resolving assembly 'Microsoft.Bcl.AsyncInterfaces'.
TpTrace Information: 0 : 5832, 1, 2024/07/23, 20:10:57.066, 6879691697864, vstest.console.dll, AssemblyResolver.OnResolve: Microsoft.Bcl.AsyncInterfaces: Resolving assembly.
TpTrace Information: 0 : 5832, 1, 2024/07/23, 20:10:57.066, 6879691698512, vstest.console.dll, AssemblyResolver.OnResolve: Microsoft.Bcl.AsyncInterfaces: Resolved from cache.
TpTrace Verbose: 0 : 5832, 1, 2024/07/23, 20:10:57.066, 6879691699110, vstest.console.dll, CurrentDomainAssemblyResolve: Resolving assembly 'Microsoft.Bcl.AsyncInterfaces'.
TpTrace Verbose: 0 : 5832, 1, 2024/07/23, 20:10:57.066, 6879691699864, vstest.console.dll, CurrentDomainAssemblyResolve: Failed to resolve assembly 'Microsoft.Bcl.AsyncInterfaces'.
TpTrace Verbose: 0 : 5832, 1, 2024/07/23, 20:10:57.066, 6879691702036, vstest.console.dll, CurrentDomainAssemblyResolve: Failed to resolve assembly 'Microsoft.Bcl.AsyncInterfaces'.
TpTrace Warning: 0 : 5832, 1, 2024/07/23, 20:10:57.067, 6879691707609, vstest.console.dll, TestPluginDiscoverer: Failed to get types from assembly 'Microsoft.Diagnostics.NETCore.Client, Version=0.2.10.15101, Culture=neutral, PublicKeyToken=31bf3856ad364e35'. Error: System.Reflection.ReflectionTypeLoadException: Unable to load one or more of the requested types.
Could not load file or assembly 'Microsoft.Bcl.AsyncInterfaces, Version=6.0.0.0, Culture=neutral, PublicKeyToken=cc7b13ffcd2ddd51'. The system cannot find the file specified.
   at System.Reflection.RuntimeModule.GetTypes(RuntimeModule module)
   at System.Reflection.RuntimeModule.GetTypes()
   at Microsoft.VisualStudio.TestPlatform.Common.ExtensionFramework.TestPluginDiscoverer.GetTestExtensionsFromAssembly[TPluginInfo,TExtension](Assembly assembly, Dictionary`2 pluginInfos, String filePath) in /_/src/Microsoft.TestPlatform.Common/ExtensionFramework/TestPluginDiscoverer.cs:line 158
System.IO.FileNotFoundException: Could not load file or assembly 'Microsoft.Bcl.AsyncInterfaces, Version=6.0.0.0, Culture=neutral, PublicKeyToken=cc7b13ffcd2ddd51'. The system cannot find the file specified.
File name: 'Microsoft.Bcl.AsyncInterfaces, Version=6.0.0.0, Culture=neutral, PublicKeyToken=cc7b13ffcd2ddd51'
 ---> System.IO.FileNotFoundException: Could not load file or assembly 'Microsoft.Bcl.AsyncInterfaces, Culture=neutral, PublicKeyToken=null'. The system cannot find the file specified.
File name: 'Microsoft.Bcl.AsyncInterfaces, Culture=neutral, PublicKeyToken=null'
   at System.Reflection.RuntimeAssembly.InternalLoad(AssemblyName assemblyName, StackCrawlMark& stackMark, AssemblyLoadContext assemblyLoadContext, RuntimeAssembly requestingAssembly, Boolean throwOnFileNotFound)
   at System.Reflection.Assembly.Load(AssemblyName assemblyRef)
   at Microsoft.VisualStudio.TestPlatform.Common.ExtensionFramework.TestPluginCache.CurrentDomainAssemblyResolve(Object sender, AssemblyResolveEventArgs args) in /_/src/Microsoft.TestPlatform.Common/ExtensionFramework/TestPluginCache.cs:line 513
   at System.Runtime.Loader.AssemblyLoadContext.GetFirstResolvedAssemblyFromResolvingEvent(AssemblyName assemblyName)
   at System.Runtime.Loader.AssemblyLoadContext.ResolveUsingEvent(AssemblyName assemblyName)
   at System.Runtime.Loader.AssemblyLoadContext.ResolveUsingResolvingEvent(IntPtr gchManagedAssemblyLoadContext, AssemblyName assemblyName)
TpTrace Warning: 0 : 5832, 1, 2024/07/23, 20:10:57.067, 6879691710234, vstest.console.dll, LoaderExceptions: System.IO.FileNotFoundException: Could not load file or assembly 'Microsoft.Bcl.AsyncInterfaces, Version=6.0.0.0, Culture=neutral, PublicKeyToken=cc7b13ffcd2ddd51'. The system cannot find the file specified.
File name: 'Microsoft.Bcl.AsyncInterfaces, Version=6.0.0.0, Culture=neutral, PublicKeyToken=cc7b13ffcd2ddd51'
 ---> System.IO.FileNotFoundException: Could not load file or assembly 'Microsoft.Bcl.AsyncInterfaces, Culture=neutral, PublicKeyToken=null'. The system cannot find the file specified.
File name: 'Microsoft.Bcl.AsyncInterfaces, Culture=neutral, PublicKeyToken=null'
   at System.Reflection.RuntimeAssembly.InternalLoad(AssemblyName assemblyName, StackCrawlMark& stackMark, AssemblyLoadContext assemblyLoadContext, RuntimeAssembly requestingAssembly, Boolean throwOnFileNotFound)
   at System.Reflection.Assembly.Load(AssemblyName assemblyRef)
   at Microsoft.VisualStudio.TestPlatform.Common.ExtensionFramework.TestPluginCache.CurrentDomainAssemblyResolve(Object sender, AssemblyResolveEventArgs args) in /_/src/Microsoft.TestPlatform.Common/ExtensionFramework/TestPluginCache.cs:line 513
   at System.Runtime.Loader.AssemblyLoadContext.GetFirstResolvedAssemblyFromResolvingEvent(AssemblyName assemblyName)
   at System.Runtime.Loader.AssemblyLoadContext.ResolveUsingEvent(AssemblyName assemblyName)
   at System.Runtime.Loader.AssemblyLoadContext.ResolveUsingResolvingEvent(IntPtr gchManagedAssemblyLoadContext, AssemblyName assemblyName)
TpTrace Verbose: 0 : 5832, 1, 2024/07/23, 20:10:57.067, 6879691711613, vstest.console.dll, MetadataReaderExtensionsHelper: Discovering extensions inside assembly 'Microsoft.TestPlatform.Extensions.BlameDataCollector, Version=15.0.0.0, Culture=neutral, PublicKeyToken=b03f5f7f11d50a3a' file path 'C:\Program Files\dotnet\sdk\8.0.300\Extensions\Microsoft.TestPlatform.Extensions.BlameDataCollector.dll'
TpTrace Information: 0 : 5832, 1, 2024/07/23, 20:10:57.068, 6879691721699, vstest.console.dll, GetTestExtensionFromType: Register extension with identifier data 'logger://Microsoft/TestPlatform/Extensions/Blame/v1' and type 'Microsoft.TestPlatform.Extensions.BlameDataCollector.BlameLogger, Microsoft.TestPlatform.Extensions.BlameDataCollector, Version=15.0.0.0, Culture=neutral, PublicKeyToken=b03f5f7f11d50a3a' inside file 'C:\Program Files\dotnet\sdk\8.0.300\Extensions\Microsoft.TestPlatform.Extensions.BlameDataCollector.dll'
TpTrace Verbose: 0 : 5832, 1, 2024/07/23, 20:10:57.068, 6879691722972, vstest.console.dll, MetadataReaderExtensionsHelper: Discovering extensions inside assembly 'Microsoft.TestPlatform.Extensions.EventLogCollector, Version=15.0.0.0, Culture=neutral, PublicKeyToken=b03f5f7f11d50a3a' file path 'C:\Program Files\dotnet\sdk\8.0.300\Extensions\Microsoft.TestPlatform.Extensions.EventLogCollector.dll'
TpTrace Verbose: 0 : 5832, 1, 2024/07/23, 20:10:57.069, 6879691730010, vstest.console.dll, MetadataReaderExtensionsHelper: Discovering extensions inside assembly 'Microsoft.TestPlatform.TestHostRuntimeProvider, Version=15.0.0.0, Culture=neutral, PublicKeyToken=b03f5f7f11d50a3a' file path 'C:\Program Files\dotnet\sdk\8.0.300\Extensions\Microsoft.TestPlatform.TestHostRuntimeProvider.dll'
TpTrace Verbose: 0 : 5832, 1, 2024/07/23, 20:10:57.070, 6879691738336, vstest.console.dll, MetadataReaderExtensionsHelper: Discovering extensions inside assembly 'Microsoft.VisualStudio.TestPlatform.Extensions.Html.TestLogger, Version=15.0.0.0, Culture=neutral, PublicKeyToken=b03f5f7f11d50a3a' file path 'C:\Program Files\dotnet\sdk\8.0.300\Extensions\Microsoft.VisualStudio.TestPlatform.Extensions.Html.TestLogger.dll'
TpTrace Information: 0 : 5832, 1, 2024/07/23, 20:10:57.071, 6879691749759, vstest.console.dll, GetTestExtensionFromType: Register extension with identifier data 'logger://Microsoft/TestPlatform/HtmlLogger/v1' and type 'Microsoft.VisualStudio.TestPlatform.Extensions.HtmlLogger.HtmlLogger, Microsoft.VisualStudio.TestPlatform.Extensions.Html.TestLogger, Version=15.0.0.0, Culture=neutral, PublicKeyToken=b03f5f7f11d50a3a' inside file 'C:\Program Files\dotnet\sdk\8.0.300\Extensions\Microsoft.VisualStudio.TestPlatform.Extensions.Html.TestLogger.dll'
TpTrace Verbose: 0 : 5832, 1, 2024/07/23, 20:10:57.071, 6879691751277, vstest.console.dll, MetadataReaderExtensionsHelper: Discovering extensions inside assembly 'Microsoft.VisualStudio.TestPlatform.Extensions.Trx.TestLogger, Version=15.0.0.0, Culture=neutral, PublicKeyToken=b03f5f7f11d50a3a' file path 'C:\Program Files\dotnet\sdk\8.0.300\Extensions\Microsoft.VisualStudio.TestPlatform.Extensions.Trx.TestLogger.dll'
TpTrace Information: 0 : 5832, 1, 2024/07/23, 20:10:57.072, 6879691760002, vstest.console.dll, GetTestExtensionFromType: Register extension with identifier data 'logger://Microsoft/TestPlatform/TrxLogger/v1' and type 'Microsoft.VisualStudio.TestPlatform.Extensions.TrxLogger.TrxLogger, Microsoft.VisualStudio.TestPlatform.Extensions.Trx.TestLogger, Version=15.0.0.0, Culture=neutral, PublicKeyToken=b03f5f7f11d50a3a' inside file 'C:\Program Files\dotnet\sdk\8.0.300\Extensions\Microsoft.VisualStudio.TestPlatform.Extensions.Trx.TestLogger.dll'
TpTrace Verbose: 0 : 5832, 1, 2024/07/23, 20:10:57.072, 6879691761385, vstest.console.dll, TestPluginCache: Discovered the extensions using extension path ''.
TpTrace Verbose: 0 : 5832, 1, 2024/07/23, 20:10:57.072, 6879691762050, vstest.console.dll, TestPluginCache: Discoverers are ''.
TpTrace Verbose: 0 : 5832, 1, 2024/07/23, 20:10:57.072, 6879691762633, vstest.console.dll, TestPluginCache: Executors are ''.
TpTrace Verbose: 0 : 5832, 1, 2024/07/23, 20:10:57.072, 6879691763196, vstest.console.dll, TestPluginCache: Executors2 are ''.
TpTrace Verbose: 0 : 5832, 1, 2024/07/23, 20:10:57.072, 6879691763755, vstest.console.dll, TestPluginCache: Setting providers are ''.
TpTrace Verbose: 0 : 5832, 1, 2024/07/23, 20:10:57.073, 6879691765050, vstest.console.dll, TestPluginCache: Loggers are 'logger://Microsoft/TestPlatform/Extensions/Blame/v1,logger://Microsoft/TestPlatform/HtmlLogger/v1,logger://Microsoft/TestPlatform/TrxLogger/v1'.
TpTrace Verbose: 0 : 5832, 1, 2024/07/23, 20:10:57.073, 6879691766038, vstest.console.dll, TestPluginCache: TestHosts are 'HostProvider://DefaultTestHost,HostProvider://DotnetTestHost'.
TpTrace Verbose: 0 : 5832, 1, 2024/07/23, 20:10:57.073, 6879691767067, vstest.console.dll, TestPluginCache: DataCollectors are ''.
TpTrace Information: 0 : 5832, 1, 2024/07/23, 20:10:57.074, 6879691782467, vstest.console.dll, TestPluginManager.CreateTestExtension: Attempting to load test extension: Microsoft.TestPlatform.Extensions.BlameDataCollector.BlameLogger
TpTrace Verbose: 0 : 5832, 1, 2024/07/23, 20:10:57.086, 6879691894625, vstest.console.dll, TestEngine: Initializing Parallel Execution as MaxCpuCount is set to: 1
TpTrace Information: 0 : 5832, 1, 2024/07/23, 20:10:57.088, 6879691916074, vstest.console.dll, TestPluginManager.CreateTestExtension: Attempting to load test extension: Microsoft.VisualStudio.TestPlatform.CrossPlatEngine.Hosting.DefaultTestHostManager
TpTrace Information: 0 : 5832, 1, 2024/07/23, 20:10:57.089, 6879691932190, vstest.console.dll, TestPluginManager.CreateTestExtension: Attempting to load test extension: Microsoft.VisualStudio.TestPlatform.CrossPlatEngine.Hosting.DotnetTestHostManager
TpTrace Information: 0 : 5832, 1, 2024/07/23, 20:10:57.090, 6879691941210, vstest.console.dll, InferRunSettingsHelper.IsTestSettingsEnabled: Unable to navigate to RunSettings/MSTest. Current node: RunSettings
TpTrace Verbose: 0 : 5832, 1, 2024/07/23, 20:10:57.091, 6879691950221, vstest.console.dll, ParallelOperationManager.ClearSlots: Clearing all slots. Slots should accept more work: True
TpTrace Verbose: 0 : 5832, 1, 2024/07/23, 20:10:57.092, 6879691959156, vstest.console.dll, ParallelOperationManager.SetOccupiedSlotCount: Setting slot counts AvailableSlotCount = 1, OccupiedSlotCount = 0.
TpTrace Verbose: 0 : 5832, 1, 2024/07/23, 20:10:57.093, 6879691970628, vstest.console.dll, Occupied slots:

TpTrace Verbose: 0 : 5832, 1, 2024/07/23, 20:10:57.098, 6879692023392, vstest.console.dll, TestEngine.GetExecutionManager: Chosen execution manager 'Microsoft.VisualStudio.TestPlatform.CrossPlatEngine.Client.Parallel.ParallelProxyExecutionManager, Microsoft.TestPlatform.CrossPlatEngine, Version=15.0.0.0, Culture=neutral, PublicKeyToken=b03f5f7f11d50a3a' ParallelLevel '1'.
TpTrace Verbose: 0 : 5832, 1, 2024/07/23, 20:10:57.099, 6879692025934, vstest.console.dll, TestRunRequest.ExecuteAsync: Creating test run request.
TpTrace Verbose: 0 : 5832, 1, 2024/07/23, 20:10:57.099, 6879692030525, vstest.console.dll, TestRunRequest.ExecuteAsync: Starting.
TpTrace Information: 0 : 5832, 1, 2024/07/23, 20:10:57.103, 6879692067913, vstest.console.dll, TestRunRequest.ExecuteAsync: Starting run with settings:TestRunCriteria:
   KeepAlive=False,FrequencyOfRunStatsChangeEvent=10,RunStatsChangeEventTimeout=00:00:01.5000000,TestCaseFilter=,TestExecutorLauncher=
   Settingsxml=<RunSettings>
  <RunConfiguration>
    <ResultsDirectory>C:\Users\PC\Desktop\SeleniumAdvanced\StudentsRegistryPOM\bin\Debug\net6.0\fine-code-coverage\coverage-tool-output</ResultsDirectory>
    <TargetPlatform>X64</TargetPlatform>
    <TargetFrameworkVersion>.NETCoreApp,Version=v6.0</TargetFrameworkVersion>
    <DesignMode>False</DesignMode>
    <CollectSourceInformation>False</CollectSourceInformation>
  </RunConfiguration>
  <LoggerRunSettings>
    <Loggers>
      <Logger friendlyName="blame" enabled="True" />
      <Logger friendlyName="Console" uri="logger://microsoft/TestPlatform/ConsoleLogger/v1" assemblyQualifiedName="Microsoft.VisualStudio.TestPlatform.CommandLine.Internal.ConsoleLogger, vstest.console, Version=15.0.0.0, Culture=neutral, PublicKeyToken=b03f5f7f11d50a3a" codeBase="C:\Program Files\dotnet\sdk\8.0.300\vstest.console.dll" enabled="True" />
    </Loggers>
  </LoggerRunSettings>
  <DataCollectionRunSettings>
    <DataCollectors>
      <DataCollector friendlyName="blame" enabled="True">
        <Configuration>
          <ResultsDirectory>C:\Users\PC\Desktop\SeleniumAdvanced\StudentsRegistryPOM\bin\Debug\net6.0\fine-code-coverage\coverage-tool-output</ResultsDirectory>
        </Configuration>
      </DataCollector>
    </DataCollectors>
  </DataCollectionRunSettings>
</RunSettings>

TpTrace Verbose: 0 : 5832, 1, 2024/07/23, 20:10:57.103, 6879692069481, vstest.console.dll, TestRunRequest.ExecuteAsync: Wait for the first run request is over.
TpTrace Verbose: 0 : 5832, 1, 2024/07/23, 20:10:57.104, 6879692074309, vstest.console.dll, MulticastDelegateUtilities.SafeInvoke: TestRun.TestRunStart: Invoking callbacks was skipped because there are no subscribers.
TpTrace Verbose: 0 : 5832, 4, 2024/07/23, 20:10:57.104, 6879692077264, vstest.console.dll, MulticastDelegateUtilities.SafeInvoke: InternalTestLoggerEvents.SendTestRunStart: Invoking callback 1/1 for Microsoft.VisualStudio.TestPlatform.CommandLine.Internal.ConsoleLogger., took 0 ms.
TpTrace Verbose: 0 : 5832, 1, 2024/07/23, 20:10:57.105, 6879692092420, vstest.console.dll, ParallelProxyExecutionManager: Start execution. Total sources: 1
TpTrace Verbose: 0 : 5832, 1, 2024/07/23, 20:10:57.106, 6879692097621, vstest.console.dll, ParallelOperationManager.StartWork: Starting adding 1 workloads.
TpTrace Verbose: 0 : 5832, 1, 2024/07/23, 20:10:57.106, 6879692098791, vstest.console.dll, ParallelOperationManager.ClearSlots: Clearing all slots. Slots should accept more work: True
TpTrace Verbose: 0 : 5832, 1, 2024/07/23, 20:10:57.106, 6879692100623, vstest.console.dll, ParallelOperationManager.SetOccupiedSlotCount: Setting slot counts AvailableSlotCount = 1, OccupiedSlotCount = 0.
TpTrace Verbose: 0 : 5832, 1, 2024/07/23, 20:10:57.106, 6879692101427, vstest.console.dll, Occupied slots:

TpTrace Verbose: 0 : 5832, 1, 2024/07/23, 20:10:57.108, 6879692123506, vstest.console.dll, TestRequestSender is acting as server.
TpTrace Verbose: 0 : 5832, 1, 2024/07/23, 20:10:57.111, 6879692147060, vstest.console.dll, ParallelOperationManager.RunWorkInParallel: Adding 1 workload to slot, remaining workloads 0.
TpTrace Verbose: 0 : 5832, 1, 2024/07/23, 20:10:57.111, 6879692148711, vstest.console.dll, ParallelOperationManager.SetOccupiedSlotCount: Setting slot counts AvailableSlotCount = 0, OccupiedSlotCount = 1.
TpTrace Verbose: 0 : 5832, 1, 2024/07/23, 20:10:57.111, 6879692151042, vstest.console.dll, Occupied slots:
0: C:\Users\PC\Desktop\SeleniumAdvanced\StudentsRegistryPOM\bin\Debug\net6.0\fine-code-coverage\build-output\StudentsRegistryPOM.dll
TpTrace Verbose: 0 : 5832, 1, 2024/07/23, 20:10:57.113, 6879692168649, vstest.console.dll, ParallelOperationManager.RunWorkInParallel: Started host in slot number 0 for work (source): C:\Users\PC\Desktop\SeleniumAdvanced\StudentsRegistryPOM\bin\Debug\net6.0\fine-code-coverage\build-output\StudentsRegistryPOM.dll.
TpTrace Verbose: 0 : 5832, 1, 2024/07/23, 20:10:57.114, 6879692182196, vstest.console.dll, ParallelOperationManager.RunWorkInParallel: We started 1 work items, which is the max parallel level. Won't start more work.
TpTrace Verbose: 0 : 5832, 1, 2024/07/23, 20:10:57.115, 6879692184349, vstest.console.dll, ParallelOperationManager.RunWorkInParallel: We started 1 work items in here, returning True.
TpTrace Information: 0 : 5832, 1, 2024/07/23, 20:10:57.115, 6879692185603, vstest.console.dll, TestRunRequest.ExecuteAsync: Started.
TpTrace Verbose: 0 : 5832, 5, 2024/07/23, 20:10:57.115, 6879692186488, vstest.console.dll, ParallelProxyExecutionManager.StartTestRunOnConcurrentManager: Initializing uninitialized client. Started clients: 0
TpTrace Verbose: 0 : 5832, 5, 2024/07/23, 20:10:57.115, 6879692189296, vstest.console.dll, DataCollectionRequestSender.InitializeCommunication : Initialize communication. 
TpTrace Verbose: 0 : 5832, 1, 2024/07/23, 20:10:57.116, 6879692201014, vstest.console.dll, TestRunRequest.WaitForCompletion: Waiting with timeout -1.
TpTrace Information: 0 : 5832, 5, 2024/07/23, 20:10:57.127, 6879692304377, vstest.console.dll, Listening on Endpoint : 127.0.0.1:58557
TpTrace Verbose: 0 : 5832, 5, 2024/07/23, 20:10:57.136, 6879692394627, vstest.console.dll, DotnetDataCollectionLauncher: Adding  --runtimeconfig "C:\Program Files\dotnet\sdk\8.0.300\datacollector.runtimeconfig.json" in args
TpTrace Verbose: 0 : 5832, 5, 2024/07/23, 20:10:57.136, 6879692396534, vstest.console.dll, DotnetDataCollectionLauncher: Adding  --depsfile "C:\Program Files\dotnet\sdk\8.0.300\datacollector.deps.json" in args
TpTrace Verbose: 0 : 5832, 5, 2024/07/23, 20:10:57.136, 6879692399977, vstest.console.dll, DotnetDataCollectionLauncher: Full path of dotnet.exe is C:\Program Files\dotnet\dotnet.exe
TpTrace Information: 0 : 5832, 5, 2024/07/23, 20:10:57.145, 6879692490149, vstest.console.dll, ProxyDataCollectionManager.Initialize: Launched datacollector processId: 19956 port: 58557
TpTrace Information: 0 : 5832, 5, 2024/07/23, 20:10:57.145, 6879692493005, vstest.console.dll, ProxyDataCollectionManager.Initialize: waiting for connection with timeout: 90 seconds
TpTrace Verbose: 0 : 5832, 5, 2024/07/23, 20:10:57.146, 6879692495057, vstest.console.dll, DataCollectionRequestSender.WaitForRequestHandlerConnection : Waiting for connection with timeout: 90000
TpTrace Information: 0 : 5832, 11, 2024/07/23, 20:10:57.387, 6879694912611, vstest.console.dll, Using the buffer size of 16384 bytes
TpTrace Verbose: 0 : 5832, 5, 2024/07/23, 20:10:57.387, 6879694912774, vstest.console.dll, SocketCommunicationManager.WaitForClientConnection took: 241 ms, with 90000 ms timeout, and finished with True.
TpTrace Information: 0 : 5832, 11, 2024/07/23, 20:10:57.388, 6879694915012, vstest.console.dll, Accepted Client request and set the flag
TpTrace Verbose: 0 : 5832, 5, 2024/07/23, 20:10:57.388, 6879694917429, vstest.console.dll, ProxyDataCollectionManager.InvokeDataCollectionServiceAction: Starting.
TpTrace Information: 0 : 5832, 5, 2024/07/23, 20:10:57.388, 6879694919788, vstest.console.dll, ProxyDataCollectionManager.BeforeTestRunStart: Get environment variable and port for datacollector processId: 19956 port: 58557
TpTrace Verbose: 0 : 5832, 5, 2024/07/23, 20:10:57.388, 6879694922784, vstest.console.dll, DataCollectionRequestSender.SendBeforeTestRunStartAndGetResult: Send BeforeTestRunStart message with settingsXml <RunSettings><RunConfiguration><ResultsDirectory>C:\Users\PC\Desktop\SeleniumAdvanced\StudentsRegistryPOM\bin\Debug\net6.0\fine-code-coverage\coverage-tool-output</ResultsDirectory><TargetPlatform>X64</TargetPlatform><TargetFrameworkVersion>.NETCoreApp,Version=v6.0</TargetFrameworkVersion><DesignMode>False</DesignMode><CollectSourceInformation>False</CollectSourceInformation><TestAdaptersPaths>C:\Program Files\dotnet\sdk\8.0.300\Extensions</TestAdaptersPaths></RunConfiguration><LoggerRunSettings><Loggers><Logger friendlyName="blame" enabled="True" /><Logger friendlyName="Console" uri="logger://microsoft/TestPlatform/ConsoleLogger/v1" assemblyQualifiedName="Microsoft.VisualStudio.TestPlatform.CommandLine.Internal.ConsoleLogger, vstest.console, Version=15.0.0.0, Culture=neutral, PublicKeyToken=b03f5f7f11d50a3a" codeBase="C:\Program Files\dotnet\sdk\8.0.300\vstest.console.dll" enabled="True" /></Loggers></LoggerRunSettings><DataCollectionRunSettings><DataCollectors><DataCollector friendlyName="blame" enabled="True"><Configuration><ResultsDirectory>C:\Users\PC\Desktop\SeleniumAdvanced\StudentsRegistryPOM\bin\Debug\net6.0\fine-code-coverage\coverage-tool-output</ResultsDirectory></Configuration></DataCollector></DataCollectors></DataCollectionRunSettings></RunSettings> and sources System.Collections.Generic.List`1[System.String]: 
TpTrace Verbose: 0 : 5832, 5, 2024/07/23, 20:10:57.506, 6879696098194, vstest.console.dll, DataCollectionRequestSender.SendBeforeTestRunStartAndGetResult: Received message: (DataCollection.SendMessage) -> {"MessageType":"DataCollection.SendMessage","Payload":{"FriendlyName":null,"Uri":null,"TestCaseId":"00000000-0000-0000-0000-000000000000","Message":"Logging DataCollector Diagnostics in file: C:\\Users\\PC\\Desktop\\SeleniumAdvanced\\StudentsRegistryPOM\\bin\\Debug\\net6.0\\fine-code-coverage\\coverage-tool-output\\diagnostics.datacollector.24-07-23_20-10-57_13564_5.log","Level":0}}
TpTrace Verbose: 0 : 5832, 5, 2024/07/23, 20:10:57.644, 6879697474545, vstest.console.dll, DataCollectionRequestSender.SendBeforeTestRunStartAndGetResult: Received message: (DataCollection.BeforeTestRunStartResult) -> {"MessageType":"DataCollection.BeforeTestRunStartResult","Payload":{"EnvironmentVariables":{},"DataCollectionEventsPort":58559}}
TpTrace Information: 0 : 5832, 5, 2024/07/23, 20:10:57.651, 6879697547136, vstest.console.dll, ProxyDataCollectionManager.BeforeTestRunStart: SendBeforeTestRunStartAndGetResult successful, env variable from datacollector:   and testhost port: 58559
TpTrace Information: 0 : 5832, 5, 2024/07/23, 20:10:57.651, 6879697548777, vstest.console.dll, ProxyDataCollectionManager.InvokeDataCollectionServiceAction: Completed.
TpTrace Verbose: 0 : 5832, 5, 2024/07/23, 20:10:57.651, 6879697549935, vstest.console.dll, ParallelProxyExecutionManager.StartTestRunOnConcurrentManager: Initializing test run. Started clients: 0
TpTrace Verbose: 0 : 5832, 5, 2024/07/23, 20:10:57.651, 6879697552330, vstest.console.dll, ProxyExecutionManager: Test host is always Lazy initialize.
TpTrace Verbose: 0 : 5832, 5, 2024/07/23, 20:10:57.652, 6879697555436, vstest.console.dll, TestRequestSender.InitializeCommunication: initialize communication. 
TpTrace Information: 0 : 5832, 5, 2024/07/23, 20:10:57.653, 6879697564191, vstest.console.dll, SocketServer.Start: Listening on endpoint : 127.0.0.1:58560
TpTrace Verbose: 0 : 5832, 5, 2024/07/23, 20:10:57.654, 6879697574222, vstest.console.dll, DotnetTestHostmanager.GetTestHostProcessStartInfo: Platform environment 'X64' target architecture 'X64' framework '.NETCoreApp,Version=v6.0' OS 'Windows'
TpTrace Verbose: 0 : 5832, 5, 2024/07/23, 20:10:57.654, 6879697577359, vstest.console.dll, DotnetTestHostmanager: Adding  --runtimeconfig "C:\Users\PC\Desktop\SeleniumAdvanced\StudentsRegistryPOM\bin\Debug\net6.0\fine-code-coverage\build-output\StudentsRegistryPOM.runtimeconfig.json" in args
TpTrace Verbose: 0 : 5832, 5, 2024/07/23, 20:10:57.654, 6879697578859, vstest.console.dll, DotnetTestHostmanager: Adding  --depsfile "C:\Users\PC\Desktop\SeleniumAdvanced\StudentsRegistryPOM\bin\Debug\net6.0\fine-code-coverage\build-output\StudentsRegistryPOM.deps.json" in args
TpTrace Verbose: 0 : 5832, 5, 2024/07/23, 20:10:57.654, 6879697581684, vstest.console.dll, DotnetTestHostmanager.IsWinOnArm: Current PROCESSOR_ARCHITECTURE from environment variable 'AMD64'
TpTrace Verbose: 0 : 5832, 5, 2024/07/23, 20:10:57.654, 6879697582666, vstest.console.dll, DotnetTestHostmanager.IsWinOnArm: Is Windows on ARM 'False'
TpTrace Verbose: 0 : 5832, 5, 2024/07/23, 20:10:57.654, 6879697584088, vstest.console.dll, DotnetTestHostManager: testhost.exe found at path: C:\Users\PC\Desktop\SeleniumAdvanced\StudentsRegistryPOM\bin\Debug\net6.0\fine-code-coverage\build-output\testhost.exe
TpTrace Verbose: 0 : 5832, 5, 2024/07/23, 20:10:57.655, 6879697584897, vstest.console.dll, DotnetTestHostmanager: Full path of host exe is C:\Users\PC\Desktop\SeleniumAdvanced\StudentsRegistryPOM\bin\Debug\net6.0\fine-code-coverage\build-output\testhost.exe
TpTrace Verbose: 0 : 5832, 5, 2024/07/23, 20:10:57.655, 6879697587488, vstest.console.dll, DotnetTestHostmanager.LaunchTestHostAsync: Found 'VSTEST_WINAPPHOST_DOTNET_ROOT' in env variables, value 'C:\Program Files\dotnet', forwarding to 'DOTNET_ROOT'
TpTrace Verbose: 0 : 5832, 5, 2024/07/23, 20:10:57.655, 6879697589876, vstest.console.dll, DotnetTestHostManager: Starting process 'C:\Users\PC\Desktop\SeleniumAdvanced\StudentsRegistryPOM\bin\Debug\net6.0\fine-code-coverage\build-output\testhost.exe' with command line ' --runtimeconfig "C:\Users\PC\Desktop\SeleniumAdvanced\StudentsRegistryPOM\bin\Debug\net6.0\fine-code-coverage\build-output\StudentsRegistryPOM.runtimeconfig.json" --depsfile "C:\Users\PC\Desktop\SeleniumAdvanced\StudentsRegistryPOM\bin\Debug\net6.0\fine-code-coverage\build-output\StudentsRegistryPOM.deps.json" --port 58560 --endpoint 127.0.0.1:058560 --role client --parentprocessid 5832 --diag "C:\Users\PC\Desktop\SeleniumAdvanced\StudentsRegistryPOM\bin\Debug\net6.0\fine-code-coverage\coverage-tool-output\diagnostics.host.24-07-23_20-10-57_65350_5.log" --tracelevel 4 --datacollectionport 58559 --telemetryoptedin false'
TpTrace Verbose: 0 : 5832, 5, 2024/07/23, 20:10:57.663, 6879697669477, vstest.console.dll, MulticastDelegateUtilities.SafeInvoke: HostProviderEvents.OnHostLaunched: Invoking callback 1/2 for Microsoft.VisualStudio.TestPlatform.CrossPlatEngine.Client.ProxyExecutionManagerWithDataCollection., took 2 ms.
TpTrace Verbose: 0 : 5832, 5, 2024/07/23, 20:10:57.664, 6879697676401, vstest.console.dll, Test Runtime launched
TpTrace Verbose: 0 : 5832, 5, 2024/07/23, 20:10:57.664, 6879697678920, vstest.console.dll, MulticastDelegateUtilities.SafeInvoke: HostProviderEvents.OnHostLaunched: Invoking callback 2/2 for Microsoft.VisualStudio.TestPlatform.CrossPlatEngine.Client.ProxyOperationManager., took 0 ms.
TpTrace Verbose: 0 : 5832, 5, 2024/07/23, 20:10:57.664, 6879697682315, vstest.console.dll, TestRequestSender.WaitForRequestHandlerConnection: waiting for connection with timeout: 90000.
TpTrace Verbose: 0 : 5832, 5, 2024/07/23, 20:10:57.954, 6879700576915, vstest.console.dll, TestRequestSender.WaitForRequestHandlerConnection: waiting took 289 ms, with timeout 90000 ms, and result 0, which is success.
TpTrace Verbose: 0 : 5832, 7, 2024/07/23, 20:10:57.954, 6879700576915, vstest.console.dll, MulticastDelegateUtilities.SafeInvoke: SocketServer: ClientConnected: Invoking callback 1/1 for Microsoft.VisualStudio.TestPlatform.CommunicationUtilities.TestRequestSender., took 0 ms.
TpTrace Verbose: 0 : 5832, 7, 2024/07/23, 20:10:57.954, 6879700580641, vstest.console.dll, SocketServer.OnClientConnected: Client connected for endPoint: 127.0.0.1:58560, starting MessageLoopAsync:
TpTrace Verbose: 0 : 5832, 7, 2024/07/23, 20:10:57.955, 6879700591240, vstest.console.dll, TcpClientExtensions.MessageLoopAsync: Polling on remoteEndPoint: 127.0.0.1:58561 localEndPoint: 127.0.0.1:58560 after 0 ms
TpTrace Verbose: 0 : 5832, 5, 2024/07/23, 20:10:57.957, 6879700604334, vstest.console.dll, TestRequestSender.CheckVersionWithTestHost: Sending check version message: {"MessageType":"ProtocolVersion","Payload":7}
TpTrace Verbose: 0 : 5832, 7, 2024/07/23, 20:10:58.262, 6879703662571, vstest.console.dll, TcpClientExtensions.MessageLoopAsync: NotifyDataAvailable remoteEndPoint: 127.0.0.1:58561 localEndPoint: 127.0.0.1:58560
TpTrace Verbose: 0 : 5832, 7, 2024/07/23, 20:10:58.263, 6879703667223, vstest.console.dll, TestRequestSender.CheckVersionWithTestHost: onMessageReceived received message: (ProtocolVersion) -> {"MessageType":"ProtocolVersion","Payload":7}
TpTrace Verbose: 0 : 5832, 7, 2024/07/23, 20:10:58.264, 6879703680598, vstest.console.dll, MulticastDelegateUtilities.SafeInvoke: LengthPrefixCommunicationChannel: MessageReceived: Invoking callback 1/1 for Microsoft.VisualStudio.TestPlatform.CommunicationUtilities.TestRequestSender+<>c__DisplayClass29_0., took 1 ms.
TpTrace Verbose: 0 : 5832, 5, 2024/07/23, 20:10:58.264, 6879703681670, vstest.console.dll, TestPluginCache.GetExtensionPaths: Filtered extension paths: 
TpTrace Verbose: 0 : 5832, 5, 2024/07/23, 20:10:58.264, 6879703683432, vstest.console.dll, TestPluginCache.GetExtensionPaths: Added default extension paths: C:\Program Files\dotnet\sdk\8.0.300\Extensions\Microsoft.Diagnostics.NETCore.Client.dll
C:\Program Files\dotnet\sdk\8.0.300\Extensions\Microsoft.TestPlatform.Extensions.BlameDataCollector.dll
C:\Program Files\dotnet\sdk\8.0.300\Extensions\Microsoft.TestPlatform.Extensions.EventLogCollector.dll
C:\Program Files\dotnet\sdk\8.0.300\Extensions\Microsoft.TestPlatform.TestHostRuntimeProvider.dll
C:\Program Files\dotnet\sdk\8.0.300\Extensions\Microsoft.VisualStudio.TestPlatform.Extensions.Html.TestLogger.dll
C:\Program Files\dotnet\sdk\8.0.300\Extensions\Microsoft.VisualStudio.TestPlatform.Extensions.Trx.TestLogger.dll
TpTrace Verbose: 0 : 5832, 7, 2024/07/23, 20:10:58.264, 6879703683902, vstest.console.dll, TcpClientExtensions.MessageLoopAsync: Polling on remoteEndPoint: 127.0.0.1:58561 localEndPoint: 127.0.0.1:58560 after 309 ms
TpTrace Verbose: 0 : 5832, 5, 2024/07/23, 20:10:58.265, 6879703684959, vstest.console.dll, TestPluginCache.GetExtensionPaths: Added unfilterableExtensionPaths: 
TpTrace Verbose: 0 : 5832, 5, 2024/07/23, 20:10:58.270, 6879703737339, vstest.console.dll, TestRequestSender.InitializeExecution: Sending initialize execution with message: {"Version":7,"MessageType":"TestExecution.Initialize","Payload":["C:\\Users\\PC\\Desktop\\SeleniumAdvanced\\StudentsRegistryPOM\\bin\\Debug\\net6.0\\fine-code-coverage\\build-output\\NUnit3.TestAdapter.dll"]}
TpTrace Verbose: 0 : 5832, 5, 2024/07/23, 20:10:58.270, 6879703740415, vstest.console.dll, ParallelProxyExecutionManager.StartTestRunOnConcurrentManager: Execution starting. Started clients: 1
TpTrace Verbose: 0 : 5832, 5, 2024/07/23, 20:10:58.271, 6879703744890, vstest.console.dll, TestRunRequest:SendTestRunMessage: Starting.
TpTrace Verbose: 0 : 5832, 5, 2024/07/23, 20:10:58.271, 6879703748201, vstest.console.dll, MulticastDelegateUtilities.SafeInvoke: TestRun.LogMessages: Invoking callback 1/1 for Microsoft.VisualStudio.TestPlatform.CommandLine.TestRunResultAggregator., took 0 ms.
TpTrace Information: 0 : 5832, 5, 2024/07/23, 20:10:58.271, 6879703749507, vstest.console.dll, TestRunRequest:SendTestRunMessage: Completed.
TpTrace Verbose: 0 : 5832, 4, 2024/07/23, 20:10:58.271, 6879703752500, vstest.console.dll, MulticastDelegateUtilities.SafeInvoke: InternalTestLoggerEvents.SendTestRunMessage: Invoking callback 1/1 for Microsoft.VisualStudio.TestPlatform.CommandLine.Internal.ConsoleLogger., took 0 ms.
TpTrace Warning: 0 : 5832, 5, 2024/07/23, 20:10:58.272, 6879703759206, vstest.console.dll, InferRunSettingsHelper.MakeRunsettingsCompatible: Removing the following settings: TargetPlatform from RunSettings file. To use those settings please move to latest version of Microsoft.NET.Test.Sdk
TpTrace Verbose: 0 : 5832, 7, 2024/07/23, 20:10:58.274, 6879703775662, vstest.console.dll, TcpClientExtensions.MessageLoopAsync: NotifyDataAvailable remoteEndPoint: 127.0.0.1:58561 localEndPoint: 127.0.0.1:58560
TpTrace Verbose: 0 : 5832, 7, 2024/07/23, 20:10:58.274, 6879703782765, vstest.console.dll, TestRequestSender.OnExecutionMessageReceived: Received message: {"Version":7,"MessageType":"TestSession.Message","Payload":{"MessageLevel":0,"Message":"Logging TestHost Diagnostics in file: C:\\Users\\PC\\Desktop\\SeleniumAdvanced\\StudentsRegistryPOM\\bin\\Debug\\net6.0\\fine-code-coverage\\coverage-tool-output\\diagnostics.host.24-07-23_20-10-57_65350_5.log"}}
TpTrace Verbose: 0 : 5832, 7, 2024/07/23, 20:10:58.281, 6879703846682, vstest.console.dll, TestRunRequest:SendTestRunMessage: Starting.
TpTrace Verbose: 0 : 5832, 7, 2024/07/23, 20:10:58.281, 6879703849585, vstest.console.dll, MulticastDelegateUtilities.SafeInvoke: TestRun.LogMessages: Invoking callback 1/1 for Microsoft.VisualStudio.TestPlatform.CommandLine.TestRunResultAggregator., took 0 ms.
TpTrace Verbose: 0 : 5832, 4, 2024/07/23, 20:10:58.281, 6879703849888, vstest.console.dll, MulticastDelegateUtilities.SafeInvoke: InternalTestLoggerEvents.SendTestRunMessage: Invoking callback 1/1 for Microsoft.VisualStudio.TestPlatform.CommandLine.Internal.ConsoleLogger., took 0 ms.
TpTrace Information: 0 : 5832, 7, 2024/07/23, 20:10:58.281, 6879703850834, vstest.console.dll, TestRunRequest:SendTestRunMessage: Completed.
TpTrace Verbose: 0 : 5832, 7, 2024/07/23, 20:10:58.281, 6879703853364, vstest.console.dll, MulticastDelegateUtilities.SafeInvoke: LengthPrefixCommunicationChannel: MessageReceived: Invoking callback 1/1 for Microsoft.VisualStudio.TestPlatform.CommunicationUtilities.TestRequestSender+<>c__DisplayClass34_0., took 7 ms.
TpTrace Verbose: 0 : 5832, 7, 2024/07/23, 20:10:58.282, 6879703854741, vstest.console.dll, TcpClientExtensions.MessageLoopAsync: Polling on remoteEndPoint: 127.0.0.1:58561 localEndPoint: 127.0.0.1:58560 after 16 ms
TpTrace Verbose: 0 : 5832, 5, 2024/07/23, 20:10:58.286, 6879703894244, vstest.console.dll, TestRequestSender.StartTestRun: Sending test run with message: {"Version":7,"MessageType":"TestExecution.StartWithSources","Payload":{"AdapterSourceMap":{"_none_":["C:\\Users\\PC\\Desktop\\SeleniumAdvanced\\StudentsRegistryPOM\\bin\\Debug\\net6.0\\fine-code-coverage\\build-output\\StudentsRegistryPOM.dll"]},"RunSettings":"<RunSettings>\r\n  <RunConfiguration>\r\n    <ResultsDirectory>C:\\Users\\PC\\Desktop\\SeleniumAdvanced\\StudentsRegistryPOM\\bin\\Debug\\net6.0\\fine-code-coverage\\coverage-tool-output</ResultsDirectory>\r\n    <TargetFrameworkVersion>.NETCoreApp,Version=v6.0</TargetFrameworkVersion>\r\n    <DesignMode>False</DesignMode>\r\n    <CollectSourceInformation>False</CollectSourceInformation>\r\n  </RunConfiguration>\r\n  <LoggerRunSettings>\r\n    <Loggers>\r\n      <Logger friendlyName=\"blame\" enabled=\"True\" />\r\n      <Logger friendlyName=\"Console\" uri=\"logger://microsoft/TestPlatform/ConsoleLogger/v1\" assemblyQualifiedName=\"Microsoft.VisualStudio.TestPlatform.CommandLine.Internal.ConsoleLogger, vstest.console, Version=15.0.0.0, Culture=neutral, PublicKeyToken=b03f5f7f11d50a3a\" codeBase=\"C:\\Program Files\\dotnet\\sdk\\8.0.300\\vstest.console.dll\" enabled=\"True\" />\r\n    </Loggers>\r\n  </LoggerRunSettings>\r\n  <DataCollectionRunSettings>\r\n    <DataCollectors>\r\n      <DataCollector friendlyName=\"blame\" enabled=\"True\">\r\n        <Configuration>\r\n          <ResultsDirectory>C:\\Users\\PC\\Desktop\\SeleniumAdvanced\\StudentsRegistryPOM\\bin\\Debug\\net6.0\\fine-code-coverage\\coverage-tool-output</ResultsDirectory>\r\n        </Configuration>\r\n      </DataCollector>\r\n    </DataCollectors>\r\n  </DataCollectionRunSettings>\r\n</RunSettings>","TestExecutionContext":{"FrequencyOfRunStatsChangeEvent":10,"RunStatsChangeEventTimeout":"00:00:01.5000000","InIsolation":false,"KeepAlive":false,"AreTestCaseLevelEventsRequired":false,"IsDebug":false,"TestCaseFilter":null,"FilterOptions":null},"Package":null}}
TpTrace Verbose: 0 : 5832, 5, 2024/07/23, 20:10:58.286, 6879703897390, vstest.console.dll, ParallelProxyExecutionManager.StartTestRunOnConcurrentManager: Execution started. Started clients: 1
TpTrace Verbose: 0 : 5832, 7, 2024/07/23, 20:10:58.611, 6879707149407, vstest.console.dll, TcpClientExtensions.MessageLoopAsync: NotifyDataAvailable remoteEndPoint: 127.0.0.1:58561 localEndPoint: 127.0.0.1:58560
TpTrace Verbose: 0 : 5832, 7, 2024/07/23, 20:10:58.611, 6879707153518, vstest.console.dll, TestRequestSender.OnExecutionMessageReceived: Received message: {"Version":7,"MessageType":"TestSession.Message","Payload":{"MessageLevel":0,"Message":"NUnit Adapter 4.5.0.0: Test execution started"}}
TpTrace Verbose: 0 : 5832, 7, 2024/07/23, 20:10:58.612, 6879707158193, vstest.console.dll, TestRunRequest:SendTestRunMessage: Starting.
TpTrace Verbose: 0 : 5832, 7, 2024/07/23, 20:10:58.612, 6879707160505, vstest.console.dll, MulticastDelegateUtilities.SafeInvoke: TestRun.LogMessages: Invoking callback 1/1 for Microsoft.VisualStudio.TestPlatform.CommandLine.TestRunResultAggregator., took 0 ms.
TpTrace Verbose: 0 : 5832, 4, 2024/07/23, 20:10:58.612, 6879707160706, vstest.console.dll, MulticastDelegateUtilities.SafeInvoke: InternalTestLoggerEvents.SendTestRunMessage: Invoking callback 1/1 for Microsoft.VisualStudio.TestPlatform.CommandLine.Internal.ConsoleLogger., took 0 ms.
TpTrace Information: 0 : 5832, 7, 2024/07/23, 20:10:58.612, 6879707161788, vstest.console.dll, TestRunRequest:SendTestRunMessage: Completed.
TpTrace Verbose: 0 : 5832, 7, 2024/07/23, 20:10:58.613, 6879707164306, vstest.console.dll, MulticastDelegateUtilities.SafeInvoke: LengthPrefixCommunicationChannel: MessageReceived: Invoking callback 1/1 for Microsoft.VisualStudio.TestPlatform.CommunicationUtilities.TestRequestSender+<>c__DisplayClass34_0., took 1 ms.
TpTrace Verbose: 0 : 5832, 7, 2024/07/23, 20:10:58.613, 6879707165679, vstest.console.dll, TcpClientExtensions.MessageLoopAsync: Polling on remoteEndPoint: 127.0.0.1:58561 localEndPoint: 127.0.0.1:58560 after 330 ms
TpTrace Verbose: 0 : 5832, 7, 2024/07/23, 20:10:58.662, 6879707662767, vstest.console.dll, TcpClientExtensions.MessageLoopAsync: NotifyDataAvailable remoteEndPoint: 127.0.0.1:58561 localEndPoint: 127.0.0.1:58560
TpTrace Verbose: 0 : 5832, 7, 2024/07/23, 20:10:58.663, 6879707665608, vstest.console.dll, TestRequestSender.OnExecutionMessageReceived: Received message: {"Version":7,"MessageType":"TestSession.Message","Payload":{"MessageLevel":0,"Message":"Running all tests in C:\\Users\\PC\\Desktop\\SeleniumAdvanced\\StudentsRegistryPOM\\bin\\Debug\\net6.0\\fine-code-coverage\\build-output\\StudentsRegistryPOM.dll"}}
TpTrace Verbose: 0 : 5832, 7, 2024/07/23, 20:10:58.663, 6879707668557, vstest.console.dll, TestRunRequest:SendTestRunMessage: Starting.
TpTrace Verbose: 0 : 5832, 7, 2024/07/23, 20:10:58.663, 6879707670522, vstest.console.dll, MulticastDelegateUtilities.SafeInvoke: TestRun.LogMessages: Invoking callback 1/1 for Microsoft.VisualStudio.TestPlatform.CommandLine.TestRunResultAggregator., took 0 ms.
TpTrace Verbose: 0 : 5832, 4, 2024/07/23, 20:10:58.663, 6879707671260, vstest.console.dll, MulticastDelegateUtilities.SafeInvoke: InternalTestLoggerEvents.SendTestRunMessage: Invoking callback 1/1 for Microsoft.VisualStudio.TestPlatform.CommandLine.Internal.ConsoleLogger., took 0 ms.
TpTrace Information: 0 : 5832, 7, 2024/07/23, 20:10:58.663, 6879707671822, vstest.console.dll, TestRunRequest:SendTestRunMessage: Completed.
TpTrace Verbose: 0 : 5832, 7, 2024/07/23, 20:10:58.664, 6879707674478, vstest.console.dll, MulticastDelegateUtilities.SafeInvoke: LengthPrefixCommunicationChannel: MessageReceived: Invoking callback 1/1 for Microsoft.VisualStudio.TestPlatform.CommunicationUtilities.TestRequestSender+<>c__DisplayClass34_0., took 0 ms.
TpTrace Verbose: 0 : 5832, 7, 2024/07/23, 20:10:58.664, 6879707675823, vstest.console.dll, TcpClientExtensions.MessageLoopAsync: Polling on remoteEndPoint: 127.0.0.1:58561 localEndPoint: 127.0.0.1:58560 after 50 ms
TpTrace Verbose: 0 : 5832, 7, 2024/07/23, 20:10:59.021, 6879711248189, vstest.console.dll, TcpClientExtensions.MessageLoopAsync: NotifyDataAvailable remoteEndPoint: 127.0.0.1:58561 localEndPoint: 127.0.0.1:58560
TpTrace Verbose: 0 : 5832, 7, 2024/07/23, 20:10:59.021, 6879711251505, vstest.console.dll, TestRequestSender.OnExecutionMessageReceived: Received message: {"Version":7,"MessageType":"TestSession.Message","Payload":{"MessageLevel":0,"Message":"   NUnit3TestExecutor discovered 8 of 8 NUnit test cases using Current Discovery mode, Non-Explicit run"}}
TpTrace Verbose: 0 : 5832, 7, 2024/07/23, 20:10:59.022, 6879711254273, vstest.console.dll, TestRunRequest:SendTestRunMessage: Starting.
TpTrace Verbose: 0 : 5832, 7, 2024/07/23, 20:10:59.022, 6879711256187, vstest.console.dll, MulticastDelegateUtilities.SafeInvoke: TestRun.LogMessages: Invoking callback 1/1 for Microsoft.VisualStudio.TestPlatform.CommandLine.TestRunResultAggregator., took 0 ms.
TpTrace Information: 0 : 5832, 7, 2024/07/23, 20:10:59.022, 6879711257308, vstest.console.dll, TestRunRequest:SendTestRunMessage: Completed.
TpTrace Verbose: 0 : 5832, 7, 2024/07/23, 20:10:59.022, 6879711258460, vstest.console.dll, MulticastDelegateUtilities.SafeInvoke: LengthPrefixCommunicationChannel: MessageReceived: Invoking callback 1/1 for Microsoft.VisualStudio.TestPlatform.CommunicationUtilities.TestRequestSender+<>c__DisplayClass34_0., took 0 ms.
TpTrace Verbose: 0 : 5832, 7, 2024/07/23, 20:10:59.022, 6879711259736, vstest.console.dll, TcpClientExtensions.MessageLoopAsync: Polling on remoteEndPoint: 127.0.0.1:58561 localEndPoint: 127.0.0.1:58560 after 358 ms
TpTrace Verbose: 0 : 5832, 4, 2024/07/23, 20:10:59.023, 6879711267917, vstest.console.dll, MulticastDelegateUtilities.SafeInvoke: InternalTestLoggerEvents.SendTestRunMessage: Invoking callback 1/1 for Microsoft.VisualStudio.TestPlatform.CommandLine.Internal.ConsoleLogger., took 0 ms.
TpTrace Verbose: 0 : 5832, 7, 2024/07/23, 20:11:00.025, 6879721287552, vstest.console.dll, TcpClientExtensions.MessageLoopAsync: Polling on remoteEndPoint: 127.0.0.1:58561 localEndPoint: 127.0.0.1:58560 after 1002 ms
TpTrace Verbose: 0 : 5832, 7, 2024/07/23, 20:11:01.031, 6879731346206, vstest.console.dll, TcpClientExtensions.MessageLoopAsync: Polling on remoteEndPoint: 127.0.0.1:58561 localEndPoint: 127.0.0.1:58560 after 1005 ms
TpTrace Verbose: 0 : 5832, 7, 2024/07/23, 20:11:02.034, 6879741376086, vstest.console.dll, TcpClientExtensions.MessageLoopAsync: Polling on remoteEndPoint: 127.0.0.1:58561 localEndPoint: 127.0.0.1:58560 after 1002 ms
TpTrace Verbose: 0 : 5832, 7, 2024/07/23, 20:11:02.292, 6879743962191, vstest.console.dll, TcpClientExtensions.MessageLoopAsync: NotifyDataAvailable remoteEndPoint: 127.0.0.1:58561 localEndPoint: 127.0.0.1:58560
TpTrace Verbose: 0 : 5832, 7, 2024/07/23, 20:11:02.293, 6879743966526, vstest.console.dll, TestRequestSender.OnExecutionMessageReceived: Received message: {"Version":7,"MessageType":"TestExecution.StatsChange","Payload":{"NewTestResults":[],"TestRunStatistics":{"ExecutedTests":0,"Stats":{}},"ActiveTests":[{"Id":"f8bf5297-9305-386c-eed3-04a600676a63","FullyQualifiedName":"StudentsRegistryPOM.Tests.AddStudentsPageTest.Test_AddStudentPage_Links","DisplayName":"Test_AddStudentPage_Links","ExecutorUri":"executor://NUnit3TestExecutor","Source":"C:\\Users\\PC\\Desktop\\SeleniumAdvanced\\StudentsRegistryPOM\\bin\\Debug\\net6.0\\fine-code-coverage\\build-output\\StudentsRegistryPOM.dll","CodeFilePath":null,"LineNumber":0,"Properties":[{"Key":{"Id":"NUnit.Seed","Label":"Seed","Category":"","Description":"","Attributes":0,"ValueType":"System.String"},"Value":"1229724923"}]}]}}
TpTrace Verbose: 0 : 5832, 7, 2024/07/23, 20:11:02.379, 6879744833229, vstest.console.dll, TestRunRequest:SendTestRunStatsChange: Starting.
TpTrace Verbose: 0 : 5832, 7, 2024/07/23, 20:11:02.380, 6879744836765, vstest.console.dll, InProgress is Test_AddStudentPage_Links
TpTrace Verbose: 0 : 5832, 7, 2024/07/23, 20:11:02.380, 6879744839622, vstest.console.dll, MulticastDelegateUtilities.SafeInvoke: TestRun.RunStatsChanged: Invoking callbacks was skipped because there are no subscribers.
TpTrace Information: 0 : 5832, 7, 2024/07/23, 20:11:02.380, 6879744840783, vstest.console.dll, TestRunRequest:SendTestRunStatsChange: Completed.
TpTrace Verbose: 0 : 5832, 7, 2024/07/23, 20:11:02.380, 6879744842027, vstest.console.dll, MulticastDelegateUtilities.SafeInvoke: LengthPrefixCommunicationChannel: MessageReceived: Invoking callback 1/1 for Microsoft.VisualStudio.TestPlatform.CommunicationUtilities.TestRequestSender+<>c__DisplayClass34_0., took 87 ms.
TpTrace Verbose: 0 : 5832, 7, 2024/07/23, 20:11:02.380, 6879744843065, vstest.console.dll, TcpClientExtensions.MessageLoopAsync: Polling on remoteEndPoint: 127.0.0.1:58561 localEndPoint: 127.0.0.1:58560 after 346 ms
TpTrace Verbose: 0 : 5832, 7, 2024/07/23, 20:11:03.387, 6879754907730, vstest.console.dll, TcpClientExtensions.MessageLoopAsync: Polling on remoteEndPoint: 127.0.0.1:58561 localEndPoint: 127.0.0.1:58560 after 1006 ms
TpTrace Verbose: 0 : 5832, 7, 2024/07/23, 20:11:03.826, 6879759294510, vstest.console.dll, TcpClientExtensions.MessageLoopAsync: NotifyDataAvailable remoteEndPoint: 127.0.0.1:58561 localEndPoint: 127.0.0.1:58560
TpTrace Verbose: 0 : 5832, 7, 2024/07/23, 20:11:03.826, 6879759298628, vstest.console.dll, TestRequestSender.OnExecutionMessageReceived: Received message: {"Version":7,"MessageType":"TestExecution.StatsChange","Payload":{"NewTestResults":[{"TestCase":{"Id":"f8bf5297-9305-386c-eed3-04a600676a63","FullyQualifiedName":"StudentsRegistryPOM.Tests.AddStudentsPageTest.Test_AddStudentPage_Links","DisplayName":"Test_AddStudentPage_Links","ExecutorUri":"executor://NUnit3TestExecutor","Source":"C:\\Users\\PC\\Desktop\\SeleniumAdvanced\\StudentsRegistryPOM\\bin\\Debug\\net6.0\\fine-code-coverage\\build-output\\StudentsRegistryPOM.dll","CodeFilePath":null,"LineNumber":0,"Properties":[{"Key":{"Id":"NUnit.Seed","Label":"Seed","Category":"","Description":"","Attributes":0,"ValueType":"System.String"},"Value":"1229724923"}]},"Attachments":[],"Outcome":1,"ErrorMessage":null,"ErrorStackTrace":null,"DisplayName":"Test_AddStudentPage_Links","Messages":[],"ComputerName":"DESKTOP-78QNQ9Q","Duration":"00:00:01.4503400","StartTime":"2024-07-23T17:11:02.1811631+00:00","EndTime":"2024-07-23T17:11:03.6313529+00:00","Properties":[{"Key":{"Id":"NUnit.Seed","Label":"Seed","Category":"","Description":"","Attributes":0,"ValueType":"System.String"},"Value":"1229724923"}]}],"TestRunStatistics":{"ExecutedTests":1,"Stats":{"Passed":1}},"ActiveTests":[{"Id":"1128178a-44f9-d579-be93-9c7a62c78936","FullyQualifiedName":"StudentsRegistryPOM.Tests.AddStudentsPageTest.Test_AddStudentsPage_AddInvalidStudent","DisplayName":"Test_AddStudentsPage_AddInvalidStudent","ExecutorUri":"executor://NUnit3TestExecutor","Source":"C:\\Users\\PC\\Desktop\\SeleniumAdvanced\\StudentsRegistryPOM\\bin\\Debug\\net6.0\\fine-code-coverage\\build-output\\StudentsRegistryPOM.dll","CodeFilePath":null,"LineNumber":0,"Properties":[{"Key":{"Id":"NUnit.Seed","Label":"Seed","Category":"","Description":"","Attributes":0,"ValueType":"System.String"},"Value":"806135299"}]}]}}
TpTrace Verbose: 0 : 5832, 7, 2024/07/23, 20:11:03.844, 6879759480569, vstest.console.dll, TestRunRequest:SendTestRunStatsChange: Starting.
TpTrace Verbose: 0 : 5832, 7, 2024/07/23, 20:11:03.844, 6879759482240, vstest.console.dll, InProgress is Test_AddStudentsPage_AddInvalidStudent
TpTrace Verbose: 0 : 5832, 7, 2024/07/23, 20:11:03.845, 6879759486405, vstest.console.dll, MulticastDelegateUtilities.SafeInvoke: TestRun.RunStatsChanged: Invoking callbacks was skipped because there are no subscribers.
TpTrace Information: 0 : 5832, 7, 2024/07/23, 20:11:03.845, 6879759487272, vstest.console.dll, TestRunRequest:SendTestRunStatsChange: Completed.
TpTrace Verbose: 0 : 5832, 7, 2024/07/23, 20:11:03.845, 6879759488036, vstest.console.dll, MulticastDelegateUtilities.SafeInvoke: LengthPrefixCommunicationChannel: MessageReceived: Invoking callback 1/1 for Microsoft.VisualStudio.TestPlatform.CommunicationUtilities.TestRequestSender+<>c__DisplayClass34_0., took 18 ms.
TpTrace Verbose: 0 : 5832, 7, 2024/07/23, 20:11:03.845, 6879759488851, vstest.console.dll, TcpClientExtensions.MessageLoopAsync: Polling on remoteEndPoint: 127.0.0.1:58561 localEndPoint: 127.0.0.1:58560 after 457 ms
TpTrace Verbose: 0 : 5832, 4, 2024/07/23, 20:11:03.882, 6879759861416, vstest.console.dll, MulticastDelegateUtilities.SafeInvoke: InternalTestLoggerEvents.SendTestResult: Invoking callback 1/1 for Microsoft.VisualStudio.TestPlatform.CommandLine.Internal.ConsoleLogger., took 37 ms.
TpTrace Verbose: 0 : 5832, 7, 2024/07/23, 20:11:04.851, 6879769551299, vstest.console.dll, TcpClientExtensions.MessageLoopAsync: Polling on remoteEndPoint: 127.0.0.1:58561 localEndPoint: 127.0.0.1:58560 after 1006 ms
TpTrace Verbose: 0 : 5832, 7, 2024/07/23, 20:11:05.347, 6879774509931, vstest.console.dll, TcpClientExtensions.MessageLoopAsync: NotifyDataAvailable remoteEndPoint: 127.0.0.1:58561 localEndPoint: 127.0.0.1:58560
TpTrace Verbose: 0 : 5832, 7, 2024/07/23, 20:11:05.347, 6879774513160, vstest.console.dll, TestRequestSender.OnExecutionMessageReceived: Received message: {"Version":7,"MessageType":"TestExecution.StatsChange","Payload":{"NewTestResults":[{"TestCase":{"Id":"1128178a-44f9-d579-be93-9c7a62c78936","FullyQualifiedName":"StudentsRegistryPOM.Tests.AddStudentsPageTest.Test_AddStudentsPage_AddInvalidStudent","DisplayName":"Test_AddStudentsPage_AddInvalidStudent","ExecutorUri":"executor://NUnit3TestExecutor","Source":"C:\\Users\\PC\\Desktop\\SeleniumAdvanced\\StudentsRegistryPOM\\bin\\Debug\\net6.0\\fine-code-coverage\\build-output\\StudentsRegistryPOM.dll","CodeFilePath":null,"LineNumber":0,"Properties":[{"Key":{"Id":"NUnit.Seed","Label":"Seed","Category":"","Description":"","Attributes":0,"ValueType":"System.String"},"Value":"806135299"}]},"Attachments":[],"Outcome":1,"ErrorMessage":null,"ErrorStackTrace":null,"DisplayName":"Test_AddStudentsPage_AddInvalidStudent","Messages":[],"ComputerName":"DESKTOP-78QNQ9Q","Duration":"00:00:01.0786620","StartTime":"2024-07-23T17:11:03.6400779+00:00","EndTime":"2024-07-23T17:11:04.7187403+00:00","Properties":[{"Key":{"Id":"NUnit.Seed","Label":"Seed","Category":"","Description":"","Attributes":0,"ValueType":"System.String"},"Value":"806135299"}]}],"TestRunStatistics":{"ExecutedTests":2,"Stats":{"Passed":2}},"ActiveTests":[{"Id":"7e134629-842b-4f25-de72-04173a4d0503","FullyQualifiedName":"StudentsRegistryPOM.Tests.AddStudentsPageTest.Test_AddStudentsPage_AddValidStudent","DisplayName":"Test_AddStudentsPage_AddValidStudent","ExecutorUri":"executor://NUnit3TestExecutor","Source":"C:\\Users\\PC\\Desktop\\SeleniumAdvanced\\StudentsRegistryPOM\\bin\\Debug\\net6.0\\fine-code-coverage\\build-output\\StudentsRegistryPOM.dll","CodeFilePath":null,"LineNumber":0,"Properties":[{"Key":{"Id":"NUnit.Seed","Label":"Seed","Category":"","Description":"","Attributes":0,"ValueType":"System.String"},"Value":"2077387313"}]}]}}
TpTrace Verbose: 0 : 5832, 7, 2024/07/23, 20:11:05.350, 6879774541487, vstest.console.dll, TestRunRequest:SendTestRunStatsChange: Starting.
TpTrace Verbose: 0 : 5832, 7, 2024/07/23, 20:11:05.351, 6879774544417, vstest.console.dll, InProgress is Test_AddStudentsPage_AddValidStudent
TpTrace Verbose: 0 : 5832, 7, 2024/07/23, 20:11:05.351, 6879774545781, vstest.console.dll, MulticastDelegateUtilities.SafeInvoke: TestRun.RunStatsChanged: Invoking callbacks was skipped because there are no subscribers.
TpTrace Information: 0 : 5832, 7, 2024/07/23, 20:11:05.351, 6879774546588, vstest.console.dll, TestRunRequest:SendTestRunStatsChange: Completed.
TpTrace Verbose: 0 : 5832, 7, 2024/07/23, 20:11:05.351, 6879774547323, vstest.console.dll, MulticastDelegateUtilities.SafeInvoke: LengthPrefixCommunicationChannel: MessageReceived: Invoking callback 1/1 for Microsoft.VisualStudio.TestPlatform.CommunicationUtilities.TestRequestSender+<>c__DisplayClass34_0., took 3 ms.
TpTrace Verbose: 0 : 5832, 7, 2024/07/23, 20:11:05.351, 6879774548059, vstest.console.dll, TcpClientExtensions.MessageLoopAsync: Polling on remoteEndPoint: 127.0.0.1:58561 localEndPoint: 127.0.0.1:58560 after 499 ms
TpTrace Verbose: 0 : 5832, 4, 2024/07/23, 20:11:05.352, 6879774557109, vstest.console.dll, MulticastDelegateUtilities.SafeInvoke: InternalTestLoggerEvents.SendTestResult: Invoking callback 1/1 for Microsoft.VisualStudio.TestPlatform.CommandLine.Internal.ConsoleLogger., took 1 ms.
TpTrace Verbose: 0 : 5832, 7, 2024/07/23, 20:11:06.350, 6879784541158, vstest.console.dll, TcpClientExtensions.MessageLoopAsync: Polling on remoteEndPoint: 127.0.0.1:58561 localEndPoint: 127.0.0.1:58560 after 999 ms
TpTrace Verbose: 0 : 5832, 7, 2024/07/23, 20:11:07.362, 6879794662342, vstest.console.dll, TcpClientExtensions.MessageLoopAsync: Polling on remoteEndPoint: 127.0.0.1:58561 localEndPoint: 127.0.0.1:58560 after 1011 ms
TpTrace Verbose: 0 : 5832, 7, 2024/07/23, 20:11:08.376, 6879804801124, vstest.console.dll, TcpClientExtensions.MessageLoopAsync: Polling on remoteEndPoint: 127.0.0.1:58561 localEndPoint: 127.0.0.1:58560 after 1013 ms
TpTrace Verbose: 0 : 5832, 7, 2024/07/23, 20:11:08.729, 6879808326913, vstest.console.dll, TcpClientExtensions.MessageLoopAsync: NotifyDataAvailable remoteEndPoint: 127.0.0.1:58561 localEndPoint: 127.0.0.1:58560
TpTrace Verbose: 0 : 5832, 7, 2024/07/23, 20:11:08.729, 6879808330951, vstest.console.dll, TestRequestSender.OnExecutionMessageReceived: Received message: {"Version":7,"MessageType":"TestExecution.StatsChange","Payload":{"NewTestResults":[{"TestCase":{"Id":"7e134629-842b-4f25-de72-04173a4d0503","FullyQualifiedName":"StudentsRegistryPOM.Tests.AddStudentsPageTest.Test_AddStudentsPage_AddValidStudent","DisplayName":"Test_AddStudentsPage_AddValidStudent","ExecutorUri":"executor://NUnit3TestExecutor","Source":"C:\\Users\\PC\\Desktop\\SeleniumAdvanced\\StudentsRegistryPOM\\bin\\Debug\\net6.0\\fine-code-coverage\\build-output\\StudentsRegistryPOM.dll","CodeFilePath":null,"LineNumber":0,"Properties":[{"Key":{"Id":"NUnit.Seed","Label":"Seed","Category":"","Description":"","Attributes":0,"ValueType":"System.String"},"Value":"2077387313"}]},"Attachments":[],"Outcome":1,"ErrorMessage":null,"ErrorStackTrace":null,"DisplayName":"Test_AddStudentsPage_AddValidStudent","Messages":[],"ComputerName":"DESKTOP-78QNQ9Q","Duration":"00:00:04.0054990","StartTime":"2024-07-23T17:11:04.7188426+00:00","EndTime":"2024-07-23T17:11:08.7243416+00:00","Properties":[{"Key":{"Id":"NUnit.Seed","Label":"Seed","Category":"","Description":"","Attributes":0,"ValueType":"System.String"},"Value":"2077387313"}]}],"TestRunStatistics":{"ExecutedTests":3,"Stats":{"Passed":3}},"ActiveTests":[{"Id":"c6d7a602-d767-2d57-68fb-d1d4a350491f","FullyQualifiedName":"StudentsRegistryPOM.Tests.AddStudentsPageTest.Test_AddStudentsPage_Content","DisplayName":"Test_AddStudentsPage_Content","ExecutorUri":"executor://NUnit3TestExecutor","Source":"C:\\Users\\PC\\Desktop\\SeleniumAdvanced\\StudentsRegistryPOM\\bin\\Debug\\net6.0\\fine-code-coverage\\build-output\\StudentsRegistryPOM.dll","CodeFilePath":null,"LineNumber":0,"Properties":[{"Key":{"Id":"NUnit.Seed","Label":"Seed","Category":"","Description":"","Attributes":0,"ValueType":"System.String"},"Value":"877326915"}]}]}}
TpTrace Verbose: 0 : 5832, 7, 2024/07/23, 20:11:08.730, 6879808342668, vstest.console.dll, TestRunRequest:SendTestRunStatsChange: Starting.
TpTrace Verbose: 0 : 5832, 7, 2024/07/23, 20:11:08.730, 6879808343840, vstest.console.dll, InProgress is Test_AddStudentsPage_Content
TpTrace Verbose: 0 : 5832, 7, 2024/07/23, 20:11:08.731, 6879808344757, vstest.console.dll, MulticastDelegateUtilities.SafeInvoke: TestRun.RunStatsChanged: Invoking callbacks was skipped because there are no subscribers.
TpTrace Information: 0 : 5832, 7, 2024/07/23, 20:11:08.731, 6879808345586, vstest.console.dll, TestRunRequest:SendTestRunStatsChange: Completed.
TpTrace Verbose: 0 : 5832, 7, 2024/07/23, 20:11:08.731, 6879808346442, vstest.console.dll, MulticastDelegateUtilities.SafeInvoke: LengthPrefixCommunicationChannel: MessageReceived: Invoking callback 1/1 for Microsoft.VisualStudio.TestPlatform.CommunicationUtilities.TestRequestSender+<>c__DisplayClass34_0., took 1 ms.
TpTrace Verbose: 0 : 5832, 7, 2024/07/23, 20:11:08.731, 6879808347320, vstest.console.dll, TcpClientExtensions.MessageLoopAsync: Polling on remoteEndPoint: 127.0.0.1:58561 localEndPoint: 127.0.0.1:58560 after 354 ms
TpTrace Verbose: 0 : 5832, 4, 2024/07/23, 20:11:08.731, 6879808349589, vstest.console.dll, MulticastDelegateUtilities.SafeInvoke: InternalTestLoggerEvents.SendTestResult: Invoking callback 1/1 for Microsoft.VisualStudio.TestPlatform.CommandLine.Internal.ConsoleLogger., took 0 ms.
TpTrace Verbose: 0 : 5832, 7, 2024/07/23, 20:11:09.745, 6879818490920, vstest.console.dll, TcpClientExtensions.MessageLoopAsync: Polling on remoteEndPoint: 127.0.0.1:58561 localEndPoint: 127.0.0.1:58560 after 1014 ms
TpTrace Verbose: 0 : 5832, 7, 2024/07/23, 20:11:10.232, 6879823363734, vstest.console.dll, TcpClientExtensions.MessageLoopAsync: NotifyDataAvailable remoteEndPoint: 127.0.0.1:58561 localEndPoint: 127.0.0.1:58560
TpTrace Verbose: 0 : 5832, 7, 2024/07/23, 20:11:10.233, 6879823371207, vstest.console.dll, TestRequestSender.OnExecutionMessageReceived: Received message: {"Version":7,"MessageType":"TestExecution.StatsChange","Payload":{"NewTestResults":[{"TestCase":{"Id":"c6d7a602-d767-2d57-68fb-d1d4a350491f","FullyQualifiedName":"StudentsRegistryPOM.Tests.AddStudentsPageTest.Test_AddStudentsPage_Content","DisplayName":"Test_AddStudentsPage_Content","ExecutorUri":"executor://NUnit3TestExecutor","Source":"C:\\Users\\PC\\Desktop\\SeleniumAdvanced\\StudentsRegistryPOM\\bin\\Debug\\net6.0\\fine-code-coverage\\build-output\\StudentsRegistryPOM.dll","CodeFilePath":null,"LineNumber":0,"Properties":[{"Key":{"Id":"NUnit.Seed","Label":"Seed","Category":"","Description":"","Attributes":0,"ValueType":"System.String"},"Value":"877326915"}]},"Attachments":[],"Outcome":1,"ErrorMessage":null,"ErrorStackTrace":null,"DisplayName":"Test_AddStudentsPage_Content","Messages":[],"ComputerName":"DESKTOP-78QNQ9Q","Duration":"00:00:00.2572540","StartTime":"2024-07-23T17:11:08.7243919+00:00","EndTime":"2024-07-23T17:11:08.9816457+00:00","Properties":[{"Key":{"Id":"NUnit.Seed","Label":"Seed","Category":"","Description":"","Attributes":0,"ValueType":"System.String"},"Value":"877326915"}]}],"TestRunStatistics":{"ExecutedTests":4,"Stats":{"Passed":4}},"ActiveTests":[]}}
TpTrace Verbose: 0 : 5832, 7, 2024/07/23, 20:11:10.235, 6879823386543, vstest.console.dll, TestRunRequest:SendTestRunStatsChange: Starting.
TpTrace Verbose: 0 : 5832, 7, 2024/07/23, 20:11:10.235, 6879823391295, vstest.console.dll, MulticastDelegateUtilities.SafeInvoke: TestRun.RunStatsChanged: Invoking callbacks was skipped because there are no subscribers.
TpTrace Information: 0 : 5832, 7, 2024/07/23, 20:11:10.235, 6879823393789, vstest.console.dll, TestRunRequest:SendTestRunStatsChange: Completed.
TpTrace Verbose: 0 : 5832, 4, 2024/07/23, 20:11:10.235, 6879823393950, vstest.console.dll, MulticastDelegateUtilities.SafeInvoke: InternalTestLoggerEvents.SendTestResult: Invoking callback 1/1 for Microsoft.VisualStudio.TestPlatform.CommandLine.Internal.ConsoleLogger., took 0 ms.
TpTrace Verbose: 0 : 5832, 7, 2024/07/23, 20:11:10.236, 6879823396215, vstest.console.dll, MulticastDelegateUtilities.SafeInvoke: LengthPrefixCommunicationChannel: MessageReceived: Invoking callback 1/1 for Microsoft.VisualStudio.TestPlatform.CommunicationUtilities.TestRequestSender+<>c__DisplayClass34_0., took 2 ms.
TpTrace Verbose: 0 : 5832, 7, 2024/07/23, 20:11:10.236, 6879823401344, vstest.console.dll, TcpClientExtensions.MessageLoopAsync: Polling on remoteEndPoint: 127.0.0.1:58561 localEndPoint: 127.0.0.1:58560 after 490 ms
TpTrace Verbose: 0 : 5832, 7, 2024/07/23, 20:11:11.250, 6879833540975, vstest.console.dll, TcpClientExtensions.MessageLoopAsync: Polling on remoteEndPoint: 127.0.0.1:58561 localEndPoint: 127.0.0.1:58560 after 1013 ms
TpTrace Verbose: 0 : 5832, 7, 2024/07/23, 20:11:12.022, 6879841255025, vstest.console.dll, TcpClientExtensions.MessageLoopAsync: NotifyDataAvailable remoteEndPoint: 127.0.0.1:58561 localEndPoint: 127.0.0.1:58560
TpTrace Verbose: 0 : 5832, 7, 2024/07/23, 20:11:12.022, 6879841258158, vstest.console.dll, TestRequestSender.OnExecutionMessageReceived: Received message: {"Version":7,"MessageType":"TestExecution.StatsChange","Payload":{"NewTestResults":[],"TestRunStatistics":{"ExecutedTests":4,"Stats":{"Passed":4}},"ActiveTests":[{"Id":"9b8e0cb7-473d-9e61-d045-3c7e37008bf5","FullyQualifiedName":"StudentsRegistryPOM.Tests.HomePageTest.Test_HomePage_Content","DisplayName":"Test_HomePage_Content","ExecutorUri":"executor://NUnit3TestExecutor","Source":"C:\\Users\\PC\\Desktop\\SeleniumAdvanced\\StudentsRegistryPOM\\bin\\Debug\\net6.0\\fine-code-coverage\\build-output\\StudentsRegistryPOM.dll","CodeFilePath":null,"LineNumber":0,"Properties":[{"Key":{"Id":"NUnit.Seed","Label":"Seed","Category":"","Description":"","Attributes":0,"ValueType":"System.String"},"Value":"1426565167"}]}]}}
TpTrace Verbose: 0 : 5832, 7, 2024/07/23, 20:11:12.023, 6879841270770, vstest.console.dll, TestRunRequest:SendTestRunStatsChange: Starting.
TpTrace Verbose: 0 : 5832, 7, 2024/07/23, 20:11:12.023, 6879841272304, vstest.console.dll, InProgress is Test_HomePage_Content
TpTrace Verbose: 0 : 5832, 7, 2024/07/23, 20:11:12.023, 6879841273365, vstest.console.dll, MulticastDelegateUtilities.SafeInvoke: TestRun.RunStatsChanged: Invoking callbacks was skipped because there are no subscribers.
TpTrace Information: 0 : 5832, 7, 2024/07/23, 20:11:12.023, 6879841274070, vstest.console.dll, TestRunRequest:SendTestRunStatsChange: Completed.
TpTrace Verbose: 0 : 5832, 7, 2024/07/23, 20:11:12.024, 6879841281220, vstest.console.dll, MulticastDelegateUtilities.SafeInvoke: LengthPrefixCommunicationChannel: MessageReceived: Invoking callback 1/1 for Microsoft.VisualStudio.TestPlatform.CommunicationUtilities.TestRequestSender+<>c__DisplayClass34_0., took 2 ms.
TpTrace Verbose: 0 : 5832, 7, 2024/07/23, 20:11:12.024, 6879841282946, vstest.console.dll, TcpClientExtensions.MessageLoopAsync: Polling on remoteEndPoint: 127.0.0.1:58561 localEndPoint: 127.0.0.1:58560 after 774 ms
TpTrace Verbose: 0 : 5832, 7, 2024/07/23, 20:11:13.028, 6879851320700, vstest.console.dll, TcpClientExtensions.MessageLoopAsync: Polling on remoteEndPoint: 127.0.0.1:58561 localEndPoint: 127.0.0.1:58560 after 1002 ms
TpTrace Verbose: 0 : 5832, 7, 2024/07/23, 20:11:13.522, 6879856257106, vstest.console.dll, TcpClientExtensions.MessageLoopAsync: NotifyDataAvailable remoteEndPoint: 127.0.0.1:58561 localEndPoint: 127.0.0.1:58560
TpTrace Verbose: 0 : 5832, 7, 2024/07/23, 20:11:13.522, 6879856259658, vstest.console.dll, TestRequestSender.OnExecutionMessageReceived: Received message: {"Version":7,"MessageType":"TestExecution.StatsChange","Payload":{"NewTestResults":[{"TestCase":{"Id":"9b8e0cb7-473d-9e61-d045-3c7e37008bf5","FullyQualifiedName":"StudentsRegistryPOM.Tests.HomePageTest.Test_HomePage_Content","DisplayName":"Test_HomePage_Content","ExecutorUri":"executor://NUnit3TestExecutor","Source":"C:\\Users\\PC\\Desktop\\SeleniumAdvanced\\StudentsRegistryPOM\\bin\\Debug\\net6.0\\fine-code-coverage\\build-output\\StudentsRegistryPOM.dll","CodeFilePath":null,"LineNumber":0,"Properties":[{"Key":{"Id":"NUnit.Seed","Label":"Seed","Category":"","Description":"","Attributes":0,"ValueType":"System.String"},"Value":"1426565167"}]},"Attachments":[],"Outcome":1,"ErrorMessage":null,"ErrorStackTrace":null,"DisplayName":"Test_HomePage_Content","Messages":[],"ComputerName":"DESKTOP-78QNQ9Q","Duration":"00:00:00.2079390","StartTime":"2024-07-23T17:11:12.0206054+00:00","EndTime":"2024-07-23T17:11:12.2285446+00:00","Properties":[{"Key":{"Id":"NUnit.Seed","Label":"Seed","Category":"","Description":"","Attributes":0,"ValueType":"System.String"},"Value":"1426565167"}]},{"TestCase":{"Id":"19d8579b-451d-5c1d-1df7-d652f7f5ded0","FullyQualifiedName":"StudentsRegistryPOM.Tests.HomePageTest.Test_HomePage_Links","DisplayName":"Test_HomePage_Links","ExecutorUri":"executor://NUnit3TestExecutor","Source":"C:\\Users\\PC\\Desktop\\SeleniumAdvanced\\StudentsRegistryPOM\\bin\\Debug\\net6.0\\fine-code-coverage\\build-output\\StudentsRegistryPOM.dll","CodeFilePath":null,"LineNumber":0,"Properties":[{"Key":{"Id":"NUnit.Seed","Label":"Seed","Category":"","Description":"","Attributes":0,"ValueType":"System.String"},"Value":"999733544"}]},"Attachments":[],"Outcome":1,"ErrorMessage":null,"ErrorStackTrace":null,"DisplayName":"Test_HomePage_Links","Messages":[],"ComputerName":"DESKTOP-78QNQ9Q","Duration":"00:00:01.0150710","StartTime":"2024-07-23T17:11:12.2312208+00:00","EndTime":"2024-07-23T17:11:13.2462924+00:00","Properties":[{"Key":{"Id":"NUnit.Seed","Label":"Seed","Category":"","Description":"","Attributes":0,"ValueType":"System.String"},"Value":"999733544"}]}],"TestRunStatistics":{"ExecutedTests":6,"Stats":{"Passed":6}},"ActiveTests":[]}}
TpTrace Verbose: 0 : 5832, 7, 2024/07/23, 20:11:13.523, 6879856269464, vstest.console.dll, TestRunRequest:SendTestRunStatsChange: Starting.
TpTrace Verbose: 0 : 5832, 7, 2024/07/23, 20:11:13.523, 6879856270975, vstest.console.dll, MulticastDelegateUtilities.SafeInvoke: TestRun.RunStatsChanged: Invoking callbacks was skipped because there are no subscribers.
TpTrace Information: 0 : 5832, 7, 2024/07/23, 20:11:13.523, 6879856271752, vstest.console.dll, TestRunRequest:SendTestRunStatsChange: Completed.
TpTrace Verbose: 0 : 5832, 4, 2024/07/23, 20:11:13.523, 6879856272069, vstest.console.dll, MulticastDelegateUtilities.SafeInvoke: InternalTestLoggerEvents.SendTestResult: Invoking callback 1/1 for Microsoft.VisualStudio.TestPlatform.CommandLine.Internal.ConsoleLogger., took 0 ms.
TpTrace Verbose: 0 : 5832, 7, 2024/07/23, 20:11:13.523, 6879856272582, vstest.console.dll, MulticastDelegateUtilities.SafeInvoke: LengthPrefixCommunicationChannel: MessageReceived: Invoking callback 1/1 for Microsoft.VisualStudio.TestPlatform.CommunicationUtilities.TestRequestSender+<>c__DisplayClass34_0., took 1 ms.
TpTrace Verbose: 0 : 5832, 4, 2024/07/23, 20:11:13.523, 6879856273890, vstest.console.dll, MulticastDelegateUtilities.SafeInvoke: InternalTestLoggerEvents.SendTestResult: Invoking callback 1/1 for Microsoft.VisualStudio.TestPlatform.CommandLine.Internal.ConsoleLogger., took 0 ms.
TpTrace Verbose: 0 : 5832, 7, 2024/07/23, 20:11:13.524, 6879856274273, vstest.console.dll, TcpClientExtensions.MessageLoopAsync: Polling on remoteEndPoint: 127.0.0.1:58561 localEndPoint: 127.0.0.1:58560 after 495 ms
TpTrace Verbose: 0 : 5832, 7, 2024/07/23, 20:11:14.534, 6879866375771, vstest.console.dll, TcpClientExtensions.MessageLoopAsync: Polling on remoteEndPoint: 127.0.0.1:58561 localEndPoint: 127.0.0.1:58560 after 1009 ms
TpTrace Verbose: 0 : 5832, 7, 2024/07/23, 20:11:15.537, 6879876412362, vstest.console.dll, TcpClientExtensions.MessageLoopAsync: Polling on remoteEndPoint: 127.0.0.1:58561 localEndPoint: 127.0.0.1:58560 after 1003 ms
TpTrace Verbose: 0 : 5832, 7, 2024/07/23, 20:11:16.029, 6879881333475, vstest.console.dll, TcpClientExtensions.MessageLoopAsync: NotifyDataAvailable remoteEndPoint: 127.0.0.1:58561 localEndPoint: 127.0.0.1:58560
TpTrace Verbose: 0 : 5832, 7, 2024/07/23, 20:11:16.030, 6879881335618, vstest.console.dll, TestRequestSender.OnExecutionMessageReceived: Received message: {"Version":7,"MessageType":"TestExecution.StatsChange","Payload":{"NewTestResults":[],"TestRunStatistics":{"ExecutedTests":6,"Stats":{"Passed":6}},"ActiveTests":[{"Id":"1990a9d4-8ba9-4dc6-42b4-d753e96c82bd","FullyQualifiedName":"StudentsRegistryPOM.Tests.ViewStudentTest.Test_ViewStudentsPage_Content","DisplayName":"Test_ViewStudentsPage_Content","ExecutorUri":"executor://NUnit3TestExecutor","Source":"C:\\Users\\PC\\Desktop\\SeleniumAdvanced\\StudentsRegistryPOM\\bin\\Debug\\net6.0\\fine-code-coverage\\build-output\\StudentsRegistryPOM.dll","CodeFilePath":null,"LineNumber":0,"Properties":[{"Key":{"Id":"NUnit.Seed","Label":"Seed","Category":"","Description":"","Attributes":0,"ValueType":"System.String"},"Value":"1063730678"}]}]}}
TpTrace Verbose: 0 : 5832, 7, 2024/07/23, 20:11:16.030, 6879881340792, vstest.console.dll, TestRunRequest:SendTestRunStatsChange: Starting.
TpTrace Verbose: 0 : 5832, 7, 2024/07/23, 20:11:16.031, 6879881346237, vstest.console.dll, InProgress is Test_ViewStudentsPage_Content
TpTrace Verbose: 0 : 5832, 7, 2024/07/23, 20:11:16.031, 6879881348111, vstest.console.dll, MulticastDelegateUtilities.SafeInvoke: TestRun.RunStatsChanged: Invoking callbacks was skipped because there are no subscribers.
TpTrace Information: 0 : 5832, 7, 2024/07/23, 20:11:16.031, 6879881348906, vstest.console.dll, TestRunRequest:SendTestRunStatsChange: Completed.
TpTrace Verbose: 0 : 5832, 7, 2024/07/23, 20:11:16.031, 6879881351179, vstest.console.dll, MulticastDelegateUtilities.SafeInvoke: LengthPrefixCommunicationChannel: MessageReceived: Invoking callback 1/1 for Microsoft.VisualStudio.TestPlatform.CommunicationUtilities.TestRequestSender+<>c__DisplayClass34_0., took 1 ms.
TpTrace Verbose: 0 : 5832, 7, 2024/07/23, 20:11:16.031, 6879881352131, vstest.console.dll, TcpClientExtensions.MessageLoopAsync: Polling on remoteEndPoint: 127.0.0.1:58561 localEndPoint: 127.0.0.1:58560 after 493 ms
TpTrace Verbose: 0 : 5832, 7, 2024/07/23, 20:11:17.041, 6879891452737, vstest.console.dll, TcpClientExtensions.MessageLoopAsync: Polling on remoteEndPoint: 127.0.0.1:58561 localEndPoint: 127.0.0.1:58560 after 1009 ms
TpTrace Verbose: 0 : 5832, 7, 2024/07/23, 20:11:18.051, 6879901552925, vstest.console.dll, TcpClientExtensions.MessageLoopAsync: Polling on remoteEndPoint: 127.0.0.1:58561 localEndPoint: 127.0.0.1:58560 after 1009 ms
TpTrace Verbose: 0 : 5832, 7, 2024/07/23, 20:11:19.054, 6879911583171, vstest.console.dll, TcpClientExtensions.MessageLoopAsync: Polling on remoteEndPoint: 127.0.0.1:58561 localEndPoint: 127.0.0.1:58560 after 1002 ms
TpTrace Verbose: 0 : 5832, 7, 2024/07/23, 20:11:19.772, 6879918755954, vstest.console.dll, TcpClientExtensions.MessageLoopAsync: NotifyDataAvailable remoteEndPoint: 127.0.0.1:58561 localEndPoint: 127.0.0.1:58560
TpTrace Verbose: 0 : 5832, 7, 2024/07/23, 20:11:19.772, 6879918758733, vstest.console.dll, TestRequestSender.OnExecutionMessageReceived: Received message: {"Version":7,"MessageType":"TestExecution.StatsChange","Payload":{"NewTestResults":[{"TestCase":{"Id":"1990a9d4-8ba9-4dc6-42b4-d753e96c82bd","FullyQualifiedName":"StudentsRegistryPOM.Tests.ViewStudentTest.Test_ViewStudentsPage_Content","DisplayName":"Test_ViewStudentsPage_Content","ExecutorUri":"executor://NUnit3TestExecutor","Source":"C:\\Users\\PC\\Desktop\\SeleniumAdvanced\\StudentsRegistryPOM\\bin\\Debug\\net6.0\\fine-code-coverage\\build-output\\StudentsRegistryPOM.dll","CodeFilePath":null,"LineNumber":0,"Properties":[{"Key":{"Id":"NUnit.Seed","Label":"Seed","Category":"","Description":"","Attributes":0,"ValueType":"System.String"},"Value":"1063730678"}]},"Attachments":[],"Outcome":1,"ErrorMessage":null,"ErrorStackTrace":null,"DisplayName":"Test_ViewStudentsPage_Content","Messages":[],"ComputerName":"DESKTOP-78QNQ9Q","Duration":"00:00:03.7400990","StartTime":"2024-07-23T17:11:16.0281802+00:00","EndTime":"2024-07-23T17:11:19.7682793+00:00","Properties":[{"Key":{"Id":"NUnit.Seed","Label":"Seed","Category":"","Description":"","Attributes":0,"ValueType":"System.String"},"Value":"1063730678"}]}],"TestRunStatistics":{"ExecutedTests":7,"Stats":{"Passed":7}},"ActiveTests":[{"Id":"d9731ce4-1eee-3a04-abc5-839b8203309a","FullyQualifiedName":"StudentsRegistryPOM.Tests.ViewStudentTest.Test_ViewStudentsPage_Links","DisplayName":"Test_ViewStudentsPage_Links","ExecutorUri":"executor://NUnit3TestExecutor","Source":"C:\\Users\\PC\\Desktop\\SeleniumAdvanced\\StudentsRegistryPOM\\bin\\Debug\\net6.0\\fine-code-coverage\\build-output\\StudentsRegistryPOM.dll","CodeFilePath":null,"LineNumber":0,"Properties":[{"Key":{"Id":"NUnit.Seed","Label":"Seed","Category":"","Description":"","Attributes":0,"ValueType":"System.String"},"Value":"1237134370"}]}]}}
TpTrace Verbose: 0 : 5832, 7, 2024/07/23, 20:11:19.773, 6879918767503, vstest.console.dll, TestRunRequest:SendTestRunStatsChange: Starting.
TpTrace Verbose: 0 : 5832, 7, 2024/07/23, 20:11:19.773, 6879918768876, vstest.console.dll, InProgress is Test_ViewStudentsPage_Links
TpTrace Verbose: 0 : 5832, 7, 2024/07/23, 20:11:19.773, 6879918770125, vstest.console.dll, MulticastDelegateUtilities.SafeInvoke: TestRun.RunStatsChanged: Invoking callbacks was skipped because there are no subscribers.
TpTrace Information: 0 : 5832, 7, 2024/07/23, 20:11:19.773, 6879918770858, vstest.console.dll, TestRunRequest:SendTestRunStatsChange: Completed.
TpTrace Verbose: 0 : 5832, 7, 2024/07/23, 20:11:19.773, 6879918771721, vstest.console.dll, MulticastDelegateUtilities.SafeInvoke: LengthPrefixCommunicationChannel: MessageReceived: Invoking callback 1/1 for Microsoft.VisualStudio.TestPlatform.CommunicationUtilities.TestRequestSender+<>c__DisplayClass34_0., took 1 ms.
TpTrace Verbose: 0 : 5832, 7, 2024/07/23, 20:11:19.773, 6879918772541, vstest.console.dll, TcpClientExtensions.MessageLoopAsync: Polling on remoteEndPoint: 127.0.0.1:58561 localEndPoint: 127.0.0.1:58560 after 718 ms
TpTrace Verbose: 0 : 5832, 4, 2024/07/23, 20:11:19.774, 6879918779238, vstest.console.dll, MulticastDelegateUtilities.SafeInvoke: InternalTestLoggerEvents.SendTestResult: Invoking callback 1/1 for Microsoft.VisualStudio.TestPlatform.CommandLine.Internal.ConsoleLogger., took 0 ms.
TpTrace Verbose: 0 : 5832, 7, 2024/07/23, 20:11:20.783, 6879928869883, vstest.console.dll, TcpClientExtensions.MessageLoopAsync: Polling on remoteEndPoint: 127.0.0.1:58561 localEndPoint: 127.0.0.1:58560 after 1009 ms
TpTrace Verbose: 0 : 5832, 7, 2024/07/23, 20:11:21.080, 6879931837211, vstest.console.dll, TcpClientExtensions.MessageLoopAsync: NotifyDataAvailable remoteEndPoint: 127.0.0.1:58561 localEndPoint: 127.0.0.1:58560
TpTrace Verbose: 0 : 5832, 7, 2024/07/23, 20:11:21.080, 6879931838751, vstest.console.dll, TestRequestSender.OnExecutionMessageReceived: Received message: {"Version":7,"MessageType":"TestSession.Message","Payload":{"MessageLevel":0,"Message":"NUnit Adapter 4.5.0.0: Test execution complete"}}
TpTrace Verbose: 0 : 5832, 7, 2024/07/23, 20:11:21.080, 6879931840284, vstest.console.dll, TestRunRequest:SendTestRunMessage: Starting.
TpTrace Verbose: 0 : 5832, 7, 2024/07/23, 20:11:21.080, 6879931841503, vstest.console.dll, MulticastDelegateUtilities.SafeInvoke: TestRun.LogMessages: Invoking callback 1/1 for Microsoft.VisualStudio.TestPlatform.CommandLine.TestRunResultAggregator., took 0 ms.
TpTrace Information: 0 : 5832, 7, 2024/07/23, 20:11:21.080, 6879931842204, vstest.console.dll, TestRunRequest:SendTestRunMessage: Completed.
TpTrace Verbose: 0 : 5832, 4, 2024/07/23, 20:11:21.080, 6879931841821, vstest.console.dll, MulticastDelegateUtilities.SafeInvoke: InternalTestLoggerEvents.SendTestRunMessage: Invoking callback 1/1 for Microsoft.VisualStudio.TestPlatform.CommandLine.Internal.ConsoleLogger., took 0 ms.
TpTrace Verbose: 0 : 5832, 7, 2024/07/23, 20:11:21.080, 6879931843535, vstest.console.dll, MulticastDelegateUtilities.SafeInvoke: LengthPrefixCommunicationChannel: MessageReceived: Invoking callback 1/1 for Microsoft.VisualStudio.TestPlatform.CommunicationUtilities.TestRequestSender+<>c__DisplayClass34_0., took 0 ms.
TpTrace Verbose: 0 : 5832, 7, 2024/07/23, 20:11:21.081, 6879931845819, vstest.console.dll, TcpClientExtensions.MessageLoopAsync: Polling on remoteEndPoint: 127.0.0.1:58561 localEndPoint: 127.0.0.1:58560 after 297 ms
TpTrace Verbose: 0 : 5832, 7, 2024/07/23, 20:11:21.118, 6879932216283, vstest.console.dll, TcpClientExtensions.MessageLoopAsync: NotifyDataAvailable remoteEndPoint: 127.0.0.1:58561 localEndPoint: 127.0.0.1:58560
TpTrace Verbose: 0 : 5832, 7, 2024/07/23, 20:11:21.118, 6879932219347, vstest.console.dll, TestRequestSender.OnExecutionMessageReceived: Received message: {"Version":7,"MessageType":"TestExecution.Completed","Payload":{"TestRunCompleteArgs":{"TestRunStatistics":{"ExecutedTests":8,"Stats":{"Passed":8}},"IsCanceled":false,"IsAborted":false,"Error":null,"AttachmentSets":[],"InvokedDataCollectors":[],"ElapsedTimeInRunningTests":"00:00:22.5413884","Metrics":{},"DiscoveredExtensions":{"TestDiscoverers":["NUnit.VisualStudio.TestAdapter.NUnit3TestDiscoverer, NUnit3.TestAdapter, Version=4.5.0.0, Culture=neutral, PublicKeyToken=4cb40d35494691ac"],"TestExecutors":["executor://NUnit3TestExecutor"],"TestExecutors2":[],"TestSettingsProviders":[]}},"LastRunTests":{"NewTestResults":[{"TestCase":{"Id":"d9731ce4-1eee-3a04-abc5-839b8203309a","FullyQualifiedName":"StudentsRegistryPOM.Tests.ViewStudentTest.Test_ViewStudentsPage_Links","DisplayName":"Test_ViewStudentsPage_Links","ExecutorUri":"executor://NUnit3TestExecutor","Source":"C:\\Users\\PC\\Desktop\\SeleniumAdvanced\\StudentsRegistryPOM\\bin\\Debug\\net6.0\\fine-code-coverage\\build-output\\StudentsRegistryPOM.dll","CodeFilePath":null,"LineNumber":0,"Properties":[{"Key":{"Id":"NUnit.Seed","Label":"Seed","Category":"","Description":"","Attributes":0,"ValueType":"System.String"},"Value":"1237134370"}]},"Attachments":[],"Outcome":1,"ErrorMessage":null,"ErrorStackTrace":null,"DisplayName":"Test_ViewStudentsPage_Links","Messages":[],"ComputerName":"DESKTOP-78QNQ9Q","Duration":"00:00:01.0793980","StartTime":"2024-07-23T17:11:19.7683475+00:00","EndTime":"2024-07-23T17:11:20.8477452+00:00","Properties":[{"Key":{"Id":"NUnit.Seed","Label":"Seed","Category":"","Description":"","Attributes":0,"ValueType":"System.String"},"Value":"1237134370"}]}],"TestRunStatistics":{"ExecutedTests":8,"Stats":{"Passed":8}},"ActiveTests":[]},"RunAttachments":[],"ExecutorUris":["executor://nunit3testexecutor/"]}}
TpTrace Verbose: 0 : 5832, 7, 2024/07/23, 20:11:21.118, 6879932221087, vstest.console.dll, TestRequestSender.EndSession: Sending end session.
TpTrace Verbose: 0 : 5832, 7, 2024/07/23, 20:11:21.118, 6879932224148, vstest.console.dll, ProxyOperationManager.Close: waiting for test host to exit for 100 ms
TpTrace Verbose: 0 : 5832, 11, 2024/07/23, 20:11:21.154, 6879932579765, vstest.console.dll, TestHostManagerCallbacks.ctor: Experimental forwarding output is disabled.
TpTrace Warning: 0 : 5832, 11, 2024/07/23, 20:11:21.154, 6879932581431, vstest.console.dll, TestHostManagerCallbacks.ErrorReceivedCallback Test host standard error line: 
TpTrace Verbose: 0 : 5832, 11, 2024/07/23, 20:11:21.179, 6879932824346, vstest.console.dll, TestHostProvider.ExitCallBack: Host exited starting callback.
TpTrace Information: 0 : 5832, 11, 2024/07/23, 20:11:21.179, 6879932826225, vstest.console.dll, TestHostManagerCallbacks.ExitCallBack: Testhost processId: 5108 exited with exitcode: 0 error: ''
TpTrace Verbose: 0 : 5832, 11, 2024/07/23, 20:11:21.179, 6879932826799, vstest.console.dll, DotnetTestHostManager.OnHostExited: invoking OnHostExited callback
TpTrace Verbose: 0 : 5832, 11, 2024/07/23, 20:11:21.179, 6879932827487, vstest.console.dll, CrossPlatEngine.TestHostManagerHostExited: calling on client process exit callback.
TpTrace Information: 0 : 5832, 11, 2024/07/23, 20:11:21.179, 6879932828317, vstest.console.dll, TestRequestSender.OnClientProcessExit: Test host process exited. Standard error: 
TpTrace Information: 0 : 5832, 7, 2024/07/23, 20:11:21.179, 6879932828699, vstest.console.dll, SocketServer.Stop: Stop server endPoint: 127.0.0.1:58560
TpTrace Information: 0 : 5832, 7, 2024/07/23, 20:11:21.179, 6879932829334, vstest.console.dll, SocketServer.Stop: Cancellation requested. Stopping message loop.
TpTrace Information: 0 : 5832, 11, 2024/07/23, 20:11:21.179, 6879932829968, vstest.console.dll, SocketServer.Stop: Stop server endPoint: 127.0.0.1:58560
TpTrace Information: 0 : 5832, 11, 2024/07/23, 20:11:21.179, 6879932830416, vstest.console.dll, SocketServer.Stop: Cancellation requested. Stopping message loop.
TpTrace Information: 0 : 5832, 7, 2024/07/23, 20:11:21.179, 6879932830835, vstest.console.dll, Closing the connection
TpTrace Verbose: 0 : 5832, 11, 2024/07/23, 20:11:21.179, 6879932830942, vstest.console.dll, MulticastDelegateUtilities.SafeInvoke: HostProviderEvents.OnHostExited: Invoking callback 1/1 for Microsoft.VisualStudio.TestPlatform.CrossPlatEngine.Client.ProxyOperationManager., took 0 ms.
TpTrace Verbose: 0 : 5832, 7, 2024/07/23, 20:11:21.179, 6879932833612, vstest.console.dll, ProxyDataCollectionManager.InvokeDataCollectionServiceAction: Starting.
TpTrace Information: 0 : 5832, 7, 2024/07/23, 20:11:21.180, 6879932834555, vstest.console.dll, ProxyDataCollectionManager.AfterTestRunEnd: Get attachment set and invoked data collectors processId: 19956 port: 58557
TpTrace Verbose: 0 : 5832, 7, 2024/07/23, 20:11:21.180, 6879932836131, vstest.console.dll, DataCollectionRequestSender.SendAfterTestRunStartAndGetResult: Send AfterTestRunEnd message with isCancelled: False
TpTrace Verbose: 0 : 5832, 7, 2024/07/23, 20:11:21.190, 6879932937883, vstest.console.dll, DataCollectionRequestSender.SendAfterTestRunStartAndGetResult: Received message: (DataCollection.AfterTestRunEndResult) -> {"MessageType":"DataCollection.AfterTestRunEndResult","Payload":{"AttachmentSets":[],"InvokedDataCollectors":[{"Uri":"datacollector://Microsoft/TestPlatform/Extensions/Blame/v1","FriendlyName":"Blame","AssemblyQualifiedName":"Microsoft.TestPlatform.Extensions.BlameDataCollector.BlameCollector, Microsoft.TestPlatform.Extensions.BlameDataCollector, Version=15.0.0.0, Culture=neutral, PublicKeyToken=b03f5f7f11d50a3a","FilePath":"C:\\Program Files\\dotnet\\sdk\\8.0.300\\Extensions\\Microsoft.TestPlatform.Extensions.BlameDataCollector.dll","HasAttachmentProcessor":false}],"Metrics":{}}}
TpTrace Warning: 0 : 5832, 10, 2024/07/23, 20:11:21.198, 6879933020104, vstest.console.dll, DataCollectionLauncher.ErrorReceivedCallback datacollector standard error line: 
TpTrace Information: 0 : 5832, 7, 2024/07/23, 20:11:21.201, 6879933052308, vstest.console.dll, ProxyDataCollectionManager.InvokeDataCollectionServiceAction: Completed.
TpTrace Information: 0 : 5832, 10, 2024/07/23, 20:11:21.214, 6879933175479, vstest.console.dll, DataCollectionLauncher.ExitCallBack: Data collector exited with exitcode: 0 error: ''
TpTrace Verbose: 0 : 5832, 7, 2024/07/23, 20:11:21.257, 6879933612166, vstest.console.dll, TestRunRequest:SendTestRunStatsChange: Starting.
TpTrace Verbose: 0 : 5832, 7, 2024/07/23, 20:11:21.257, 6879933613490, vstest.console.dll, MulticastDelegateUtilities.SafeInvoke: TestRun.RunStatsChanged: Invoking callbacks was skipped because there are no subscribers.
TpTrace Information: 0 : 5832, 7, 2024/07/23, 20:11:21.257, 6879933614107, vstest.console.dll, TestRunRequest:SendTestRunStatsChange: Completed.
TpTrace Verbose: 0 : 5832, 4, 2024/07/23, 20:11:21.258, 6879933614658, vstest.console.dll, MulticastDelegateUtilities.SafeInvoke: InternalTestLoggerEvents.SendTestResult: Invoking callback 1/1 for Microsoft.VisualStudio.TestPlatform.CommandLine.Internal.ConsoleLogger., took 0 ms.
TpTrace Verbose: 0 : 5832, 7, 2024/07/23, 20:11:21.258, 6879933618750, vstest.console.dll, ParallelProxyExecutionManager: HandlePartialRunComplete: Total workloads = 1, Total started clients = 1 Total completed clients = 1, Run complete = True, Run canceled: False.
TpTrace Verbose: 0 : 5832, 7, 2024/07/23, 20:11:21.258, 6879933619298, vstest.console.dll, ParallelProxyExecutionManager: HandlePartialRunComplete: All runs completed stopping all managers.
TpTrace Verbose: 0 : 5832, 7, 2024/07/23, 20:11:21.258, 6879933619783, vstest.console.dll, ParallelOperationManager.StopAllManagers: Stopping all managers.
TpTrace Verbose: 0 : 5832, 7, 2024/07/23, 20:11:21.258, 6879933620226, vstest.console.dll, ParallelOperationManager.ClearSlots: Clearing all slots. Slots should accept more work: False
TpTrace Verbose: 0 : 5832, 7, 2024/07/23, 20:11:21.258, 6879933620858, vstest.console.dll, ParallelOperationManager.SetOccupiedSlotCount: Setting slot counts AvailableSlotCount = 1, OccupiedSlotCount = 0.
TpTrace Verbose: 0 : 5832, 7, 2024/07/23, 20:11:21.258, 6879933621599, vstest.console.dll, Occupied slots:

TpTrace Verbose: 0 : 5832, 4, 2024/07/23, 20:11:21.270, 6879933736467, vstest.console.dll, MulticastDelegateUtilities.SafeInvoke: InternalTestLoggerEvents.SendTestRunComplete: Invoking callback 1/2 for Microsoft.TestPlatform.Extensions.BlameDataCollector.BlameLogger., took 0 ms.
TpTrace Verbose: 0 : 5832, 4, 2024/07/23, 20:11:21.278, 6879933824003, vstest.console.dll, MulticastDelegateUtilities.SafeInvoke: InternalTestLoggerEvents.SendTestRunComplete: Invoking callback 2/2 for Microsoft.VisualStudio.TestPlatform.CommandLine.Internal.ConsoleLogger., took 8 ms.
TpTrace Verbose: 0 : 5832, 7, 2024/07/23, 20:11:21.279, 6879933828988, vstest.console.dll, TestRunRequest:TestRunComplete: Starting. IsAborted:False IsCanceled:False.
TpTrace Verbose: 0 : 5832, 7, 2024/07/23, 20:11:21.279, 6879933831258, vstest.console.dll, ParallelOperationManager.DoActionOnAllManagers: Calling an action on all managers.
TpTrace Verbose: 0 : 5832, 7, 2024/07/23, 20:11:21.280, 6879933843552, vstest.console.dll, TestLoggerManager.HandleTestRunComplete: Ignoring as the object is disposed.
TpTrace Verbose: 0 : 5832, 7, 2024/07/23, 20:11:21.281, 6879933846808, vstest.console.dll, MulticastDelegateUtilities.SafeInvoke: TestRun.TestRunComplete: Invoking callback 1/2 for Microsoft.VisualStudio.TestPlatform.CommandLine.TestRunResultAggregator., took 0 ms.
TpTrace Verbose: 0 : 5832, 7, 2024/07/23, 20:11:21.281, 6879933848601, vstest.console.dll, MulticastDelegateUtilities.SafeInvoke: TestRun.TestRunComplete: Invoking callback 2/2 for Microsoft.VisualStudio.TestPlatform.CommandLine.Processors.RunTestsArgumentExecutor+TestRunRequestEventsRegistrar., took 0 ms.
TpTrace Information: 0 : 5832, 7, 2024/07/23, 20:11:21.281, 6879933850007, vstest.console.dll, TestRunRequest:TestRunComplete: Completed.
TpTrace Verbose: 0 : 5832, 1, 2024/07/23, 20:11:21.281, 6879933850211, vstest.console.dll, TestRunRequest.Dispose: Starting.
TpTrace Verbose: 0 : 5832, 7, 2024/07/23, 20:11:21.281, 6879933850619, vstest.console.dll, TestRequestSender.SetOperationComplete: Setting operation complete.
TpTrace Information: 0 : 5832, 1, 2024/07/23, 20:11:21.281, 6879933851452, vstest.console.dll, TestRunRequest.Dispose: Completed.
TpTrace Information: 0 : 5832, 7, 2024/07/23, 20:11:21.281, 6879933851775, vstest.console.dll, SocketServer.Stop: Stop server endPoint: 127.0.0.1:58560
TpTrace Information: 0 : 5832, 1, 2024/07/23, 20:11:21.281, 6879933852589, vstest.console.dll, TestRequestManager.RunTests: run tests completed.
TpTrace Information: 0 : 5832, 7, 2024/07/23, 20:11:21.281, 6879933853127, vstest.console.dll, SocketServer.Stop: Cancellation requested. Stopping message loop.
TpTrace Verbose: 0 : 5832, 7, 2024/07/23, 20:11:21.281, 6879933853725, vstest.console.dll, MulticastDelegateUtilities.SafeInvoke: LengthPrefixCommunicationChannel: MessageReceived: Invoking callback 1/1 for Microsoft.VisualStudio.TestPlatform.CommunicationUtilities.TestRequestSender+<>c__DisplayClass34_0., took 163 ms.
TpTrace Information: 0 : 5832, 1, 2024/07/23, 20:11:21.281, 6879933853757, vstest.console.dll, RunTestsArgumentProcessor:Execute: Test run is completed.
TpTrace Information: 0 : 5832, 7, 2024/07/23, 20:11:21.282, 6879933854757, vstest.console.dll, SocketServer.PrivateStop: Stopping server endPoint: 127.0.0.1:58560 error: 
TpTrace Verbose: 0 : 5832, 1, 2024/07/23, 20:11:21.282, 6879933857899, vstest.console.dll, Executor.Execute: Exiting with exit code of 0
TpTrace Verbose: 0 : 5832, 7, 2024/07/23, 20:11:21.282, 6879933861220, vstest.console.dll, LengthPrefixCommunicationChannel.Dispose: Dispose reader and writer.
TpTrace Information: 0 : 5832, 7, 2024/07/23, 20:11:21.282, 6879933862551, vstest.console.dll, SocketServer.Stop: Raise disconnected event endPoint: 127.0.0.1:58560 error: 
TpTrace Verbose: 0 : 5832, 7, 2024/07/23, 20:11:21.283, 6879933864268, vstest.console.dll, TestRequestSender: OnTestRunAbort: Operation is already complete. Skip error message.
